[ 2017-12-14T09:06:24+08:00 ] 127.0.0.1 127.0.0.1 GET /api/v1/order/delivery
[ log ] restful_api.com/api/v1/order/delivery [运行时间：1.428000s][吞吐率：0.70req/s] [内存消耗：2,142.43kb] [文件加载：59]
[ info ] [ LANG ] D:\phpstudy2\WWW\tp5\thinkphp\lang\zh-cn.php
[ info ] [ ROUTE ] array (
  'type' => 'module',
  'module' => 
  array (
    0 => 'api',
    1 => 'v1.Order',
    2 => 'delivery',
  ),
  'convert' => false,
)
[ info ] [ HEADER ] array (
  'cache-control' => 'no-cache',
  'postman-token' => '25aacd65-0120-424b-94b4-5c91c627b1d8',
  'user-agent' => 'PostmanRuntime/3.0.11-hotfix.2',
  'accept' => '*/*',
  'host' => 'restful_api.com',
  'accept-encoding' => 'gzip, deflate',
  'connection' => 'keep-alive',
)
[ info ] [ PARAM ] array (
  'version' => 'v1',
)
[ info ] [ CACHE ] INIT File
[ info ] [ RUN ] app\api\controller\v1\Order->delivery[ D:\phpstudy2\WWW\tp5\app\api\controller\v1\Order.php ]
[ info ] [ LOG ] INIT File
[ error ] [400][D:\phpstudy2\WWW\tp5\app\api\validate\BaseValidate.php:20]

---------------------------------------------------------------
[ 2017-12-14T09:07:05+08:00 ] 127.0.0.1 127.0.0.1 GET /api/v1/order/delivery
[ log ] restful_api.com/api/v1/order/delivery [运行时间：0.882000s][吞吐率：1.13req/s] [内存消耗：1,732.13kb] [文件加载：47]
[ info ] [ LANG ] D:\phpstudy2\WWW\tp5\thinkphp\lang\zh-cn.php
[ info ] [ ROUTE ] array (
  'type' => 'module',
  'module' => 
  array (
    0 => 'api',
    1 => 'v1',
    2 => 'order',
  ),
)
[ info ] [ HEADER ] array (
  'cache-control' => 'no-cache',
  'postman-token' => 'f309afa3-5a10-4898-ab7b-1ccd3c41f41d',
  'user-agent' => 'PostmanRuntime/3.0.11-hotfix.2',
  'accept' => '*/*',
  'host' => 'restful_api.com',
  'accept-encoding' => 'gzip, deflate',
  'connection' => 'keep-alive',
)
[ info ] [ PARAM ] array (
)
[ info ] [ CACHE ] INIT File
[ info ] [ LOG ] INIT File

---------------------------------------------------------------
[ 2017-12-14T09:07:08+08:00 ] 127.0.0.1 127.0.0.1 POST /api/v1/order/delivery
[ log ] restful_api.com/api/v1/order/delivery [运行时间：0.866000s][吞吐率：1.15req/s] [内存消耗：2,047.27kb] [文件加载：56]
[ info ] [ LANG ] D:\phpstudy2\WWW\tp5\thinkphp\lang\zh-cn.php
[ info ] [ ROUTE ] array (
  'type' => 'module',
  'module' => 
  array (
    0 => 'api',
    1 => 'v1.Order',
    2 => 'delivery',
  ),
  'convert' => false,
)
[ info ] [ HEADER ] array (
  'cache-control' => 'no-cache',
  'postman-token' => '1bb5b71b-63f1-419b-8454-fc7be7ad3184',
  'user-agent' => 'PostmanRuntime/3.0.11-hotfix.2',
  'accept' => '*/*',
  'host' => 'restful_api.com',
  'accept-encoding' => 'gzip, deflate',
  'content-length' => '0',
  'connection' => 'keep-alive',
)
[ info ] [ PARAM ] array (
  'version' => 'v1',
)
[ info ] [ RUN ] app\api\controller\v1\Order->delivery[ D:\phpstudy2\WWW\tp5\app\api\controller\v1\Order.php ]
[ info ] [ LOG ] INIT File
[ error ] [400][D:\phpstudy2\WWW\tp5\app\api\validate\BaseValidate.php:20]

---------------------------------------------------------------
[ 2017-12-14T09:07:45+08:00 ] 127.0.0.1 127.0.0.1 POST /api/v1/order/delivery
[ log ] restful_api.com/api/v1/order/delivery [运行时间：1.106000s][吞吐率：0.90req/s] [内存消耗：3,232.38kb] [文件加载：66]
[ info ] [ LANG ] D:\phpstudy2\WWW\tp5\thinkphp\lang\zh-cn.php
[ info ] [ ROUTE ] array (
  'type' => 'module',
  'module' => 
  array (
    0 => 'api',
    1 => 'v1.Order',
    2 => 'delivery',
  ),
  'convert' => false,
)
[ info ] [ HEADER ] array (
  'cache-control' => 'no-cache',
  'postman-token' => '5dae72ab-cd4f-48df-bfd3-e3292f4db59d',
  'user-agent' => 'PostmanRuntime/3.0.11-hotfix.2',
  'accept' => '*/*',
  'host' => 'restful_api.com',
  'accept-encoding' => 'gzip, deflate',
  'content-type' => 'multipart/form-data; boundary=--------------------------888980799978385613768437',
  'content-length' => '271',
  'connection' => 'keep-alive',
)
[ info ] [ PARAM ] array (
  'id' => '1',
  'jump_url' => 'dsadsa',
  'version' => 'v1',
)
[ info ] [ RUN ] app\api\controller\v1\Order->delivery[ D:\phpstudy2\WWW\tp5\app\api\controller\v1\Order.php ]
[ info ] [ DB ] INIT mysql
[ info ] [ LOG ] INIT File
[ sql ] [ DB ] CONNECT:[ UseTime:0.023000s ] mysql:dbname=zerg;host=127.0.0.1;charset=utf8
[ sql ] [ SQL ] SHOW COLUMNS FROM `order` [ RunTime:0.038000s ]
[ sql ] [ SQL ] SELECT * FROM `order` WHERE  `id` = 1 LIMIT 1 [ RunTime:0.001000s ]
[ error ] [404][D:\phpstudy2\WWW\tp5\app\api\controller\v1\Order.php:75]

---------------------------------------------------------------
[ 2017-12-14T09:07:54+08:00 ] 127.0.0.1 127.0.0.1 POST /api/v1/order/delivery
[ log ] restful_api.com/api/v1/order/delivery [运行时间：0.881000s][吞吐率：1.14req/s] [内存消耗：3,232.38kb] [文件加载：66]
[ info ] [ LANG ] D:\phpstudy2\WWW\tp5\thinkphp\lang\zh-cn.php
[ info ] [ ROUTE ] array (
  'type' => 'module',
  'module' => 
  array (
    0 => 'api',
    1 => 'v1.Order',
    2 => 'delivery',
  ),
  'convert' => false,
)
[ info ] [ HEADER ] array (
  'cache-control' => 'no-cache',
  'postman-token' => '7b2389c5-63f8-44ba-a4c8-c5829a69bdb1',
  'user-agent' => 'PostmanRuntime/3.0.11-hotfix.2',
  'accept' => '*/*',
  'host' => 'restful_api.com',
  'accept-encoding' => 'gzip, deflate',
  'content-type' => 'multipart/form-data; boundary=--------------------------783211938422968602509351',
  'content-length' => '158',
  'connection' => 'keep-alive',
)
[ info ] [ PARAM ] array (
  'id' => '1',
  'version' => 'v1',
)
[ info ] [ RUN ] app\api\controller\v1\Order->delivery[ D:\phpstudy2\WWW\tp5\app\api\controller\v1\Order.php ]
[ info ] [ DB ] INIT mysql
[ info ] [ LOG ] INIT File
[ sql ] [ DB ] CONNECT:[ UseTime:0.001000s ] mysql:dbname=zerg;host=127.0.0.1;charset=utf8
[ sql ] [ SQL ] SHOW COLUMNS FROM `order` [ RunTime:0.007000s ]
[ sql ] [ SQL ] SELECT * FROM `order` WHERE  `id` = 1 LIMIT 1 [ RunTime:0.001000s ]
[ error ] [404][D:\phpstudy2\WWW\tp5\app\api\controller\v1\Order.php:75]

---------------------------------------------------------------
[ 2017-12-14T09:08:33+08:00 ] 127.0.0.1 127.0.0.1 POST /api/v1/order/delivery
[ log ] restful_api.com/api/v1/order/delivery [运行时间：0.947000s][吞吐率：1.06req/s] [内存消耗：3,235.45kb] [文件加载：67]
[ info ] [ LANG ] D:\phpstudy2\WWW\tp5\thinkphp\lang\zh-cn.php
[ info ] [ ROUTE ] array (
  'type' => 'module',
  'module' => 
  array (
    0 => 'api',
    1 => 'v1.Order',
    2 => 'delivery',
  ),
  'convert' => false,
)
[ info ] [ HEADER ] array (
  'cache-control' => 'no-cache',
  'postman-token' => '0cb83984-bce5-488d-96c8-8b0470b96899',
  'user-agent' => 'PostmanRuntime/3.0.11-hotfix.2',
  'accept' => '*/*',
  'host' => 'restful_api.com',
  'accept-encoding' => 'gzip, deflate',
  'content-type' => 'multipart/form-data; boundary=--------------------------203410219758586116535431',
  'content-length' => '159',
  'connection' => 'keep-alive',
)
[ info ] [ PARAM ] array (
  'id' => '12',
  'version' => 'v1',
)
[ info ] [ RUN ] app\api\controller\v1\Order->delivery[ D:\phpstudy2\WWW\tp5\app\api\controller\v1\Order.php ]
[ info ] [ DB ] INIT mysql
[ info ] [ LOG ] INIT File
[ sql ] [ DB ] CONNECT:[ UseTime:0.010000s ] mysql:dbname=zerg;host=127.0.0.1;charset=utf8
[ sql ] [ SQL ] SHOW COLUMNS FROM `order` [ RunTime:0.005000s ]
[ sql ] [ SQL ] SELECT * FROM `order` WHERE  `id` = 12 LIMIT 1 [ RunTime:0.000000s ]
[ error ] [2048]Non-static method app\api\service\DeliveryMessage::sendDeliveryMessage() should not be called statically, assuming $this from incompatible context[D:\phpstudy2\WWW\tp5\app\api\controller\v1\Order.php:77]

---------------------------------------------------------------
[ 2017-12-14T09:08:53+08:00 ] 127.0.0.1 127.0.0.1 POST /api/v1/order/delivery
[ log ] restful_api.com/api/v1/order/delivery [运行时间：0.084000s][吞吐率：11.90req/s] [内存消耗：3,245.38kb] [文件加载：67]
[ info ] [ LANG ] D:\phpstudy2\WWW\tp5\thinkphp\lang\zh-cn.php
[ info ] [ ROUTE ] array (
  'type' => 'module',
  'module' => 
  array (
    0 => 'api',
    1 => 'v1.Order',
    2 => 'delivery',
  ),
  'convert' => false,
)
[ info ] [ HEADER ] array (
  'cache-control' => 'no-cache',
  'postman-token' => '40e37084-53df-42a8-af81-77421381c480',
  'user-agent' => 'PostmanRuntime/3.0.11-hotfix.2',
  'accept' => '*/*',
  'host' => 'restful_api.com',
  'accept-encoding' => 'gzip, deflate',
  'content-type' => 'multipart/form-data; boundary=--------------------------035965593607532928725425',
  'content-length' => '159',
  'connection' => 'keep-alive',
)
[ info ] [ PARAM ] array (
  'id' => '12',
  'version' => 'v1',
)
[ info ] [ RUN ] app\api\controller\v1\Order->delivery[ D:\phpstudy2\WWW\tp5\app\api\controller\v1\Order.php ]
[ info ] [ DB ] INIT mysql
[ info ] [ LOG ] INIT File
[ sql ] [ DB ] CONNECT:[ UseTime:0.000000s ] mysql:dbname=zerg;host=127.0.0.1;charset=utf8
[ sql ] [ SQL ] SHOW COLUMNS FROM `order` [ RunTime:0.005000s ]
[ sql ] [ SQL ] SELECT * FROM `order` WHERE  `id` = 12 LIMIT 1 [ RunTime:0.000000s ]
[ error ] [1]Using $this when not in object context[D:\phpstudy2\WWW\tp5\app\api\service\DeliveryMessage.php:23]

---------------------------------------------------------------
[ 2017-12-14T09:09:46+08:00 ] 127.0.0.1 127.0.0.1 POST /api/v1/order/delivery
[ log ] restful_api.com/api/v1/order/delivery [运行时间：1.296000s][吞吐率：0.77req/s] [内存消耗：3,327.11kb] [文件加载：69]
[ info ] [ LANG ] D:\phpstudy2\WWW\tp5\thinkphp\lang\zh-cn.php
[ info ] [ ROUTE ] array (
  'type' => 'module',
  'module' => 
  array (
    0 => 'api',
    1 => 'v1.Order',
    2 => 'delivery',
  ),
  'convert' => false,
)
[ info ] [ HEADER ] array (
  'cache-control' => 'no-cache',
  'postman-token' => '64c0b8b2-1659-4793-a320-b48bbe2a7c3c',
  'user-agent' => 'PostmanRuntime/3.0.11-hotfix.2',
  'accept' => '*/*',
  'host' => 'restful_api.com',
  'accept-encoding' => 'gzip, deflate',
  'content-type' => 'multipart/form-data; boundary=--------------------------720956529952778337640660',
  'content-length' => '159',
  'connection' => 'keep-alive',
)
[ info ] [ PARAM ] array (
  'id' => '12',
  'version' => 'v1',
)
[ info ] [ RUN ] app\api\controller\v1\Order->delivery[ D:\phpstudy2\WWW\tp5\app\api\controller\v1\Order.php ]
[ info ] [ DB ] INIT mysql
[ info ] [ CACHE ] INIT File
[ info ] [ LOG ] INIT File
[ sql ] [ DB ] CONNECT:[ UseTime:0.011000s ] mysql:dbname=zerg;host=127.0.0.1;charset=utf8
[ sql ] [ SQL ] SHOW COLUMNS FROM `order` [ RunTime:0.005000s ]
[ sql ] [ SQL ] SELECT * FROM `order` WHERE  `id` = 12 LIMIT 1 [ RunTime:0.000000s ]
[ error ] [0]类的属性不存在:app\api\model\Order->order_sn[D:\phpstudy2\WWW\tp5\thinkphp\library\think\Model.php:463]

---------------------------------------------------------------
[ 2017-12-14T09:10:32+08:00 ] 127.0.0.1 127.0.0.1 POST /api/v1/order/delivery
[ log ] restful_api.com/api/v1/order/delivery [运行时间：0.057000s][吞吐率：17.54req/s] [内存消耗：1,673.38kb] [文件加载：45]
[ info ] [ LANG ] D:\phpstudy2\WWW\tp5\thinkphp\lang\zh-cn.php
[ info ] [ ROUTE ] array (
  'type' => 'module',
  'module' => 
  array (
    0 => 'api',
    1 => 'v1.Order',
    2 => 'delivery',
  ),
  'convert' => false,
)
[ info ] [ HEADER ] array (
  'cache-control' => 'no-cache',
  'postman-token' => '341271b4-dfe1-495e-81a0-1c28036987f8',
  'user-agent' => 'PostmanRuntime/3.0.11-hotfix.2',
  'accept' => '*/*',
  'host' => 'restful_api.com',
  'accept-encoding' => 'gzip, deflate',
  'content-type' => 'multipart/form-data; boundary=--------------------------171762787015069635452671',
  'content-length' => '159',
  'connection' => 'keep-alive',
)
[ info ] [ PARAM ] array (
  'id' => '12',
  'version' => 'v1',
)
[ info ] [ LOG ] INIT File
[ error ] [4]语法错误: unexpected '(', expecting identifier (T_STRING) or variable (T_VARIABLE) or '{' or '$'[D:\phpstudy2\WWW\tp5\app\api\controller\v1\Order.php:78]

---------------------------------------------------------------
[ 2017-12-14T09:10:54+08:00 ] 127.0.0.1 127.0.0.1 POST /api/v1/order/delivery
[ log ] restful_api.com/api/v1/order/delivery [运行时间：0.930000s][吞吐率：1.08req/s] [内存消耗：3,352.84kb] [文件加载：70]
[ info ] [ LANG ] D:\phpstudy2\WWW\tp5\thinkphp\lang\zh-cn.php
[ info ] [ ROUTE ] array (
  'type' => 'module',
  'module' => 
  array (
    0 => 'api',
    1 => 'v1.Order',
    2 => 'delivery',
  ),
  'convert' => false,
)
[ info ] [ HEADER ] array (
  'cache-control' => 'no-cache',
  'postman-token' => '3054c4f3-ad16-4a56-8f1e-0ef91fb3e323',
  'user-agent' => 'PostmanRuntime/3.0.11-hotfix.2',
  'accept' => '*/*',
  'host' => 'restful_api.com',
  'accept-encoding' => 'gzip, deflate',
  'content-type' => 'multipart/form-data; boundary=--------------------------934976038920333223187355',
  'content-length' => '159',
  'connection' => 'keep-alive',
)
[ info ] [ PARAM ] array (
  'id' => '12',
  'version' => 'v1',
)
[ info ] [ RUN ] app\api\controller\v1\Order->delivery[ D:\phpstudy2\WWW\tp5\app\api\controller\v1\Order.php ]
[ info ] [ DB ] INIT mysql
[ info ] [ CACHE ] INIT File
[ info ] [ LOG ] INIT File
[ sql ] [ DB ] CONNECT:[ UseTime:0.000000s ] mysql:dbname=zerg;host=127.0.0.1;charset=utf8
[ sql ] [ SQL ] SHOW COLUMNS FROM `order` [ RunTime:0.011000s ]
[ sql ] [ SQL ] SELECT * FROM `order` WHERE  `id` = 12 LIMIT 1 [ RunTime:0.000000s ]
[ error ] [0]类的属性不存在:app\api\model\Order->user_i[D:\phpstudy2\WWW\tp5\thinkphp\library\think\Model.php:463]

---------------------------------------------------------------
[ 2017-12-14T09:11:20+08:00 ] 127.0.0.1 127.0.0.1 POST /api/v1/order/delivery
[ log ] restful_api.com/api/v1/order/delivery [运行时间：0.978000s][吞吐率：1.02req/s] [内存消耗：3,366.90kb] [文件加载：73]
[ info ] [ LANG ] D:\phpstudy2\WWW\tp5\thinkphp\lang\zh-cn.php
[ info ] [ ROUTE ] array (
  'type' => 'module',
  'module' => 
  array (
    0 => 'api',
    1 => 'v1.Order',
    2 => 'delivery',
  ),
  'convert' => false,
)
[ info ] [ HEADER ] array (
  'cache-control' => 'no-cache',
  'postman-token' => 'ca0d6227-69a4-4151-b63e-915700e5f2a4',
  'user-agent' => 'PostmanRuntime/3.0.11-hotfix.2',
  'accept' => '*/*',
  'host' => 'restful_api.com',
  'accept-encoding' => 'gzip, deflate',
  'content-type' => 'multipart/form-data; boundary=--------------------------604338743129135358894128',
  'content-length' => '159',
  'connection' => 'keep-alive',
)
[ info ] [ PARAM ] array (
  'id' => '12',
  'version' => 'v1',
)
[ info ] [ RUN ] app\api\controller\v1\Order->delivery[ D:\phpstudy2\WWW\tp5\app\api\controller\v1\Order.php ]
[ info ] [ DB ] INIT mysql
[ info ] [ CACHE ] INIT File
[ info ] [ LOG ] INIT File
[ sql ] [ DB ] CONNECT:[ UseTime:0.000000s ] mysql:dbname=zerg;host=127.0.0.1;charset=utf8
[ sql ] [ SQL ] SHOW COLUMNS FROM `order` [ RunTime:0.008000s ]
[ sql ] [ SQL ] SELECT * FROM `order` WHERE  `id` = 12 LIMIT 1 [ RunTime:0.000000s ]
[ sql ] [ SQL ] SHOW COLUMNS FROM `user` [ RunTime:0.043000s ]
[ error ] [10501]SQLSTATE[42S22]: Column not found: 1054 Unknown column 'user_id' in 'where clause'[D:\phpstudy2\WWW\tp5\thinkphp\library\think\db\Connection.php:399]

---------------------------------------------------------------
[ 2017-12-14T09:11:57+08:00 ] 127.0.0.1 127.0.0.1 POST /api/v1/order/delivery
[ log ] restful_api.com/api/v1/order/delivery [运行时间：0.114000s][吞吐率：8.77req/s] [内存消耗：3,221.30kb] [文件加载：65]
[ info ] [ LANG ] D:\phpstudy2\WWW\tp5\thinkphp\lang\zh-cn.php
[ info ] [ ROUTE ] array (
  'type' => 'module',
  'module' => 
  array (
    0 => 'api',
    1 => 'v1.Order',
    2 => 'delivery',
  ),
  'convert' => false,
)
[ info ] [ HEADER ] array (
  'cache-control' => 'no-cache',
  'postman-token' => 'aff8e849-9578-49c1-ab43-0e397ac8cd73',
  'user-agent' => 'PostmanRuntime/3.0.11-hotfix.2',
  'accept' => '*/*',
  'host' => 'restful_api.com',
  'accept-encoding' => 'gzip, deflate',
  'content-type' => 'multipart/form-data; boundary=--------------------------717490095346289386572920',
  'content-length' => '159',
  'connection' => 'keep-alive',
)
[ info ] [ PARAM ] array (
  'id' => '12',
  'version' => 'v1',
)
[ info ] [ RUN ] app\api\controller\v1\Order->delivery[ D:\phpstudy2\WWW\tp5\app\api\controller\v1\Order.php ]
[ info ] [ DB ] INIT mysql
[ info ] [ CACHE ] INIT File
[ info ] [ LOG ] INIT File
[ sql ] [ DB ] CONNECT:[ UseTime:0.010000s ] mysql:dbname=zerg;host=127.0.0.1;charset=utf8
[ sql ] [ SQL ] SHOW COLUMNS FROM `order` [ RunTime:0.009000s ]
[ sql ] [ SQL ] SELECT * FROM `order` WHERE  `id` = 12 LIMIT 1 [ RunTime:0.001000s ]
[ sql ] [ SQL ] SHOW COLUMNS FROM `user` [ RunTime:0.009000s ]
[ sql ] [ SQL ] SELECT * FROM `user` WHERE  `id` = 0 LIMIT 1 [ RunTime:0.000000s ]

---------------------------------------------------------------
[ 2017-12-14T09:12:38+08:00 ] 127.0.0.1 127.0.0.1 POST /api/v1/order/delivery
[ log ] restful_api.com/api/v1/order/delivery [运行时间：0.049000s][吞吐率：20.41req/s] [内存消耗：3,221.49kb] [文件加载：65]
[ info ] [ LANG ] D:\phpstudy2\WWW\tp5\thinkphp\lang\zh-cn.php
[ info ] [ ROUTE ] array (
  'type' => 'module',
  'module' => 
  array (
    0 => 'api',
    1 => 'v1.Order',
    2 => 'delivery',
  ),
  'convert' => false,
)
[ info ] [ HEADER ] array (
  'cache-control' => 'no-cache',
  'postman-token' => '92923e95-d8c7-4596-bbb6-25131a4fd0d0',
  'user-agent' => 'PostmanRuntime/3.0.11-hotfix.2',
  'accept' => '*/*',
  'host' => 'restful_api.com',
  'accept-encoding' => 'gzip, deflate',
  'content-type' => 'multipart/form-data; boundary=--------------------------801611498057443957754924',
  'content-length' => '159',
  'connection' => 'keep-alive',
)
[ info ] [ PARAM ] array (
  'id' => '12',
  'version' => 'v1',
)
[ info ] [ RUN ] app\api\controller\v1\Order->delivery[ D:\phpstudy2\WWW\tp5\app\api\controller\v1\Order.php ]
[ info ] [ DB ] INIT mysql
[ info ] [ CACHE ] INIT File
[ info ] [ LOG ] INIT File
[ sql ] [ DB ] CONNECT:[ UseTime:0.011000s ] mysql:dbname=zerg;host=127.0.0.1;charset=utf8
[ sql ] [ SQL ] SHOW COLUMNS FROM `order` [ RunTime:0.004000s ]
[ sql ] [ SQL ] SELECT * FROM `order` WHERE  `id` = 12 LIMIT 1 [ RunTime:0.000000s ]
[ sql ] [ SQL ] SHOW COLUMNS FROM `user` [ RunTime:0.004000s ]
[ sql ] [ SQL ] SELECT * FROM `user` WHERE  `id` = 1 LIMIT 1 [ RunTime:0.001000s ]

---------------------------------------------------------------
[ 2017-12-14T09:12:54+08:00 ] 127.0.0.1 127.0.0.1 POST /api/v1/order/delivery
[ log ] restful_api.com/api/v1/order/delivery [运行时间：0.068000s][吞吐率：14.71req/s] [内存消耗：3,221.30kb] [文件加载：65]
[ info ] [ LANG ] D:\phpstudy2\WWW\tp5\thinkphp\lang\zh-cn.php
[ info ] [ ROUTE ] array (
  'type' => 'module',
  'module' => 
  array (
    0 => 'api',
    1 => 'v1.Order',
    2 => 'delivery',
  ),
  'convert' => false,
)
[ info ] [ HEADER ] array (
  'cache-control' => 'no-cache',
  'postman-token' => '1a7c17ee-985c-4cee-be00-853e338f1874',
  'user-agent' => 'PostmanRuntime/3.0.11-hotfix.2',
  'accept' => '*/*',
  'host' => 'restful_api.com',
  'accept-encoding' => 'gzip, deflate',
  'content-type' => 'multipart/form-data; boundary=--------------------------205632639808256816487842',
  'content-length' => '159',
  'connection' => 'keep-alive',
)
[ info ] [ PARAM ] array (
  'id' => '12',
  'version' => 'v1',
)
[ info ] [ RUN ] app\api\controller\v1\Order->delivery[ D:\phpstudy2\WWW\tp5\app\api\controller\v1\Order.php ]
[ info ] [ DB ] INIT mysql
[ info ] [ CACHE ] INIT File
[ info ] [ LOG ] INIT File
[ sql ] [ DB ] CONNECT:[ UseTime:0.000000s ] mysql:dbname=zerg;host=127.0.0.1;charset=utf8
[ sql ] [ SQL ] SHOW COLUMNS FROM `order` [ RunTime:0.004000s ]
[ sql ] [ SQL ] SELECT * FROM `order` WHERE  `id` = 12 LIMIT 1 [ RunTime:0.001000s ]
[ sql ] [ SQL ] SHOW COLUMNS FROM `user` [ RunTime:0.004000s ]
[ sql ] [ SQL ] SELECT * FROM `user` WHERE  `id` = 0 LIMIT 1 [ RunTime:0.000000s ]

---------------------------------------------------------------
[ 2017-12-14T09:13:00+08:00 ] 127.0.0.1 127.0.0.1 POST /api/v1/order/delivery
[ log ] restful_api.com/api/v1/order/delivery [运行时间：0.096000s][吞吐率：10.42req/s] [内存消耗：3,219.43kb] [文件加载：65]
[ info ] [ LANG ] D:\phpstudy2\WWW\tp5\thinkphp\lang\zh-cn.php
[ info ] [ ROUTE ] array (
  'type' => 'module',
  'module' => 
  array (
    0 => 'api',
    1 => 'v1.Order',
    2 => 'delivery',
  ),
  'convert' => false,
)
[ info ] [ HEADER ] array (
  'cache-control' => 'no-cache',
  'postman-token' => 'f92aa467-f2f3-46e1-a75d-7aa8bdd0fb3b',
  'user-agent' => 'PostmanRuntime/3.0.11-hotfix.2',
  'accept' => '*/*',
  'host' => 'restful_api.com',
  'accept-encoding' => 'gzip, deflate',
  'content-type' => 'multipart/form-data; boundary=--------------------------877125159604990069795880',
  'content-length' => '159',
  'connection' => 'keep-alive',
)
[ info ] [ PARAM ] array (
  'id' => '12',
  'version' => 'v1',
)
[ info ] [ RUN ] app\api\controller\v1\Order->delivery[ D:\phpstudy2\WWW\tp5\app\api\controller\v1\Order.php ]
[ info ] [ DB ] INIT mysql
[ info ] [ CACHE ] INIT File
[ info ] [ LOG ] INIT File
[ sql ] [ DB ] CONNECT:[ UseTime:0.010000s ] mysql:dbname=zerg;host=127.0.0.1;charset=utf8
[ sql ] [ SQL ] SHOW COLUMNS FROM `order` [ RunTime:0.005000s ]
[ sql ] [ SQL ] SELECT * FROM `order` WHERE  `id` = 12 LIMIT 1 [ RunTime:0.000000s ]
[ sql ] [ SQL ] SHOW COLUMNS FROM `user` [ RunTime:0.007000s ]
[ sql ] [ SQL ] SELECT `openid` FROM `user` WHERE  `id` = 1 LIMIT 1 [ RunTime:0.000000s ]

---------------------------------------------------------------
[ 2017-12-14T09:13:40+08:00 ] 127.0.0.1 127.0.0.1 POST /api/v1/order/delivery
[ log ] restful_api.com/api/v1/order/delivery [运行时间：1.184000s][吞吐率：0.84req/s] [内存消耗：3,367.32kb] [文件加载：72]
[ info ] [ LANG ] D:\phpstudy2\WWW\tp5\thinkphp\lang\zh-cn.php
[ info ] [ ROUTE ] array (
  'type' => 'module',
  'module' => 
  array (
    0 => 'api',
    1 => 'v1.Order',
    2 => 'delivery',
  ),
  'convert' => false,
)
[ info ] [ HEADER ] array (
  'cache-control' => 'no-cache',
  'postman-token' => 'cf1892ff-78dc-4ce3-ac65-63aee92dd86c',
  'user-agent' => 'PostmanRuntime/3.0.11-hotfix.2',
  'accept' => '*/*',
  'host' => 'restful_api.com',
  'accept-encoding' => 'gzip, deflate',
  'content-type' => 'multipart/form-data; boundary=--------------------------122200046722048459834874',
  'content-length' => '159',
  'connection' => 'keep-alive',
)
[ info ] [ PARAM ] array (
  'id' => '12',
  'version' => 'v1',
)
[ info ] [ RUN ] app\api\controller\v1\Order->delivery[ D:\phpstudy2\WWW\tp5\app\api\controller\v1\Order.php ]
[ info ] [ DB ] INIT mysql
[ info ] [ CACHE ] INIT File
[ info ] [ LOG ] INIT File
[ sql ] [ DB ] CONNECT:[ UseTime:0.001000s ] mysql:dbname=zerg;host=127.0.0.1;charset=utf8
[ sql ] [ SQL ] SHOW COLUMNS FROM `order` [ RunTime:0.007000s ]
[ sql ] [ SQL ] SELECT * FROM `order` WHERE  `id` = 12 LIMIT 1 [ RunTime:0.001000s ]
[ sql ] [ SQL ] SHOW COLUMNS FROM `user` [ RunTime:0.005000s ]
[ sql ] [ SQL ] SELECT `openid` FROM `user` WHERE  `id` = 1 LIMIT 1 [ RunTime:0.000000s ]
[ error ] [2]Illegal string offset 'errcode'[D:\phpstudy2\WWW\tp5\app\api\service\WxMessage.php:49]

---------------------------------------------------------------
[ 2017-12-14T09:14:28+08:00 ] 127.0.0.1 127.0.0.1 POST /api/v1/order/delivery
[ log ] restful_api.com/api/v1/order/delivery [运行时间：0.275000s][吞吐率：3.64req/s] [内存消耗：3,219.91kb] [文件加载：65]
[ info ] [ LANG ] D:\phpstudy2\WWW\tp5\thinkphp\lang\zh-cn.php
[ info ] [ ROUTE ] array (
  'type' => 'module',
  'module' => 
  array (
    0 => 'api',
    1 => 'v1.Order',
    2 => 'delivery',
  ),
  'convert' => false,
)
[ info ] [ HEADER ] array (
  'cache-control' => 'no-cache',
  'postman-token' => '5ed7633f-3fb5-4a85-9bbe-87ec19e02f01',
  'user-agent' => 'PostmanRuntime/3.0.11-hotfix.2',
  'accept' => '*/*',
  'host' => 'restful_api.com',
  'accept-encoding' => 'gzip, deflate',
  'content-type' => 'multipart/form-data; boundary=--------------------------696192699716643479892556',
  'content-length' => '159',
  'connection' => 'keep-alive',
)
[ info ] [ PARAM ] array (
  'id' => '12',
  'version' => 'v1',
)
[ info ] [ RUN ] app\api\controller\v1\Order->delivery[ D:\phpstudy2\WWW\tp5\app\api\controller\v1\Order.php ]
[ info ] [ DB ] INIT mysql
[ info ] [ CACHE ] INIT File
[ info ] [ LOG ] INIT File
[ sql ] [ DB ] CONNECT:[ UseTime:0.001000s ] mysql:dbname=zerg;host=127.0.0.1;charset=utf8
[ sql ] [ SQL ] SHOW COLUMNS FROM `order` [ RunTime:0.004000s ]
[ sql ] [ SQL ] SELECT * FROM `order` WHERE  `id` = 12 LIMIT 1 [ RunTime:0.001000s ]
[ sql ] [ SQL ] SHOW COLUMNS FROM `user` [ RunTime:0.004000s ]
[ sql ] [ SQL ] SELECT `openid` FROM `user` WHERE  `id` = 1 LIMIT 1 [ RunTime:0.001000s ]

---------------------------------------------------------------
[ 2017-12-14T09:15:01+08:00 ] 127.0.0.1 127.0.0.1 POST /api/v1/order/delivery
[ log ] restful_api.com/api/v1/order/delivery [运行时间：1.180000s][吞吐率：0.85req/s] [内存消耗：3,367.30kb] [文件加载：72]
[ info ] [ LANG ] D:\phpstudy2\WWW\tp5\thinkphp\lang\zh-cn.php
[ info ] [ ROUTE ] array (
  'type' => 'module',
  'module' => 
  array (
    0 => 'api',
    1 => 'v1.Order',
    2 => 'delivery',
  ),
  'convert' => false,
)
[ info ] [ HEADER ] array (
  'cache-control' => 'no-cache',
  'postman-token' => '95836647-f47a-44f9-8c68-139d6333efea',
  'user-agent' => 'PostmanRuntime/3.0.11-hotfix.2',
  'accept' => '*/*',
  'host' => 'restful_api.com',
  'accept-encoding' => 'gzip, deflate',
  'content-type' => 'multipart/form-data; boundary=--------------------------232348941871732325558458',
  'content-length' => '159',
  'connection' => 'keep-alive',
)
[ info ] [ PARAM ] array (
  'id' => '12',
  'version' => 'v1',
)
[ info ] [ RUN ] app\api\controller\v1\Order->delivery[ D:\phpstudy2\WWW\tp5\app\api\controller\v1\Order.php ]
[ info ] [ DB ] INIT mysql
[ info ] [ CACHE ] INIT File
[ info ] [ LOG ] INIT File
[ sql ] [ DB ] CONNECT:[ UseTime:0.001000s ] mysql:dbname=zerg;host=127.0.0.1;charset=utf8
[ sql ] [ SQL ] SHOW COLUMNS FROM `order` [ RunTime:0.005000s ]
[ sql ] [ SQL ] SELECT * FROM `order` WHERE  `id` = 12 LIMIT 1 [ RunTime:0.001000s ]
[ sql ] [ SQL ] SHOW COLUMNS FROM `user` [ RunTime:0.005000s ]
[ sql ] [ SQL ] SELECT `openid` FROM `user` WHERE  `id` = 1 LIMIT 1 [ RunTime:0.000000s ]
[ error ] [2]Illegal string offset 'errcode'[D:\phpstudy2\WWW\tp5\app\api\service\WxMessage.php:50]

---------------------------------------------------------------
[ 2017-12-14T09:15:12+08:00 ] 127.0.0.1 127.0.0.1 POST /api/v1/order/delivery
[ log ] restful_api.com/api/v1/order/delivery [运行时间：0.366000s][吞吐率：2.73req/s] [内存消耗：3,219.91kb] [文件加载：65]
[ info ] [ LANG ] D:\phpstudy2\WWW\tp5\thinkphp\lang\zh-cn.php
[ info ] [ ROUTE ] array (
  'type' => 'module',
  'module' => 
  array (
    0 => 'api',
    1 => 'v1.Order',
    2 => 'delivery',
  ),
  'convert' => false,
)
[ info ] [ HEADER ] array (
  'cache-control' => 'no-cache',
  'postman-token' => '92b1cbe6-8455-4c65-a08c-bbf8adba76f0',
  'user-agent' => 'PostmanRuntime/3.0.11-hotfix.2',
  'accept' => '*/*',
  'host' => 'restful_api.com',
  'accept-encoding' => 'gzip, deflate',
  'content-type' => 'multipart/form-data; boundary=--------------------------110861661698918389461861',
  'content-length' => '159',
  'connection' => 'keep-alive',
)
[ info ] [ PARAM ] array (
  'id' => '12',
  'version' => 'v1',
)
[ info ] [ RUN ] app\api\controller\v1\Order->delivery[ D:\phpstudy2\WWW\tp5\app\api\controller\v1\Order.php ]
[ info ] [ DB ] INIT mysql
[ info ] [ CACHE ] INIT File
[ info ] [ LOG ] INIT File
[ sql ] [ DB ] CONNECT:[ UseTime:0.010000s ] mysql:dbname=zerg;host=127.0.0.1;charset=utf8
[ sql ] [ SQL ] SHOW COLUMNS FROM `order` [ RunTime:0.007000s ]
[ sql ] [ SQL ] SELECT * FROM `order` WHERE  `id` = 12 LIMIT 1 [ RunTime:0.001000s ]
[ sql ] [ SQL ] SHOW COLUMNS FROM `user` [ RunTime:0.006000s ]
[ sql ] [ SQL ] SELECT `openid` FROM `user` WHERE  `id` = 1 LIMIT 1 [ RunTime:0.001000s ]

---------------------------------------------------------------
[ 2017-12-14T09:15:22+08:00 ] 127.0.0.1 127.0.0.1 POST /api/v1/order/delivery
[ log ] restful_api.com/api/v1/order/delivery [运行时间：0.332000s][吞吐率：3.01req/s] [内存消耗：3,220.13kb] [文件加载：65]
[ info ] [ LANG ] D:\phpstudy2\WWW\tp5\thinkphp\lang\zh-cn.php
[ info ] [ ROUTE ] array (
  'type' => 'module',
  'module' => 
  array (
    0 => 'api',
    1 => 'v1.Order',
    2 => 'delivery',
  ),
  'convert' => false,
)
[ info ] [ HEADER ] array (
  'cache-control' => 'no-cache',
  'postman-token' => '8a1ab035-9cff-4ebf-bca2-2eac63d55eb2',
  'user-agent' => 'PostmanRuntime/3.0.11-hotfix.2',
  'accept' => '*/*',
  'host' => 'restful_api.com',
  'accept-encoding' => 'gzip, deflate',
  'content-type' => 'multipart/form-data; boundary=--------------------------556250045128262826853831',
  'content-length' => '159',
  'connection' => 'keep-alive',
)
[ info ] [ PARAM ] array (
  'id' => '12',
  'version' => 'v1',
)
[ info ] [ RUN ] app\api\controller\v1\Order->delivery[ D:\phpstudy2\WWW\tp5\app\api\controller\v1\Order.php ]
[ info ] [ DB ] INIT mysql
[ info ] [ CACHE ] INIT File
[ info ] [ LOG ] INIT File
[ sql ] [ DB ] CONNECT:[ UseTime:0.001000s ] mysql:dbname=zerg;host=127.0.0.1;charset=utf8
[ sql ] [ SQL ] SHOW COLUMNS FROM `order` [ RunTime:0.007000s ]
[ sql ] [ SQL ] SELECT * FROM `order` WHERE  `id` = 12 LIMIT 1 [ RunTime:0.001000s ]
[ sql ] [ SQL ] SHOW COLUMNS FROM `user` [ RunTime:0.006000s ]
[ sql ] [ SQL ] SELECT `openid` FROM `user` WHERE  `id` = 1 LIMIT 1 [ RunTime:0.000000s ]

---------------------------------------------------------------
[ 2017-12-14T09:15:25+08:00 ] 127.0.0.1 127.0.0.1 POST /api/v1/order/delivery
[ log ] restful_api.com/api/v1/order/delivery [运行时间：0.272000s][吞吐率：3.68req/s] [内存消耗：3,220.13kb] [文件加载：65]
[ info ] [ LANG ] D:\phpstudy2\WWW\tp5\thinkphp\lang\zh-cn.php
[ info ] [ ROUTE ] array (
  'type' => 'module',
  'module' => 
  array (
    0 => 'api',
    1 => 'v1.Order',
    2 => 'delivery',
  ),
  'convert' => false,
)
[ info ] [ HEADER ] array (
  'cache-control' => 'no-cache',
  'postman-token' => '9e12d2ab-bfca-4b41-bb8d-d3a3a6b786df',
  'user-agent' => 'PostmanRuntime/3.0.11-hotfix.2',
  'accept' => '*/*',
  'host' => 'restful_api.com',
  'accept-encoding' => 'gzip, deflate',
  'content-type' => 'multipart/form-data; boundary=--------------------------630594158951860798633903',
  'content-length' => '159',
  'connection' => 'keep-alive',
)
[ info ] [ PARAM ] array (
  'id' => '12',
  'version' => 'v1',
)
[ info ] [ RUN ] app\api\controller\v1\Order->delivery[ D:\phpstudy2\WWW\tp5\app\api\controller\v1\Order.php ]
[ info ] [ DB ] INIT mysql
[ info ] [ CACHE ] INIT File
[ info ] [ LOG ] INIT File
[ sql ] [ DB ] CONNECT:[ UseTime:0.011000s ] mysql:dbname=zerg;host=127.0.0.1;charset=utf8
[ sql ] [ SQL ] SHOW COLUMNS FROM `order` [ RunTime:0.005000s ]
[ sql ] [ SQL ] SELECT * FROM `order` WHERE  `id` = 12 LIMIT 1 [ RunTime:0.001000s ]
[ sql ] [ SQL ] SHOW COLUMNS FROM `user` [ RunTime:0.004000s ]
[ sql ] [ SQL ] SELECT `openid` FROM `user` WHERE  `id` = 1 LIMIT 1 [ RunTime:0.000000s ]

---------------------------------------------------------------
[ 2017-12-14T09:15:31+08:00 ] 127.0.0.1 127.0.0.1 POST /api/v1/order/delivery
[ log ] restful_api.com/api/v1/order/delivery [运行时间：1.068000s][吞吐率：0.94req/s] [内存消耗：3,359.17kb] [文件加载：71]
[ info ] [ LANG ] D:\phpstudy2\WWW\tp5\thinkphp\lang\zh-cn.php
[ info ] [ ROUTE ] array (
  'type' => 'module',
  'module' => 
  array (
    0 => 'api',
    1 => 'v1.Order',
    2 => 'delivery',
  ),
  'convert' => false,
)
[ info ] [ HEADER ] array (
  'cache-control' => 'no-cache',
  'postman-token' => '877091b7-d249-4648-b551-5312d215df83',
  'user-agent' => 'PostmanRuntime/3.0.11-hotfix.2',
  'accept' => '*/*',
  'host' => 'restful_api.com',
  'accept-encoding' => 'gzip, deflate',
  'content-type' => 'multipart/form-data; boundary=--------------------------537267967987647175676344',
  'content-length' => '159',
  'connection' => 'keep-alive',
)
[ info ] [ PARAM ] array (
  'id' => '12',
  'version' => 'v1',
)
[ info ] [ RUN ] app\api\controller\v1\Order->delivery[ D:\phpstudy2\WWW\tp5\app\api\controller\v1\Order.php ]
[ info ] [ DB ] INIT mysql
[ info ] [ CACHE ] INIT File
[ info ] [ LOG ] INIT File
[ sql ] [ DB ] CONNECT:[ UseTime:0.001000s ] mysql:dbname=zerg;host=127.0.0.1;charset=utf8
[ sql ] [ SQL ] SHOW COLUMNS FROM `order` [ RunTime:0.004000s ]
[ sql ] [ SQL ] SELECT * FROM `order` WHERE  `id` = 12 LIMIT 1 [ RunTime:0.001000s ]
[ sql ] [ SQL ] SHOW COLUMNS FROM `user` [ RunTime:0.005000s ]
[ sql ] [ SQL ] SELECT `openid` FROM `user` WHERE  `id` = 1 LIMIT 1 [ RunTime:0.001000s ]
[ error ] [0]模板消息发送失败40037[D:\phpstudy2\WWW\tp5\app\api\service\WxMessage.php:53]

---------------------------------------------------------------
[ 2017-12-14T09:15:59+08:00 ] 127.0.0.1 127.0.0.1 POST /api/v1/order/delivery
[ log ] restful_api.com/api/v1/order/delivery [运行时间：1.196000s][吞吐率：0.84req/s] [内存消耗：3,367.32kb] [文件加载：72]
[ info ] [ LANG ] D:\phpstudy2\WWW\tp5\thinkphp\lang\zh-cn.php
[ info ] [ ROUTE ] array (
  'type' => 'module',
  'module' => 
  array (
    0 => 'api',
    1 => 'v1.Order',
    2 => 'delivery',
  ),
  'convert' => false,
)
[ info ] [ HEADER ] array (
  'cache-control' => 'no-cache',
  'postman-token' => '5e8fd4aa-d5ec-4f89-8526-13a10053239f',
  'user-agent' => 'PostmanRuntime/3.0.11-hotfix.2',
  'accept' => '*/*',
  'host' => 'restful_api.com',
  'accept-encoding' => 'gzip, deflate',
  'content-type' => 'multipart/form-data; boundary=--------------------------942533531141772194633744',
  'content-length' => '159',
  'connection' => 'keep-alive',
)
[ info ] [ PARAM ] array (
  'id' => '12',
  'version' => 'v1',
)
[ info ] [ RUN ] app\api\controller\v1\Order->delivery[ D:\phpstudy2\WWW\tp5\app\api\controller\v1\Order.php ]
[ info ] [ DB ] INIT mysql
[ info ] [ CACHE ] INIT File
[ info ] [ LOG ] INIT File
[ sql ] [ DB ] CONNECT:[ UseTime:0.011000s ] mysql:dbname=zerg;host=127.0.0.1;charset=utf8
[ sql ] [ SQL ] SHOW COLUMNS FROM `order` [ RunTime:0.006000s ]
[ sql ] [ SQL ] SELECT * FROM `order` WHERE  `id` = 12 LIMIT 1 [ RunTime:0.001000s ]
[ sql ] [ SQL ] SHOW COLUMNS FROM `user` [ RunTime:0.005000s ]
[ sql ] [ SQL ] SELECT `openid` FROM `user` WHERE  `id` = 1 LIMIT 1 [ RunTime:0.001000s ]
[ error ] [8]未定义数组索引: msg[D:\phpstudy2\WWW\tp5\app\api\service\WxMessage.php:53]

---------------------------------------------------------------
[ 2017-12-14T09:16:06+08:00 ] 127.0.0.1 127.0.0.1 POST /api/v1/order/delivery
[ log ] restful_api.com/api/v1/order/delivery [运行时间：0.338000s][吞吐率：2.96req/s] [内存消耗：3,220.13kb] [文件加载：65]
[ info ] [ LANG ] D:\phpstudy2\WWW\tp5\thinkphp\lang\zh-cn.php
[ info ] [ ROUTE ] array (
  'type' => 'module',
  'module' => 
  array (
    0 => 'api',
    1 => 'v1.Order',
    2 => 'delivery',
  ),
  'convert' => false,
)
[ info ] [ HEADER ] array (
  'cache-control' => 'no-cache',
  'postman-token' => '5373b133-aa89-4cc4-8ab9-47c713e29b62',
  'user-agent' => 'PostmanRuntime/3.0.11-hotfix.2',
  'accept' => '*/*',
  'host' => 'restful_api.com',
  'accept-encoding' => 'gzip, deflate',
  'content-type' => 'multipart/form-data; boundary=--------------------------165081827777033150403522',
  'content-length' => '159',
  'connection' => 'keep-alive',
)
[ info ] [ PARAM ] array (
  'id' => '12',
  'version' => 'v1',
)
[ info ] [ RUN ] app\api\controller\v1\Order->delivery[ D:\phpstudy2\WWW\tp5\app\api\controller\v1\Order.php ]
[ info ] [ DB ] INIT mysql
[ info ] [ CACHE ] INIT File
[ info ] [ LOG ] INIT File
[ sql ] [ DB ] CONNECT:[ UseTime:0.010000s ] mysql:dbname=zerg;host=127.0.0.1;charset=utf8
[ sql ] [ SQL ] SHOW COLUMNS FROM `order` [ RunTime:0.006000s ]
[ sql ] [ SQL ] SELECT * FROM `order` WHERE  `id` = 12 LIMIT 1 [ RunTime:0.000000s ]
[ sql ] [ SQL ] SHOW COLUMNS FROM `user` [ RunTime:0.005000s ]
[ sql ] [ SQL ] SELECT `openid` FROM `user` WHERE  `id` = 1 LIMIT 1 [ RunTime:0.001000s ]

---------------------------------------------------------------
[ 2017-12-14T09:16:48+08:00 ] 127.0.0.1 127.0.0.1 POST /api/v1/order/delivery
[ log ] restful_api.com/api/v1/order/delivery [运行时间：1.111000s][吞吐率：0.90req/s] [内存消耗：3,359.34kb] [文件加载：71]
[ info ] [ LANG ] D:\phpstudy2\WWW\tp5\thinkphp\lang\zh-cn.php
[ info ] [ ROUTE ] array (
  'type' => 'module',
  'module' => 
  array (
    0 => 'api',
    1 => 'v1.Order',
    2 => 'delivery',
  ),
  'convert' => false,
)
[ info ] [ HEADER ] array (
  'cache-control' => 'no-cache',
  'postman-token' => '9956ae66-33f0-4b60-b7ee-16ce501f0303',
  'user-agent' => 'PostmanRuntime/3.0.11-hotfix.2',
  'accept' => '*/*',
  'host' => 'restful_api.com',
  'accept-encoding' => 'gzip, deflate',
  'content-type' => 'multipart/form-data; boundary=--------------------------031164893965515422637349',
  'content-length' => '159',
  'connection' => 'keep-alive',
)
[ info ] [ PARAM ] array (
  'id' => '12',
  'version' => 'v1',
)
[ info ] [ RUN ] app\api\controller\v1\Order->delivery[ D:\phpstudy2\WWW\tp5\app\api\controller\v1\Order.php ]
[ info ] [ DB ] INIT mysql
[ info ] [ CACHE ] INIT File
[ info ] [ LOG ] INIT File
[ sql ] [ DB ] CONNECT:[ UseTime:0.010000s ] mysql:dbname=zerg;host=127.0.0.1;charset=utf8
[ sql ] [ SQL ] SHOW COLUMNS FROM `order` [ RunTime:0.026000s ]
[ sql ] [ SQL ] SELECT * FROM `order` WHERE  `id` = 12 LIMIT 1 [ RunTime:0.001000s ]
[ sql ] [ SQL ] SHOW COLUMNS FROM `user` [ RunTime:0.007000s ]
[ sql ] [ SQL ] SELECT `openid` FROM `user` WHERE  `id` = 1 LIMIT 1 [ RunTime:0.001000s ]
[ error ] [0]模板消息发送失败40037invalid template_id hint: [BP5JKA0280ge20][D:\phpstudy2\WWW\tp5\app\api\service\WxMessage.php:52]

---------------------------------------------------------------
[ 2017-12-14T09:17:09+08:00 ] 127.0.0.1 127.0.0.1 POST /api/v1/order/delivery
[ log ] restful_api.com/api/v1/order/delivery [运行时间：1.122000s][吞吐率：0.89req/s] [内存消耗：3,359.37kb] [文件加载：71]
[ info ] [ LANG ] D:\phpstudy2\WWW\tp5\thinkphp\lang\zh-cn.php
[ info ] [ ROUTE ] array (
  'type' => 'module',
  'module' => 
  array (
    0 => 'api',
    1 => 'v1.Order',
    2 => 'delivery',
  ),
  'convert' => false,
)
[ info ] [ HEADER ] array (
  'cache-control' => 'no-cache',
  'postman-token' => 'e4af6a41-6cbf-4f6e-8377-a7283c536be9',
  'user-agent' => 'PostmanRuntime/3.0.11-hotfix.2',
  'accept' => '*/*',
  'host' => 'restful_api.com',
  'accept-encoding' => 'gzip, deflate',
  'content-type' => 'multipart/form-data; boundary=--------------------------248723399302975601386889',
  'content-length' => '159',
  'connection' => 'keep-alive',
)
[ info ] [ PARAM ] array (
  'id' => '12',
  'version' => 'v1',
)
[ info ] [ RUN ] app\api\controller\v1\Order->delivery[ D:\phpstudy2\WWW\tp5\app\api\controller\v1\Order.php ]
[ info ] [ DB ] INIT mysql
[ info ] [ CACHE ] INIT File
[ info ] [ LOG ] INIT File
[ sql ] [ DB ] CONNECT:[ UseTime:0.000000s ] mysql:dbname=zerg;host=127.0.0.1;charset=utf8
[ sql ] [ SQL ] SHOW COLUMNS FROM `order` [ RunTime:0.009000s ]
[ sql ] [ SQL ] SELECT * FROM `order` WHERE  `id` = 12 LIMIT 1 [ RunTime:0.000000s ]
[ sql ] [ SQL ] SHOW COLUMNS FROM `user` [ RunTime:0.009000s ]
[ sql ] [ SQL ] SELECT `openid` FROM `user` WHERE  `id` = 1 LIMIT 1 [ RunTime:0.001000s ]
[ error ] [0]模板消息发送失败-40037invalid template_id hint: [4_GSTA0301ge21][D:\phpstudy2\WWW\tp5\app\api\service\WxMessage.php:52]

---------------------------------------------------------------
