[ 2017-07-08T22:53:43+08:00 ] 127.0.0.1 127.0.0.1 GET /api/v2/banner/1
[ log ] tp5.com/api/v2/banner/1 [运行时间：0.758000s][吞吐率：1.32req/s] [内存消耗：1,546.84kb] [文件加载：40]
[ info ] [ LANG ] D:\phpstudy2\WWW\tp5\thinkphp\lang\zh-cn.php
[ info ] [ ROUTE ] array (
  'type' => 'module',
  'module' => 
  array (
    0 => 'api',
    1 => 'v2.Banner',
    2 => 'getBanner',
  ),
  'convert' => false,
)
[ info ] [ HEADER ] array (
  'host' => 'tp5.com',
  'connection' => 'keep-alive',
  'user-agent' => 'Mozilla/5.0 (Windows NT 6.1; WOW64) AppleWebKit/537.36 (KHTML, like Gecko) Chrome/57.0.2987.110 Safari/537.36',
  'accept' => '*/*',
  'accept-encoding' => 'gzip, deflate, sdch',
  'accept-language' => 'zh-CN,zh;q=0.8',
)
[ info ] [ PARAM ] array (
  'version' => 'v2',
  'id' => '1',
)
[ info ] [ RUN ] app\api\controller\v2\Banner->getBanner[ D:\phpstudy2\WWW\tp5\app\api\controller\v2\Banner.php ]
[ info ] [ LOG ] INIT File

---------------------------------------------------------------
[ 2017-07-08T22:53:56+08:00 ] 127.0.0.1 127.0.0.1 GET /api/v1/themes/1
[ log ] tp5.com/api/v1/themes/1 [运行时间：0.885000s][吞吐率：1.13req/s] [内存消耗：1,595.17kb] [文件加载：43]
[ info ] [ LANG ] D:\phpstudy2\WWW\tp5\thinkphp\lang\zh-cn.php
[ info ] [ ROUTE ] array (
  'type' => 'module',
  'module' => 
  array (
    0 => 'api',
    1 => 'v1.Banner',
    2 => 'getThemes',
  ),
  'convert' => false,
)
[ info ] [ HEADER ] array (
  'host' => 'tp5.com',
  'connection' => 'keep-alive',
  'user-agent' => 'Mozilla/5.0 (Windows NT 6.1; WOW64) AppleWebKit/537.36 (KHTML, like Gecko) Chrome/57.0.2987.110 Safari/537.36',
  'accept' => '*/*',
  'accept-encoding' => 'gzip, deflate, sdch',
  'accept-language' => 'zh-CN,zh;q=0.8',
)
[ info ] [ PARAM ] array (
  'version' => 'v1',
)
[ info ] [ LOG ] INIT File

---------------------------------------------------------------
[ 2017-07-08T22:54:38+08:00 ] 127.0.0.1 127.0.0.1 GET /api/v1/themes/1
[ log ] tp5.com/api/v1/themes/1 [运行时间：0.866000s][吞吐率：1.15req/s] [内存消耗：1,595.17kb] [文件加载：43]
[ info ] [ LANG ] D:\phpstudy2\WWW\tp5\thinkphp\lang\zh-cn.php
[ info ] [ ROUTE ] array (
  'type' => 'module',
  'module' => 
  array (
    0 => 'api',
    1 => 'v1.Banner',
    2 => 'getThemes',
  ),
  'convert' => false,
)
[ info ] [ HEADER ] array (
  'host' => 'tp5.com',
  'connection' => 'keep-alive',
  'user-agent' => 'Mozilla/5.0 (Windows NT 6.1; WOW64) AppleWebKit/537.36 (KHTML, like Gecko) Chrome/57.0.2987.110 Safari/537.36',
  'accept' => '*/*',
  'accept-encoding' => 'gzip, deflate, sdch',
  'accept-language' => 'zh-CN,zh;q=0.8',
)
[ info ] [ PARAM ] array (
  'version' => 'v1',
)
[ info ] [ LOG ] INIT File

---------------------------------------------------------------
[ 2017-07-08T22:54:42+08:00 ] 127.0.0.1 127.0.0.1 GET /api/v1/themes
[ log ] tp5.com/api/v1/themes [运行时间：0.864000s][吞吐率：1.16req/s] [内存消耗：1,595.21kb] [文件加载：43]
[ info ] [ LANG ] D:\phpstudy2\WWW\tp5\thinkphp\lang\zh-cn.php
[ info ] [ ROUTE ] array (
  'type' => 'module',
  'module' => 
  array (
    0 => 'api',
    1 => 'v1.Banner',
    2 => 'getThemes',
  ),
  'convert' => false,
)
[ info ] [ HEADER ] array (
  'host' => 'tp5.com',
  'connection' => 'keep-alive',
  'user-agent' => 'Mozilla/5.0 (Windows NT 6.1; WOW64) AppleWebKit/537.36 (KHTML, like Gecko) Chrome/57.0.2987.110 Safari/537.36',
  'accept' => '*/*',
  'accept-encoding' => 'gzip, deflate, sdch',
  'accept-language' => 'zh-CN,zh;q=0.8',
)
[ info ] [ PARAM ] array (
  'version' => 'v1',
)
[ info ] [ LOG ] INIT File

---------------------------------------------------------------
[ 2017-07-08T22:55:18+08:00 ] 127.0.0.1 127.0.0.1 GET /api/v1/themes/1
[ log ] tp5.com/api/v1/themes/1 [运行时间：0.454000s][吞吐率：2.20req/s] [内存消耗：1,537.50kb] [文件加载：39]
[ info ] [ LANG ] D:\phpstudy2\WWW\tp5\thinkphp\lang\zh-cn.php
[ info ] [ ROUTE ] array (
  'type' => 'module',
  'module' => 
  array (
    0 => 'api',
    1 => 'v1.Themes',
    2 => 'getThemes',
  ),
  'convert' => false,
)
[ info ] [ HEADER ] array (
  'host' => 'tp5.com',
  'connection' => 'keep-alive',
  'user-agent' => 'Mozilla/5.0 (Windows NT 6.1; WOW64) AppleWebKit/537.36 (KHTML, like Gecko) Chrome/57.0.2987.110 Safari/537.36',
  'accept' => '*/*',
  'accept-encoding' => 'gzip, deflate, sdch',
  'accept-language' => 'zh-CN,zh;q=0.8',
)
[ info ] [ PARAM ] array (
  'version' => 'v1',
)
[ info ] [ RUN ] app\api\controller\v1\Themes->getThemes[ D:\phpstudy2\WWW\tp5\app\api\controller\v1\Themes.php ]
[ info ] [ LOG ] INIT File

---------------------------------------------------------------
[ 2017-07-08T23:06:46+08:00 ] 127.0.0.1 127.0.0.1 GET /api/v1/themes/1
[ log ] tp5.com/api/v1/themes/1 [运行时间：0.080000s][吞吐率：12.50req/s] [内存消耗：1,606.99kb] [文件加载：44]
[ info ] [ LANG ] D:\phpstudy2\WWW\tp5\thinkphp\lang\zh-cn.php
[ info ] [ ROUTE ] array (
  'type' => 'module',
  'module' => 
  array (
    0 => 'api',
    1 => 'v1.Themes',
    2 => 'getThemes',
  ),
  'convert' => false,
)
[ info ] [ HEADER ] array (
  'host' => 'tp5.com',
  'connection' => 'keep-alive',
  'user-agent' => 'Mozilla/5.0 (Windows NT 6.1; WOW64) AppleWebKit/537.36 (KHTML, like Gecko) Chrome/57.0.2987.110 Safari/537.36',
  'accept' => '*/*',
  'accept-encoding' => 'gzip, deflate, sdch',
  'accept-language' => 'zh-CN,zh;q=0.8',
)
[ info ] [ PARAM ] array (
  'version' => 'v1',
)
[ info ] [ RUN ] app\api\controller\v1\Themes->getThemes[ D:\phpstudy2\WWW\tp5\app\api\controller\v1\Themes.php ]
[ info ] [ LOG ] INIT File
[ error ] [1]Class 'app\api\controller\v1\IDCollection' not found[D:\phpstudy2\WWW\tp5\app\api\controller\v1\Themes.php:9]

---------------------------------------------------------------
[ 2017-07-08T23:07:50+08:00 ] 127.0.0.1 127.0.0.1 GET /api/v1/themes/1
[ log ] tp5.com/api/v1/themes/1 [运行时间：0.044000s][吞吐率：22.73req/s] [内存消耗：1,607.01kb] [文件加载：44]
[ info ] [ LANG ] D:\phpstudy2\WWW\tp5\thinkphp\lang\zh-cn.php
[ info ] [ ROUTE ] array (
  'type' => 'module',
  'module' => 
  array (
    0 => 'api',
    1 => 'v1.Themes',
    2 => 'getThemes',
  ),
  'convert' => false,
)
[ info ] [ HEADER ] array (
  'host' => 'tp5.com',
  'connection' => 'keep-alive',
  'user-agent' => 'Mozilla/5.0 (Windows NT 6.1; WOW64) AppleWebKit/537.36 (KHTML, like Gecko) Chrome/57.0.2987.110 Safari/537.36',
  'accept' => '*/*',
  'accept-encoding' => 'gzip, deflate, sdch',
  'accept-language' => 'zh-CN,zh;q=0.8',
)
[ info ] [ PARAM ] array (
  'version' => 'v1',
)
[ info ] [ RUN ] app\api\controller\v1\Themes->getThemes[ D:\phpstudy2\WWW\tp5\app\api\controller\v1\Themes.php ]
[ info ] [ LOG ] INIT File
[ error ] [1]Class 'app\api\controller\v1\IDCollection' not found[D:\phpstudy2\WWW\tp5\app\api\controller\v1\Themes.php:9]

---------------------------------------------------------------
[ 2017-07-08T23:08:12+08:00 ] 127.0.0.1 127.0.0.1 GET /api/v1/themes/1
[ log ] tp5.com/api/v1/themes/1 [运行时间：0.049000s][吞吐率：20.41req/s] [内存消耗：1,638.80kb] [文件加载：46]
[ info ] [ LANG ] D:\phpstudy2\WWW\tp5\thinkphp\lang\zh-cn.php
[ info ] [ ROUTE ] array (
  'type' => 'module',
  'module' => 
  array (
    0 => 'api',
    1 => 'v1.Themes',
    2 => 'getThemes',
  ),
  'convert' => false,
)
[ info ] [ HEADER ] array (
  'host' => 'tp5.com',
  'connection' => 'keep-alive',
  'user-agent' => 'Mozilla/5.0 (Windows NT 6.1; WOW64) AppleWebKit/537.36 (KHTML, like Gecko) Chrome/57.0.2987.110 Safari/537.36',
  'accept' => '*/*',
  'accept-encoding' => 'gzip, deflate, sdch',
  'accept-language' => 'zh-CN,zh;q=0.8',
)
[ info ] [ PARAM ] array (
  'version' => 'v1',
)
[ info ] [ RUN ] app\api\controller\v1\Themes->getThemes[ D:\phpstudy2\WWW\tp5\app\api\controller\v1\Themes.php ]
[ info ] [ LOG ] INIT File
[ error ] [1]Call to protected method app\api\validate\IDCollection::IsCollection() from context 'app\api\controller\v1\Themes'[D:\phpstudy2\WWW\tp5\app\api\controller\v1\Themes.php:9]

---------------------------------------------------------------
[ 2017-07-08T23:09:29+08:00 ] 127.0.0.1 127.0.0.1 GET /api/v1/themes/1
[ log ] tp5.com/api/v1/themes/1 [运行时间：0.045000s][吞吐率：22.22req/s] [内存消耗：1,638.72kb] [文件加载：46]
[ info ] [ LANG ] D:\phpstudy2\WWW\tp5\thinkphp\lang\zh-cn.php
[ info ] [ ROUTE ] array (
  'type' => 'module',
  'module' => 
  array (
    0 => 'api',
    1 => 'v1.Themes',
    2 => 'getThemes',
  ),
  'convert' => false,
)
[ info ] [ HEADER ] array (
  'host' => 'tp5.com',
  'connection' => 'keep-alive',
  'user-agent' => 'Mozilla/5.0 (Windows NT 6.1; WOW64) AppleWebKit/537.36 (KHTML, like Gecko) Chrome/57.0.2987.110 Safari/537.36',
  'accept' => '*/*',
  'accept-encoding' => 'gzip, deflate, sdch',
  'accept-language' => 'zh-CN,zh;q=0.8',
)
[ info ] [ PARAM ] array (
  'version' => 'v1',
)
[ info ] [ RUN ] app\api\controller\v1\Themes->getThemes[ D:\phpstudy2\WWW\tp5\app\api\controller\v1\Themes.php ]
[ info ] [ LOG ] INIT File
[ error ] [1]Call to protected method app\api\validate\IDCollection::IsCollection() from context 'app\api\controller\v1\Themes'[D:\phpstudy2\WWW\tp5\app\api\controller\v1\Themes.php:9]

---------------------------------------------------------------
[ 2017-07-08T23:12:05+08:00 ] 127.0.0.1 127.0.0.1 GET /api/v1/themes/1
[ log ] tp5.com/api/v1/themes/1 [运行时间：0.440000s][吞吐率：2.27req/s] [内存消耗：1,568.20kb] [文件加载：41]
[ info ] [ LANG ] D:\phpstudy2\WWW\tp5\thinkphp\lang\zh-cn.php
[ info ] [ ROUTE ] array (
  'type' => 'module',
  'module' => 
  array (
    0 => 'api',
    1 => 'v1.Themes',
    2 => 'getThemes',
  ),
  'convert' => false,
)
[ info ] [ HEADER ] array (
  'host' => 'tp5.com',
  'connection' => 'keep-alive',
  'user-agent' => 'Mozilla/5.0 (Windows NT 6.1; WOW64) AppleWebKit/537.36 (KHTML, like Gecko) Chrome/57.0.2987.110 Safari/537.36',
  'accept' => '*/*',
  'accept-encoding' => 'gzip, deflate, sdch',
  'accept-language' => 'zh-CN,zh;q=0.8',
)
[ info ] [ PARAM ] array (
  'version' => 'v1',
)
[ info ] [ RUN ] app\api\controller\v1\Themes->getThemes[ D:\phpstudy2\WWW\tp5\app\api\controller\v1\Themes.php ]
[ info ] [ LOG ] INIT File

---------------------------------------------------------------
[ 2017-07-08T23:12:24+08:00 ] 127.0.0.1 127.0.0.1 GET /api/v1/themes/1
[ log ] tp5.com/api/v1/themes/1 [运行时间：0.436000s][吞吐率：2.29req/s] [内存消耗：1,568.28kb] [文件加载：41]
[ info ] [ LANG ] D:\phpstudy2\WWW\tp5\thinkphp\lang\zh-cn.php
[ info ] [ ROUTE ] array (
  'type' => 'module',
  'module' => 
  array (
    0 => 'api',
    1 => 'v1.Themes',
    2 => 'getThemes',
  ),
  'convert' => false,
)
[ info ] [ HEADER ] array (
  'host' => 'tp5.com',
  'connection' => 'keep-alive',
  'user-agent' => 'Mozilla/5.0 (Windows NT 6.1; WOW64) AppleWebKit/537.36 (KHTML, like Gecko) Chrome/57.0.2987.110 Safari/537.36',
  'accept' => '*/*',
  'accept-encoding' => 'gzip, deflate, sdch',
  'accept-language' => 'zh-CN,zh;q=0.8',
)
[ info ] [ PARAM ] array (
  'version' => 'v1',
)
[ info ] [ RUN ] app\api\controller\v1\Themes->getThemes[ D:\phpstudy2\WWW\tp5\app\api\controller\v1\Themes.php ]
[ info ] [ LOG ] INIT File

---------------------------------------------------------------
[ 2017-07-08T23:12:30+08:00 ] 127.0.0.1 127.0.0.1 GET /api/v1/themes/1
[ log ] tp5.com/api/v1/themes/1 [运行时间：0.440000s][吞吐率：2.27req/s] [内存消耗：1,568.20kb] [文件加载：41]
[ info ] [ LANG ] D:\phpstudy2\WWW\tp5\thinkphp\lang\zh-cn.php
[ info ] [ ROUTE ] array (
  'type' => 'module',
  'module' => 
  array (
    0 => 'api',
    1 => 'v1.Themes',
    2 => 'getThemes',
  ),
  'convert' => false,
)
[ info ] [ HEADER ] array (
  'host' => 'tp5.com',
  'connection' => 'keep-alive',
  'user-agent' => 'Mozilla/5.0 (Windows NT 6.1; WOW64) AppleWebKit/537.36 (KHTML, like Gecko) Chrome/57.0.2987.110 Safari/537.36',
  'accept' => '*/*',
  'accept-encoding' => 'gzip, deflate, sdch',
  'accept-language' => 'zh-CN,zh;q=0.8',
)
[ info ] [ PARAM ] array (
  'version' => 'v1',
)
[ info ] [ RUN ] app\api\controller\v1\Themes->getThemes[ D:\phpstudy2\WWW\tp5\app\api\controller\v1\Themes.php ]
[ info ] [ LOG ] INIT File

---------------------------------------------------------------
[ 2017-07-08T23:18:19+08:00 ] 127.0.0.1 127.0.0.1 GET /api/v1/themes/1
[ log ] tp5.com/api/v1/themes/1 [运行时间：0.437000s][吞吐率：2.29req/s] [内存消耗：1,569.68kb] [文件加载：41]
[ info ] [ LANG ] D:\phpstudy2\WWW\tp5\thinkphp\lang\zh-cn.php
[ info ] [ ROUTE ] array (
  'type' => 'module',
  'module' => 
  array (
    0 => 'api',
    1 => 'v1.Themes',
    2 => 'getThemes',
  ),
  'convert' => false,
)
[ info ] [ HEADER ] array (
  'host' => 'tp5.com',
  'connection' => 'keep-alive',
  'user-agent' => 'Mozilla/5.0 (Windows NT 6.1; WOW64) AppleWebKit/537.36 (KHTML, like Gecko) Chrome/57.0.2987.110 Safari/537.36',
  'accept' => '*/*',
  'accept-encoding' => 'gzip, deflate, sdch',
  'accept-language' => 'zh-CN,zh;q=0.8',
)
[ info ] [ PARAM ] array (
  'version' => 'v1',
)
[ info ] [ RUN ] app\api\controller\v1\Themes->getThemes[ D:\phpstudy2\WWW\tp5\app\api\controller\v1\Themes.php ]
[ info ] [ LOG ] INIT File

---------------------------------------------------------------
[ 2017-07-08T23:18:43+08:00 ] 127.0.0.1 127.0.0.1 GET /api/v1/themes/1
[ log ] tp5.com/api/v1/themes/1 [运行时间：0.442000s][吞吐率：2.26req/s] [内存消耗：1,569.71kb] [文件加载：41]
[ info ] [ LANG ] D:\phpstudy2\WWW\tp5\thinkphp\lang\zh-cn.php
[ info ] [ ROUTE ] array (
  'type' => 'module',
  'module' => 
  array (
    0 => 'api',
    1 => 'v1.Themes',
    2 => 'getThemes',
  ),
  'convert' => false,
)
[ info ] [ HEADER ] array (
  'host' => 'tp5.com',
  'connection' => 'keep-alive',
  'user-agent' => 'Mozilla/5.0 (Windows NT 6.1; WOW64) AppleWebKit/537.36 (KHTML, like Gecko) Chrome/57.0.2987.110 Safari/537.36',
  'accept' => '*/*',
  'accept-encoding' => 'gzip, deflate, sdch',
  'accept-language' => 'zh-CN,zh;q=0.8',
)
[ info ] [ PARAM ] array (
  'version' => 'v1',
)
[ info ] [ RUN ] app\api\controller\v1\Themes->getThemes[ D:\phpstudy2\WWW\tp5\app\api\controller\v1\Themes.php ]
[ info ] [ LOG ] INIT File

---------------------------------------------------------------
[ 2017-07-08T23:18:45+08:00 ] 127.0.0.1 127.0.0.1 GET /api/v1/themes/1
[ log ] tp5.com/api/v1/themes/1 [运行时间：0.422000s][吞吐率：2.37req/s] [内存消耗：1,569.71kb] [文件加载：41]
[ info ] [ LANG ] D:\phpstudy2\WWW\tp5\thinkphp\lang\zh-cn.php
[ info ] [ ROUTE ] array (
  'type' => 'module',
  'module' => 
  array (
    0 => 'api',
    1 => 'v1.Themes',
    2 => 'getThemes',
  ),
  'convert' => false,
)
[ info ] [ HEADER ] array (
  'host' => 'tp5.com',
  'connection' => 'keep-alive',
  'user-agent' => 'Mozilla/5.0 (Windows NT 6.1; WOW64) AppleWebKit/537.36 (KHTML, like Gecko) Chrome/57.0.2987.110 Safari/537.36',
  'accept' => '*/*',
  'accept-encoding' => 'gzip, deflate, sdch',
  'accept-language' => 'zh-CN,zh;q=0.8',
)
[ info ] [ PARAM ] array (
  'version' => 'v1',
)
[ info ] [ RUN ] app\api\controller\v1\Themes->getThemes[ D:\phpstudy2\WWW\tp5\app\api\controller\v1\Themes.php ]
[ info ] [ LOG ] INIT File

---------------------------------------------------------------
[ 2017-07-08T23:19:26+08:00 ] 127.0.0.1 127.0.0.1 GET /api/v1/themes/1
[ log ] tp5.com/api/v1/themes/1 [运行时间：0.430000s][吞吐率：2.33req/s] [内存消耗：1,569.71kb] [文件加载：41]
[ info ] [ LANG ] D:\phpstudy2\WWW\tp5\thinkphp\lang\zh-cn.php
[ info ] [ ROUTE ] array (
  'type' => 'module',
  'module' => 
  array (
    0 => 'api',
    1 => 'v1.Themes',
    2 => 'getThemes',
  ),
  'convert' => false,
)
[ info ] [ HEADER ] array (
  'host' => 'tp5.com',
  'connection' => 'keep-alive',
  'user-agent' => 'Mozilla/5.0 (Windows NT 6.1; WOW64) AppleWebKit/537.36 (KHTML, like Gecko) Chrome/57.0.2987.110 Safari/537.36',
  'accept' => '*/*',
  'accept-encoding' => 'gzip, deflate, sdch',
  'accept-language' => 'zh-CN,zh;q=0.8',
)
[ info ] [ PARAM ] array (
  'version' => 'v1',
)
[ info ] [ RUN ] app\api\controller\v1\Themes->getThemes[ D:\phpstudy2\WWW\tp5\app\api\controller\v1\Themes.php ]
[ info ] [ LOG ] INIT File

---------------------------------------------------------------
[ 2017-07-08T23:20:36+08:00 ] 127.0.0.1 127.0.0.1 GET /api/v1/themes/1
[ log ] tp5.com/api/v1/themes/1 [运行时间：0.441000s][吞吐率：2.27req/s] [内存消耗：1,569.71kb] [文件加载：41]
[ info ] [ LANG ] D:\phpstudy2\WWW\tp5\thinkphp\lang\zh-cn.php
[ info ] [ ROUTE ] array (
  'type' => 'module',
  'module' => 
  array (
    0 => 'api',
    1 => 'v1.Themes',
    2 => 'getThemes',
  ),
  'convert' => false,
)
[ info ] [ HEADER ] array (
  'host' => 'tp5.com',
  'connection' => 'keep-alive',
  'user-agent' => 'Mozilla/5.0 (Windows NT 6.1; WOW64) AppleWebKit/537.36 (KHTML, like Gecko) Chrome/57.0.2987.110 Safari/537.36',
  'accept' => '*/*',
  'accept-encoding' => 'gzip, deflate, sdch',
  'accept-language' => 'zh-CN,zh;q=0.8',
)
[ info ] [ PARAM ] array (
  'version' => 'v1',
)
[ info ] [ RUN ] app\api\controller\v1\Themes->getThemes[ D:\phpstudy2\WWW\tp5\app\api\controller\v1\Themes.php ]
[ info ] [ LOG ] INIT File

---------------------------------------------------------------
[ 2017-07-08T23:20:39+08:00 ] 127.0.0.1 127.0.0.1 GET /api/v1/themes/1
[ log ] tp5.com/api/v1/themes/1 [运行时间：0.417000s][吞吐率：2.40req/s] [内存消耗：1,569.71kb] [文件加载：41]
[ info ] [ LANG ] D:\phpstudy2\WWW\tp5\thinkphp\lang\zh-cn.php
[ info ] [ ROUTE ] array (
  'type' => 'module',
  'module' => 
  array (
    0 => 'api',
    1 => 'v1.Themes',
    2 => 'getThemes',
  ),
  'convert' => false,
)
[ info ] [ HEADER ] array (
  'host' => 'tp5.com',
  'connection' => 'keep-alive',
  'user-agent' => 'Mozilla/5.0 (Windows NT 6.1; WOW64) AppleWebKit/537.36 (KHTML, like Gecko) Chrome/57.0.2987.110 Safari/537.36',
  'accept' => '*/*',
  'accept-encoding' => 'gzip, deflate, sdch',
  'accept-language' => 'zh-CN,zh;q=0.8',
)
[ info ] [ PARAM ] array (
  'version' => 'v1',
)
[ info ] [ RUN ] app\api\controller\v1\Themes->getThemes[ D:\phpstudy2\WWW\tp5\app\api\controller\v1\Themes.php ]
[ info ] [ LOG ] INIT File

---------------------------------------------------------------
[ 2017-07-08T23:20:55+08:00 ] 127.0.0.1 127.0.0.1 GET /api/v1/themes/ids/1
[ log ] tp5.com/api/v1/themes/ids/1 [运行时间：0.447000s][吞吐率：2.24req/s] [内存消耗：1,570.00kb] [文件加载：41]
[ info ] [ LANG ] D:\phpstudy2\WWW\tp5\thinkphp\lang\zh-cn.php
[ info ] [ ROUTE ] array (
  'type' => 'module',
  'module' => 
  array (
    0 => 'api',
    1 => 'v1.Themes',
    2 => 'getThemes',
  ),
  'convert' => false,
)
[ info ] [ HEADER ] array (
  'host' => 'tp5.com',
  'connection' => 'keep-alive',
  'user-agent' => 'Mozilla/5.0 (Windows NT 6.1; WOW64) AppleWebKit/537.36 (KHTML, like Gecko) Chrome/57.0.2987.110 Safari/537.36',
  'accept' => '*/*',
  'accept-encoding' => 'gzip, deflate, sdch',
  'accept-language' => 'zh-CN,zh;q=0.8',
)
[ info ] [ PARAM ] array (
  'version' => 'v1',
  'ids' => '1',
)
[ info ] [ RUN ] app\api\controller\v1\Themes->getThemes[ D:\phpstudy2\WWW\tp5\app\api\controller\v1\Themes.php ]
[ info ] [ LOG ] INIT File

---------------------------------------------------------------
[ 2017-07-08T23:21:18+08:00 ] 127.0.0.1 127.0.0.1 GET /api/v1/themes/ids/1
[ log ] tp5.com/api/v1/themes/ids/1 [运行时间：0.417000s][吞吐率：2.40req/s] [内存消耗：1,569.12kb] [文件加载：41]
[ info ] [ LANG ] D:\phpstudy2\WWW\tp5\thinkphp\lang\zh-cn.php
[ info ] [ ROUTE ] array (
  'type' => 'module',
  'module' => 
  array (
    0 => 'api',
    1 => 'v1.Themes',
    2 => 'getThemes',
  ),
  'convert' => false,
)
[ info ] [ HEADER ] array (
  'host' => 'tp5.com',
  'connection' => 'keep-alive',
  'user-agent' => 'Mozilla/5.0 (Windows NT 6.1; WOW64) AppleWebKit/537.36 (KHTML, like Gecko) Chrome/57.0.2987.110 Safari/537.36',
  'accept' => '*/*',
  'accept-encoding' => 'gzip, deflate, sdch',
  'accept-language' => 'zh-CN,zh;q=0.8',
)
[ info ] [ PARAM ] array (
  'version' => 'v1',
  'ids' => '1',
)
[ info ] [ RUN ] app\api\controller\v1\Themes->getThemes[ D:\phpstudy2\WWW\tp5\app\api\controller\v1\Themes.php ]
[ info ] [ LOG ] INIT File

---------------------------------------------------------------
[ 2017-07-08T23:24:19+08:00 ] 127.0.0.1 127.0.0.1 GET /api/v1/themes/ids/1
[ log ] tp5.com/api/v1/themes/ids/1 [运行时间：0.020000s][吞吐率：50.00req/s] [内存消耗：1,613.23kb] [文件加载：43]
[ info ] [ LANG ] D:\phpstudy2\WWW\tp5\thinkphp\lang\zh-cn.php
[ info ] [ ROUTE ] array (
  'type' => 'module',
  'module' => 
  array (
    0 => 'api',
    1 => 'v1.Themes',
    2 => 'getThemes',
  ),
  'convert' => false,
)
[ info ] [ HEADER ] array (
  'host' => 'tp5.com',
  'connection' => 'keep-alive',
  'user-agent' => 'Mozilla/5.0 (Windows NT 6.1; WOW64) AppleWebKit/537.36 (KHTML, like Gecko) Chrome/57.0.2987.110 Safari/537.36',
  'accept' => '*/*',
  'accept-encoding' => 'gzip, deflate, sdch',
  'accept-language' => 'zh-CN,zh;q=0.8',
)
[ info ] [ PARAM ] array (
  'version' => 'v1',
  'ids' => '1',
)
[ info ] [ LOG ] INIT File
[ error ] [4]语法错误: unexpected ')'[D:\phpstudy2\WWW\tp5\app\api\controller\v1\Themes.php:9]

---------------------------------------------------------------
[ 2017-07-08T23:24:32+08:00 ] 127.0.0.1 127.0.0.1 GET /api/v1/themes/ids/1
[ log ] tp5.com/api/v1/themes/ids/1 [运行时间：0.418000s][吞吐率：2.39req/s] [内存消耗：1,569.96kb] [文件加载：41]
[ info ] [ LANG ] D:\phpstudy2\WWW\tp5\thinkphp\lang\zh-cn.php
[ info ] [ ROUTE ] array (
  'type' => 'module',
  'module' => 
  array (
    0 => 'api',
    1 => 'v1.Themes',
    2 => 'getThemes',
  ),
  'convert' => false,
)
[ info ] [ HEADER ] array (
  'host' => 'tp5.com',
  'connection' => 'keep-alive',
  'user-agent' => 'Mozilla/5.0 (Windows NT 6.1; WOW64) AppleWebKit/537.36 (KHTML, like Gecko) Chrome/57.0.2987.110 Safari/537.36',
  'accept' => '*/*',
  'accept-encoding' => 'gzip, deflate, sdch',
  'accept-language' => 'zh-CN,zh;q=0.8',
)
[ info ] [ PARAM ] array (
  'version' => 'v1',
  'ids' => '1',
)
[ info ] [ RUN ] app\api\controller\v1\Themes->getThemes[ D:\phpstudy2\WWW\tp5\app\api\controller\v1\Themes.php ]
[ info ] [ LOG ] INIT File

---------------------------------------------------------------
[ 2017-07-08T23:24:58+08:00 ] 127.0.0.1 127.0.0.1 GET /api/v1/themes/ids/1
[ log ] tp5.com/api/v1/themes/ids/1 [运行时间：0.415000s][吞吐率：2.41req/s] [内存消耗：1,570.27kb] [文件加载：41]
[ info ] [ LANG ] D:\phpstudy2\WWW\tp5\thinkphp\lang\zh-cn.php
[ info ] [ ROUTE ] array (
  'type' => 'module',
  'module' => 
  array (
    0 => 'api',
    1 => 'v1.Themes',
    2 => 'getThemes',
  ),
  'convert' => false,
)
[ info ] [ HEADER ] array (
  'host' => 'tp5.com',
  'connection' => 'keep-alive',
  'user-agent' => 'Mozilla/5.0 (Windows NT 6.1; WOW64) AppleWebKit/537.36 (KHTML, like Gecko) Chrome/57.0.2987.110 Safari/537.36',
  'accept' => '*/*',
  'accept-encoding' => 'gzip, deflate, sdch',
  'accept-language' => 'zh-CN,zh;q=0.8',
)
[ info ] [ PARAM ] array (
  'version' => 'v1',
  'ids' => '1',
)
[ info ] [ RUN ] app\api\controller\v1\Themes->getThemes[ D:\phpstudy2\WWW\tp5\app\api\controller\v1\Themes.php ]
[ info ] [ LOG ] INIT File

---------------------------------------------------------------
[ 2017-07-08T23:25:05+08:00 ] 127.0.0.1 127.0.0.1 GET /api/v1/themes/ids/1
[ log ] tp5.com/api/v1/themes/ids/1 [运行时间：0.417000s][吞吐率：2.40req/s] [内存消耗：1,570.13kb] [文件加载：41]
[ info ] [ LANG ] D:\phpstudy2\WWW\tp5\thinkphp\lang\zh-cn.php
[ info ] [ ROUTE ] array (
  'type' => 'module',
  'module' => 
  array (
    0 => 'api',
    1 => 'v1.Themes',
    2 => 'getThemes',
  ),
  'convert' => false,
)
[ info ] [ HEADER ] array (
  'host' => 'tp5.com',
  'connection' => 'keep-alive',
  'user-agent' => 'Mozilla/5.0 (Windows NT 6.1; WOW64) AppleWebKit/537.36 (KHTML, like Gecko) Chrome/57.0.2987.110 Safari/537.36',
  'accept' => '*/*',
  'accept-encoding' => 'gzip, deflate, sdch',
  'accept-language' => 'zh-CN,zh;q=0.8',
)
[ info ] [ PARAM ] array (
  'version' => 'v1',
  'ids' => '1',
)
[ info ] [ RUN ] app\api\controller\v1\Themes->getThemes[ D:\phpstudy2\WWW\tp5\app\api\controller\v1\Themes.php ]
[ info ] [ LOG ] INIT File

---------------------------------------------------------------
[ 2017-07-08T23:26:32+08:00 ] 127.0.0.1 127.0.0.1 GET /api/v1/themes/ids/1
[ log ] tp5.com/api/v1/themes/ids/1 [运行时间：0.442000s][吞吐率：2.26req/s] [内存消耗：1,570.01kb] [文件加载：41]
[ info ] [ LANG ] D:\phpstudy2\WWW\tp5\thinkphp\lang\zh-cn.php
[ info ] [ ROUTE ] array (
  'type' => 'module',
  'module' => 
  array (
    0 => 'api',
    1 => 'v1.Themes',
    2 => 'getThemes',
  ),
  'convert' => false,
)
[ info ] [ HEADER ] array (
  'host' => 'tp5.com',
  'connection' => 'keep-alive',
  'user-agent' => 'Mozilla/5.0 (Windows NT 6.1; WOW64) AppleWebKit/537.36 (KHTML, like Gecko) Chrome/57.0.2987.110 Safari/537.36',
  'accept' => '*/*',
  'accept-encoding' => 'gzip, deflate, sdch',
  'accept-language' => 'zh-CN,zh;q=0.8',
)
[ info ] [ PARAM ] array (
  'version' => 'v1',
  'ids' => '1',
)
[ info ] [ RUN ] app\api\controller\v1\Themes->getThemes[ D:\phpstudy2\WWW\tp5\app\api\controller\v1\Themes.php ]
[ info ] [ LOG ] INIT File

---------------------------------------------------------------
[ 2017-07-08T23:28:59+08:00 ] 127.0.0.1 127.0.0.1 GET /api/v1/themes/ids/1
[ log ] tp5.com/api/v1/themes/ids/1 [运行时间：0.431000s][吞吐率：2.32req/s] [内存消耗：1,573.09kb] [文件加载：41]
[ info ] [ LANG ] D:\phpstudy2\WWW\tp5\thinkphp\lang\zh-cn.php
[ info ] [ ROUTE ] array (
  'type' => 'module',
  'module' => 
  array (
    0 => 'api',
    1 => 'v1.Themes',
    2 => 'getThemes',
  ),
  'convert' => false,
)
[ info ] [ HEADER ] array (
  'host' => 'tp5.com',
  'connection' => 'keep-alive',
  'user-agent' => 'Mozilla/5.0 (Windows NT 6.1; WOW64) AppleWebKit/537.36 (KHTML, like Gecko) Chrome/57.0.2987.110 Safari/537.36',
  'accept' => '*/*',
  'accept-encoding' => 'gzip, deflate, sdch',
  'accept-language' => 'zh-CN,zh;q=0.8',
)
[ info ] [ PARAM ] array (
  'version' => 'v1',
  'ids' => '1',
)
[ info ] [ RUN ] app\api\controller\v1\Themes->getThemes[ D:\phpstudy2\WWW\tp5\app\api\controller\v1\Themes.php ]
[ info ] [ LOG ] INIT File

---------------------------------------------------------------
[ 2017-07-08T23:31:53+08:00 ] 127.0.0.1 127.0.0.1 GET /api/v1/themes/ids/1
[ log ] tp5.com/api/v1/themes/ids/1 [运行时间：0.843000s][吞吐率：1.19req/s] [内存消耗：1,653.70kb] [文件加载：47]
[ info ] [ LANG ] D:\phpstudy2\WWW\tp5\thinkphp\lang\zh-cn.php
[ info ] [ ROUTE ] array (
  'type' => 'module',
  'module' => 
  array (
    0 => 'api',
    1 => 'v1.Themes',
    2 => 'getThemes',
  ),
  'convert' => false,
)
[ info ] [ HEADER ] array (
  'host' => 'tp5.com',
  'connection' => 'keep-alive',
  'user-agent' => 'Mozilla/5.0 (Windows NT 6.1; WOW64) AppleWebKit/537.36 (KHTML, like Gecko) Chrome/57.0.2987.110 Safari/537.36',
  'accept' => '*/*',
  'accept-encoding' => 'gzip, deflate, sdch',
  'accept-language' => 'zh-CN,zh;q=0.8',
)
[ info ] [ PARAM ] array (
  'version' => 'v1',
  'ids' => '1',
)
[ info ] [ RUN ] app\api\controller\v1\Themes->getThemes[ D:\phpstudy2\WWW\tp5\app\api\controller\v1\Themes.php ]
[ info ] [ LOG ] INIT File
[ error ] [400][D:\phpstudy2\WWW\tp5\app\api\validate\BaseValidate.php:14]

---------------------------------------------------------------
[ 2017-07-08T23:33:02+08:00 ] 127.0.0.1 127.0.0.1 GET /api/v1/themes/ids/1
[ log ] tp5.com/api/v1/themes/ids/1 [运行时间：0.847000s][吞吐率：1.18req/s] [内存消耗：1,638.11kb] [文件加载：46]
[ info ] [ LANG ] D:\phpstudy2\WWW\tp5\thinkphp\lang\zh-cn.php
[ info ] [ ROUTE ] array (
  'type' => 'module',
  'module' => 
  array (
    0 => 'api',
    1 => 'v1.Themes',
    2 => 'getThemes',
  ),
  'convert' => false,
)
[ info ] [ HEADER ] array (
  'host' => 'tp5.com',
  'connection' => 'keep-alive',
  'user-agent' => 'Mozilla/5.0 (Windows NT 6.1; WOW64) AppleWebKit/537.36 (KHTML, like Gecko) Chrome/57.0.2987.110 Safari/537.36',
  'accept' => '*/*',
  'accept-encoding' => 'gzip, deflate, sdch',
  'accept-language' => 'zh-CN,zh;q=0.8',
)
[ info ] [ PARAM ] array (
  'version' => 'v1',
  'ids' => '1',
)
[ info ] [ RUN ] app\api\controller\v1\Themes->getThemes[ D:\phpstudy2\WWW\tp5\app\api\controller\v1\Themes.php ]
[ info ] [ LOG ] INIT File
[ error ] [8]Use of undefined constant ture - assumed 'ture'[D:\phpstudy2\WWW\tp5\app\api\validate\IDCollection.php:31]

---------------------------------------------------------------
[ 2017-07-08T23:33:12+08:00 ] 127.0.0.1 127.0.0.1 GET /api/v1/themes/ids/1
[ log ] tp5.com/api/v1/themes/ids/1 [运行时间：0.428000s][吞吐率：2.34req/s] [内存消耗：1,574.42kb] [文件加载：41]
[ info ] [ LANG ] D:\phpstudy2\WWW\tp5\thinkphp\lang\zh-cn.php
[ info ] [ ROUTE ] array (
  'type' => 'module',
  'module' => 
  array (
    0 => 'api',
    1 => 'v1.Themes',
    2 => 'getThemes',
  ),
  'convert' => false,
)
[ info ] [ HEADER ] array (
  'host' => 'tp5.com',
  'connection' => 'keep-alive',
  'user-agent' => 'Mozilla/5.0 (Windows NT 6.1; WOW64) AppleWebKit/537.36 (KHTML, like Gecko) Chrome/57.0.2987.110 Safari/537.36',
  'accept' => '*/*',
  'accept-encoding' => 'gzip, deflate, sdch',
  'accept-language' => 'zh-CN,zh;q=0.8',
)
[ info ] [ PARAM ] array (
  'version' => 'v1',
  'ids' => '1',
)
[ info ] [ RUN ] app\api\controller\v1\Themes->getThemes[ D:\phpstudy2\WWW\tp5\app\api\controller\v1\Themes.php ]
[ info ] [ LOG ] INIT File

---------------------------------------------------------------
[ 2017-07-08T23:33:22+08:00 ] 127.0.0.1 127.0.0.1 GET /api/v1/themes/ids/1
[ log ] tp5.com/api/v1/themes/ids/1 [运行时间：0.436000s][吞吐率：2.29req/s] [内存消耗：1,574.28kb] [文件加载：41]
[ info ] [ LANG ] D:\phpstudy2\WWW\tp5\thinkphp\lang\zh-cn.php
[ info ] [ ROUTE ] array (
  'type' => 'module',
  'module' => 
  array (
    0 => 'api',
    1 => 'v1.Themes',
    2 => 'getThemes',
  ),
  'convert' => false,
)
[ info ] [ HEADER ] array (
  'host' => 'tp5.com',
  'connection' => 'keep-alive',
  'user-agent' => 'Mozilla/5.0 (Windows NT 6.1; WOW64) AppleWebKit/537.36 (KHTML, like Gecko) Chrome/57.0.2987.110 Safari/537.36',
  'accept' => '*/*',
  'accept-encoding' => 'gzip, deflate, sdch',
  'accept-language' => 'zh-CN,zh;q=0.8',
)
[ info ] [ PARAM ] array (
  'version' => 'v1',
  'ids' => '1',
)
[ info ] [ RUN ] app\api\controller\v1\Themes->getThemes[ D:\phpstudy2\WWW\tp5\app\api\controller\v1\Themes.php ]
[ info ] [ LOG ] INIT File

---------------------------------------------------------------
[ 2017-07-08T23:33:36+08:00 ] 127.0.0.1 127.0.0.1 GET /api/v1/themes/ids/1.2
[ log ] tp5.com/api/v1/themes/ids/1.2 [运行时间：0.448000s][吞吐率：2.23req/s] [内存消耗：1,574.34kb] [文件加载：41]
[ info ] [ LANG ] D:\phpstudy2\WWW\tp5\thinkphp\lang\zh-cn.php
[ info ] [ ROUTE ] array (
  'type' => 'module',
  'module' => 
  array (
    0 => 'api',
    1 => 'v1.Themes',
    2 => 'getThemes',
  ),
  'convert' => false,
)
[ info ] [ HEADER ] array (
  'host' => 'tp5.com',
  'connection' => 'keep-alive',
  'user-agent' => 'Mozilla/5.0 (Windows NT 6.1; WOW64) AppleWebKit/537.36 (KHTML, like Gecko) Chrome/57.0.2987.110 Safari/537.36',
  'accept' => '*/*',
  'accept-encoding' => 'gzip, deflate, sdch',
  'accept-language' => 'zh-CN,zh;q=0.8',
)
[ info ] [ PARAM ] array (
  'version' => 'v1',
  'ids' => '1.2',
)
[ info ] [ RUN ] app\api\controller\v1\Themes->getThemes[ D:\phpstudy2\WWW\tp5\app\api\controller\v1\Themes.php ]
[ info ] [ LOG ] INIT File

---------------------------------------------------------------
[ 2017-07-08T23:34:03+08:00 ] 127.0.0.1 127.0.0.1 GET /api/v1/themes/ids/1.2
[ log ] tp5.com/api/v1/themes/ids/1.2 [运行时间：0.447000s][吞吐率：2.24req/s] [内存消耗：1,574.34kb] [文件加载：41]
[ info ] [ LANG ] D:\phpstudy2\WWW\tp5\thinkphp\lang\zh-cn.php
[ info ] [ ROUTE ] array (
  'type' => 'module',
  'module' => 
  array (
    0 => 'api',
    1 => 'v1.Themes',
    2 => 'getThemes',
  ),
  'convert' => false,
)
[ info ] [ HEADER ] array (
  'host' => 'tp5.com',
  'connection' => 'keep-alive',
  'user-agent' => 'Mozilla/5.0 (Windows NT 6.1; WOW64) AppleWebKit/537.36 (KHTML, like Gecko) Chrome/57.0.2987.110 Safari/537.36',
  'accept' => '*/*',
  'accept-encoding' => 'gzip, deflate, sdch',
  'accept-language' => 'zh-CN,zh;q=0.8',
)
[ info ] [ PARAM ] array (
  'version' => 'v1',
  'ids' => '1.2',
)
[ info ] [ RUN ] app\api\controller\v1\Themes->getThemes[ D:\phpstudy2\WWW\tp5\app\api\controller\v1\Themes.php ]
[ info ] [ LOG ] INIT File

---------------------------------------------------------------
[ 2017-07-08T23:34:07+08:00 ] 127.0.0.1 127.0.0.1 GET /api/v1/themes/ids/1.2,2
[ log ] tp5.com/api/v1/themes/ids/1.2,2 [运行时间：0.430000s][吞吐率：2.33req/s] [内存消耗：1,574.43kb] [文件加载：41]
[ info ] [ LANG ] D:\phpstudy2\WWW\tp5\thinkphp\lang\zh-cn.php
[ info ] [ ROUTE ] array (
  'type' => 'module',
  'module' => 
  array (
    0 => 'api',
    1 => 'v1.Themes',
    2 => 'getThemes',
  ),
  'convert' => false,
)
[ info ] [ HEADER ] array (
  'host' => 'tp5.com',
  'connection' => 'keep-alive',
  'user-agent' => 'Mozilla/5.0 (Windows NT 6.1; WOW64) AppleWebKit/537.36 (KHTML, like Gecko) Chrome/57.0.2987.110 Safari/537.36',
  'accept' => '*/*',
  'accept-encoding' => 'gzip, deflate, sdch',
  'accept-language' => 'zh-CN,zh;q=0.8',
)
[ info ] [ PARAM ] array (
  'version' => 'v1',
  'ids' => '1.2,2',
)
[ info ] [ RUN ] app\api\controller\v1\Themes->getThemes[ D:\phpstudy2\WWW\tp5\app\api\controller\v1\Themes.php ]
[ info ] [ LOG ] INIT File

---------------------------------------------------------------
[ 2017-07-08T23:35:44+08:00 ] 127.0.0.1 127.0.0.1 GET /api/v1/themes/ids/1.2,2
[ log ] tp5.com/api/v1/themes/ids/1.2,2 [运行时间：74.876000s][吞吐率：0.01req/s] [内存消耗：1,486.45kb] [文件加载：39]
[ info ] [ LANG ] D:\phpstudy2\WWW\tp5\thinkphp\lang\zh-cn.php
[ info ] [ ROUTE ] array (
  'type' => 'module',
  'module' => 
  array (
    0 => 'api',
    1 => 'v1.Themes',
    2 => 'getThemes',
  ),
  'convert' => false,
)
[ info ] [ HEADER ] array (
  'host' => 'tp5.com',
  'connection' => 'keep-alive',
  'user-agent' => 'Mozilla/5.0 (Windows NT 6.1; WOW64) AppleWebKit/537.36 (KHTML, like Gecko) Chrome/57.0.2987.110 Safari/537.36',
  'accept' => '*/*',
  'accept-encoding' => 'gzip, deflate, sdch',
  'accept-language' => 'zh-CN,zh;q=0.8',
)
[ info ] [ PARAM ] array (
  'version' => 'v1',
  'ids' => '1.2,2',
)
[ info ] [ RUN ] app\api\controller\v1\Themes->getThemes[ D:\phpstudy2\WWW\tp5\app\api\controller\v1\Themes.php ]
[ info ] [ LOG ] INIT File

---------------------------------------------------------------
[ 2017-07-08T23:35:48+08:00 ] 127.0.0.1 127.0.0.1 GET /api/v1/themes/ids/1.2,2
[ log ] tp5.com/api/v1/themes/ids/1.2,2 [运行时间：0.830000s][吞吐率：1.20req/s] [内存消耗：1,654.41kb] [文件加载：47]
[ info ] [ LANG ] D:\phpstudy2\WWW\tp5\thinkphp\lang\zh-cn.php
[ info ] [ ROUTE ] array (
  'type' => 'module',
  'module' => 
  array (
    0 => 'api',
    1 => 'v1.Themes',
    2 => 'getThemes',
  ),
  'convert' => false,
)
[ info ] [ HEADER ] array (
  'host' => 'tp5.com',
  'connection' => 'keep-alive',
  'user-agent' => 'Mozilla/5.0 (Windows NT 6.1; WOW64) AppleWebKit/537.36 (KHTML, like Gecko) Chrome/57.0.2987.110 Safari/537.36',
  'accept' => '*/*',
  'accept-encoding' => 'gzip, deflate, sdch',
  'accept-language' => 'zh-CN,zh;q=0.8',
)
[ info ] [ PARAM ] array (
  'version' => 'v1',
  'ids' => '1.2,2',
)
[ info ] [ RUN ] app\api\controller\v1\Themes->getThemes[ D:\phpstudy2\WWW\tp5\app\api\controller\v1\Themes.php ]
[ info ] [ LOG ] INIT File
[ error ] [400][D:\phpstudy2\WWW\tp5\app\api\validate\BaseValidate.php:14]

---------------------------------------------------------------
[ 2017-07-08T23:36:02+08:00 ] 127.0.0.1 127.0.0.1 GET /api/v1/themes/ids/1.2
[ log ] tp5.com/api/v1/themes/ids/1.2 [运行时间：0.843000s][吞吐率：1.19req/s] [内存消耗：1,654.31kb] [文件加载：47]
[ info ] [ LANG ] D:\phpstudy2\WWW\tp5\thinkphp\lang\zh-cn.php
[ info ] [ ROUTE ] array (
  'type' => 'module',
  'module' => 
  array (
    0 => 'api',
    1 => 'v1.Themes',
    2 => 'getThemes',
  ),
  'convert' => false,
)
[ info ] [ HEADER ] array (
  'host' => 'tp5.com',
  'connection' => 'keep-alive',
  'user-agent' => 'Mozilla/5.0 (Windows NT 6.1; WOW64) AppleWebKit/537.36 (KHTML, like Gecko) Chrome/57.0.2987.110 Safari/537.36',
  'accept' => '*/*',
  'accept-encoding' => 'gzip, deflate, sdch',
  'accept-language' => 'zh-CN,zh;q=0.8',
)
[ info ] [ PARAM ] array (
  'version' => 'v1',
  'ids' => '1.2',
)
[ info ] [ RUN ] app\api\controller\v1\Themes->getThemes[ D:\phpstudy2\WWW\tp5\app\api\controller\v1\Themes.php ]
[ info ] [ LOG ] INIT File
[ error ] [400][D:\phpstudy2\WWW\tp5\app\api\validate\BaseValidate.php:14]

---------------------------------------------------------------
[ 2017-07-08T23:36:06+08:00 ] 127.0.0.1 127.0.0.1 GET /api/v1/themes/ids/1.2
[ log ] tp5.com/api/v1/themes/ids/1.2 [运行时间：0.854000s][吞吐率：1.17req/s] [内存消耗：1,654.31kb] [文件加载：47]
[ info ] [ LANG ] D:\phpstudy2\WWW\tp5\thinkphp\lang\zh-cn.php
[ info ] [ ROUTE ] array (
  'type' => 'module',
  'module' => 
  array (
    0 => 'api',
    1 => 'v1.Themes',
    2 => 'getThemes',
  ),
  'convert' => false,
)
[ info ] [ HEADER ] array (
  'host' => 'tp5.com',
  'connection' => 'keep-alive',
  'user-agent' => 'Mozilla/5.0 (Windows NT 6.1; WOW64) AppleWebKit/537.36 (KHTML, like Gecko) Chrome/57.0.2987.110 Safari/537.36',
  'accept' => '*/*',
  'accept-encoding' => 'gzip, deflate, sdch',
  'accept-language' => 'zh-CN,zh;q=0.8',
)
[ info ] [ PARAM ] array (
  'version' => 'v1',
  'ids' => '1.2',
)
[ info ] [ RUN ] app\api\controller\v1\Themes->getThemes[ D:\phpstudy2\WWW\tp5\app\api\controller\v1\Themes.php ]
[ info ] [ LOG ] INIT File
[ error ] [400][D:\phpstudy2\WWW\tp5\app\api\validate\BaseValidate.php:14]

---------------------------------------------------------------
[ 2017-07-08T23:38:58+08:00 ] 127.0.0.1 127.0.0.1 GET /api/v1/themes/ids/1.2
[ log ] tp5.com/api/v1/themes/ids/1.2 [运行时间：158.403000s][吞吐率：0.01req/s] [内存消耗：1,654.28kb] [文件加载：47]
[ info ] [ LANG ] D:\phpstudy2\WWW\tp5\thinkphp\lang\zh-cn.php
[ info ] [ ROUTE ] array (
  'type' => 'module',
  'module' => 
  array (
    0 => 'api',
    1 => 'v1.Themes',
    2 => 'getThemes',
  ),
  'convert' => false,
)
[ info ] [ HEADER ] array (
  'host' => 'tp5.com',
  'connection' => 'keep-alive',
  'user-agent' => 'Mozilla/5.0 (Windows NT 6.1; WOW64) AppleWebKit/537.36 (KHTML, like Gecko) Chrome/57.0.2987.110 Safari/537.36',
  'accept' => '*/*',
  'accept-encoding' => 'gzip, deflate, sdch',
  'accept-language' => 'zh-CN,zh;q=0.8',
)
[ info ] [ PARAM ] array (
  'version' => 'v1',
  'ids' => '1.2',
)
[ info ] [ RUN ] app\api\controller\v1\Themes->getThemes[ D:\phpstudy2\WWW\tp5\app\api\controller\v1\Themes.php ]
[ info ] [ LOG ] INIT File
[ error ] [400][D:\phpstudy2\WWW\tp5\app\api\validate\BaseValidate.php:14]

---------------------------------------------------------------
[ 2017-07-08T23:39:07+08:00 ] 127.0.0.1 127.0.0.1 GET /api/v1/themes/ids/1.2
[ log ] tp5.com/api/v1/themes/ids/1.2 [运行时间：0.868000s][吞吐率：1.15req/s] [内存消耗：1,654.24kb] [文件加载：47]
[ info ] [ LANG ] D:\phpstudy2\WWW\tp5\thinkphp\lang\zh-cn.php
[ info ] [ ROUTE ] array (
  'type' => 'module',
  'module' => 
  array (
    0 => 'api',
    1 => 'v1.Themes',
    2 => 'getThemes',
  ),
  'convert' => false,
)
[ info ] [ HEADER ] array (
  'host' => 'tp5.com',
  'connection' => 'keep-alive',
  'user-agent' => 'Mozilla/5.0 (Windows NT 6.1; WOW64) AppleWebKit/537.36 (KHTML, like Gecko) Chrome/57.0.2987.110 Safari/537.36',
  'accept' => '*/*',
  'accept-encoding' => 'gzip, deflate, sdch',
  'accept-language' => 'zh-CN,zh;q=0.8',
)
[ info ] [ PARAM ] array (
  'version' => 'v1',
  'ids' => '1.2',
)
[ info ] [ RUN ] app\api\controller\v1\Themes->getThemes[ D:\phpstudy2\WWW\tp5\app\api\controller\v1\Themes.php ]
[ info ] [ LOG ] INIT File
[ error ] [400][D:\phpstudy2\WWW\tp5\app\api\validate\BaseValidate.php:14]

---------------------------------------------------------------
[ 2017-07-08T23:40:12+08:00 ] 127.0.0.1 127.0.0.1 GET /api/v1/themes/ids/1
[ log ] tp5.com/api/v1/themes/ids/1 [运行时间：0.460000s][吞吐率：2.17req/s] [内存消耗：1,574.61kb] [文件加载：41]
[ info ] [ LANG ] D:\phpstudy2\WWW\tp5\thinkphp\lang\zh-cn.php
[ info ] [ ROUTE ] array (
  'type' => 'module',
  'module' => 
  array (
    0 => 'api',
    1 => 'v1.Themes',
    2 => 'getThemes',
  ),
  'convert' => false,
)
[ info ] [ HEADER ] array (
  'host' => 'tp5.com',
  'connection' => 'keep-alive',
  'user-agent' => 'Mozilla/5.0 (Windows NT 6.1; WOW64) AppleWebKit/537.36 (KHTML, like Gecko) Chrome/57.0.2987.110 Safari/537.36',
  'accept' => '*/*',
  'accept-encoding' => 'gzip, deflate, sdch',
  'accept-language' => 'zh-CN,zh;q=0.8',
)
[ info ] [ PARAM ] array (
  'version' => 'v1',
  'ids' => '1',
)
[ info ] [ RUN ] app\api\controller\v1\Themes->getThemes[ D:\phpstudy2\WWW\tp5\app\api\controller\v1\Themes.php ]
[ info ] [ LOG ] INIT File

---------------------------------------------------------------
[ 2017-07-08T23:40:20+08:00 ] 127.0.0.1 127.0.0.1 GET /api/v1/themes/ids/1,3
[ log ] tp5.com/api/v1/themes/ids/1,3 [运行时间：0.435000s][吞吐率：2.30req/s] [内存消耗：1,574.52kb] [文件加载：41]
[ info ] [ LANG ] D:\phpstudy2\WWW\tp5\thinkphp\lang\zh-cn.php
[ info ] [ ROUTE ] array (
  'type' => 'module',
  'module' => 
  array (
    0 => 'api',
    1 => 'v1.Themes',
    2 => 'getThemes',
  ),
  'convert' => false,
)
[ info ] [ HEADER ] array (
  'host' => 'tp5.com',
  'connection' => 'keep-alive',
  'user-agent' => 'Mozilla/5.0 (Windows NT 6.1; WOW64) AppleWebKit/537.36 (KHTML, like Gecko) Chrome/57.0.2987.110 Safari/537.36',
  'accept' => '*/*',
  'accept-encoding' => 'gzip, deflate, sdch',
  'accept-language' => 'zh-CN,zh;q=0.8',
)
[ info ] [ PARAM ] array (
  'version' => 'v1',
  'ids' => '1,3',
)
[ info ] [ RUN ] app\api\controller\v1\Themes->getThemes[ D:\phpstudy2\WWW\tp5\app\api\controller\v1\Themes.php ]
[ info ] [ LOG ] INIT File

---------------------------------------------------------------
[ 2017-07-08T23:40:25+08:00 ] 127.0.0.1 127.0.0.1 GET /api/v1/themes/ids/1,3.1
[ log ] tp5.com/api/v1/themes/ids/1,3.1 [运行时间：0.823000s][吞吐率：1.22req/s] [内存消耗：1,654.36kb] [文件加载：47]
[ info ] [ LANG ] D:\phpstudy2\WWW\tp5\thinkphp\lang\zh-cn.php
[ info ] [ ROUTE ] array (
  'type' => 'module',
  'module' => 
  array (
    0 => 'api',
    1 => 'v1.Themes',
    2 => 'getThemes',
  ),
  'convert' => false,
)
[ info ] [ HEADER ] array (
  'host' => 'tp5.com',
  'connection' => 'keep-alive',
  'user-agent' => 'Mozilla/5.0 (Windows NT 6.1; WOW64) AppleWebKit/537.36 (KHTML, like Gecko) Chrome/57.0.2987.110 Safari/537.36',
  'accept' => '*/*',
  'accept-encoding' => 'gzip, deflate, sdch',
  'accept-language' => 'zh-CN,zh;q=0.8',
)
[ info ] [ PARAM ] array (
  'version' => 'v1',
  'ids' => '1,3.1',
)
[ info ] [ RUN ] app\api\controller\v1\Themes->getThemes[ D:\phpstudy2\WWW\tp5\app\api\controller\v1\Themes.php ]
[ info ] [ LOG ] INIT File
[ error ] [400][D:\phpstudy2\WWW\tp5\app\api\validate\BaseValidate.php:14]

---------------------------------------------------------------
[ 2017-07-08T23:43:07+08:00 ] 127.0.0.1 127.0.0.1 GET /api/v1/banner/1,3.1
[ log ] tp5.com/api/v1/banner/1,3.1 [运行时间：0.853000s][吞吐率：1.17req/s] [内存消耗：1,653.42kb] [文件加载：47]
[ info ] [ LANG ] D:\phpstudy2\WWW\tp5\thinkphp\lang\zh-cn.php
[ info ] [ ROUTE ] array (
  'type' => 'module',
  'module' => 
  array (
    0 => 'api',
    1 => 'v1.Banner',
    2 => 'getBanner',
  ),
  'convert' => false,
)
[ info ] [ HEADER ] array (
  'host' => 'tp5.com',
  'connection' => 'keep-alive',
  'user-agent' => 'Mozilla/5.0 (Windows NT 6.1; WOW64) AppleWebKit/537.36 (KHTML, like Gecko) Chrome/57.0.2987.110 Safari/537.36',
  'accept' => '*/*',
  'accept-encoding' => 'gzip, deflate, sdch',
  'accept-language' => 'zh-CN,zh;q=0.8',
)
[ info ] [ PARAM ] array (
  'version' => 'v1',
  'id' => '1,3.1',
)
[ info ] [ RUN ] app\api\controller\v1\Banner->getBanner[ D:\phpstudy2\WWW\tp5\app\api\controller\v1\Banner.php ]
[ info ] [ LOG ] INIT File
[ error ] [400][D:\phpstudy2\WWW\tp5\app\api\validate\BaseValidate.php:14]

---------------------------------------------------------------
[ 2017-07-08T23:43:16+08:00 ] 127.0.0.1 127.0.0.1 GET /api/v1/banner/1,3.1
[ log ] tp5.com/api/v1/banner/1,3.1 [运行时间：0.836000s][吞吐率：1.20req/s] [内存消耗：1,653.41kb] [文件加载：47]
[ info ] [ LANG ] D:\phpstudy2\WWW\tp5\thinkphp\lang\zh-cn.php
[ info ] [ ROUTE ] array (
  'type' => 'module',
  'module' => 
  array (
    0 => 'api',
    1 => 'v1.Banner',
    2 => 'getBanner',
  ),
  'convert' => false,
)
[ info ] [ HEADER ] array (
  'host' => 'tp5.com',
  'connection' => 'keep-alive',
  'user-agent' => 'Mozilla/5.0 (Windows NT 6.1; WOW64) AppleWebKit/537.36 (KHTML, like Gecko) Chrome/57.0.2987.110 Safari/537.36',
  'accept' => '*/*',
  'accept-encoding' => 'gzip, deflate, sdch',
  'accept-language' => 'zh-CN,zh;q=0.8',
)
[ info ] [ PARAM ] array (
  'version' => 'v1',
  'id' => '1,3.1',
)
[ info ] [ RUN ] app\api\controller\v1\Banner->getBanner[ D:\phpstudy2\WWW\tp5\app\api\controller\v1\Banner.php ]
[ info ] [ LOG ] INIT File
[ error ] [400][D:\phpstudy2\WWW\tp5\app\api\validate\BaseValidate.php:14]

---------------------------------------------------------------
