[ 2017-07-09T08:57:35+08:00 ] 127.0.0.1 127.0.0.1 GET /api/v1/banner/1,3.1
[ log ] tp5.com/api/v1/banner/1,3.1 [运行时间：1.071000s][吞吐率：0.93req/s] [内存消耗：1,653.41kb] [文件加载：47]
[ info ] [ LANG ] D:\phpstudy2\WWW\tp5\thinkphp\lang\zh-cn.php
[ info ] [ ROUTE ] array (
  'type' => 'module',
  'module' => 
  array (
    0 => 'api',
    1 => 'v1.Banner',
    2 => 'getBanner',
  ),
  'convert' => false,
)
[ info ] [ HEADER ] array (
  'host' => 'tp5.com',
  'connection' => 'keep-alive',
  'user-agent' => 'Mozilla/5.0 (Windows NT 6.1; WOW64) AppleWebKit/537.36 (KHTML, like Gecko) Chrome/57.0.2987.110 Safari/537.36',
  'accept' => '*/*',
  'accept-encoding' => 'gzip, deflate, sdch',
  'accept-language' => 'zh-CN,zh;q=0.8',
)
[ info ] [ PARAM ] array (
  'version' => 'v1',
  'id' => '1,3.1',
)
[ info ] [ RUN ] app\api\controller\v1\Banner->getBanner[ D:\phpstudy2\WWW\tp5\app\api\controller\v1\Banner.php ]
[ info ] [ LOG ] INIT File
[ error ] [400][D:\phpstudy2\WWW\tp5\app\api\validate\BaseValidate.php:14]

---------------------------------------------------------------
[ 2017-07-09T08:57:52+08:00 ] 127.0.0.1 127.0.0.1 GET /api/v1/banner/1,3
[ log ] tp5.com/api/v1/banner/1,3 [运行时间：0.819000s][吞吐率：1.22req/s] [内存消耗：1,653.41kb] [文件加载：47]
[ info ] [ LANG ] D:\phpstudy2\WWW\tp5\thinkphp\lang\zh-cn.php
[ info ] [ ROUTE ] array (
  'type' => 'module',
  'module' => 
  array (
    0 => 'api',
    1 => 'v1.Banner',
    2 => 'getBanner',
  ),
  'convert' => false,
)
[ info ] [ HEADER ] array (
  'host' => 'tp5.com',
  'connection' => 'keep-alive',
  'user-agent' => 'Mozilla/5.0 (Windows NT 6.1; WOW64) AppleWebKit/537.36 (KHTML, like Gecko) Chrome/57.0.2987.110 Safari/537.36',
  'accept' => '*/*',
  'accept-encoding' => 'gzip, deflate, sdch',
  'accept-language' => 'zh-CN,zh;q=0.8',
)
[ info ] [ PARAM ] array (
  'version' => 'v1',
  'id' => '1,3',
)
[ info ] [ RUN ] app\api\controller\v1\Banner->getBanner[ D:\phpstudy2\WWW\tp5\app\api\controller\v1\Banner.php ]
[ info ] [ LOG ] INIT File
[ error ] [400][D:\phpstudy2\WWW\tp5\app\api\validate\BaseValidate.php:14]

---------------------------------------------------------------
[ 2017-07-09T09:00:18+08:00 ] 127.0.0.1 127.0.0.1 GET /api/v1/banner/1,3
[ log ] tp5.com/api/v1/banner/1,3 [运行时间：0.849000s][吞吐率：1.18req/s] [内存消耗：1,653.41kb] [文件加载：47]
[ info ] [ LANG ] D:\phpstudy2\WWW\tp5\thinkphp\lang\zh-cn.php
[ info ] [ ROUTE ] array (
  'type' => 'module',
  'module' => 
  array (
    0 => 'api',
    1 => 'v1.Banner',
    2 => 'getBanner',
  ),
  'convert' => false,
)
[ info ] [ HEADER ] array (
  'host' => 'tp5.com',
  'connection' => 'keep-alive',
  'user-agent' => 'Mozilla/5.0 (Windows NT 6.1; WOW64) AppleWebKit/537.36 (KHTML, like Gecko) Chrome/57.0.2987.110 Safari/537.36',
  'accept' => '*/*',
  'accept-encoding' => 'gzip, deflate, sdch',
  'accept-language' => 'zh-CN,zh;q=0.8',
)
[ info ] [ PARAM ] array (
  'version' => 'v1',
  'id' => '1,3',
)
[ info ] [ RUN ] app\api\controller\v1\Banner->getBanner[ D:\phpstudy2\WWW\tp5\app\api\controller\v1\Banner.php ]
[ info ] [ LOG ] INIT File
[ error ] [400][D:\phpstudy2\WWW\tp5\app\api\validate\BaseValidate.php:14]

---------------------------------------------------------------
[ 2017-07-09T09:00:24+08:00 ] 127.0.0.1 127.0.0.1 GET /api/v1/banner/1
[ log ] tp5.com/api/v1/banner/1 [运行时间：0.773000s][吞吐率：1.29req/s] [内存消耗：2,907.27kb] [文件加载：58]
[ info ] [ LANG ] D:\phpstudy2\WWW\tp5\thinkphp\lang\zh-cn.php
[ info ] [ ROUTE ] array (
  'type' => 'module',
  'module' => 
  array (
    0 => 'api',
    1 => 'v1.Banner',
    2 => 'getBanner',
  ),
  'convert' => false,
)
[ info ] [ HEADER ] array (
  'host' => 'tp5.com',
  'connection' => 'keep-alive',
  'user-agent' => 'Mozilla/5.0 (Windows NT 6.1; WOW64) AppleWebKit/537.36 (KHTML, like Gecko) Chrome/57.0.2987.110 Safari/537.36',
  'accept' => '*/*',
  'accept-encoding' => 'gzip, deflate, sdch',
  'accept-language' => 'zh-CN,zh;q=0.8',
)
[ info ] [ PARAM ] array (
  'version' => 'v1',
  'id' => '1',
)
[ info ] [ RUN ] app\api\controller\v1\Banner->getBanner[ D:\phpstudy2\WWW\tp5\app\api\controller\v1\Banner.php ]
[ info ] [ DB ] INIT mysql
[ info ] [ LOG ] INIT File
[ sql ] [ DB ] CONNECT:[ UseTime:0.002000s ] mysql:dbname=test;host=127.0.0.1;charset=utf8
[ sql ] [ SQL ] SHOW COLUMNS FROM `banner` [ RunTime:0.048000s ]
[ sql ] [ SQL ] SELECT * FROM `banner` WHERE  `id` = 1 LIMIT 1 [ RunTime:0.001000s ]
[ sql ] [ SQL ] SHOW COLUMNS FROM `banner_item` [ RunTime:0.039000s ]
[ sql ] [ SQL ] SELECT * FROM `banner_item` WHERE  `banner_id` = 1 [ RunTime:0.000000s ]
[ sql ] [ SQL ] SELECT * FROM `banner_item` WHERE  `banner_id` = 1 [ RunTime:0.001000s ]
[ sql ] [ SQL ] SHOW COLUMNS FROM `img` [ RunTime:0.045000s ]
[ sql ] [ SQL ] SELECT * FROM `img` WHERE  `id` IN (1) [ RunTime:0.001000s ]

---------------------------------------------------------------
[ 2017-07-09T09:00:36+08:00 ] 127.0.0.1 127.0.0.1 GET /api/v1/banner/1,3
[ log ] tp5.com/api/v1/banner/1,3 [运行时间：0.838000s][吞吐率：1.19req/s] [内存消耗：1,653.41kb] [文件加载：47]
[ info ] [ LANG ] D:\phpstudy2\WWW\tp5\thinkphp\lang\zh-cn.php
[ info ] [ ROUTE ] array (
  'type' => 'module',
  'module' => 
  array (
    0 => 'api',
    1 => 'v1.Banner',
    2 => 'getBanner',
  ),
  'convert' => false,
)
[ info ] [ HEADER ] array (
  'host' => 'tp5.com',
  'connection' => 'keep-alive',
  'user-agent' => 'Mozilla/5.0 (Windows NT 6.1; WOW64) AppleWebKit/537.36 (KHTML, like Gecko) Chrome/57.0.2987.110 Safari/537.36',
  'accept' => '*/*',
  'accept-encoding' => 'gzip, deflate, sdch',
  'accept-language' => 'zh-CN,zh;q=0.8',
)
[ info ] [ PARAM ] array (
  'version' => 'v1',
  'id' => '1,3',
)
[ info ] [ RUN ] app\api\controller\v1\Banner->getBanner[ D:\phpstudy2\WWW\tp5\app\api\controller\v1\Banner.php ]
[ info ] [ LOG ] INIT File
[ error ] [400][D:\phpstudy2\WWW\tp5\app\api\validate\BaseValidate.php:14]

---------------------------------------------------------------
[ 2017-07-09T09:01:03+08:00 ] 127.0.0.1 127.0.0.1 GET /api/v1/themes/1,3
[ log ] tp5.com/api/v1/themes/1,3 [运行时间：0.832000s][吞吐率：1.20req/s] [内存消耗：1,654.42kb] [文件加载：47]
[ info ] [ LANG ] D:\phpstudy2\WWW\tp5\thinkphp\lang\zh-cn.php
[ info ] [ ROUTE ] array (
  'type' => 'module',
  'module' => 
  array (
    0 => 'api',
    1 => 'v1.Themes',
    2 => 'getThemes',
  ),
  'convert' => false,
)
[ info ] [ HEADER ] array (
  'host' => 'tp5.com',
  'connection' => 'keep-alive',
  'user-agent' => 'Mozilla/5.0 (Windows NT 6.1; WOW64) AppleWebKit/537.36 (KHTML, like Gecko) Chrome/57.0.2987.110 Safari/537.36',
  'accept' => '*/*',
  'accept-encoding' => 'gzip, deflate, sdch',
  'accept-language' => 'zh-CN,zh;q=0.8',
)
[ info ] [ PARAM ] array (
  'version' => 'v1',
)
[ info ] [ RUN ] app\api\controller\v1\Themes->getThemes[ D:\phpstudy2\WWW\tp5\app\api\controller\v1\Themes.php ]
[ info ] [ LOG ] INIT File
[ error ] [400][D:\phpstudy2\WWW\tp5\app\api\validate\BaseValidate.php:14]

---------------------------------------------------------------
[ 2017-07-09T09:01:25+08:00 ] 127.0.0.1 127.0.0.1 GET /api/v1/themes/1,3
[ log ] tp5.com/api/v1/themes/1,3 [运行时间：0.842000s][吞吐率：1.19req/s] [内存消耗：1,653.63kb] [文件加载：47]
[ info ] [ LANG ] D:\phpstudy2\WWW\tp5\thinkphp\lang\zh-cn.php
[ info ] [ ROUTE ] array (
  'type' => 'module',
  'module' => 
  array (
    0 => 'api',
    1 => 'v1.Themes',
    2 => 'getThemes',
  ),
  'convert' => false,
)
[ info ] [ HEADER ] array (
  'host' => 'tp5.com',
  'connection' => 'keep-alive',
  'user-agent' => 'Mozilla/5.0 (Windows NT 6.1; WOW64) AppleWebKit/537.36 (KHTML, like Gecko) Chrome/57.0.2987.110 Safari/537.36',
  'accept' => '*/*',
  'accept-encoding' => 'gzip, deflate, sdch',
  'accept-language' => 'zh-CN,zh;q=0.8',
)
[ info ] [ PARAM ] array (
  'version' => 'v1',
)
[ info ] [ RUN ] app\api\controller\v1\Themes->getThemes[ D:\phpstudy2\WWW\tp5\app\api\controller\v1\Themes.php ]
[ info ] [ LOG ] INIT File
[ error ] [400][D:\phpstudy2\WWW\tp5\app\api\validate\BaseValidate.php:14]

---------------------------------------------------------------
[ 2017-07-09T09:01:32+08:00 ] 127.0.0.1 127.0.0.1 GET /api/v1/themes/1
[ log ] tp5.com/api/v1/themes/1 [运行时间：0.852000s][吞吐率：1.17req/s] [内存消耗：1,653.55kb] [文件加载：47]
[ info ] [ LANG ] D:\phpstudy2\WWW\tp5\thinkphp\lang\zh-cn.php
[ info ] [ ROUTE ] array (
  'type' => 'module',
  'module' => 
  array (
    0 => 'api',
    1 => 'v1.Themes',
    2 => 'getThemes',
  ),
  'convert' => false,
)
[ info ] [ HEADER ] array (
  'host' => 'tp5.com',
  'connection' => 'keep-alive',
  'user-agent' => 'Mozilla/5.0 (Windows NT 6.1; WOW64) AppleWebKit/537.36 (KHTML, like Gecko) Chrome/57.0.2987.110 Safari/537.36',
  'accept' => '*/*',
  'accept-encoding' => 'gzip, deflate, sdch',
  'accept-language' => 'zh-CN,zh;q=0.8',
)
[ info ] [ PARAM ] array (
  'version' => 'v1',
)
[ info ] [ RUN ] app\api\controller\v1\Themes->getThemes[ D:\phpstudy2\WWW\tp5\app\api\controller\v1\Themes.php ]
[ info ] [ LOG ] INIT File
[ error ] [400][D:\phpstudy2\WWW\tp5\app\api\validate\BaseValidate.php:14]

---------------------------------------------------------------
[ 2017-07-09T09:01:38+08:00 ] 127.0.0.1 127.0.0.1 GET /api/v1/themes/1,2
[ log ] tp5.com/api/v1/themes/1,2 [运行时间：0.858000s][吞吐率：1.17req/s] [内存消耗：1,653.63kb] [文件加载：47]
[ info ] [ LANG ] D:\phpstudy2\WWW\tp5\thinkphp\lang\zh-cn.php
[ info ] [ ROUTE ] array (
  'type' => 'module',
  'module' => 
  array (
    0 => 'api',
    1 => 'v1.Themes',
    2 => 'getThemes',
  ),
  'convert' => false,
)
[ info ] [ HEADER ] array (
  'host' => 'tp5.com',
  'connection' => 'keep-alive',
  'user-agent' => 'Mozilla/5.0 (Windows NT 6.1; WOW64) AppleWebKit/537.36 (KHTML, like Gecko) Chrome/57.0.2987.110 Safari/537.36',
  'accept' => '*/*',
  'accept-encoding' => 'gzip, deflate, sdch',
  'accept-language' => 'zh-CN,zh;q=0.8',
)
[ info ] [ PARAM ] array (
  'version' => 'v1',
)
[ info ] [ RUN ] app\api\controller\v1\Themes->getThemes[ D:\phpstudy2\WWW\tp5\app\api\controller\v1\Themes.php ]
[ info ] [ LOG ] INIT File
[ error ] [400][D:\phpstudy2\WWW\tp5\app\api\validate\BaseValidate.php:14]

---------------------------------------------------------------
[ 2017-07-09T09:01:46+08:00 ] 127.0.0.1 127.0.0.1 GET /api/v1/themes/1,2
[ log ] tp5.com/api/v1/themes/1,2 [运行时间：0.835000s][吞吐率：1.20req/s] [内存消耗：1,654.10kb] [文件加载：47]
[ info ] [ LANG ] D:\phpstudy2\WWW\tp5\thinkphp\lang\zh-cn.php
[ info ] [ ROUTE ] array (
  'type' => 'module',
  'module' => 
  array (
    0 => 'api',
    1 => 'v1.Themes',
    2 => 'getThemes',
  ),
  'convert' => false,
)
[ info ] [ HEADER ] array (
  'host' => 'tp5.com',
  'connection' => 'keep-alive',
  'user-agent' => 'Mozilla/5.0 (Windows NT 6.1; WOW64) AppleWebKit/537.36 (KHTML, like Gecko) Chrome/57.0.2987.110 Safari/537.36',
  'accept' => '*/*',
  'accept-encoding' => 'gzip, deflate, sdch',
  'accept-language' => 'zh-CN,zh;q=0.8',
)
[ info ] [ PARAM ] array (
  'version' => 'v1',
)
[ info ] [ RUN ] app\api\controller\v1\Themes->getThemes[ D:\phpstudy2\WWW\tp5\app\api\controller\v1\Themes.php ]
[ info ] [ LOG ] INIT File
[ error ] [400][D:\phpstudy2\WWW\tp5\app\api\validate\BaseValidate.php:14]

---------------------------------------------------------------
[ 2017-07-09T09:02:35+08:00 ] 127.0.0.1 127.0.0.1 GET /api/v1/themes?ids=1%2C2
[ log ] tp5.com/api/v1/themes?ids=1%2C2 [运行时间：0.452000s][吞吐率：2.21req/s] [内存消耗：1,574.46kb] [文件加载：41]
[ info ] [ LANG ] D:\phpstudy2\WWW\tp5\thinkphp\lang\zh-cn.php
[ info ] [ ROUTE ] array (
  'type' => 'module',
  'module' => 
  array (
    0 => 'api',
    1 => 'v1.Themes',
    2 => 'getThemes',
  ),
  'convert' => false,
)
[ info ] [ HEADER ] array (
  'host' => 'tp5.com',
  'connection' => 'keep-alive',
  'user-agent' => 'Mozilla/5.0 (Windows NT 6.1; WOW64) AppleWebKit/537.36 (KHTML, like Gecko) Chrome/57.0.2987.110 Safari/537.36',
  'accept' => '*/*',
  'accept-encoding' => 'gzip, deflate, sdch',
  'accept-language' => 'zh-CN,zh;q=0.8',
)
[ info ] [ PARAM ] array (
  'ids' => '1,2',
  'version' => 'v1',
)
[ info ] [ RUN ] app\api\controller\v1\Themes->getThemes[ D:\phpstudy2\WWW\tp5\app\api\controller\v1\Themes.php ]
[ info ] [ LOG ] INIT File

---------------------------------------------------------------
[ 2017-07-09T09:02:44+08:00 ] 127.0.0.1 127.0.0.1 GET /api/v1/themes?ids=1
[ log ] tp5.com/api/v1/themes?ids=1 [运行时间：0.424000s][吞吐率：2.36req/s] [内存消耗：1,574.48kb] [文件加载：41]
[ info ] [ LANG ] D:\phpstudy2\WWW\tp5\thinkphp\lang\zh-cn.php
[ info ] [ ROUTE ] array (
  'type' => 'module',
  'module' => 
  array (
    0 => 'api',
    1 => 'v1.Themes',
    2 => 'getThemes',
  ),
  'convert' => false,
)
[ info ] [ HEADER ] array (
  'host' => 'tp5.com',
  'connection' => 'keep-alive',
  'user-agent' => 'Mozilla/5.0 (Windows NT 6.1; WOW64) AppleWebKit/537.36 (KHTML, like Gecko) Chrome/57.0.2987.110 Safari/537.36',
  'accept' => '*/*',
  'accept-encoding' => 'gzip, deflate, sdch',
  'accept-language' => 'zh-CN,zh;q=0.8',
)
[ info ] [ PARAM ] array (
  'ids' => '1',
  'version' => 'v1',
)
[ info ] [ RUN ] app\api\controller\v1\Themes->getThemes[ D:\phpstudy2\WWW\tp5\app\api\controller\v1\Themes.php ]
[ info ] [ LOG ] INIT File

---------------------------------------------------------------
[ 2017-07-09T09:02:52+08:00 ] 127.0.0.1 127.0.0.1 GET /api/v1/themes?ids=1
[ log ] tp5.com/api/v1/themes?ids=1 [运行时间：0.847000s][吞吐率：1.18req/s] [内存消耗：1,654.53kb] [文件加载：47]
[ info ] [ LANG ] D:\phpstudy2\WWW\tp5\thinkphp\lang\zh-cn.php
[ info ] [ ROUTE ] array (
  'type' => 'module',
  'module' => 
  array (
    0 => 'api',
    1 => 'v1.Themes',
    2 => 'getThemes',
  ),
  'convert' => false,
)
[ info ] [ HEADER ] array (
  'host' => 'tp5.com',
  'connection' => 'keep-alive',
  'user-agent' => 'Mozilla/5.0 (Windows NT 6.1; WOW64) AppleWebKit/537.36 (KHTML, like Gecko) Chrome/57.0.2987.110 Safari/537.36',
  'accept' => '*/*',
  'accept-encoding' => 'gzip, deflate, sdch',
  'accept-language' => 'zh-CN,zh;q=0.8',
)
[ info ] [ PARAM ] array (
  'ids' => '1',
  'version' => 'v1',
)
[ info ] [ RUN ] app\api\controller\v1\Themes->getThemes[ D:\phpstudy2\WWW\tp5\app\api\controller\v1\Themes.php ]
[ info ] [ LOG ] INIT File
[ error ] [400][D:\phpstudy2\WWW\tp5\app\api\validate\BaseValidate.php:14]

---------------------------------------------------------------
[ 2017-07-09T09:04:37+08:00 ] 127.0.0.1 127.0.0.1 GET /api/v1/themes?ids=1%2C3
[ log ] tp5.com/api/v1/themes?ids=1%2C3 [运行时间：0.444000s][吞吐率：2.25req/s] [内存消耗：1,574.82kb] [文件加载：41]
[ info ] [ LANG ] D:\phpstudy2\WWW\tp5\thinkphp\lang\zh-cn.php
[ info ] [ ROUTE ] array (
  'type' => 'module',
  'module' => 
  array (
    0 => 'api',
    1 => 'v1.Themes',
    2 => 'getThemes',
  ),
  'convert' => false,
)
[ info ] [ HEADER ] array (
  'host' => 'tp5.com',
  'connection' => 'keep-alive',
  'user-agent' => 'Mozilla/5.0 (Windows NT 6.1; WOW64) AppleWebKit/537.36 (KHTML, like Gecko) Chrome/57.0.2987.110 Safari/537.36',
  'accept' => '*/*',
  'accept-encoding' => 'gzip, deflate, sdch',
  'accept-language' => 'zh-CN,zh;q=0.8',
)
[ info ] [ PARAM ] array (
  'ids' => '1,3',
  'version' => 'v1',
)
[ info ] [ RUN ] app\api\controller\v1\Themes->getThemes[ D:\phpstudy2\WWW\tp5\app\api\controller\v1\Themes.php ]
[ info ] [ LOG ] INIT File

---------------------------------------------------------------
[ 2017-07-09T09:04:40+08:00 ] 127.0.0.1 127.0.0.1 GET /api/v1/themes?ids=1%2C3.1
[ log ] tp5.com/api/v1/themes?ids=1%2C3.1 [运行时间：0.849000s][吞吐率：1.18req/s] [内存消耗：1,654.60kb] [文件加载：47]
[ info ] [ LANG ] D:\phpstudy2\WWW\tp5\thinkphp\lang\zh-cn.php
[ info ] [ ROUTE ] array (
  'type' => 'module',
  'module' => 
  array (
    0 => 'api',
    1 => 'v1.Themes',
    2 => 'getThemes',
  ),
  'convert' => false,
)
[ info ] [ HEADER ] array (
  'host' => 'tp5.com',
  'connection' => 'keep-alive',
  'user-agent' => 'Mozilla/5.0 (Windows NT 6.1; WOW64) AppleWebKit/537.36 (KHTML, like Gecko) Chrome/57.0.2987.110 Safari/537.36',
  'accept' => '*/*',
  'accept-encoding' => 'gzip, deflate, sdch',
  'accept-language' => 'zh-CN,zh;q=0.8',
)
[ info ] [ PARAM ] array (
  'ids' => '1,3.1',
  'version' => 'v1',
)
[ info ] [ RUN ] app\api\controller\v1\Themes->getThemes[ D:\phpstudy2\WWW\tp5\app\api\controller\v1\Themes.php ]
[ info ] [ LOG ] INIT File
[ error ] [400][D:\phpstudy2\WWW\tp5\app\api\validate\BaseValidate.php:14]

---------------------------------------------------------------
[ 2017-07-09T09:04:45+08:00 ] 127.0.0.1 127.0.0.1 GET /api/v1/themes?ids=1%2C3
[ log ] tp5.com/api/v1/themes?ids=1%2C3 [运行时间：0.433000s][吞吐率：2.31req/s] [内存消耗：1,574.82kb] [文件加载：41]
[ info ] [ LANG ] D:\phpstudy2\WWW\tp5\thinkphp\lang\zh-cn.php
[ info ] [ ROUTE ] array (
  'type' => 'module',
  'module' => 
  array (
    0 => 'api',
    1 => 'v1.Themes',
    2 => 'getThemes',
  ),
  'convert' => false,
)
[ info ] [ HEADER ] array (
  'host' => 'tp5.com',
  'connection' => 'keep-alive',
  'user-agent' => 'Mozilla/5.0 (Windows NT 6.1; WOW64) AppleWebKit/537.36 (KHTML, like Gecko) Chrome/57.0.2987.110 Safari/537.36',
  'accept' => '*/*',
  'accept-encoding' => 'gzip, deflate, sdch',
  'accept-language' => 'zh-CN,zh;q=0.8',
)
[ info ] [ PARAM ] array (
  'ids' => '1,3',
  'version' => 'v1',
)
[ info ] [ RUN ] app\api\controller\v1\Themes->getThemes[ D:\phpstudy2\WWW\tp5\app\api\controller\v1\Themes.php ]
[ info ] [ LOG ] INIT File

---------------------------------------------------------------
[ 2017-07-09T09:56:28+08:00 ] 127.0.0.1 127.0.0.1 GET /api/v1/themes?ids=1%2C3
[ log ] tp5.com/api/v1/themes?ids=1%2C3 [运行时间：15.493000s][吞吐率：0.06req/s] [内存消耗：1,639.73kb] [文件加载：46]
[ info ] [ LANG ] D:\phpstudy2\WWW\tp5\thinkphp\lang\zh-cn.php
[ info ] [ ROUTE ] array (
  'type' => 'module',
  'module' => 
  array (
    0 => 'api',
    1 => 'v1.Themes',
    2 => 'getThemes',
  ),
  'convert' => false,
)
[ info ] [ HEADER ] array (
  'host' => 'tp5.com',
  'connection' => 'keep-alive',
  'user-agent' => 'Mozilla/5.0 (Windows NT 6.1; WOW64) AppleWebKit/537.36 (KHTML, like Gecko) Chrome/57.0.2987.110 Safari/537.36',
  'accept' => '*/*',
  'accept-encoding' => 'gzip, deflate, sdch',
  'accept-language' => 'zh-CN,zh;q=0.8',
)
[ info ] [ PARAM ] array (
  'ids' => '1,3',
  'version' => 'v1',
)
[ info ] [ RUN ] app\api\controller\v1\Themes->getThemes[ D:\phpstudy2\WWW\tp5\app\api\controller\v1\Themes.php ]
[ info ] [ LOG ] INIT File
[ error ] [8]未定义变量: id[D:\phpstudy2\WWW\tp5\app\api\controller\v1\Themes.php:11]

---------------------------------------------------------------
[ 2017-07-09T09:58:21+08:00 ] 127.0.0.1 127.0.0.1 GET /api/v1/themes?ids=1%2C3
[ log ] tp5.com/api/v1/themes?ids=1%2C3 [运行时间：81.230000s][吞吐率：0.01req/s] [内存消耗：2,725.44kb] [文件加载：54]
[ info ] [ LANG ] D:\phpstudy2\WWW\tp5\thinkphp\lang\zh-cn.php
[ info ] [ ROUTE ] array (
  'type' => 'module',
  'module' => 
  array (
    0 => 'api',
    1 => 'v1.Themes',
    2 => 'getThemes',
  ),
  'convert' => false,
)
[ info ] [ HEADER ] array (
  'host' => 'tp5.com',
  'connection' => 'keep-alive',
  'user-agent' => 'Mozilla/5.0 (Windows NT 6.1; WOW64) AppleWebKit/537.36 (KHTML, like Gecko) Chrome/57.0.2987.110 Safari/537.36',
  'accept' => '*/*',
  'accept-encoding' => 'gzip, deflate, sdch',
  'accept-language' => 'zh-CN,zh;q=0.8',
)
[ info ] [ PARAM ] array (
  'ids' => '1,3',
  'version' => 'v1',
)
[ info ] [ RUN ] app\api\controller\v1\Themes->getThemes[ D:\phpstudy2\WWW\tp5\app\api\controller\v1\Themes.php ]
[ info ] [ DB ] INIT mysql
[ info ] [ LOG ] INIT File
[ error ] [0]method not exist:think\db\Query->mainImage[D:\phpstudy2\WWW\tp5\thinkphp\library\think\db\Query.php:93]

---------------------------------------------------------------
[ 2017-07-09T09:59:15+08:00 ] 127.0.0.1 127.0.0.1 GET /api/v1/themes?ids=1%2C3
[ log ] tp5.com/api/v1/themes?ids=1%2C3 [运行时间：0.864000s][吞吐率：1.16req/s] [内存消耗：2,721.51kb] [文件加载：54]
[ info ] [ LANG ] D:\phpstudy2\WWW\tp5\thinkphp\lang\zh-cn.php
[ info ] [ ROUTE ] array (
  'type' => 'module',
  'module' => 
  array (
    0 => 'api',
    1 => 'v1.Themes',
    2 => 'getThemes',
  ),
  'convert' => false,
)
[ info ] [ HEADER ] array (
  'host' => 'tp5.com',
  'connection' => 'keep-alive',
  'user-agent' => 'Mozilla/5.0 (Windows NT 6.1; WOW64) AppleWebKit/537.36 (KHTML, like Gecko) Chrome/57.0.2987.110 Safari/537.36',
  'accept' => '*/*',
  'accept-encoding' => 'gzip, deflate, sdch',
  'accept-language' => 'zh-CN,zh;q=0.8',
)
[ info ] [ PARAM ] array (
  'ids' => '1,3',
  'version' => 'v1',
)
[ info ] [ RUN ] app\api\controller\v1\Themes->getThemes[ D:\phpstudy2\WWW\tp5\app\api\controller\v1\Themes.php ]
[ info ] [ DB ] INIT mysql
[ info ] [ LOG ] INIT File
[ error ] [0]method not exist:think\db\Query->mainImage[D:\phpstudy2\WWW\tp5\thinkphp\library\think\db\Query.php:93]

---------------------------------------------------------------
[ 2017-07-09T09:59:37+08:00 ] 127.0.0.1 127.0.0.1 GET /api/v1/themes?ids=1%2C3
[ log ] tp5.com/api/v1/themes?ids=1%2C3 [运行时间：0.877000s][吞吐率：1.14req/s] [内存消耗：2,721.50kb] [文件加载：54]
[ info ] [ LANG ] D:\phpstudy2\WWW\tp5\thinkphp\lang\zh-cn.php
[ info ] [ ROUTE ] array (
  'type' => 'module',
  'module' => 
  array (
    0 => 'api',
    1 => 'v1.Themes',
    2 => 'getThemes',
  ),
  'convert' => false,
)
[ info ] [ HEADER ] array (
  'host' => 'tp5.com',
  'connection' => 'keep-alive',
  'user-agent' => 'Mozilla/5.0 (Windows NT 6.1; WOW64) AppleWebKit/537.36 (KHTML, like Gecko) Chrome/57.0.2987.110 Safari/537.36',
  'accept' => '*/*',
  'accept-encoding' => 'gzip, deflate, sdch',
  'accept-language' => 'zh-CN,zh;q=0.8',
)
[ info ] [ PARAM ] array (
  'ids' => '1,3',
  'version' => 'v1',
)
[ info ] [ RUN ] app\api\controller\v1\Themes->getThemes[ D:\phpstudy2\WWW\tp5\app\api\controller\v1\Themes.php ]
[ info ] [ DB ] INIT mysql
[ info ] [ LOG ] INIT File
[ error ] [0]method not exist:think\db\Query->mainImage[D:\phpstudy2\WWW\tp5\thinkphp\library\think\db\Query.php:93]

---------------------------------------------------------------
[ 2017-07-09T10:00:07+08:00 ] 127.0.0.1 127.0.0.1 GET /api/v1/themes?ids=1%2C3
[ log ] tp5.com/api/v1/themes?ids=1%2C3 [运行时间：0.464000s][吞吐率：2.16req/s] [内存消耗：2,824.75kb] [文件加载：55]
[ info ] [ LANG ] D:\phpstudy2\WWW\tp5\thinkphp\lang\zh-cn.php
[ info ] [ ROUTE ] array (
  'type' => 'module',
  'module' => 
  array (
    0 => 'api',
    1 => 'v1.Themes',
    2 => 'getThemes',
  ),
  'convert' => false,
)
[ info ] [ HEADER ] array (
  'host' => 'tp5.com',
  'connection' => 'keep-alive',
  'user-agent' => 'Mozilla/5.0 (Windows NT 6.1; WOW64) AppleWebKit/537.36 (KHTML, like Gecko) Chrome/57.0.2987.110 Safari/537.36',
  'accept' => '*/*',
  'accept-encoding' => 'gzip, deflate, sdch',
  'accept-language' => 'zh-CN,zh;q=0.8',
)
[ info ] [ PARAM ] array (
  'ids' => '1,3',
  'version' => 'v1',
)
[ info ] [ RUN ] app\api\controller\v1\Themes->getThemes[ D:\phpstudy2\WWW\tp5\app\api\controller\v1\Themes.php ]
[ info ] [ DB ] INIT mysql
[ info ] [ LOG ] INIT File
[ sql ] [ DB ] CONNECT:[ UseTime:0.010000s ] mysql:dbname=test;host=127.0.0.1;charset=utf8
[ sql ] [ SQL ] SHOW COLUMNS FROM `themes` [ RunTime:0.003000s ]
[ sql ] [ SQL ] SELECT * FROM `themes` WHERE  `id` IN (1,3) [ RunTime:0.000000s ]

---------------------------------------------------------------
[ 2017-07-09T10:01:16+08:00 ] 127.0.0.1 127.0.0.1 GET /api/v1/themes?ids=1%2C3
[ log ] tp5.com/api/v1/themes?ids=1%2C3 [运行时间：0.463000s][吞吐率：2.16req/s] [内存消耗：2,827.38kb] [文件加载：55]
[ info ] [ LANG ] D:\phpstudy2\WWW\tp5\thinkphp\lang\zh-cn.php
[ info ] [ ROUTE ] array (
  'type' => 'module',
  'module' => 
  array (
    0 => 'api',
    1 => 'v1.Themes',
    2 => 'getThemes',
  ),
  'convert' => false,
)
[ info ] [ HEADER ] array (
  'host' => 'tp5.com',
  'connection' => 'keep-alive',
  'user-agent' => 'Mozilla/5.0 (Windows NT 6.1; WOW64) AppleWebKit/537.36 (KHTML, like Gecko) Chrome/57.0.2987.110 Safari/537.36',
  'accept' => '*/*',
  'accept-encoding' => 'gzip, deflate, sdch',
  'accept-language' => 'zh-CN,zh;q=0.8',
)
[ info ] [ PARAM ] array (
  'ids' => '1,3',
  'version' => 'v1',
)
[ info ] [ RUN ] app\api\controller\v1\Themes->getThemes[ D:\phpstudy2\WWW\tp5\app\api\controller\v1\Themes.php ]
[ info ] [ DB ] INIT mysql
[ info ] [ LOG ] INIT File
[ sql ] [ DB ] CONNECT:[ UseTime:0.011000s ] mysql:dbname=test;host=127.0.0.1;charset=utf8
[ sql ] [ SQL ] SHOW COLUMNS FROM `themes` [ RunTime:0.004000s ]
[ sql ] [ SQL ] SELECT * FROM `themes` WHERE  `id` IN (1,3) [ RunTime:0.000000s ]
[ sql ] [ SQL ] SHOW COLUMNS FROM `img` [ RunTime:0.004000s ]
[ sql ] [ SQL ] SELECT * FROM `img` WHERE  `id` IN (1) [ RunTime:0.000000s ]
[ sql ] [ SQL ] SELECT * FROM `img` WHERE  `id` IN (1) [ RunTime:0.001000s ]

---------------------------------------------------------------
[ 2017-07-09T10:02:00+08:00 ] 127.0.0.1 127.0.0.1 GET /api/v1/themes?ids=1%2C3
[ log ] tp5.com/api/v1/themes?ids=1%2C3 [运行时间：0.481000s][吞吐率：2.08req/s] [内存消耗：2,827.38kb] [文件加载：55]
[ info ] [ LANG ] D:\phpstudy2\WWW\tp5\thinkphp\lang\zh-cn.php
[ info ] [ ROUTE ] array (
  'type' => 'module',
  'module' => 
  array (
    0 => 'api',
    1 => 'v1.Themes',
    2 => 'getThemes',
  ),
  'convert' => false,
)
[ info ] [ HEADER ] array (
  'host' => 'tp5.com',
  'connection' => 'keep-alive',
  'user-agent' => 'Mozilla/5.0 (Windows NT 6.1; WOW64) AppleWebKit/537.36 (KHTML, like Gecko) Chrome/57.0.2987.110 Safari/537.36',
  'accept' => '*/*',
  'accept-encoding' => 'gzip, deflate, sdch',
  'accept-language' => 'zh-CN,zh;q=0.8',
)
[ info ] [ PARAM ] array (
  'ids' => '1,3',
  'version' => 'v1',
)
[ info ] [ RUN ] app\api\controller\v1\Themes->getThemes[ D:\phpstudy2\WWW\tp5\app\api\controller\v1\Themes.php ]
[ info ] [ DB ] INIT mysql
[ info ] [ LOG ] INIT File
[ sql ] [ DB ] CONNECT:[ UseTime:0.011000s ] mysql:dbname=test;host=127.0.0.1;charset=utf8
[ sql ] [ SQL ] SHOW COLUMNS FROM `themes` [ RunTime:0.004000s ]
[ sql ] [ SQL ] SELECT * FROM `themes` WHERE  `id` IN (1,3) [ RunTime:0.001000s ]
[ sql ] [ SQL ] SHOW COLUMNS FROM `img` [ RunTime:0.004000s ]
[ sql ] [ SQL ] SELECT * FROM `img` WHERE  `id` IN (1) [ RunTime:0.000000s ]
[ sql ] [ SQL ] SELECT * FROM `img` WHERE  `id` IN (1) [ RunTime:0.000000s ]

---------------------------------------------------------------
[ 2017-07-09T10:03:02+08:00 ] 127.0.0.1 127.0.0.1 GET /api/v1/themes?ids=1%2C3
[ log ] tp5.com/api/v1/themes?ids=1%2C3 [运行时间：34.627000s][吞吐率：0.03req/s] [内存消耗：2,827.31kb] [文件加载：55]
[ info ] [ LANG ] D:\phpstudy2\WWW\tp5\thinkphp\lang\zh-cn.php
[ info ] [ ROUTE ] array (
  'type' => 'module',
  'module' => 
  array (
    0 => 'api',
    1 => 'v1.Themes',
    2 => 'getThemes',
  ),
  'convert' => false,
)
[ info ] [ HEADER ] array (
  'host' => 'tp5.com',
  'connection' => 'keep-alive',
  'user-agent' => 'Mozilla/5.0 (Windows NT 6.1; WOW64) AppleWebKit/537.36 (KHTML, like Gecko) Chrome/57.0.2987.110 Safari/537.36',
  'accept' => '*/*',
  'accept-encoding' => 'gzip, deflate, sdch',
  'accept-language' => 'zh-CN,zh;q=0.8',
)
[ info ] [ PARAM ] array (
  'ids' => '1,3',
  'version' => 'v1',
)
[ info ] [ RUN ] app\api\controller\v1\Themes->getThemes[ D:\phpstudy2\WWW\tp5\app\api\controller\v1\Themes.php ]
[ info ] [ DB ] INIT mysql
[ info ] [ LOG ] INIT File
[ sql ] [ DB ] CONNECT:[ UseTime:0.010000s ] mysql:dbname=test;host=127.0.0.1;charset=utf8
[ sql ] [ SQL ] SHOW COLUMNS FROM `themes` [ RunTime:0.004000s ]
[ sql ] [ SQL ] SELECT * FROM `themes` WHERE  `id` IN (1,3) [ RunTime:0.001000s ]
[ sql ] [ SQL ] SHOW COLUMNS FROM `img` [ RunTime:0.004000s ]
[ sql ] [ SQL ] SELECT * FROM `img` WHERE  `id` IN (1) [ RunTime:0.001000s ]
[ sql ] [ SQL ] SELECT * FROM `img` WHERE  `id` IN (1) [ RunTime:0.000000s ]

---------------------------------------------------------------
[ 2017-07-09T10:04:24+08:00 ] 127.0.0.1 127.0.0.1 GET /api/v1/themes?ids=1%2C3
[ log ] tp5.com/api/v1/themes?ids=1%2C3 [运行时间：55.256000s][吞吐率：0.02req/s] [内存消耗：2,827.24kb] [文件加载：55]
[ info ] [ LANG ] D:\phpstudy2\WWW\tp5\thinkphp\lang\zh-cn.php
[ info ] [ ROUTE ] array (
  'type' => 'module',
  'module' => 
  array (
    0 => 'api',
    1 => 'v1.Themes',
    2 => 'getThemes',
  ),
  'convert' => false,
)
[ info ] [ HEADER ] array (
  'host' => 'tp5.com',
  'connection' => 'keep-alive',
  'user-agent' => 'Mozilla/5.0 (Windows NT 6.1; WOW64) AppleWebKit/537.36 (KHTML, like Gecko) Chrome/57.0.2987.110 Safari/537.36',
  'accept' => '*/*',
  'accept-encoding' => 'gzip, deflate, sdch',
  'accept-language' => 'zh-CN,zh;q=0.8',
)
[ info ] [ PARAM ] array (
  'ids' => '1,3',
  'version' => 'v1',
)
[ info ] [ RUN ] app\api\controller\v1\Themes->getThemes[ D:\phpstudy2\WWW\tp5\app\api\controller\v1\Themes.php ]
[ info ] [ DB ] INIT mysql
[ info ] [ LOG ] INIT File
[ sql ] [ DB ] CONNECT:[ UseTime:0.002000s ] mysql:dbname=test;host=127.0.0.1;charset=utf8
[ sql ] [ SQL ] SHOW COLUMNS FROM `themes` [ RunTime:0.004000s ]
[ sql ] [ SQL ] SELECT * FROM `themes` WHERE  `id` IN (1,3) [ RunTime:0.000000s ]
[ sql ] [ SQL ] SHOW COLUMNS FROM `img` [ RunTime:0.004000s ]
[ sql ] [ SQL ] SELECT * FROM `img` WHERE  `id` IN (1) [ RunTime:0.001000s ]
[ sql ] [ SQL ] SELECT * FROM `img` WHERE  `id` IN (1) [ RunTime:0.000000s ]

---------------------------------------------------------------
[ 2017-07-09T10:04:38+08:00 ] 127.0.0.1 127.0.0.1 GET /api/v1/themes?ids=1%2C3
[ log ] tp5.com/api/v1/themes?ids=1%2C3 [运行时间：9.563000s][吞吐率：0.10req/s] [内存消耗：2,876.86kb] [文件加载：58]
[ info ] [ LANG ] D:\phpstudy2\WWW\tp5\thinkphp\lang\zh-cn.php
[ info ] [ ROUTE ] array (
  'type' => 'module',
  'module' => 
  array (
    0 => 'api',
    1 => 'v1.Themes',
    2 => 'getThemes',
  ),
  'convert' => false,
)
[ info ] [ HEADER ] array (
  'host' => 'tp5.com',
  'connection' => 'keep-alive',
  'user-agent' => 'Mozilla/5.0 (Windows NT 6.1; WOW64) AppleWebKit/537.36 (KHTML, like Gecko) Chrome/57.0.2987.110 Safari/537.36',
  'accept' => '*/*',
  'accept-encoding' => 'gzip, deflate, sdch',
  'accept-language' => 'zh-CN,zh;q=0.8',
)
[ info ] [ PARAM ] array (
  'ids' => '1,3',
  'version' => 'v1',
)
[ info ] [ RUN ] app\api\controller\v1\Themes->getThemes[ D:\phpstudy2\WWW\tp5\app\api\controller\v1\Themes.php ]
[ info ] [ DB ] INIT mysql
[ info ] [ LOG ] INIT File
[ sql ] [ DB ] CONNECT:[ UseTime:0.001000s ] mysql:dbname=test;host=127.0.0.1;charset=utf8
[ sql ] [ SQL ] SHOW COLUMNS FROM `themes` [ RunTime:0.004000s ]
[ sql ] [ SQL ] SELECT * FROM `themes` WHERE  `id` IN (1,3) [ RunTime:0.001000s ]
[ sql ] [ SQL ] SHOW COLUMNS FROM `img` [ RunTime:0.003000s ]
[ sql ] [ SQL ] SELECT * FROM `img` WHERE  `id` IN (1) [ RunTime:0.000000s ]
[ sql ] [ SQL ] SELECT * FROM `img` WHERE  `id` IN (1) [ RunTime:0.001000s ]
[ error ] [0]variable type error： array[D:\phpstudy2\WWW\tp5\thinkphp\library\think\Response.php:312]

---------------------------------------------------------------
[ 2017-07-09T10:05:15+08:00 ] 127.0.0.1 127.0.0.1 GET /api/v1/themes?ids=1,3
[ log ] tp5.com/api/v1/themes?ids=1,3 [运行时间：0.897000s][吞吐率：1.11req/s] [内存消耗：2,877.43kb] [文件加载：58]
[ info ] [ LANG ] D:\phpstudy2\WWW\tp5\thinkphp\lang\zh-cn.php
[ info ] [ ROUTE ] array (
  'type' => 'module',
  'module' => 
  array (
    0 => 'api',
    1 => 'v1.Themes',
    2 => 'getThemes',
  ),
  'convert' => false,
)
[ info ] [ HEADER ] array (
  'host' => 'tp5.com',
  'connection' => 'keep-alive',
  'cache-control' => 'max-age=0',
  'upgrade-insecure-requests' => '1',
  'user-agent' => 'Mozilla/5.0 (Windows NT 6.1; WOW64) AppleWebKit/537.36 (KHTML, like Gecko) Chrome/57.0.2987.110 Safari/537.36',
  'accept' => 'text/html,application/xhtml+xml,application/xml;q=0.9,image/webp,*/*;q=0.8',
  'accept-encoding' => 'gzip, deflate, sdch',
  'accept-language' => 'zh-CN,zh;q=0.8',
)
[ info ] [ PARAM ] array (
  'ids' => '1,3',
  'version' => 'v1',
)
[ info ] [ RUN ] app\api\controller\v1\Themes->getThemes[ D:\phpstudy2\WWW\tp5\app\api\controller\v1\Themes.php ]
[ info ] [ DB ] INIT mysql
[ info ] [ LOG ] INIT File
[ sql ] [ DB ] CONNECT:[ UseTime:0.010000s ] mysql:dbname=test;host=127.0.0.1;charset=utf8
[ sql ] [ SQL ] SHOW COLUMNS FROM `themes` [ RunTime:0.004000s ]
[ sql ] [ SQL ] SELECT * FROM `themes` WHERE  `id` IN (1,3) [ RunTime:0.001000s ]
[ sql ] [ SQL ] SHOW COLUMNS FROM `img` [ RunTime:0.004000s ]
[ sql ] [ SQL ] SELECT * FROM `img` WHERE  `id` IN (1) [ RunTime:0.001000s ]
[ sql ] [ SQL ] SELECT * FROM `img` WHERE  `id` IN (1) [ RunTime:0.000000s ]
[ error ] [0]variable type error： array[D:\phpstudy2\WWW\tp5\thinkphp\library\think\Response.php:312]

---------------------------------------------------------------
[ 2017-07-09T10:05:34+08:00 ] 127.0.0.1 127.0.0.1 GET /api/v1/themes?ids=1,3
[ log ] tp5.com/api/v1/themes?ids=1,3 [运行时间：0.490000s][吞吐率：2.04req/s] [内存消耗：2,828.13kb] [文件加载：55]
[ info ] [ LANG ] D:\phpstudy2\WWW\tp5\thinkphp\lang\zh-cn.php
[ info ] [ ROUTE ] array (
  'type' => 'module',
  'module' => 
  array (
    0 => 'api',
    1 => 'v1.Themes',
    2 => 'getThemes',
  ),
  'convert' => false,
)
[ info ] [ HEADER ] array (
  'host' => 'tp5.com',
  'connection' => 'keep-alive',
  'cache-control' => 'max-age=0',
  'upgrade-insecure-requests' => '1',
  'user-agent' => 'Mozilla/5.0 (Windows NT 6.1; WOW64) AppleWebKit/537.36 (KHTML, like Gecko) Chrome/57.0.2987.110 Safari/537.36',
  'accept' => 'text/html,application/xhtml+xml,application/xml;q=0.9,image/webp,*/*;q=0.8',
  'accept-encoding' => 'gzip, deflate, sdch',
  'accept-language' => 'zh-CN,zh;q=0.8',
)
[ info ] [ PARAM ] array (
  'ids' => '1,3',
  'version' => 'v1',
)
[ info ] [ RUN ] app\api\controller\v1\Themes->getThemes[ D:\phpstudy2\WWW\tp5\app\api\controller\v1\Themes.php ]
[ info ] [ DB ] INIT mysql
[ info ] [ LOG ] INIT File
[ sql ] [ DB ] CONNECT:[ UseTime:0.011000s ] mysql:dbname=test;host=127.0.0.1;charset=utf8
[ sql ] [ SQL ] SHOW COLUMNS FROM `themes` [ RunTime:0.005000s ]
[ sql ] [ SQL ] SELECT * FROM `themes` WHERE  `id` IN (1,3) [ RunTime:0.001000s ]
[ sql ] [ SQL ] SHOW COLUMNS FROM `img` [ RunTime:0.005000s ]
[ sql ] [ SQL ] SELECT * FROM `img` WHERE  `id` IN (1) [ RunTime:0.000000s ]
[ sql ] [ SQL ] SELECT * FROM `img` WHERE  `id` IN (1) [ RunTime:0.000000s ]

---------------------------------------------------------------
[ 2017-07-09T10:06:51+08:00 ] 127.0.0.1 127.0.0.1 GET /api/v1/themes?ids=1,3
[ log ] tp5.com/api/v1/themes?ids=1,3 [运行时间：0.476000s][吞吐率：2.10req/s] [内存消耗：2,828.05kb] [文件加载：55]
[ info ] [ LANG ] D:\phpstudy2\WWW\tp5\thinkphp\lang\zh-cn.php
[ info ] [ ROUTE ] array (
  'type' => 'module',
  'module' => 
  array (
    0 => 'api',
    1 => 'v1.Themes',
    2 => 'getThemes',
  ),
  'convert' => false,
)
[ info ] [ HEADER ] array (
  'host' => 'tp5.com',
  'connection' => 'keep-alive',
  'cache-control' => 'max-age=0',
  'upgrade-insecure-requests' => '1',
  'user-agent' => 'Mozilla/5.0 (Windows NT 6.1; WOW64) AppleWebKit/537.36 (KHTML, like Gecko) Chrome/57.0.2987.110 Safari/537.36',
  'accept' => 'text/html,application/xhtml+xml,application/xml;q=0.9,image/webp,*/*;q=0.8',
  'accept-encoding' => 'gzip, deflate, sdch',
  'accept-language' => 'zh-CN,zh;q=0.8',
)
[ info ] [ PARAM ] array (
  'ids' => '1,3',
  'version' => 'v1',
)
[ info ] [ RUN ] app\api\controller\v1\Themes->getThemes[ D:\phpstudy2\WWW\tp5\app\api\controller\v1\Themes.php ]
[ info ] [ DB ] INIT mysql
[ info ] [ LOG ] INIT File
[ sql ] [ DB ] CONNECT:[ UseTime:0.011000s ] mysql:dbname=test;host=127.0.0.1;charset=utf8
[ sql ] [ SQL ] SHOW COLUMNS FROM `themes` [ RunTime:0.004000s ]
[ sql ] [ SQL ] SELECT * FROM `themes` WHERE  `id` IN (1,3) [ RunTime:0.001000s ]
[ sql ] [ SQL ] SHOW COLUMNS FROM `img` [ RunTime:0.004000s ]
[ sql ] [ SQL ] SELECT * FROM `img` WHERE  `id` IN (1) [ RunTime:0.000000s ]

---------------------------------------------------------------
[ 2017-07-09T10:09:24+08:00 ] 127.0.0.1 127.0.0.1 GET /api/v1/themes?ids=2
[ log ] tp5.com/api/v1/themes?ids=2 [运行时间：0.855000s][吞吐率：1.17req/s] [内存消耗：1,656.41kb] [文件加载：47]
[ info ] [ LANG ] D:\phpstudy2\WWW\tp5\thinkphp\lang\zh-cn.php
[ info ] [ ROUTE ] array (
  'type' => 'module',
  'module' => 
  array (
    0 => 'api',
    1 => 'v1.Themes',
    2 => 'getThemes',
  ),
  'convert' => false,
)
[ info ] [ HEADER ] array (
  'host' => 'tp5.com',
  'connection' => 'keep-alive',
  'upgrade-insecure-requests' => '1',
  'user-agent' => 'Mozilla/5.0 (Windows NT 6.1; WOW64) AppleWebKit/537.36 (KHTML, like Gecko) Chrome/57.0.2987.110 Safari/537.36',
  'accept' => 'text/html,application/xhtml+xml,application/xml;q=0.9,image/webp,*/*;q=0.8',
  'accept-encoding' => 'gzip, deflate, sdch',
  'accept-language' => 'zh-CN,zh;q=0.8',
)
[ info ] [ PARAM ] array (
  'ids' => '2',
  'version' => 'v1',
)
[ info ] [ RUN ] app\api\controller\v1\Themes->getThemes[ D:\phpstudy2\WWW\tp5\app\api\controller\v1\Themes.php ]
[ info ] [ LOG ] INIT File
[ error ] [400][D:\phpstudy2\WWW\tp5\app\api\validate\BaseValidate.php:14]

---------------------------------------------------------------
[ 2017-07-09T10:09:33+08:00 ] 127.0.0.1 127.0.0.1 GET /api/v1/themes?ids=1
[ log ] tp5.com/api/v1/themes?ids=1 [运行时间：0.857000s][吞吐率：1.17req/s] [内存消耗：1,656.41kb] [文件加载：47]
[ info ] [ LANG ] D:\phpstudy2\WWW\tp5\thinkphp\lang\zh-cn.php
[ info ] [ ROUTE ] array (
  'type' => 'module',
  'module' => 
  array (
    0 => 'api',
    1 => 'v1.Themes',
    2 => 'getThemes',
  ),
  'convert' => false,
)
[ info ] [ HEADER ] array (
  'host' => 'tp5.com',
  'connection' => 'keep-alive',
  'upgrade-insecure-requests' => '1',
  'user-agent' => 'Mozilla/5.0 (Windows NT 6.1; WOW64) AppleWebKit/537.36 (KHTML, like Gecko) Chrome/57.0.2987.110 Safari/537.36',
  'accept' => 'text/html,application/xhtml+xml,application/xml;q=0.9,image/webp,*/*;q=0.8',
  'accept-encoding' => 'gzip, deflate, sdch',
  'accept-language' => 'zh-CN,zh;q=0.8',
)
[ info ] [ PARAM ] array (
  'ids' => '1',
  'version' => 'v1',
)
[ info ] [ RUN ] app\api\controller\v1\Themes->getThemes[ D:\phpstudy2\WWW\tp5\app\api\controller\v1\Themes.php ]
[ info ] [ LOG ] INIT File
[ error ] [400][D:\phpstudy2\WWW\tp5\app\api\validate\BaseValidate.php:14]

---------------------------------------------------------------
[ 2017-07-09T10:09:35+08:00 ] 127.0.0.1 127.0.0.1 GET /api/v1/themes?ids=1,2
[ log ] tp5.com/api/v1/themes?ids=1,2 [运行时间：0.084000s][吞吐率：11.90req/s] [内存消耗：2,902.21kb] [文件加载：60]
[ info ] [ LANG ] D:\phpstudy2\WWW\tp5\thinkphp\lang\zh-cn.php
[ info ] [ ROUTE ] array (
  'type' => 'module',
  'module' => 
  array (
    0 => 'api',
    1 => 'v1.Themes',
    2 => 'getThemes',
  ),
  'convert' => false,
)
[ info ] [ HEADER ] array (
  'host' => 'tp5.com',
  'connection' => 'keep-alive',
  'upgrade-insecure-requests' => '1',
  'user-agent' => 'Mozilla/5.0 (Windows NT 6.1; WOW64) AppleWebKit/537.36 (KHTML, like Gecko) Chrome/57.0.2987.110 Safari/537.36',
  'accept' => 'text/html,application/xhtml+xml,application/xml;q=0.9,image/webp,*/*;q=0.8',
  'accept-encoding' => 'gzip, deflate, sdch',
  'accept-language' => 'zh-CN,zh;q=0.8',
)
[ info ] [ PARAM ] array (
  'ids' => '1,2',
  'version' => 'v1',
)
[ info ] [ RUN ] app\api\controller\v1\Themes->getThemes[ D:\phpstudy2\WWW\tp5\app\api\controller\v1\Themes.php ]
[ info ] [ DB ] INIT mysql
[ info ] [ LOG ] INIT File
[ sql ] [ DB ] CONNECT:[ UseTime:0.010000s ] mysql:dbname=test;host=127.0.0.1;charset=utf8
[ sql ] [ SQL ] SHOW COLUMNS FROM `themes` [ RunTime:0.004000s ]
[ sql ] [ SQL ] SELECT * FROM `themes` WHERE  `id` IN (1,2) [ RunTime:0.000000s ]
[ sql ] [ SQL ] SHOW COLUMNS FROM `img` [ RunTime:0.003000s ]
[ sql ] [ SQL ] SELECT * FROM `img` WHERE  `id` IN (1) [ RunTime:0.001000s ]
[ error ] [1]Class 'app\api\controller\v1\ThemesException' not found[D:\phpstudy2\WWW\tp5\app\api\controller\v1\Themes.php:15]

---------------------------------------------------------------
[ 2017-07-09T10:10:21+08:00 ] 127.0.0.1 127.0.0.1 GET /api/v1/themes?ids=1,2
[ log ] tp5.com/api/v1/themes?ids=1,2 [运行时间：0.092000s][吞吐率：10.87req/s] [内存消耗：2,902.45kb] [文件加载：60]
[ info ] [ LANG ] D:\phpstudy2\WWW\tp5\thinkphp\lang\zh-cn.php
[ info ] [ ROUTE ] array (
  'type' => 'module',
  'module' => 
  array (
    0 => 'api',
    1 => 'v1.Themes',
    2 => 'getThemes',
  ),
  'convert' => false,
)
[ info ] [ HEADER ] array (
  'host' => 'tp5.com',
  'connection' => 'keep-alive',
  'cache-control' => 'max-age=0',
  'upgrade-insecure-requests' => '1',
  'user-agent' => 'Mozilla/5.0 (Windows NT 6.1; WOW64) AppleWebKit/537.36 (KHTML, like Gecko) Chrome/57.0.2987.110 Safari/537.36',
  'accept' => 'text/html,application/xhtml+xml,application/xml;q=0.9,image/webp,*/*;q=0.8',
  'accept-encoding' => 'gzip, deflate, sdch',
  'accept-language' => 'zh-CN,zh;q=0.8',
)
[ info ] [ PARAM ] array (
  'ids' => '1,2',
  'version' => 'v1',
)
[ info ] [ RUN ] app\api\controller\v1\Themes->getThemes[ D:\phpstudy2\WWW\tp5\app\api\controller\v1\Themes.php ]
[ info ] [ DB ] INIT mysql
[ info ] [ LOG ] INIT File
[ sql ] [ DB ] CONNECT:[ UseTime:0.010000s ] mysql:dbname=test;host=127.0.0.1;charset=utf8
[ sql ] [ SQL ] SHOW COLUMNS FROM `themes` [ RunTime:0.006000s ]
[ sql ] [ SQL ] SELECT * FROM `themes` WHERE  `id` IN (1,2) [ RunTime:0.001000s ]
[ sql ] [ SQL ] SHOW COLUMNS FROM `img` [ RunTime:0.005000s ]
[ sql ] [ SQL ] SELECT * FROM `img` WHERE  `id` IN (1) [ RunTime:0.000000s ]
[ error ] [1]Class 'app\api\controller\v1\ThemesException' not found[D:\phpstudy2\WWW\tp5\app\api\controller\v1\Themes.php:16]

---------------------------------------------------------------
[ 2017-07-09T10:10:23+08:00 ] 127.0.0.1 127.0.0.1 GET /api/v1/themes?ids=1,2
[ log ] tp5.com/api/v1/themes?ids=1,2 [运行时间：0.073000s][吞吐率：13.70req/s] [内存消耗：2,902.45kb] [文件加载：60]
[ info ] [ LANG ] D:\phpstudy2\WWW\tp5\thinkphp\lang\zh-cn.php
[ info ] [ ROUTE ] array (
  'type' => 'module',
  'module' => 
  array (
    0 => 'api',
    1 => 'v1.Themes',
    2 => 'getThemes',
  ),
  'convert' => false,
)
[ info ] [ HEADER ] array (
  'host' => 'tp5.com',
  'connection' => 'keep-alive',
  'cache-control' => 'max-age=0',
  'upgrade-insecure-requests' => '1',
  'user-agent' => 'Mozilla/5.0 (Windows NT 6.1; WOW64) AppleWebKit/537.36 (KHTML, like Gecko) Chrome/57.0.2987.110 Safari/537.36',
  'accept' => 'text/html,application/xhtml+xml,application/xml;q=0.9,image/webp,*/*;q=0.8',
  'accept-encoding' => 'gzip, deflate, sdch',
  'accept-language' => 'zh-CN,zh;q=0.8',
)
[ info ] [ PARAM ] array (
  'ids' => '1,2',
  'version' => 'v1',
)
[ info ] [ RUN ] app\api\controller\v1\Themes->getThemes[ D:\phpstudy2\WWW\tp5\app\api\controller\v1\Themes.php ]
[ info ] [ DB ] INIT mysql
[ info ] [ LOG ] INIT File
[ sql ] [ DB ] CONNECT:[ UseTime:0.010000s ] mysql:dbname=test;host=127.0.0.1;charset=utf8
[ sql ] [ SQL ] SHOW COLUMNS FROM `themes` [ RunTime:0.004000s ]
[ sql ] [ SQL ] SELECT * FROM `themes` WHERE  `id` IN (1,2) [ RunTime:0.001000s ]
[ sql ] [ SQL ] SHOW COLUMNS FROM `img` [ RunTime:0.004000s ]
[ sql ] [ SQL ] SELECT * FROM `img` WHERE  `id` IN (1) [ RunTime:0.001000s ]
[ error ] [1]Class 'app\api\controller\v1\ThemesException' not found[D:\phpstudy2\WWW\tp5\app\api\controller\v1\Themes.php:16]

---------------------------------------------------------------
[ 2017-07-09T10:10:38+08:00 ] 127.0.0.1 127.0.0.1 GET /api/v1/themes?ids=1,2
[ log ] tp5.com/api/v1/themes?ids=1,2 [运行时间：0.084000s][吞吐率：11.90req/s] [内存消耗：2,912.30kb] [文件加载：62]
[ info ] [ LANG ] D:\phpstudy2\WWW\tp5\thinkphp\lang\zh-cn.php
[ info ] [ ROUTE ] array (
  'type' => 'module',
  'module' => 
  array (
    0 => 'api',
    1 => 'v1.Themes',
    2 => 'getThemes',
  ),
  'convert' => false,
)
[ info ] [ HEADER ] array (
  'host' => 'tp5.com',
  'connection' => 'keep-alive',
  'cache-control' => 'max-age=0',
  'upgrade-insecure-requests' => '1',
  'user-agent' => 'Mozilla/5.0 (Windows NT 6.1; WOW64) AppleWebKit/537.36 (KHTML, like Gecko) Chrome/57.0.2987.110 Safari/537.36',
  'accept' => 'text/html,application/xhtml+xml,application/xml;q=0.9,image/webp,*/*;q=0.8',
  'accept-encoding' => 'gzip, deflate, sdch',
  'accept-language' => 'zh-CN,zh;q=0.8',
)
[ info ] [ PARAM ] array (
  'ids' => '1,2',
  'version' => 'v1',
)
[ info ] [ RUN ] app\api\controller\v1\Themes->getThemes[ D:\phpstudy2\WWW\tp5\app\api\controller\v1\Themes.php ]
[ info ] [ DB ] INIT mysql
[ info ] [ LOG ] INIT File
[ sql ] [ DB ] CONNECT:[ UseTime:0.010000s ] mysql:dbname=test;host=127.0.0.1;charset=utf8
[ sql ] [ SQL ] SHOW COLUMNS FROM `themes` [ RunTime:0.004000s ]
[ sql ] [ SQL ] SELECT * FROM `themes` WHERE  `id` IN (1,2) [ RunTime:0.000000s ]
[ sql ] [ SQL ] SHOW COLUMNS FROM `img` [ RunTime:0.005000s ]
[ sql ] [ SQL ] SELECT * FROM `img` WHERE  `id` IN (1) [ RunTime:0.000000s ]
[ error ] [1]Class 'app\lib\exception\ThemesException' not found[D:\phpstudy2\WWW\tp5\app\api\controller\v1\Themes.php:16]

---------------------------------------------------------------
[ 2017-07-09T10:10:46+08:00 ] 127.0.0.1 127.0.0.1 GET /api/v1/themes?ids=1,2
[ log ] tp5.com/api/v1/themes?ids=1,2 [运行时间：0.066000s][吞吐率：15.15req/s] [内存消耗：2,912.30kb] [文件加载：62]
[ info ] [ LANG ] D:\phpstudy2\WWW\tp5\thinkphp\lang\zh-cn.php
[ info ] [ ROUTE ] array (
  'type' => 'module',
  'module' => 
  array (
    0 => 'api',
    1 => 'v1.Themes',
    2 => 'getThemes',
  ),
  'convert' => false,
)
[ info ] [ HEADER ] array (
  'host' => 'tp5.com',
  'connection' => 'keep-alive',
  'cache-control' => 'max-age=0',
  'upgrade-insecure-requests' => '1',
  'user-agent' => 'Mozilla/5.0 (Windows NT 6.1; WOW64) AppleWebKit/537.36 (KHTML, like Gecko) Chrome/57.0.2987.110 Safari/537.36',
  'accept' => 'text/html,application/xhtml+xml,application/xml;q=0.9,image/webp,*/*;q=0.8',
  'accept-encoding' => 'gzip, deflate, sdch',
  'accept-language' => 'zh-CN,zh;q=0.8',
)
[ info ] [ PARAM ] array (
  'ids' => '1,2',
  'version' => 'v1',
)
[ info ] [ RUN ] app\api\controller\v1\Themes->getThemes[ D:\phpstudy2\WWW\tp5\app\api\controller\v1\Themes.php ]
[ info ] [ DB ] INIT mysql
[ info ] [ LOG ] INIT File
[ sql ] [ DB ] CONNECT:[ UseTime:0.010000s ] mysql:dbname=test;host=127.0.0.1;charset=utf8
[ sql ] [ SQL ] SHOW COLUMNS FROM `themes` [ RunTime:0.005000s ]
[ sql ] [ SQL ] SELECT * FROM `themes` WHERE  `id` IN (1,2) [ RunTime:0.001000s ]
[ sql ] [ SQL ] SHOW COLUMNS FROM `img` [ RunTime:0.004000s ]
[ sql ] [ SQL ] SELECT * FROM `img` WHERE  `id` IN (1) [ RunTime:0.000000s ]
[ error ] [1]Class 'app\lib\exception\ThemesException' not found[D:\phpstudy2\WWW\tp5\app\api\controller\v1\Themes.php:16]

---------------------------------------------------------------
[ 2017-07-09T10:11:10+08:00 ] 127.0.0.1 127.0.0.1 GET /api/v1/themes?ids=1,2
[ log ] tp5.com/api/v1/themes?ids=1,2 [运行时间：0.076000s][吞吐率：13.16req/s] [内存消耗：2,912.35kb] [文件加载：62]
[ info ] [ LANG ] D:\phpstudy2\WWW\tp5\thinkphp\lang\zh-cn.php
[ info ] [ ROUTE ] array (
  'type' => 'module',
  'module' => 
  array (
    0 => 'api',
    1 => 'v1.Themes',
    2 => 'getThemes',
  ),
  'convert' => false,
)
[ info ] [ HEADER ] array (
  'host' => 'tp5.com',
  'connection' => 'keep-alive',
  'cache-control' => 'max-age=0',
  'upgrade-insecure-requests' => '1',
  'user-agent' => 'Mozilla/5.0 (Windows NT 6.1; WOW64) AppleWebKit/537.36 (KHTML, like Gecko) Chrome/57.0.2987.110 Safari/537.36',
  'accept' => 'text/html,application/xhtml+xml,application/xml;q=0.9,image/webp,*/*;q=0.8',
  'accept-encoding' => 'gzip, deflate, sdch',
  'accept-language' => 'zh-CN,zh;q=0.8',
)
[ info ] [ PARAM ] array (
  'ids' => '1,2',
  'version' => 'v1',
)
[ info ] [ RUN ] app\api\controller\v1\Themes->getThemes[ D:\phpstudy2\WWW\tp5\app\api\controller\v1\Themes.php ]
[ info ] [ DB ] INIT mysql
[ info ] [ LOG ] INIT File
[ sql ] [ DB ] CONNECT:[ UseTime:0.010000s ] mysql:dbname=test;host=127.0.0.1;charset=utf8
[ sql ] [ SQL ] SHOW COLUMNS FROM `themes` [ RunTime:0.004000s ]
[ sql ] [ SQL ] SELECT * FROM `themes` WHERE  `id` IN (1,2) [ RunTime:0.001000s ]
[ sql ] [ SQL ] SHOW COLUMNS FROM `img` [ RunTime:0.004000s ]
[ sql ] [ SQL ] SELECT * FROM `img` WHERE  `id` IN (1) [ RunTime:0.001000s ]
[ error ] [1]Class 'app\lib\exception\ThemesException' not found[D:\phpstudy2\WWW\tp5\app\api\controller\v1\Themes.php:16]

---------------------------------------------------------------
[ 2017-07-09T10:11:47+08:00 ] 127.0.0.1 127.0.0.1 GET /api/v1/themes?ids=1,2
[ log ] tp5.com/api/v1/themes?ids=1,2 [运行时间：0.071000s][吞吐率：14.08req/s] [内存消耗：2,912.30kb] [文件加载：62]
[ info ] [ LANG ] D:\phpstudy2\WWW\tp5\thinkphp\lang\zh-cn.php
[ info ] [ ROUTE ] array (
  'type' => 'module',
  'module' => 
  array (
    0 => 'api',
    1 => 'v1.Themes',
    2 => 'getThemes',
  ),
  'convert' => false,
)
[ info ] [ HEADER ] array (
  'host' => 'tp5.com',
  'connection' => 'keep-alive',
  'cache-control' => 'max-age=0',
  'upgrade-insecure-requests' => '1',
  'user-agent' => 'Mozilla/5.0 (Windows NT 6.1; WOW64) AppleWebKit/537.36 (KHTML, like Gecko) Chrome/57.0.2987.110 Safari/537.36',
  'accept' => 'text/html,application/xhtml+xml,application/xml;q=0.9,image/webp,*/*;q=0.8',
  'accept-encoding' => 'gzip, deflate, sdch',
  'accept-language' => 'zh-CN,zh;q=0.8',
)
[ info ] [ PARAM ] array (
  'ids' => '1,2',
  'version' => 'v1',
)
[ info ] [ RUN ] app\api\controller\v1\Themes->getThemes[ D:\phpstudy2\WWW\tp5\app\api\controller\v1\Themes.php ]
[ info ] [ DB ] INIT mysql
[ info ] [ LOG ] INIT File
[ sql ] [ DB ] CONNECT:[ UseTime:0.010000s ] mysql:dbname=test;host=127.0.0.1;charset=utf8
[ sql ] [ SQL ] SHOW COLUMNS FROM `themes` [ RunTime:0.004000s ]
[ sql ] [ SQL ] SELECT * FROM `themes` WHERE  `id` IN (1,2) [ RunTime:0.000000s ]
[ sql ] [ SQL ] SHOW COLUMNS FROM `img` [ RunTime:0.004000s ]
[ sql ] [ SQL ] SELECT * FROM `img` WHERE  `id` IN (1) [ RunTime:0.000000s ]
[ error ] [1]Class 'app\lib\exception\ThemesException' not found[D:\phpstudy2\WWW\tp5\app\api\controller\v1\Themes.php:17]

---------------------------------------------------------------
[ 2017-07-09T10:12:03+08:00 ] 127.0.0.1 127.0.0.1 GET /api/v1/themes?ids=1,2
[ log ] tp5.com/api/v1/themes?ids=1,2 [运行时间：0.855000s][吞吐率：1.17req/s] [内存消耗：2,904.83kb] [文件加载：61]
[ info ] [ LANG ] D:\phpstudy2\WWW\tp5\thinkphp\lang\zh-cn.php
[ info ] [ ROUTE ] array (
  'type' => 'module',
  'module' => 
  array (
    0 => 'api',
    1 => 'v1.Themes',
    2 => 'getThemes',
  ),
  'convert' => false,
)
[ info ] [ HEADER ] array (
  'host' => 'tp5.com',
  'connection' => 'keep-alive',
  'cache-control' => 'max-age=0',
  'upgrade-insecure-requests' => '1',
  'user-agent' => 'Mozilla/5.0 (Windows NT 6.1; WOW64) AppleWebKit/537.36 (KHTML, like Gecko) Chrome/57.0.2987.110 Safari/537.36',
  'accept' => 'text/html,application/xhtml+xml,application/xml;q=0.9,image/webp,*/*;q=0.8',
  'accept-encoding' => 'gzip, deflate, sdch',
  'accept-language' => 'zh-CN,zh;q=0.8',
)
[ info ] [ PARAM ] array (
  'ids' => '1,2',
  'version' => 'v1',
)
[ info ] [ RUN ] app\api\controller\v1\Themes->getThemes[ D:\phpstudy2\WWW\tp5\app\api\controller\v1\Themes.php ]
[ info ] [ DB ] INIT mysql
[ info ] [ LOG ] INIT File
[ sql ] [ DB ] CONNECT:[ UseTime:0.010000s ] mysql:dbname=test;host=127.0.0.1;charset=utf8
[ sql ] [ SQL ] SHOW COLUMNS FROM `themes` [ RunTime:0.005000s ]
[ sql ] [ SQL ] SELECT * FROM `themes` WHERE  `id` IN (1,2) [ RunTime:0.001000s ]
[ sql ] [ SQL ] SHOW COLUMNS FROM `img` [ RunTime:0.004000s ]
[ sql ] [ SQL ] SELECT * FROM `img` WHERE  `id` IN (1) [ RunTime:0.000000s ]
[ error ] [404][D:\phpstudy2\WWW\tp5\app\api\controller\v1\Themes.php:17]

---------------------------------------------------------------
[ 2017-07-09T10:14:52+08:00 ] 127.0.0.1 127.0.0.1 GET /api/v1/themes?ids=1,2
[ log ] tp5.com/api/v1/themes?ids=1,2 [运行时间：0.884000s][吞吐率：1.13req/s] [内存消耗：2,904.83kb] [文件加载：61]
[ info ] [ LANG ] D:\phpstudy2\WWW\tp5\thinkphp\lang\zh-cn.php
[ info ] [ ROUTE ] array (
  'type' => 'module',
  'module' => 
  array (
    0 => 'api',
    1 => 'v1.Themes',
    2 => 'getThemes',
  ),
  'convert' => false,
)
[ info ] [ HEADER ] array (
  'host' => 'tp5.com',
  'connection' => 'keep-alive',
  'cache-control' => 'max-age=0',
  'upgrade-insecure-requests' => '1',
  'user-agent' => 'Mozilla/5.0 (Windows NT 6.1; WOW64) AppleWebKit/537.36 (KHTML, like Gecko) Chrome/57.0.2987.110 Safari/537.36',
  'accept' => 'text/html,application/xhtml+xml,application/xml;q=0.9,image/webp,*/*;q=0.8',
  'accept-encoding' => 'gzip, deflate, sdch',
  'accept-language' => 'zh-CN,zh;q=0.8',
)
[ info ] [ PARAM ] array (
  'ids' => '1,2',
  'version' => 'v1',
)
[ info ] [ RUN ] app\api\controller\v1\Themes->getThemes[ D:\phpstudy2\WWW\tp5\app\api\controller\v1\Themes.php ]
[ info ] [ DB ] INIT mysql
[ info ] [ LOG ] INIT File
[ sql ] [ DB ] CONNECT:[ UseTime:0.010000s ] mysql:dbname=test;host=127.0.0.1;charset=utf8
[ sql ] [ SQL ] SHOW COLUMNS FROM `themes` [ RunTime:0.004000s ]
[ sql ] [ SQL ] SELECT * FROM `themes` WHERE  `id` IN (1,2) [ RunTime:0.001000s ]
[ sql ] [ SQL ] SHOW COLUMNS FROM `img` [ RunTime:0.004000s ]
[ sql ] [ SQL ] SELECT * FROM `img` WHERE  `id` IN (1) [ RunTime:0.001000s ]
[ error ] [404][D:\phpstudy2\WWW\tp5\app\api\controller\v1\Themes.php:17]

---------------------------------------------------------------
[ 2017-07-09T10:15:06+08:00 ] 127.0.0.1 127.0.0.1 GET /api/v1/themes?ids=1,2
[ log ] tp5.com/api/v1/themes?ids=1,2 [运行时间：0.886000s][吞吐率：1.13req/s] [内存消耗：2,904.79kb] [文件加载：61]
[ info ] [ LANG ] D:\phpstudy2\WWW\tp5\thinkphp\lang\zh-cn.php
[ info ] [ ROUTE ] array (
  'type' => 'module',
  'module' => 
  array (
    0 => 'api',
    1 => 'v1.Themes',
    2 => 'getThemes',
  ),
  'convert' => false,
)
[ info ] [ HEADER ] array (
  'host' => 'tp5.com',
  'connection' => 'keep-alive',
  'cache-control' => 'max-age=0',
  'upgrade-insecure-requests' => '1',
  'user-agent' => 'Mozilla/5.0 (Windows NT 6.1; WOW64) AppleWebKit/537.36 (KHTML, like Gecko) Chrome/57.0.2987.110 Safari/537.36',
  'accept' => 'text/html,application/xhtml+xml,application/xml;q=0.9,image/webp,*/*;q=0.8',
  'accept-encoding' => 'gzip, deflate, sdch',
  'accept-language' => 'zh-CN,zh;q=0.8',
)
[ info ] [ PARAM ] array (
  'ids' => '1,2',
  'version' => 'v1',
)
[ info ] [ RUN ] app\api\controller\v1\Themes->getThemes[ D:\phpstudy2\WWW\tp5\app\api\controller\v1\Themes.php ]
[ info ] [ DB ] INIT mysql
[ info ] [ LOG ] INIT File
[ sql ] [ DB ] CONNECT:[ UseTime:0.001000s ] mysql:dbname=test;host=127.0.0.1;charset=utf8
[ sql ] [ SQL ] SHOW COLUMNS FROM `themes` [ RunTime:0.004000s ]
[ sql ] [ SQL ] SELECT * FROM `themes` WHERE  `id` IN (1,2) [ RunTime:0.000000s ]
[ sql ] [ SQL ] SHOW COLUMNS FROM `img` [ RunTime:0.003000s ]
[ sql ] [ SQL ] SELECT * FROM `img` WHERE  `id` IN (1) [ RunTime:0.000000s ]
[ error ] [404][D:\phpstudy2\WWW\tp5\app\api\controller\v1\Themes.php:16]

---------------------------------------------------------------
[ 2017-07-09T10:15:41+08:00 ] 127.0.0.1 127.0.0.1 GET /api/v1/themes?ids=1,2
[ log ] tp5.com/api/v1/themes?ids=1,2 [运行时间：0.881000s][吞吐率：1.14req/s] [内存消耗：2,904.46kb] [文件加载：61]
[ info ] [ LANG ] D:\phpstudy2\WWW\tp5\thinkphp\lang\zh-cn.php
[ info ] [ ROUTE ] array (
  'type' => 'module',
  'module' => 
  array (
    0 => 'api',
    1 => 'v1.Themes',
    2 => 'getThemes',
  ),
  'convert' => false,
)
[ info ] [ HEADER ] array (
  'host' => 'tp5.com',
  'connection' => 'keep-alive',
  'cache-control' => 'max-age=0',
  'upgrade-insecure-requests' => '1',
  'user-agent' => 'Mozilla/5.0 (Windows NT 6.1; WOW64) AppleWebKit/537.36 (KHTML, like Gecko) Chrome/57.0.2987.110 Safari/537.36',
  'accept' => 'text/html,application/xhtml+xml,application/xml;q=0.9,image/webp,*/*;q=0.8',
  'accept-encoding' => 'gzip, deflate, sdch',
  'accept-language' => 'zh-CN,zh;q=0.8',
)
[ info ] [ PARAM ] array (
  'ids' => '1,2',
  'version' => 'v1',
)
[ info ] [ RUN ] app\api\controller\v1\Themes->getThemes[ D:\phpstudy2\WWW\tp5\app\api\controller\v1\Themes.php ]
[ info ] [ DB ] INIT mysql
[ info ] [ LOG ] INIT File
[ sql ] [ DB ] CONNECT:[ UseTime:0.001000s ] mysql:dbname=test;host=127.0.0.1;charset=utf8
[ sql ] [ SQL ] SHOW COLUMNS FROM `themes` [ RunTime:0.005000s ]
[ sql ] [ SQL ] SELECT * FROM `themes` WHERE  `id` IN (1,2) [ RunTime:0.000000s ]
[ sql ] [ SQL ] SHOW COLUMNS FROM `img` [ RunTime:0.004000s ]
[ sql ] [ SQL ] SELECT * FROM `img` WHERE  `id` IN (1) [ RunTime:0.001000s ]
[ error ] [404][D:\phpstudy2\WWW\tp5\app\api\controller\v1\Themes.php:16]

---------------------------------------------------------------
[ 2017-07-09T10:15:43+08:00 ] 127.0.0.1 127.0.0.1 GET /api/v1/themes?ids=1
[ log ] tp5.com/api/v1/themes?ids=1 [运行时间：0.850000s][吞吐率：1.18req/s] [内存消耗：2,904.16kb] [文件加载：61]
[ info ] [ LANG ] D:\phpstudy2\WWW\tp5\thinkphp\lang\zh-cn.php
[ info ] [ ROUTE ] array (
  'type' => 'module',
  'module' => 
  array (
    0 => 'api',
    1 => 'v1.Themes',
    2 => 'getThemes',
  ),
  'convert' => false,
)
[ info ] [ HEADER ] array (
  'host' => 'tp5.com',
  'connection' => 'keep-alive',
  'upgrade-insecure-requests' => '1',
  'user-agent' => 'Mozilla/5.0 (Windows NT 6.1; WOW64) AppleWebKit/537.36 (KHTML, like Gecko) Chrome/57.0.2987.110 Safari/537.36',
  'accept' => 'text/html,application/xhtml+xml,application/xml;q=0.9,image/webp,*/*;q=0.8',
  'accept-encoding' => 'gzip, deflate, sdch',
  'accept-language' => 'zh-CN,zh;q=0.8',
)
[ info ] [ PARAM ] array (
  'ids' => '1',
  'version' => 'v1',
)
[ info ] [ RUN ] app\api\controller\v1\Themes->getThemes[ D:\phpstudy2\WWW\tp5\app\api\controller\v1\Themes.php ]
[ info ] [ DB ] INIT mysql
[ info ] [ LOG ] INIT File
[ sql ] [ DB ] CONNECT:[ UseTime:0.011000s ] mysql:dbname=test;host=127.0.0.1;charset=utf8
[ sql ] [ SQL ] SHOW COLUMNS FROM `themes` [ RunTime:0.004000s ]
[ sql ] [ SQL ] SELECT * FROM `themes` WHERE  `id` IN (1) [ RunTime:0.001000s ]
[ sql ] [ SQL ] SHOW COLUMNS FROM `img` [ RunTime:0.004000s ]
[ sql ] [ SQL ] SELECT * FROM `img` WHERE  `id` IN (1) [ RunTime:0.001000s ]
[ error ] [404][D:\phpstudy2\WWW\tp5\app\api\controller\v1\Themes.php:16]

---------------------------------------------------------------
[ 2017-07-09T10:15:47+08:00 ] 127.0.0.1 127.0.0.1 GET /api/v1/themes?ids=1
[ log ] tp5.com/api/v1/themes?ids=1 [运行时间：0.886000s][吞吐率：1.13req/s] [内存消耗：2,904.48kb] [文件加载：61]
[ info ] [ LANG ] D:\phpstudy2\WWW\tp5\thinkphp\lang\zh-cn.php
[ info ] [ ROUTE ] array (
  'type' => 'module',
  'module' => 
  array (
    0 => 'api',
    1 => 'v1.Themes',
    2 => 'getThemes',
  ),
  'convert' => false,
)
[ info ] [ HEADER ] array (
  'host' => 'tp5.com',
  'connection' => 'keep-alive',
  'cache-control' => 'max-age=0',
  'upgrade-insecure-requests' => '1',
  'user-agent' => 'Mozilla/5.0 (Windows NT 6.1; WOW64) AppleWebKit/537.36 (KHTML, like Gecko) Chrome/57.0.2987.110 Safari/537.36',
  'accept' => 'text/html,application/xhtml+xml,application/xml;q=0.9,image/webp,*/*;q=0.8',
  'accept-encoding' => 'gzip, deflate, sdch',
  'accept-language' => 'zh-CN,zh;q=0.8',
)
[ info ] [ PARAM ] array (
  'ids' => '1',
  'version' => 'v1',
)
[ info ] [ RUN ] app\api\controller\v1\Themes->getThemes[ D:\phpstudy2\WWW\tp5\app\api\controller\v1\Themes.php ]
[ info ] [ DB ] INIT mysql
[ info ] [ LOG ] INIT File
[ sql ] [ DB ] CONNECT:[ UseTime:0.010000s ] mysql:dbname=test;host=127.0.0.1;charset=utf8
[ sql ] [ SQL ] SHOW COLUMNS FROM `themes` [ RunTime:0.004000s ]
[ sql ] [ SQL ] SELECT * FROM `themes` WHERE  `id` IN (1) [ RunTime:0.001000s ]
[ sql ] [ SQL ] SHOW COLUMNS FROM `img` [ RunTime:0.003000s ]
[ sql ] [ SQL ] SELECT * FROM `img` WHERE  `id` IN (1) [ RunTime:0.000000s ]
[ error ] [404][D:\phpstudy2\WWW\tp5\app\api\controller\v1\Themes.php:16]

---------------------------------------------------------------
[ 2017-07-09T10:16:09+08:00 ] 127.0.0.1 127.0.0.1 GET /api/v1/themes?ids=1,2
[ log ] tp5.com/api/v1/themes?ids=1,2 [运行时间：0.904000s][吞吐率：1.11req/s] [内存消耗：2,904.16kb] [文件加载：61]
[ info ] [ LANG ] D:\phpstudy2\WWW\tp5\thinkphp\lang\zh-cn.php
[ info ] [ ROUTE ] array (
  'type' => 'module',
  'module' => 
  array (
    0 => 'api',
    1 => 'v1.Themes',
    2 => 'getThemes',
  ),
  'convert' => false,
)
[ info ] [ HEADER ] array (
  'host' => 'tp5.com',
  'connection' => 'keep-alive',
  'upgrade-insecure-requests' => '1',
  'user-agent' => 'Mozilla/5.0 (Windows NT 6.1; WOW64) AppleWebKit/537.36 (KHTML, like Gecko) Chrome/57.0.2987.110 Safari/537.36',
  'accept' => 'text/html,application/xhtml+xml,application/xml;q=0.9,image/webp,*/*;q=0.8',
  'accept-encoding' => 'gzip, deflate, sdch',
  'accept-language' => 'zh-CN,zh;q=0.8',
)
[ info ] [ PARAM ] array (
  'ids' => '1,2',
  'version' => 'v1',
)
[ info ] [ RUN ] app\api\controller\v1\Themes->getThemes[ D:\phpstudy2\WWW\tp5\app\api\controller\v1\Themes.php ]
[ info ] [ DB ] INIT mysql
[ info ] [ LOG ] INIT File
[ sql ] [ DB ] CONNECT:[ UseTime:0.011000s ] mysql:dbname=test;host=127.0.0.1;charset=utf8
[ sql ] [ SQL ] SHOW COLUMNS FROM `themes` [ RunTime:0.004000s ]
[ sql ] [ SQL ] SELECT * FROM `themes` WHERE  `id` IN (1,2) [ RunTime:0.001000s ]
[ sql ] [ SQL ] SHOW COLUMNS FROM `img` [ RunTime:0.004000s ]
[ sql ] [ SQL ] SELECT * FROM `img` WHERE  `id` IN (1) [ RunTime:0.001000s ]
[ error ] [404][D:\phpstudy2\WWW\tp5\app\api\controller\v1\Themes.php:16]

---------------------------------------------------------------
[ 2017-07-09T10:16:13+08:00 ] 127.0.0.1 127.0.0.1 GET /api/v1/themes?ids=1
[ log ] tp5.com/api/v1/themes?ids=1 [运行时间：0.984000s][吞吐率：1.02req/s] [内存消耗：2,904.16kb] [文件加载：61]
[ info ] [ LANG ] D:\phpstudy2\WWW\tp5\thinkphp\lang\zh-cn.php
[ info ] [ ROUTE ] array (
  'type' => 'module',
  'module' => 
  array (
    0 => 'api',
    1 => 'v1.Themes',
    2 => 'getThemes',
  ),
  'convert' => false,
)
[ info ] [ HEADER ] array (
  'host' => 'tp5.com',
  'connection' => 'keep-alive',
  'upgrade-insecure-requests' => '1',
  'user-agent' => 'Mozilla/5.0 (Windows NT 6.1; WOW64) AppleWebKit/537.36 (KHTML, like Gecko) Chrome/57.0.2987.110 Safari/537.36',
  'accept' => 'text/html,application/xhtml+xml,application/xml;q=0.9,image/webp,*/*;q=0.8',
  'accept-encoding' => 'gzip, deflate, sdch',
  'accept-language' => 'zh-CN,zh;q=0.8',
)
[ info ] [ PARAM ] array (
  'ids' => '1',
  'version' => 'v1',
)
[ info ] [ RUN ] app\api\controller\v1\Themes->getThemes[ D:\phpstudy2\WWW\tp5\app\api\controller\v1\Themes.php ]
[ info ] [ DB ] INIT mysql
[ info ] [ LOG ] INIT File
[ sql ] [ DB ] CONNECT:[ UseTime:0.010000s ] mysql:dbname=test;host=127.0.0.1;charset=utf8
[ sql ] [ SQL ] SHOW COLUMNS FROM `themes` [ RunTime:0.065000s ]
[ sql ] [ SQL ] SELECT * FROM `themes` WHERE  `id` IN (1) [ RunTime:0.001000s ]
[ sql ] [ SQL ] SHOW COLUMNS FROM `img` [ RunTime:0.007000s ]
[ sql ] [ SQL ] SELECT * FROM `img` WHERE  `id` IN (1) [ RunTime:0.001000s ]
[ error ] [404][D:\phpstudy2\WWW\tp5\app\api\controller\v1\Themes.php:16]

---------------------------------------------------------------
[ 2017-07-09T10:16:53+08:00 ] 127.0.0.1 127.0.0.1 GET /api/v1/themes?ids=1
[ log ] tp5.com/api/v1/themes?ids=1 [运行时间：0.834000s][吞吐率：1.20req/s] [内存消耗：1,640.48kb] [文件加载：46]
[ info ] [ LANG ] D:\phpstudy2\WWW\tp5\thinkphp\lang\zh-cn.php
[ info ] [ ROUTE ] array (
  'type' => 'module',
  'module' => 
  array (
    0 => 'api',
    1 => 'v1.Themes',
    2 => 'getThemes',
  ),
  'convert' => false,
)
[ info ] [ HEADER ] array (
  'host' => 'tp5.com',
  'connection' => 'keep-alive',
  'cache-control' => 'max-age=0',
  'upgrade-insecure-requests' => '1',
  'user-agent' => 'Mozilla/5.0 (Windows NT 6.1; WOW64) AppleWebKit/537.36 (KHTML, like Gecko) Chrome/57.0.2987.110 Safari/537.36',
  'accept' => 'text/html,application/xhtml+xml,application/xml;q=0.9,image/webp,*/*;q=0.8',
  'accept-encoding' => 'gzip, deflate, sdch',
  'accept-language' => 'zh-CN,zh;q=0.8',
)
[ info ] [ PARAM ] array (
  'ids' => '1',
  'version' => 'v1',
)
[ info ] [ RUN ] app\api\controller\v1\Themes->getThemes[ D:\phpstudy2\WWW\tp5\app\api\controller\v1\Themes.php ]
[ info ] [ LOG ] INIT File
[ error ] [8]Array to string conversion[D:\phpstudy2\WWW\tp5\app\api\controller\v1\Themes.php:13]

---------------------------------------------------------------
[ 2017-07-09T10:17:07+08:00 ] 127.0.0.1 127.0.0.1 GET /api/v1/themes?ids=1
[ log ] tp5.com/api/v1/themes?ids=1 [运行时间：0.892000s][吞吐率：1.12req/s] [内存消耗：2,904.73kb] [文件加载：61]
[ info ] [ LANG ] D:\phpstudy2\WWW\tp5\thinkphp\lang\zh-cn.php
[ info ] [ ROUTE ] array (
  'type' => 'module',
  'module' => 
  array (
    0 => 'api',
    1 => 'v1.Themes',
    2 => 'getThemes',
  ),
  'convert' => false,
)
[ info ] [ HEADER ] array (
  'host' => 'tp5.com',
  'connection' => 'keep-alive',
  'cache-control' => 'max-age=0',
  'upgrade-insecure-requests' => '1',
  'user-agent' => 'Mozilla/5.0 (Windows NT 6.1; WOW64) AppleWebKit/537.36 (KHTML, like Gecko) Chrome/57.0.2987.110 Safari/537.36',
  'accept' => 'text/html,application/xhtml+xml,application/xml;q=0.9,image/webp,*/*;q=0.8',
  'accept-encoding' => 'gzip, deflate, sdch',
  'accept-language' => 'zh-CN,zh;q=0.8',
)
[ info ] [ PARAM ] array (
  'ids' => '1',
  'version' => 'v1',
)
[ info ] [ RUN ] app\api\controller\v1\Themes->getThemes[ D:\phpstudy2\WWW\tp5\app\api\controller\v1\Themes.php ]
[ info ] [ DB ] INIT mysql
[ info ] [ LOG ] INIT File
[ sql ] [ DB ] CONNECT:[ UseTime:0.010000s ] mysql:dbname=test;host=127.0.0.1;charset=utf8
[ sql ] [ SQL ] SHOW COLUMNS FROM `themes` [ RunTime:0.004000s ]
[ sql ] [ SQL ] SELECT * FROM `themes` WHERE  `id` IN (1) [ RunTime:0.000000s ]
[ sql ] [ SQL ] SHOW COLUMNS FROM `img` [ RunTime:0.005000s ]
[ sql ] [ SQL ] SELECT * FROM `img` WHERE  `id` IN (1) [ RunTime:0.000000s ]
[ error ] [404][D:\phpstudy2\WWW\tp5\app\api\controller\v1\Themes.php:17]

---------------------------------------------------------------
[ 2017-07-09T10:17:24+08:00 ] 127.0.0.1 127.0.0.1 GET /api/v1/themes?ids=1
[ log ] tp5.com/api/v1/themes?ids=1 [运行时间：0.892000s][吞吐率：1.12req/s] [内存消耗：2,904.78kb] [文件加载：61]
[ info ] [ LANG ] D:\phpstudy2\WWW\tp5\thinkphp\lang\zh-cn.php
[ info ] [ ROUTE ] array (
  'type' => 'module',
  'module' => 
  array (
    0 => 'api',
    1 => 'v1.Themes',
    2 => 'getThemes',
  ),
  'convert' => false,
)
[ info ] [ HEADER ] array (
  'host' => 'tp5.com',
  'connection' => 'keep-alive',
  'cache-control' => 'max-age=0',
  'upgrade-insecure-requests' => '1',
  'user-agent' => 'Mozilla/5.0 (Windows NT 6.1; WOW64) AppleWebKit/537.36 (KHTML, like Gecko) Chrome/57.0.2987.110 Safari/537.36',
  'accept' => 'text/html,application/xhtml+xml,application/xml;q=0.9,image/webp,*/*;q=0.8',
  'accept-encoding' => 'gzip, deflate, sdch',
  'accept-language' => 'zh-CN,zh;q=0.8',
)
[ info ] [ PARAM ] array (
  'ids' => '1',
  'version' => 'v1',
)
[ info ] [ RUN ] app\api\controller\v1\Themes->getThemes[ D:\phpstudy2\WWW\tp5\app\api\controller\v1\Themes.php ]
[ info ] [ DB ] INIT mysql
[ info ] [ LOG ] INIT File
[ sql ] [ DB ] CONNECT:[ UseTime:0.010000s ] mysql:dbname=test;host=127.0.0.1;charset=utf8
[ sql ] [ SQL ] SHOW COLUMNS FROM `themes` [ RunTime:0.005000s ]
[ sql ] [ SQL ] SELECT * FROM `themes` WHERE  `id` IN (1) [ RunTime:0.000000s ]
[ sql ] [ SQL ] SHOW COLUMNS FROM `img` [ RunTime:0.004000s ]
[ sql ] [ SQL ] SELECT * FROM `img` WHERE  `id` IN (1) [ RunTime:0.001000s ]
[ error ] [404][D:\phpstudy2\WWW\tp5\app\api\controller\v1\Themes.php:18]

---------------------------------------------------------------
[ 2017-07-09T10:19:44+08:00 ] 127.0.0.1 127.0.0.1 GET /api/v1/themes?ids=1
[ log ] tp5.com/api/v1/themes?ids=1 [运行时间：0.864000s][吞吐率：1.16req/s] [内存消耗：2,877.32kb] [文件加载：58]
[ info ] [ LANG ] D:\phpstudy2\WWW\tp5\thinkphp\lang\zh-cn.php
[ info ] [ ROUTE ] array (
  'type' => 'module',
  'module' => 
  array (
    0 => 'api',
    1 => 'v1.Themes',
    2 => 'getThemes',
  ),
  'convert' => false,
)
[ info ] [ HEADER ] array (
  'host' => 'tp5.com',
  'connection' => 'keep-alive',
  'cache-control' => 'max-age=0',
  'upgrade-insecure-requests' => '1',
  'user-agent' => 'Mozilla/5.0 (Windows NT 6.1; WOW64) AppleWebKit/537.36 (KHTML, like Gecko) Chrome/57.0.2987.110 Safari/537.36',
  'accept' => 'text/html,application/xhtml+xml,application/xml;q=0.9,image/webp,*/*;q=0.8',
  'accept-encoding' => 'gzip, deflate, sdch',
  'accept-language' => 'zh-CN,zh;q=0.8',
)
[ info ] [ PARAM ] array (
  'ids' => '1',
  'version' => 'v1',
)
[ info ] [ RUN ] app\api\controller\v1\Themes->getThemes[ D:\phpstudy2\WWW\tp5\app\api\controller\v1\Themes.php ]
[ info ] [ DB ] INIT mysql
[ info ] [ LOG ] INIT File
[ sql ] [ DB ] CONNECT:[ UseTime:0.000000s ] mysql:dbname=test;host=127.0.0.1;charset=utf8
[ sql ] [ SQL ] SHOW COLUMNS FROM `themes` [ RunTime:0.004000s ]
[ sql ] [ SQL ] SELECT * FROM `themes` WHERE  `id` IN (1) [ RunTime:0.000000s ]
[ sql ] [ SQL ] SHOW COLUMNS FROM `img` [ RunTime:0.006000s ]
[ sql ] [ SQL ] SELECT * FROM `img` WHERE  `id` IN (1) [ RunTime:0.000000s ]
[ error ] [0]variable type error： array[D:\phpstudy2\WWW\tp5\thinkphp\library\think\Response.php:312]

---------------------------------------------------------------
[ 2017-07-09T10:27:09+08:00 ] 127.0.0.1 127.0.0.1 GET /api/v1/themes?ids=1%2C3
[ log ] tp5.com/api/v1/themes?ids=1%2C3 [运行时间：0.866000s][吞吐率：1.15req/s] [内存消耗：2,876.77kb] [文件加载：58]
[ info ] [ LANG ] D:\phpstudy2\WWW\tp5\thinkphp\lang\zh-cn.php
[ info ] [ ROUTE ] array (
  'type' => 'module',
  'module' => 
  array (
    0 => 'api',
    1 => 'v1.Themes',
    2 => 'getThemes',
  ),
  'convert' => false,
)
[ info ] [ HEADER ] array (
  'host' => 'tp5.com',
  'connection' => 'keep-alive',
  'user-agent' => 'Mozilla/5.0 (Windows NT 6.1; WOW64) AppleWebKit/537.36 (KHTML, like Gecko) Chrome/57.0.2987.110 Safari/537.36',
  'accept' => '*/*',
  'accept-encoding' => 'gzip, deflate, sdch',
  'accept-language' => 'zh-CN,zh;q=0.8',
)
[ info ] [ PARAM ] array (
  'ids' => '1,3',
  'version' => 'v1',
)
[ info ] [ RUN ] app\api\controller\v1\Themes->getThemes[ D:\phpstudy2\WWW\tp5\app\api\controller\v1\Themes.php ]
[ info ] [ DB ] INIT mysql
[ info ] [ LOG ] INIT File
[ sql ] [ DB ] CONNECT:[ UseTime:0.011000s ] mysql:dbname=test;host=127.0.0.1;charset=utf8
[ sql ] [ SQL ] SHOW COLUMNS FROM `themes` [ RunTime:0.004000s ]
[ sql ] [ SQL ] SELECT * FROM `themes` WHERE  `id` IN (1,3) [ RunTime:0.000000s ]
[ sql ] [ SQL ] SHOW COLUMNS FROM `img` [ RunTime:0.003000s ]
[ sql ] [ SQL ] SELECT * FROM `img` WHERE  `id` IN (1) [ RunTime:0.000000s ]
[ error ] [0]variable type error： array[D:\phpstudy2\WWW\tp5\thinkphp\library\think\Response.php:312]

---------------------------------------------------------------
[ 2017-07-09T10:27:21+08:00 ] 127.0.0.1 127.0.0.1 GET /api/v1/themes?ids=1%2C3
[ log ] tp5.com/api/v1/themes?ids=1%2C3 [运行时间：0.456000s][吞吐率：2.19req/s] [内存消耗：2,827.34kb] [文件加载：55]
[ info ] [ LANG ] D:\phpstudy2\WWW\tp5\thinkphp\lang\zh-cn.php
[ info ] [ ROUTE ] array (
  'type' => 'module',
  'module' => 
  array (
    0 => 'api',
    1 => 'v1.Themes',
    2 => 'getThemes',
  ),
  'convert' => false,
)
[ info ] [ HEADER ] array (
  'host' => 'tp5.com',
  'connection' => 'keep-alive',
  'user-agent' => 'Mozilla/5.0 (Windows NT 6.1; WOW64) AppleWebKit/537.36 (KHTML, like Gecko) Chrome/57.0.2987.110 Safari/537.36',
  'accept' => '*/*',
  'accept-encoding' => 'gzip, deflate, sdch',
  'accept-language' => 'zh-CN,zh;q=0.8',
)
[ info ] [ PARAM ] array (
  'ids' => '1,3',
  'version' => 'v1',
)
[ info ] [ RUN ] app\api\controller\v1\Themes->getThemes[ D:\phpstudy2\WWW\tp5\app\api\controller\v1\Themes.php ]
[ info ] [ DB ] INIT mysql
[ info ] [ LOG ] INIT File
[ sql ] [ DB ] CONNECT:[ UseTime:0.001000s ] mysql:dbname=test;host=127.0.0.1;charset=utf8
[ sql ] [ SQL ] SHOW COLUMNS FROM `themes` [ RunTime:0.004000s ]
[ sql ] [ SQL ] SELECT * FROM `themes` WHERE  `id` IN (1,3) [ RunTime:0.001000s ]
[ sql ] [ SQL ] SHOW COLUMNS FROM `img` [ RunTime:0.004000s ]
[ sql ] [ SQL ] SELECT * FROM `img` WHERE  `id` IN (1) [ RunTime:0.001000s ]

---------------------------------------------------------------
[ 2017-07-09T10:28:11+08:00 ] 127.0.0.1 127.0.0.1 GET /api/v1/themes?ids=1%2C3
[ log ] tp5.com/api/v1/themes?ids=1%2C3 [运行时间：0.470000s][吞吐率：2.13req/s] [内存消耗：2,827.52kb] [文件加载：55]
[ info ] [ LANG ] D:\phpstudy2\WWW\tp5\thinkphp\lang\zh-cn.php
[ info ] [ ROUTE ] array (
  'type' => 'module',
  'module' => 
  array (
    0 => 'api',
    1 => 'v1.Themes',
    2 => 'getThemes',
  ),
  'convert' => false,
)
[ info ] [ HEADER ] array (
  'host' => 'tp5.com',
  'connection' => 'keep-alive',
  'user-agent' => 'Mozilla/5.0 (Windows NT 6.1; WOW64) AppleWebKit/537.36 (KHTML, like Gecko) Chrome/57.0.2987.110 Safari/537.36',
  'accept' => '*/*',
  'accept-encoding' => 'gzip, deflate, sdch',
  'accept-language' => 'zh-CN,zh;q=0.8',
)
[ info ] [ PARAM ] array (
  'ids' => '1,3',
  'version' => 'v1',
)
[ info ] [ RUN ] app\api\controller\v1\Themes->getThemes[ D:\phpstudy2\WWW\tp5\app\api\controller\v1\Themes.php ]
[ info ] [ DB ] INIT mysql
[ info ] [ LOG ] INIT File
[ sql ] [ DB ] CONNECT:[ UseTime:0.010000s ] mysql:dbname=test;host=127.0.0.1;charset=utf8
[ sql ] [ SQL ] SHOW COLUMNS FROM `themes` [ RunTime:0.004000s ]
[ sql ] [ SQL ] SELECT * FROM `themes` WHERE  `id` IN (1,3) [ RunTime:0.000000s ]
[ sql ] [ SQL ] SHOW COLUMNS FROM `img` [ RunTime:0.003000s ]
[ sql ] [ SQL ] SELECT * FROM `img` WHERE  `id` IN (1) [ RunTime:0.000000s ]

---------------------------------------------------------------
[ 2017-07-09T10:28:19+08:00 ] 127.0.0.1 127.0.0.1 GET /api/v1/themes?ids=1%2C3
[ log ] tp5.com/api/v1/themes?ids=1%2C3 [运行时间：0.897000s][吞吐率：1.11req/s] [内存消耗：2,876.85kb] [文件加载：58]
[ info ] [ LANG ] D:\phpstudy2\WWW\tp5\thinkphp\lang\zh-cn.php
[ info ] [ ROUTE ] array (
  'type' => 'module',
  'module' => 
  array (
    0 => 'api',
    1 => 'v1.Themes',
    2 => 'getThemes',
  ),
  'convert' => false,
)
[ info ] [ HEADER ] array (
  'host' => 'tp5.com',
  'connection' => 'keep-alive',
  'user-agent' => 'Mozilla/5.0 (Windows NT 6.1; WOW64) AppleWebKit/537.36 (KHTML, like Gecko) Chrome/57.0.2987.110 Safari/537.36',
  'accept' => '*/*',
  'accept-encoding' => 'gzip, deflate, sdch',
  'accept-language' => 'zh-CN,zh;q=0.8',
)
[ info ] [ PARAM ] array (
  'ids' => '1,3',
  'version' => 'v1',
)
[ info ] [ RUN ] app\api\controller\v1\Themes->getThemes[ D:\phpstudy2\WWW\tp5\app\api\controller\v1\Themes.php ]
[ info ] [ DB ] INIT mysql
[ info ] [ LOG ] INIT File
[ sql ] [ DB ] CONNECT:[ UseTime:0.010000s ] mysql:dbname=test;host=127.0.0.1;charset=utf8
[ sql ] [ SQL ] SHOW COLUMNS FROM `themes` [ RunTime:0.004000s ]
[ sql ] [ SQL ] SELECT * FROM `themes` WHERE  `id` IN (1,3) [ RunTime:0.001000s ]
[ sql ] [ SQL ] SHOW COLUMNS FROM `img` [ RunTime:0.004000s ]
[ sql ] [ SQL ] SELECT * FROM `img` WHERE  `id` IN (1) [ RunTime:0.001000s ]
[ error ] [0]variable type error： array[D:\phpstudy2\WWW\tp5\thinkphp\library\think\Response.php:312]

---------------------------------------------------------------
[ 2017-07-09T10:38:36+08:00 ] 127.0.0.1 127.0.0.1 GET /api/v1/themes?ids=1%2C3
[ log ] tp5.com/api/v1/themes?ids=1%2C3 [运行时间：0.446000s][吞吐率：2.24req/s] [内存消耗：2,827.98kb] [文件加载：55]
[ info ] [ LANG ] D:\phpstudy2\WWW\tp5\thinkphp\lang\zh-cn.php
[ info ] [ ROUTE ] array (
  'type' => 'module',
  'module' => 
  array (
    0 => 'api',
    1 => 'v1.Themes',
    2 => 'getThemes',
  ),
  'convert' => false,
)
[ info ] [ HEADER ] array (
  'host' => 'tp5.com',
  'connection' => 'keep-alive',
  'user-agent' => 'Mozilla/5.0 (Windows NT 6.1; WOW64) AppleWebKit/537.36 (KHTML, like Gecko) Chrome/57.0.2987.110 Safari/537.36',
  'accept' => '*/*',
  'accept-encoding' => 'gzip, deflate, sdch',
  'accept-language' => 'zh-CN,zh;q=0.8',
)
[ info ] [ PARAM ] array (
  'ids' => '1,3',
  'version' => 'v1',
)
[ info ] [ RUN ] app\api\controller\v1\Themes->getThemes[ D:\phpstudy2\WWW\tp5\app\api\controller\v1\Themes.php ]
[ info ] [ DB ] INIT mysql
[ info ] [ LOG ] INIT File
[ sql ] [ DB ] CONNECT:[ UseTime:0.000000s ] mysql:dbname=test;host=127.0.0.1;charset=utf8
[ sql ] [ SQL ] SHOW COLUMNS FROM `themes` [ RunTime:0.005000s ]
[ sql ] [ SQL ] SELECT * FROM `themes` WHERE  `id` IN (1,3) [ RunTime:0.001000s ]
[ sql ] [ SQL ] SHOW COLUMNS FROM `img` [ RunTime:0.005000s ]
[ sql ] [ SQL ] SELECT * FROM `img` WHERE  `id` IN (1) [ RunTime:0.001000s ]

---------------------------------------------------------------
[ 2017-07-09T10:38:45+08:00 ] 127.0.0.1 127.0.0.1 GET /api/v1/themes?ids=1
[ log ] tp5.com/api/v1/themes?ids=1 [运行时间：0.439000s][吞吐率：2.28req/s] [内存消耗：2,828.48kb] [文件加载：55]
[ info ] [ LANG ] D:\phpstudy2\WWW\tp5\thinkphp\lang\zh-cn.php
[ info ] [ ROUTE ] array (
  'type' => 'module',
  'module' => 
  array (
    0 => 'api',
    1 => 'v1.Themes',
    2 => 'getThemes',
  ),
  'convert' => false,
)
[ info ] [ HEADER ] array (
  'host' => 'tp5.com',
  'connection' => 'keep-alive',
  'cache-control' => 'max-age=0',
  'upgrade-insecure-requests' => '1',
  'user-agent' => 'Mozilla/5.0 (Windows NT 6.1; WOW64) AppleWebKit/537.36 (KHTML, like Gecko) Chrome/57.0.2987.110 Safari/537.36',
  'accept' => 'text/html,application/xhtml+xml,application/xml;q=0.9,image/webp,*/*;q=0.8',
  'accept-encoding' => 'gzip, deflate, sdch',
  'accept-language' => 'zh-CN,zh;q=0.8',
)
[ info ] [ PARAM ] array (
  'ids' => '1',
  'version' => 'v1',
)
[ info ] [ RUN ] app\api\controller\v1\Themes->getThemes[ D:\phpstudy2\WWW\tp5\app\api\controller\v1\Themes.php ]
[ info ] [ DB ] INIT mysql
[ info ] [ LOG ] INIT File
[ sql ] [ DB ] CONNECT:[ UseTime:0.001000s ] mysql:dbname=test;host=127.0.0.1;charset=utf8
[ sql ] [ SQL ] SHOW COLUMNS FROM `themes` [ RunTime:0.005000s ]
[ sql ] [ SQL ] SELECT * FROM `themes` WHERE  `id` IN (1) [ RunTime:0.001000s ]
[ sql ] [ SQL ] SHOW COLUMNS FROM `img` [ RunTime:0.004000s ]
[ sql ] [ SQL ] SELECT * FROM `img` WHERE  `id` IN (1) [ RunTime:0.000000s ]

---------------------------------------------------------------
[ 2017-07-09T10:41:42+08:00 ] 127.0.0.1 127.0.0.1 GET /api/v1/themes?ids=1
[ log ] tp5.com/api/v1/themes?ids=1 [运行时间：0.469000s][吞吐率：2.13req/s] [内存消耗：2,828.48kb] [文件加载：55]
[ info ] [ LANG ] D:\phpstudy2\WWW\tp5\thinkphp\lang\zh-cn.php
[ info ] [ ROUTE ] array (
  'type' => 'module',
  'module' => 
  array (
    0 => 'api',
    1 => 'v1.Themes',
    2 => 'getThemes',
  ),
  'convert' => false,
)
[ info ] [ HEADER ] array (
  'host' => 'tp5.com',
  'connection' => 'keep-alive',
  'cache-control' => 'max-age=0',
  'upgrade-insecure-requests' => '1',
  'user-agent' => 'Mozilla/5.0 (Windows NT 6.1; WOW64) AppleWebKit/537.36 (KHTML, like Gecko) Chrome/57.0.2987.110 Safari/537.36',
  'accept' => 'text/html,application/xhtml+xml,application/xml;q=0.9,image/webp,*/*;q=0.8',
  'accept-encoding' => 'gzip, deflate, sdch',
  'accept-language' => 'zh-CN,zh;q=0.8',
)
[ info ] [ PARAM ] array (
  'ids' => '1',
  'version' => 'v1',
)
[ info ] [ RUN ] app\api\controller\v1\Themes->getThemes[ D:\phpstudy2\WWW\tp5\app\api\controller\v1\Themes.php ]
[ info ] [ DB ] INIT mysql
[ info ] [ LOG ] INIT File
[ sql ] [ DB ] CONNECT:[ UseTime:0.010000s ] mysql:dbname=test;host=127.0.0.1;charset=utf8
[ sql ] [ SQL ] SHOW COLUMNS FROM `themes` [ RunTime:0.004000s ]
[ sql ] [ SQL ] SELECT * FROM `themes` WHERE  `id` IN (1) [ RunTime:0.000000s ]
[ sql ] [ SQL ] SHOW COLUMNS FROM `img` [ RunTime:0.006000s ]
[ sql ] [ SQL ] SELECT * FROM `img` WHERE  `id` IN (1) [ RunTime:0.001000s ]

---------------------------------------------------------------
