[ 2017-11-02T21:33:04+08:00 ] 127.0.0.1 127.0.0.1 POST /api/v1/token/user
[ log ] restful_api.com/api/v1/token/user [运行时间：0.547000s][吞吐率：1.83req/s] [内存消耗：1,513.11kb] [文件加载：41]
[ info ] [ LANG ] D:\phpstudy2\WWW\tp5\thinkphp\lang\zh-cn.php
[ info ] [ ROUTE ] array (
  'type' => 'module',
  'module' => 
  array (
    0 => 'api',
    1 => 'v1.Token',
    2 => 'getToken',
  ),
  'convert' => false,
)
[ info ] [ HEADER ] array (
  'cache-control' => 'no-cache',
  'postman-token' => 'fdaf2870-6986-4596-9fcf-358bb0858939',
  'user-agent' => 'PostmanRuntime/3.0.11-hotfix.2',
  'accept' => '*/*',
  'host' => 'restful_api.com',
  'accept-encoding' => 'gzip, deflate',
  'content-type' => 'multipart/form-data; boundary=--------------------------304258244091092671707131',
  'content-length' => '162',
  'connection' => 'keep-alive',
)
[ info ] [ PARAM ] array (
  'code' => 'aaa',
  'version' => 'v1',
)
[ info ] [ RUN ] app\api\controller\v1\Token->getToken[ D:\phpstudy2\WWW\tp5\app\api\controller\v1\Token.php ]
[ info ] [ LOG ] INIT File

---------------------------------------------------------------
[ 2017-11-02T21:38:16+08:00 ] 127.0.0.1 127.0.0.1 POST /api/v1/token/user
[ log ] restful_api.com/api/v1/token/user [运行时间：0.062000s][吞吐率：16.13req/s] [内存消耗：1,512.81kb] [文件加载：41]
[ info ] [ LANG ] D:\phpstudy2\WWW\tp5\thinkphp\lang\zh-cn.php
[ info ] [ ROUTE ] array (
  'type' => 'module',
  'module' => 
  array (
    0 => 'api',
    1 => 'v1.Token',
    2 => 'getToken',
  ),
  'convert' => false,
)
[ info ] [ HEADER ] array (
  'cache-control' => 'no-cache',
  'postman-token' => 'b563cc09-b1dc-4949-bac7-e98cda4148b6',
  'user-agent' => 'PostmanRuntime/3.0.11-hotfix.2',
  'accept' => '*/*',
  'host' => 'restful_api.com',
  'accept-encoding' => 'gzip, deflate',
  'content-type' => 'multipart/form-data; boundary=--------------------------805681448107755408345545',
  'content-length' => '162',
  'connection' => 'keep-alive',
)
[ info ] [ PARAM ] array (
  'code' => 'aaa',
  'version' => 'v1',
)
[ info ] [ RUN ] app\api\controller\v1\Token->getToken[ D:\phpstudy2\WWW\tp5\app\api\controller\v1\Token.php ]
[ info ] [ LOG ] INIT File

---------------------------------------------------------------
[ 2017-11-02T21:38:26+08:00 ] 127.0.0.1 127.0.0.1 POST /api/v1/token/user
[ log ] restful_api.com/api/v1/token/user [运行时间：1.094000s][吞吐率：0.91req/s] [内存消耗：1,702.10kb] [文件加载：51]
[ info ] [ LANG ] D:\phpstudy2\WWW\tp5\thinkphp\lang\zh-cn.php
[ info ] [ ROUTE ] array (
  'type' => 'module',
  'module' => 
  array (
    0 => 'api',
    1 => 'v1.Token',
    2 => 'getToken',
  ),
  'convert' => false,
)
[ info ] [ HEADER ] array (
  'cache-control' => 'no-cache',
  'postman-token' => 'ac5eb536-83b2-4024-bd2c-944b6c39712a',
  'user-agent' => 'PostmanRuntime/3.0.11-hotfix.2',
  'accept' => '*/*',
  'host' => 'restful_api.com',
  'accept-encoding' => 'gzip, deflate',
  'content-type' => 'multipart/form-data; boundary=--------------------------813586730807207192990630',
  'content-length' => '162',
  'connection' => 'keep-alive',
)
[ info ] [ PARAM ] array (
  'code' => 'aaa',
  'version' => 'v1',
)
[ info ] [ RUN ] app\api\controller\v1\Token->getToken[ D:\phpstudy2\WWW\tp5\app\api\controller\v1\Token.php ]
[ info ] [ LOG ] INIT File
[ error ] [400][D:\phpstudy2\WWW\tp5\app\api\service\UserToken.php:106]

---------------------------------------------------------------
[ 2017-11-02T21:47:44+08:00 ] 127.0.0.1 127.0.0.1 POST /api/v1/token/user
[ log ] restful_api.com/api/v1/token/user [运行时间：1.312000s][吞吐率：0.76req/s] [内存消耗：1,702.05kb] [文件加载：51]
[ info ] [ LANG ] D:\phpstudy2\WWW\tp5\thinkphp\lang\zh-cn.php
[ info ] [ ROUTE ] array (
  'type' => 'module',
  'module' => 
  array (
    0 => 'api',
    1 => 'v1.Token',
    2 => 'getToken',
  ),
  'convert' => false,
)
[ info ] [ HEADER ] array (
  'cache-control' => 'no-cache',
  'postman-token' => '293ee7c3-d20c-4d10-80dd-e40380cc6800',
  'user-agent' => 'PostmanRuntime/3.0.11-hotfix.2',
  'accept' => '*/*',
  'host' => 'restful_api.com',
  'accept-encoding' => 'gzip, deflate',
  'content-type' => 'multipart/form-data; boundary=--------------------------772086141475081662015740',
  'content-length' => '191',
  'connection' => 'keep-alive',
)
[ info ] [ PARAM ] array (
  'code' => '003KI6Lb0cUUWw164DLb0dKHKb0KI6LU',
  'version' => 'v1',
)
[ info ] [ RUN ] app\api\controller\v1\Token->getToken[ D:\phpstudy2\WWW\tp5\app\api\controller\v1\Token.php ]
[ info ] [ LOG ] INIT File
[ error ] [400][D:\phpstudy2\WWW\tp5\app\api\service\UserToken.php:106]

---------------------------------------------------------------
[ 2017-11-02T21:49:38+08:00 ] 127.0.0.1 127.0.0.1 POST /api/v1/token/user
[ log ] restful_api.com/api/v1/token/user [运行时间：1.322000s][吞吐率：0.76req/s] [内存消耗：1,702.09kb] [文件加载：51]
[ info ] [ LANG ] D:\phpstudy2\WWW\tp5\thinkphp\lang\zh-cn.php
[ info ] [ ROUTE ] array (
  'type' => 'module',
  'module' => 
  array (
    0 => 'api',
    1 => 'v1.Token',
    2 => 'getToken',
  ),
  'convert' => false,
)
[ info ] [ HEADER ] array (
  'cache-control' => 'no-cache',
  'postman-token' => 'f2af9e48-9746-409a-84aa-a97e555a9f5f',
  'user-agent' => 'PostmanRuntime/3.0.11-hotfix.2',
  'accept' => '*/*',
  'host' => 'restful_api.com',
  'accept-encoding' => 'gzip, deflate',
  'content-type' => 'multipart/form-data; boundary=--------------------------989519518696884047096760',
  'content-length' => '191',
  'connection' => 'keep-alive',
)
[ info ] [ PARAM ] array (
  'code' => '003KI6Lb0cUUWw164DLb0dKHKb0KI6LU',
  'version' => 'v1',
)
[ info ] [ RUN ] app\api\controller\v1\Token->getToken[ D:\phpstudy2\WWW\tp5\app\api\controller\v1\Token.php ]
[ info ] [ LOG ] INIT File
[ error ] [400][D:\phpstudy2\WWW\tp5\app\api\service\UserToken.php:106]

---------------------------------------------------------------
[ 2017-11-02T21:56:30+08:00 ] 127.0.0.1 127.0.0.1 POST /api/v1/token/user
[ log ] restful_api.com/api/v1/token/user [运行时间：1.091000s][吞吐率：0.92req/s] [内存消耗：1,702.13kb] [文件加载：51]
[ info ] [ LANG ] D:\phpstudy2\WWW\tp5\thinkphp\lang\zh-cn.php
[ info ] [ ROUTE ] array (
  'type' => 'module',
  'module' => 
  array (
    0 => 'api',
    1 => 'v1.Token',
    2 => 'getToken',
  ),
  'convert' => false,
)
[ info ] [ HEADER ] array (
  'cache-control' => 'no-cache',
  'postman-token' => '0d7c0bd5-d229-4447-8c92-65c0b8f94c31',
  'user-agent' => 'PostmanRuntime/3.0.11-hotfix.2',
  'accept' => '*/*',
  'host' => 'restful_api.com',
  'accept-encoding' => 'gzip, deflate',
  'content-type' => 'multipart/form-data; boundary=--------------------------890406239605747068597131',
  'content-length' => '191',
  'connection' => 'keep-alive',
)
[ info ] [ PARAM ] array (
  'code' => '003KI6Lb0cUUWw164DLb0dKHKb0KI6LU',
  'version' => 'v1',
)
[ info ] [ RUN ] app\api\controller\v1\Token->getToken[ D:\phpstudy2\WWW\tp5\app\api\controller\v1\Token.php ]
[ info ] [ LOG ] INIT File
[ error ] [400][D:\phpstudy2\WWW\tp5\app\api\service\UserToken.php:106]

---------------------------------------------------------------
[ 2017-11-02T21:56:56+08:00 ] 127.0.0.1 127.0.0.1 POST /api/v1/token/user
[ log ] restful_api.com/api/v1/token/user [运行时间：1.118000s][吞吐率：0.89req/s] [内存消耗：1,702.13kb] [文件加载：51]
[ info ] [ LANG ] D:\phpstudy2\WWW\tp5\thinkphp\lang\zh-cn.php
[ info ] [ ROUTE ] array (
  'type' => 'module',
  'module' => 
  array (
    0 => 'api',
    1 => 'v1.Token',
    2 => 'getToken',
  ),
  'convert' => false,
)
[ info ] [ HEADER ] array (
  'cache-control' => 'no-cache',
  'postman-token' => '0bb1e2f3-ff9f-4023-b787-977a6902dc34',
  'user-agent' => 'PostmanRuntime/3.0.11-hotfix.2',
  'accept' => '*/*',
  'host' => 'restful_api.com',
  'accept-encoding' => 'gzip, deflate',
  'content-type' => 'multipart/form-data; boundary=--------------------------136357392487091738697750',
  'content-length' => '191',
  'connection' => 'keep-alive',
)
[ info ] [ PARAM ] array (
  'code' => '003E13OF0hEJ6i2N4hPF04UmOF0E13O8',
  'version' => 'v1',
)
[ info ] [ RUN ] app\api\controller\v1\Token->getToken[ D:\phpstudy2\WWW\tp5\app\api\controller\v1\Token.php ]
[ info ] [ LOG ] INIT File
[ error ] [400][D:\phpstudy2\WWW\tp5\app\api\service\UserToken.php:106]

---------------------------------------------------------------
[ 2017-11-02T21:57:16+08:00 ] 127.0.0.1 127.0.0.1 POST /api/v1/token/user
[ log ] restful_api.com/api/v1/token/user [运行时间：1.396000s][吞吐率：0.72req/s] [内存消耗：1,702.13kb] [文件加载：51]
[ info ] [ LANG ] D:\phpstudy2\WWW\tp5\thinkphp\lang\zh-cn.php
[ info ] [ ROUTE ] array (
  'type' => 'module',
  'module' => 
  array (
    0 => 'api',
    1 => 'v1.Token',
    2 => 'getToken',
  ),
  'convert' => false,
)
[ info ] [ HEADER ] array (
  'cache-control' => 'no-cache',
  'postman-token' => 'cdfe0f2f-b756-4a4e-90ce-d841a985e54d',
  'user-agent' => 'PostmanRuntime/3.0.11-hotfix.2',
  'accept' => '*/*',
  'host' => 'restful_api.com',
  'accept-encoding' => 'gzip, deflate',
  'content-type' => 'multipart/form-data; boundary=--------------------------851226989828968937710910',
  'content-length' => '191',
  'connection' => 'keep-alive',
)
[ info ] [ PARAM ] array (
  'code' => '003rHjuj09EXFk1eBmsj0OtEuj0rHjul',
  'version' => 'v1',
)
[ info ] [ RUN ] app\api\controller\v1\Token->getToken[ D:\phpstudy2\WWW\tp5\app\api\controller\v1\Token.php ]
[ info ] [ LOG ] INIT File
[ error ] [400][D:\phpstudy2\WWW\tp5\app\api\service\UserToken.php:106]

---------------------------------------------------------------
[ 2017-11-02T22:00:59+08:00 ] 127.0.0.1 127.0.0.1 POST /api/v1/token/user
[ log ] restful_api.com/api/v1/token/user [运行时间：1.397000s][吞吐率：0.72req/s] [内存消耗：1,702.13kb] [文件加载：51]
[ info ] [ LANG ] D:\phpstudy2\WWW\tp5\thinkphp\lang\zh-cn.php
[ info ] [ ROUTE ] array (
  'type' => 'module',
  'module' => 
  array (
    0 => 'api',
    1 => 'v1.Token',
    2 => 'getToken',
  ),
  'convert' => false,
)
[ info ] [ HEADER ] array (
  'cache-control' => 'no-cache',
  'postman-token' => '9f506deb-880d-47c8-8820-5f6220eebc70',
  'user-agent' => 'PostmanRuntime/3.0.11-hotfix.2',
  'accept' => '*/*',
  'host' => 'restful_api.com',
  'accept-encoding' => 'gzip, deflate',
  'content-type' => 'multipart/form-data; boundary=--------------------------603206620453976398170805',
  'content-length' => '191',
  'connection' => 'keep-alive',
)
[ info ] [ PARAM ] array (
  'code' => '003rHjuj09EXFk1eBmsj0OtEuj0rHjul',
  'version' => 'v1',
)
[ info ] [ RUN ] app\api\controller\v1\Token->getToken[ D:\phpstudy2\WWW\tp5\app\api\controller\v1\Token.php ]
[ info ] [ LOG ] INIT File
[ error ] [400][D:\phpstudy2\WWW\tp5\app\api\service\UserToken.php:106]

---------------------------------------------------------------
[ 2017-11-02T22:01:39+08:00 ] 127.0.0.1 127.0.0.1 POST /api/v1/token/user
[ log ] restful_api.com/api/v1/token/user [运行时间：1.388000s][吞吐率：0.72req/s] [内存消耗：1,702.13kb] [文件加载：51]
[ info ] [ LANG ] D:\phpstudy2\WWW\tp5\thinkphp\lang\zh-cn.php
[ info ] [ ROUTE ] array (
  'type' => 'module',
  'module' => 
  array (
    0 => 'api',
    1 => 'v1.Token',
    2 => 'getToken',
  ),
  'convert' => false,
)
[ info ] [ HEADER ] array (
  'cache-control' => 'no-cache',
  'postman-token' => 'b88b95a4-c98c-4077-9e7e-4df21da57ede',
  'user-agent' => 'PostmanRuntime/3.0.11-hotfix.2',
  'accept' => '*/*',
  'host' => 'restful_api.com',
  'accept-encoding' => 'gzip, deflate',
  'content-type' => 'multipart/form-data; boundary=--------------------------669771111773358928332221',
  'content-length' => '191',
  'connection' => 'keep-alive',
)
[ info ] [ PARAM ] array (
  'code' => '003omcD41WAqMO1B2zz41VAXC41omcDP',
  'version' => 'v1',
)
[ info ] [ RUN ] app\api\controller\v1\Token->getToken[ D:\phpstudy2\WWW\tp5\app\api\controller\v1\Token.php ]
[ info ] [ LOG ] INIT File
[ error ] [400][D:\phpstudy2\WWW\tp5\app\api\service\UserToken.php:106]

---------------------------------------------------------------
[ 2017-11-02T22:01:50+08:00 ] 127.0.0.1 127.0.0.1 POST /api/v1/token/user
[ log ] restful_api.com/api/v1/token/user [运行时间：1.052000s][吞吐率：0.95req/s] [内存消耗：1,702.13kb] [文件加载：51]
[ info ] [ LANG ] D:\phpstudy2\WWW\tp5\thinkphp\lang\zh-cn.php
[ info ] [ ROUTE ] array (
  'type' => 'module',
  'module' => 
  array (
    0 => 'api',
    1 => 'v1.Token',
    2 => 'getToken',
  ),
  'convert' => false,
)
[ info ] [ HEADER ] array (
  'cache-control' => 'no-cache',
  'postman-token' => 'a20df081-0bb4-4eeb-956a-9615c9e16de1',
  'user-agent' => 'PostmanRuntime/3.0.11-hotfix.2',
  'accept' => '*/*',
  'host' => 'restful_api.com',
  'accept-encoding' => 'gzip, deflate',
  'content-type' => 'multipart/form-data; boundary=--------------------------186618765895060759882192',
  'content-length' => '191',
  'connection' => 'keep-alive',
)
[ info ] [ PARAM ] array (
  'code' => '003omcD41WAqMO1B2zz41VAXC41omcDP',
  'version' => 'v1',
)
[ info ] [ RUN ] app\api\controller\v1\Token->getToken[ D:\phpstudy2\WWW\tp5\app\api\controller\v1\Token.php ]
[ info ] [ LOG ] INIT File
[ error ] [400][D:\phpstudy2\WWW\tp5\app\api\service\UserToken.php:106]

---------------------------------------------------------------
[ 2017-11-02T22:02:05+08:00 ] 127.0.0.1 127.0.0.1 POST /api/v1/token/user
[ log ] restful_api.com/api/v1/token/user [运行时间：1.969000s][吞吐率：0.51req/s] [内存消耗：1,702.13kb] [文件加载：51]
[ info ] [ LANG ] D:\phpstudy2\WWW\tp5\thinkphp\lang\zh-cn.php
[ info ] [ ROUTE ] array (
  'type' => 'module',
  'module' => 
  array (
    0 => 'api',
    1 => 'v1.Token',
    2 => 'getToken',
  ),
  'convert' => false,
)
[ info ] [ HEADER ] array (
  'cache-control' => 'no-cache',
  'postman-token' => 'dd4d500d-ca36-4cc8-b512-e5621713c277',
  'user-agent' => 'PostmanRuntime/3.0.11-hotfix.2',
  'accept' => '*/*',
  'host' => 'restful_api.com',
  'accept-encoding' => 'gzip, deflate',
  'content-type' => 'multipart/form-data; boundary=--------------------------031626645989806662686622',
  'content-length' => '191',
  'connection' => 'keep-alive',
)
[ info ] [ PARAM ] array (
  'code' => '003omcD41WAqMO1B2zz41VAXC41omcDP',
  'version' => 'v1',
)
[ info ] [ RUN ] app\api\controller\v1\Token->getToken[ D:\phpstudy2\WWW\tp5\app\api\controller\v1\Token.php ]
[ info ] [ LOG ] INIT File
[ error ] [400][D:\phpstudy2\WWW\tp5\app\api\service\UserToken.php:106]

---------------------------------------------------------------
[ 2017-11-02T22:02:45+08:00 ] 127.0.0.1 127.0.0.1 POST /api/v1/token/user
[ log ] restful_api.com/api/v1/token/user [运行时间：1.364000s][吞吐率：0.73req/s] [内存消耗：1,702.13kb] [文件加载：51]
[ info ] [ LANG ] D:\phpstudy2\WWW\tp5\thinkphp\lang\zh-cn.php
[ info ] [ ROUTE ] array (
  'type' => 'module',
  'module' => 
  array (
    0 => 'api',
    1 => 'v1.Token',
    2 => 'getToken',
  ),
  'convert' => false,
)
[ info ] [ HEADER ] array (
  'cache-control' => 'no-cache',
  'postman-token' => 'dd0481a6-04e9-4f10-a4fa-79223288d5ad',
  'user-agent' => 'PostmanRuntime/3.0.11-hotfix.2',
  'accept' => '*/*',
  'host' => 'restful_api.com',
  'accept-encoding' => 'gzip, deflate',
  'content-type' => 'multipart/form-data; boundary=--------------------------540444009837544382339011',
  'content-length' => '191',
  'connection' => 'keep-alive',
)
[ info ] [ PARAM ] array (
  'code' => '013zD5Ta1tGdht0h5sTa1d0sTa1zD5TN',
  'version' => 'v1',
)
[ info ] [ RUN ] app\api\controller\v1\Token->getToken[ D:\phpstudy2\WWW\tp5\app\api\controller\v1\Token.php ]
[ info ] [ LOG ] INIT File
[ error ] [400][D:\phpstudy2\WWW\tp5\app\api\service\UserToken.php:106]

---------------------------------------------------------------
[ 2017-11-02T22:06:04+08:00 ] 127.0.0.1 127.0.0.1 POST /api/v1/token/user
[ log ] restful_api.com/api/v1/token/user [运行时间：0.240000s][吞吐率：4.17req/s] [内存消耗：1,532.54kb] [文件加载：43]
[ info ] [ LANG ] D:\phpstudy2\WWW\tp5\thinkphp\lang\zh-cn.php
[ info ] [ ROUTE ] array (
  'type' => 'module',
  'module' => 
  array (
    0 => 'api',
    1 => 'v1.Token',
    2 => 'getToken',
  ),
  'convert' => false,
)
[ info ] [ HEADER ] array (
  'cache-control' => 'no-cache',
  'postman-token' => 'a67fdee7-a744-42d8-be43-9efcedfd945a',
  'user-agent' => 'PostmanRuntime/3.0.11-hotfix.2',
  'accept' => '*/*',
  'host' => 'restful_api.com',
  'accept-encoding' => 'gzip, deflate',
  'content-type' => 'multipart/form-data; boundary=--------------------------490265341811065820890775',
  'content-length' => '191',
  'connection' => 'keep-alive',
)
[ info ] [ PARAM ] array (
  'code' => '013zD5Ta1tGdht0h5sTa1d0sTa1zD5TN',
  'version' => 'v1',
)
[ info ] [ RUN ] app\api\controller\v1\Token->getToken[ D:\phpstudy2\WWW\tp5\app\api\controller\v1\Token.php ]
[ info ] [ LOG ] INIT File

---------------------------------------------------------------
[ 2017-11-02T22:06:31+08:00 ] 127.0.0.1 127.0.0.1 POST /api/v1/token/user
[ log ] restful_api.com/api/v1/token/user [运行时间：5.819000s][吞吐率：0.17req/s] [内存消耗：1,532.51kb] [文件加载：43]
[ info ] [ LANG ] D:\phpstudy2\WWW\tp5\thinkphp\lang\zh-cn.php
[ info ] [ ROUTE ] array (
  'type' => 'module',
  'module' => 
  array (
    0 => 'api',
    1 => 'v1.Token',
    2 => 'getToken',
  ),
  'convert' => false,
)
[ info ] [ HEADER ] array (
  'cache-control' => 'no-cache',
  'postman-token' => '59559dd2-daed-4dd9-a19d-d46094af1dce',
  'user-agent' => 'PostmanRuntime/3.0.11-hotfix.2',
  'accept' => '*/*',
  'host' => 'restful_api.com',
  'accept-encoding' => 'gzip, deflate',
  'content-type' => 'multipart/form-data; boundary=--------------------------529080608251734671051773',
  'content-length' => '191',
  'connection' => 'keep-alive',
)
[ info ] [ PARAM ] array (
  'code' => '003bxjFi2Xl4iF0MjtGi2Pz5Fi2bxjFO',
  'version' => 'v1',
)
[ info ] [ RUN ] app\api\controller\v1\Token->getToken[ D:\phpstudy2\WWW\tp5\app\api\controller\v1\Token.php ]
[ info ] [ LOG ] INIT File

---------------------------------------------------------------
[ 2017-11-02T22:13:30+08:00 ] 127.0.0.1 127.0.0.1 POST /api/v1/token/user
[ log ] restful_api.com/api/v1/token/user [运行时间：0.523000s][吞吐率：1.91req/s] [内存消耗：1,532.64kb] [文件加载：43]
[ info ] [ LANG ] D:\phpstudy2\WWW\tp5\thinkphp\lang\zh-cn.php
[ info ] [ ROUTE ] array (
  'type' => 'module',
  'module' => 
  array (
    0 => 'api',
    1 => 'v1.Token',
    2 => 'getToken',
  ),
  'convert' => false,
)
[ info ] [ HEADER ] array (
  'cache-control' => 'no-cache',
  'postman-token' => '3d13a6c5-56f4-4233-aaf0-a8e13c805f12',
  'user-agent' => 'PostmanRuntime/3.0.11-hotfix.2',
  'accept' => '*/*',
  'host' => 'restful_api.com',
  'accept-encoding' => 'gzip, deflate',
  'content-type' => 'multipart/form-data; boundary=--------------------------537815747135957078187259',
  'content-length' => '191',
  'connection' => 'keep-alive',
)
[ info ] [ PARAM ] array (
  'code' => '013hSmQI0l3cEj21VzMI0J99QI0hSmQF',
  'version' => 'v1',
)
[ info ] [ RUN ] app\api\controller\v1\Token->getToken[ D:\phpstudy2\WWW\tp5\app\api\controller\v1\Token.php ]
[ info ] [ LOG ] INIT File

---------------------------------------------------------------
[ 2017-11-02T22:14:24+08:00 ] 127.0.0.1 127.0.0.1 POST /api/v1/token/user
[ log ] restful_api.com/api/v1/token/user [运行时间：1.056000s][吞吐率：0.95req/s] [内存消耗：1,702.13kb] [文件加载：51]
[ info ] [ LANG ] D:\phpstudy2\WWW\tp5\thinkphp\lang\zh-cn.php
[ info ] [ ROUTE ] array (
  'type' => 'module',
  'module' => 
  array (
    0 => 'api',
    1 => 'v1.Token',
    2 => 'getToken',
  ),
  'convert' => false,
)
[ info ] [ HEADER ] array (
  'cache-control' => 'no-cache',
  'postman-token' => 'a3626a7a-9d15-42f7-9547-f8b225ab8362',
  'user-agent' => 'PostmanRuntime/3.0.11-hotfix.2',
  'accept' => '*/*',
  'host' => 'restful_api.com',
  'accept-encoding' => 'gzip, deflate',
  'content-type' => 'multipart/form-data; boundary=--------------------------807239940144331745645611',
  'content-length' => '191',
  'connection' => 'keep-alive',
)
[ info ] [ PARAM ] array (
  'code' => '013hSmQI0l3cEj21VzMI0J99QI0hSmQF',
  'version' => 'v1',
)
[ info ] [ RUN ] app\api\controller\v1\Token->getToken[ D:\phpstudy2\WWW\tp5\app\api\controller\v1\Token.php ]
[ info ] [ LOG ] INIT File
[ error ] [400][D:\phpstudy2\WWW\tp5\app\api\service\UserToken.php:107]

---------------------------------------------------------------
[ 2017-11-02T22:15:18+08:00 ] 127.0.0.1 127.0.0.1 POST /api/v1/token/user
[ log ] restful_api.com/api/v1/token/user [运行时间：6.466000s][吞吐率：0.15req/s] [内存消耗：2,875.84kb] [文件加载：60]
[ info ] [ LANG ] D:\phpstudy2\WWW\tp5\thinkphp\lang\zh-cn.php
[ info ] [ ROUTE ] array (
  'type' => 'module',
  'module' => 
  array (
    0 => 'api',
    1 => 'v1.Token',
    2 => 'getToken',
  ),
  'convert' => false,
)
[ info ] [ HEADER ] array (
  'cache-control' => 'no-cache',
  'postman-token' => '1f1d55d0-5093-470f-9601-17d68a4461e6',
  'user-agent' => 'PostmanRuntime/3.0.11-hotfix.2',
  'accept' => '*/*',
  'host' => 'restful_api.com',
  'accept-encoding' => 'gzip, deflate',
  'content-type' => 'multipart/form-data; boundary=--------------------------008259686732271272652531',
  'content-length' => '191',
  'connection' => 'keep-alive',
)
[ info ] [ PARAM ] array (
  'code' => '0034nSsF1JP8f30EMltF1PaRsF14nSs3',
  'version' => 'v1',
)
[ info ] [ RUN ] app\api\controller\v1\Token->getToken[ D:\phpstudy2\WWW\tp5\app\api\controller\v1\Token.php ]
[ info ] [ DB ] INIT mysql
[ info ] [ LOG ] INIT File
[ sql ] [ DB ] CONNECT:[ UseTime:0.003000s ] mysql:dbname=zerg;host=127.0.0.1;charset=utf8
[ sql ] [ SQL ] SHOW COLUMNS FROM `user` [ RunTime:0.037000s ]
[ sql ] [ SQL ] SELECT * FROM `user` WHERE  `openid` = 'oehT00J6FTeCfzIxecxa7-Q427PE' LIMIT 1 [ RunTime:0.001000s ]
[ error ] [1]Call to undefined function app\api\service\saveToCache()[D:\phpstudy2\WWW\tp5\app\api\service\UserToken.php:66]

---------------------------------------------------------------
[ 2017-11-02T22:16:38+08:00 ] 127.0.0.1 127.0.0.1 POST /api/v1/token/user
[ log ] restful_api.com/api/v1/token/user [运行时间：1.109000s][吞吐率：0.90req/s] [内存消耗：1,702.14kb] [文件加载：51]
[ info ] [ LANG ] D:\phpstudy2\WWW\tp5\thinkphp\lang\zh-cn.php
[ info ] [ ROUTE ] array (
  'type' => 'module',
  'module' => 
  array (
    0 => 'api',
    1 => 'v1.Token',
    2 => 'getToken',
  ),
  'convert' => false,
)
[ info ] [ HEADER ] array (
  'cache-control' => 'no-cache',
  'postman-token' => '41f6079a-39fb-4025-8e8d-77ea69353377',
  'user-agent' => 'PostmanRuntime/3.0.11-hotfix.2',
  'accept' => '*/*',
  'host' => 'restful_api.com',
  'accept-encoding' => 'gzip, deflate',
  'content-type' => 'multipart/form-data; boundary=--------------------------810516901892238939257033',
  'content-length' => '191',
  'connection' => 'keep-alive',
)
[ info ] [ PARAM ] array (
  'code' => '0034nSsF1JP8f30EMltF1PaRsF14nSs3',
  'version' => 'v1',
)
[ info ] [ RUN ] app\api\controller\v1\Token->getToken[ D:\phpstudy2\WWW\tp5\app\api\controller\v1\Token.php ]
[ info ] [ LOG ] INIT File
[ error ] [400][D:\phpstudy2\WWW\tp5\app\api\service\UserToken.php:107]

---------------------------------------------------------------
[ 2017-11-02T22:17:02+08:00 ] 127.0.0.1 127.0.0.1 POST /api/v1/token/user
[ log ] restful_api.com/api/v1/token/user [运行时间：1.244000s][吞吐率：0.80req/s] [内存消耗：2,946.06kb] [文件加载：61]
[ info ] [ LANG ] D:\phpstudy2\WWW\tp5\thinkphp\lang\zh-cn.php
[ info ] [ ROUTE ] array (
  'type' => 'module',
  'module' => 
  array (
    0 => 'api',
    1 => 'v1.Token',
    2 => 'getToken',
  ),
  'convert' => false,
)
[ info ] [ HEADER ] array (
  'cache-control' => 'no-cache',
  'postman-token' => '0d631fed-9169-45a5-aab9-047c1d254ce0',
  'user-agent' => 'PostmanRuntime/3.0.11-hotfix.2',
  'accept' => '*/*',
  'host' => 'restful_api.com',
  'accept-encoding' => 'gzip, deflate',
  'content-type' => 'multipart/form-data; boundary=--------------------------984462891678460633998274',
  'content-length' => '191',
  'connection' => 'keep-alive',
)
[ info ] [ PARAM ] array (
  'code' => '0033a0wS1aKVY91f3JtS1tKYvS13a0wH',
  'version' => 'v1',
)
[ info ] [ RUN ] app\api\controller\v1\Token->getToken[ D:\phpstudy2\WWW\tp5\app\api\controller\v1\Token.php ]
[ info ] [ DB ] INIT mysql
[ info ] [ CACHE ] INIT File
[ info ] [ LOG ] INIT File
[ sql ] [ DB ] CONNECT:[ UseTime:0.011000s ] mysql:dbname=zerg;host=127.0.0.1;charset=utf8
[ sql ] [ SQL ] SHOW COLUMNS FROM `user` [ RunTime:0.020000s ]
[ sql ] [ SQL ] SELECT * FROM `user` WHERE  `openid` = 'oehT00J6FTeCfzIxecxa7-Q427PE' LIMIT 1 [ RunTime:0.001000s ]
[ error ] [0]variable type error： array[D:\phpstudy2\WWW\tp5\thinkphp\library\think\Response.php:312]

---------------------------------------------------------------
[ 2017-11-02T22:20:33+08:00 ] 127.0.0.1 127.0.0.1 POST /api/v1/token/user
[ log ] restful_api.com/api/v1/token/user [运行时间：1.098000s][吞吐率：0.91req/s] [内存消耗：1,702.43kb] [文件加载：51]
[ info ] [ LANG ] D:\phpstudy2\WWW\tp5\thinkphp\lang\zh-cn.php
[ info ] [ ROUTE ] array (
  'type' => 'module',
  'module' => 
  array (
    0 => 'api',
    1 => 'v1.Token',
    2 => 'getToken',
  ),
  'convert' => false,
)
[ info ] [ HEADER ] array (
  'cache-control' => 'no-cache',
  'postman-token' => 'b7f3db5a-1bc5-4580-b528-9761764ce68b',
  'user-agent' => 'PostmanRuntime/3.0.11-hotfix.2',
  'accept' => '*/*',
  'host' => 'restful_api.com',
  'accept-encoding' => 'gzip, deflate',
  'content-type' => 'multipart/form-data; boundary=--------------------------050607713588600866393529',
  'content-length' => '191',
  'connection' => 'keep-alive',
)
[ info ] [ PARAM ] array (
  'code' => '0033a0wS1aKVY91f3JtS1tKYvS13a0wH',
  'version' => 'v1',
)
[ info ] [ RUN ] app\api\controller\v1\Token->getToken[ D:\phpstudy2\WWW\tp5\app\api\controller\v1\Token.php ]
[ info ] [ LOG ] INIT File
[ error ] [400][D:\phpstudy2\WWW\tp5\app\api\service\UserToken.php:107]

---------------------------------------------------------------
[ 2017-11-02T22:20:44+08:00 ] 127.0.0.1 127.0.0.1 POST /api/v1/token/user
[ log ] restful_api.com/api/v1/token/user [运行时间：0.739000s][吞吐率：1.35req/s] [内存消耗：2,906.20kb] [文件加载：59]

---------------------------------------------------------------
[ 2017-11-02T22:21:32+08:00 ] 127.0.0.1 127.0.0.1 POST /api/v1/token/user
[ log ] restful_api.com/api/v1/token/user [运行时间：1.070000s][吞吐率：0.93req/s] [内存消耗：1,702.46kb] [文件加载：51]
[ info ] [ LANG ] D:\phpstudy2\WWW\tp5\thinkphp\lang\zh-cn.php
[ info ] [ ROUTE ] array (
  'type' => 'module',
  'module' => 
  array (
    0 => 'api',
    1 => 'v1.Token',
    2 => 'getToken',
  ),
  'convert' => false,
)
[ info ] [ HEADER ] array (
  'cache-control' => 'no-cache',
  'postman-token' => 'a40c82a9-315a-430b-bfac-8bcd0a397acb',
  'user-agent' => 'PostmanRuntime/3.0.11-hotfix.2',
  'accept' => '*/*',
  'host' => 'restful_api.com',
  'accept-encoding' => 'gzip, deflate',
  'content-type' => 'multipart/form-data; boundary=--------------------------477492805026565504479812',
  'content-length' => '191',
  'connection' => 'keep-alive',
)
[ info ] [ PARAM ] array (
  'code' => '003eAG861KaeMR1M3Z961IZH861eAG86',
  'version' => 'v1',
)
[ info ] [ RUN ] app\api\controller\v1\Token->getToken[ D:\phpstudy2\WWW\tp5\app\api\controller\v1\Token.php ]
[ info ] [ LOG ] INIT File
[ error ] [400][D:\phpstudy2\WWW\tp5\app\api\service\UserToken.php:107]

---------------------------------------------------------------
[ 2017-11-02T22:21:47+08:00 ] 127.0.0.1 127.0.0.1 POST /api/v1/token/user
[ log ] restful_api.com/api/v1/token/user [运行时间：4.091000s][吞吐率：0.24req/s] [内存消耗：2,906.26kb] [文件加载：59]

---------------------------------------------------------------
[ 2017-11-02T22:27:30+08:00 ] 127.0.0.1 127.0.0.1 GET /api/v1/theme/1
[ log ] restful_api.com/api/v1/theme/1 [运行时间：0.686000s][吞吐率：1.46req/s] [内存消耗：3,098.24kb] [文件加载：63]

---------------------------------------------------------------
[ 2017-11-02T22:47:08+08:00 ] 127.0.0.1 127.0.0.1 GET /api/v1/Product/getOne
[ log ] restful_api.com/api/v1/Product/getOne [运行时间：0.877000s][吞吐率：1.14req/s] [内存消耗：1,624.61kb] [文件加载：44]
[ info ] [ LANG ] D:\phpstudy2\WWW\tp5\thinkphp\lang\zh-cn.php
[ info ] [ ROUTE ] array (
  'type' => 'module',
  'module' => 
  array (
    0 => 'api',
    1 => 'v1.Product',
    2 => 'getOne',
  ),
  'convert' => false,
)
[ info ] [ HEADER ] array (
  'cache-control' => 'no-cache',
  'postman-token' => '8d7422da-2c61-4a33-b769-100c34c2ca4e',
  'user-agent' => 'PostmanRuntime/3.0.11-hotfix.2',
  'accept' => '*/*',
  'host' => 'restful_api.com',
  'accept-encoding' => 'gzip, deflate',
  'connection' => 'keep-alive',
)
[ info ] [ PARAM ] array (
  'version' => 'v1',
)
[ info ] [ LOG ] INIT File
[ error ] [0]方法参数错误:id[D:\phpstudy2\WWW\tp5\thinkphp\library\think\App.php:294]

---------------------------------------------------------------
[ 2017-11-02T22:47:15+08:00 ] 127.0.0.1 127.0.0.1 GET /api/v1/Product/getOne?id=1
[ log ] restful_api.com/api/v1/Product/getOne?id=1 [运行时间：0.461000s][吞吐率：2.17req/s] [内存消耗：1,965.90kb] [文件加载：47]

---------------------------------------------------------------
[ 2017-11-02T22:47:30+08:00 ] 127.0.0.1 127.0.0.1 GET /api/v1/Product/getOne?id=1,.2
[ log ] restful_api.com/api/v1/Product/getOne?id=1,.2 [运行时间：0.868000s][吞吐率：1.15req/s] [内存消耗：1,694.06kb] [文件加载：49]
[ info ] [ LANG ] D:\phpstudy2\WWW\tp5\thinkphp\lang\zh-cn.php
[ info ] [ ROUTE ] array (
  'type' => 'module',
  'module' => 
  array (
    0 => 'api',
    1 => 'v1.Product',
    2 => 'getOne',
  ),
  'convert' => false,
)
[ info ] [ HEADER ] array (
  'cache-control' => 'no-cache',
  'postman-token' => '277c0a56-7271-4450-ab01-31073398b9da',
  'user-agent' => 'PostmanRuntime/3.0.11-hotfix.2',
  'accept' => '*/*',
  'host' => 'restful_api.com',
  'accept-encoding' => 'gzip, deflate',
  'connection' => 'keep-alive',
)
[ info ] [ PARAM ] array (
  'id' => '1,.2',
  'version' => 'v1',
)
[ info ] [ RUN ] app\api\controller\v1\Product->getOne[ D:\phpstudy2\WWW\tp5\app\api\controller\v1\Product.php ]
[ info ] [ LOG ] INIT File
[ error ] [400][D:\phpstudy2\WWW\tp5\app\api\validate\BaseValidate.php:19]

---------------------------------------------------------------
[ 2017-11-02T22:47:36+08:00 ] 127.0.0.1 127.0.0.1 GET /api/v1/Product/getOne?id=1
[ log ] restful_api.com/api/v1/Product/getOne?id=1 [运行时间：0.454000s][吞吐率：2.20req/s] [内存消耗：1,965.90kb] [文件加载：47]

---------------------------------------------------------------
[ 2017-11-02T22:47:49+08:00 ] 127.0.0.1 127.0.0.1 GET /api/v1/Product/getOne?id=1
[ log ] restful_api.com/api/v1/Product/getOne?id=1 [运行时间：0.866000s][吞吐率：1.15req/s] [内存消耗：2,036.10kb] [文件加载：52]
[ info ] [ LANG ] D:\phpstudy2\WWW\tp5\thinkphp\lang\zh-cn.php
[ info ] [ ROUTE ] array (
  'type' => 'module',
  'module' => 
  array (
    0 => 'api',
    1 => 'v1.Product',
    2 => 'getOne',
  ),
  'convert' => false,
)
[ info ] [ HEADER ] array (
  'cache-control' => 'no-cache',
  'postman-token' => 'f36e6f3d-b635-497e-b519-439d8c7c6fc8',
  'user-agent' => 'PostmanRuntime/3.0.11-hotfix.2',
  'accept' => '*/*',
  'host' => 'restful_api.com',
  'accept-encoding' => 'gzip, deflate',
  'connection' => 'keep-alive',
)
[ info ] [ PARAM ] array (
  'id' => '1',
  'version' => 'v1',
)
[ info ] [ RUN ] app\api\controller\v1\Product->getOne[ D:\phpstudy2\WWW\tp5\app\api\controller\v1\Product.php ]
[ info ] [ LOG ] INIT File
[ error ] [404][D:\phpstudy2\WWW\tp5\app\api\controller\v1\Product.php:48]

---------------------------------------------------------------
[ 2017-11-02T22:52:17+08:00 ] 127.0.0.1 127.0.0.1 GET /api/v1/Product/getOne?id=1
[ log ] restful_api.com/api/v1/Product/getOne?id=1 [运行时间：0.062000s][吞吐率：16.13req/s] [内存消耗：2,895.19kb] [文件加载：60]
[ info ] [ LANG ] D:\phpstudy2\WWW\tp5\thinkphp\lang\zh-cn.php
[ info ] [ ROUTE ] array (
  'type' => 'module',
  'module' => 
  array (
    0 => 'api',
    1 => 'v1.Product',
    2 => 'getOne',
  ),
  'convert' => false,
)
[ info ] [ HEADER ] array (
  'cache-control' => 'no-cache',
  'postman-token' => '5154f71e-d3b0-470a-a9ea-80c77bb85066',
  'user-agent' => 'PostmanRuntime/3.0.11-hotfix.2',
  'accept' => '*/*',
  'host' => 'restful_api.com',
  'accept-encoding' => 'gzip, deflate',
  'connection' => 'keep-alive',
)
[ info ] [ PARAM ] array (
  'id' => '1',
  'version' => 'v1',
)
[ info ] [ RUN ] app\api\controller\v1\Product->getOne[ D:\phpstudy2\WWW\tp5\app\api\controller\v1\Product.php ]
[ info ] [ DB ] INIT mysql
[ info ] [ LOG ] INIT File
[ error ] [64]Namespace declaration statement has to be the very first statement in the script[D:\phpstudy2\WWW\tp5\app\api\model\ProductProperty.php:10]

---------------------------------------------------------------
[ 2017-11-02T22:52:43+08:00 ] 127.0.0.1 127.0.0.1 GET /api/v1/Product/getOne?id=1
[ log ] restful_api.com/api/v1/Product/getOne?id=1 [运行时间：0.068000s][吞吐率：14.71req/s] [内存消耗：2,919.49kb] [文件加载：61]
[ info ] [ LANG ] D:\phpstudy2\WWW\tp5\thinkphp\lang\zh-cn.php
[ info ] [ ROUTE ] array (
  'type' => 'module',
  'module' => 
  array (
    0 => 'api',
    1 => 'v1.Product',
    2 => 'getOne',
  ),
  'convert' => false,
)
[ info ] [ HEADER ] array (
  'cache-control' => 'no-cache',
  'postman-token' => 'c69490f3-32b5-4ab9-9d75-6b00b1cb4f29',
  'user-agent' => 'PostmanRuntime/3.0.11-hotfix.2',
  'accept' => '*/*',
  'host' => 'restful_api.com',
  'accept-encoding' => 'gzip, deflate',
  'connection' => 'keep-alive',
)
[ info ] [ PARAM ] array (
  'id' => '1',
  'version' => 'v1',
)
[ info ] [ RUN ] app\api\controller\v1\Product->getOne[ D:\phpstudy2\WWW\tp5\app\api\controller\v1\Product.php ]
[ info ] [ DB ] INIT mysql
[ info ] [ LOG ] INIT File
[ error ] [1]Class 'app\api\model\ProductImage' not found[D:\phpstudy2\WWW\tp5\thinkphp\library\think\model\relation\BelongsTo.php:35]

---------------------------------------------------------------
[ 2017-11-02T22:55:21+08:00 ] 127.0.0.1 127.0.0.1 GET /api/v1/Product/getOne?id=1
[ log ] restful_api.com/api/v1/Product/getOne?id=1 [运行时间：0.089000s][吞吐率：11.24req/s] [内存消耗：2,919.49kb] [文件加载：61]
[ info ] [ LANG ] D:\phpstudy2\WWW\tp5\thinkphp\lang\zh-cn.php
[ info ] [ ROUTE ] array (
  'type' => 'module',
  'module' => 
  array (
    0 => 'api',
    1 => 'v1.Product',
    2 => 'getOne',
  ),
  'convert' => false,
)
[ info ] [ HEADER ] array (
  'cache-control' => 'no-cache',
  'postman-token' => '6973042a-924d-45b5-8d66-52651320f2e3',
  'user-agent' => 'PostmanRuntime/3.0.11-hotfix.2',
  'accept' => '*/*',
  'host' => 'restful_api.com',
  'accept-encoding' => 'gzip, deflate',
  'connection' => 'keep-alive',
)
[ info ] [ PARAM ] array (
  'id' => '1',
  'version' => 'v1',
)
[ info ] [ RUN ] app\api\controller\v1\Product->getOne[ D:\phpstudy2\WWW\tp5\app\api\controller\v1\Product.php ]
[ info ] [ DB ] INIT mysql
[ info ] [ LOG ] INIT File
[ error ] [1]Class 'app\api\model\ProductImage' not found[D:\phpstudy2\WWW\tp5\thinkphp\library\think\model\relation\BelongsTo.php:35]

---------------------------------------------------------------
[ 2017-11-02T22:55:42+08:00 ] 127.0.0.1 127.0.0.1 GET /api/v1/Product/getOne?id=1
[ log ] restful_api.com/api/v1/Product/getOne?id=1 [运行时间：0.038000s][吞吐率：26.32req/s] [内存消耗：2,920.06kb] [文件加载：62]
[ info ] [ LANG ] D:\phpstudy2\WWW\tp5\thinkphp\lang\zh-cn.php
[ info ] [ ROUTE ] array (
  'type' => 'module',
  'module' => 
  array (
    0 => 'api',
    1 => 'v1.Product',
    2 => 'getOne',
  ),
  'convert' => false,
)
[ info ] [ HEADER ] array (
  'cache-control' => 'no-cache',
  'postman-token' => '3ed5be27-03e8-4e47-8189-63378eb121fc',
  'user-agent' => 'PostmanRuntime/3.0.11-hotfix.2',
  'accept' => '*/*',
  'host' => 'restful_api.com',
  'accept-encoding' => 'gzip, deflate',
  'connection' => 'keep-alive',
)
[ info ] [ PARAM ] array (
  'id' => '1',
  'version' => 'v1',
)
[ info ] [ RUN ] app\api\controller\v1\Product->getOne[ D:\phpstudy2\WWW\tp5\app\api\controller\v1\Product.php ]
[ info ] [ DB ] INIT mysql
[ info ] [ LOG ] INIT File
[ error ] [1]Call to undefined method app\api\model\ProductImages::db()[D:\phpstudy2\WWW\tp5\thinkphp\library\think\model\relation\BelongsTo.php:35]

---------------------------------------------------------------
[ 2017-11-02T22:57:04+08:00 ] 127.0.0.1 127.0.0.1 GET /api/v1/Product/getOne?id=1
[ log ] restful_api.com/api/v1/Product/getOne?id=1 [运行时间：0.080000s][吞吐率：12.50req/s] [内存消耗：2,920.05kb] [文件加载：62]
[ info ] [ LANG ] D:\phpstudy2\WWW\tp5\thinkphp\lang\zh-cn.php
[ info ] [ ROUTE ] array (
  'type' => 'module',
  'module' => 
  array (
    0 => 'api',
    1 => 'v1.Product',
    2 => 'getOne',
  ),
  'convert' => false,
)
[ info ] [ HEADER ] array (
  'cache-control' => 'no-cache',
  'postman-token' => 'd787ee6d-3e6b-461f-881d-208d30dea407',
  'user-agent' => 'PostmanRuntime/3.0.11-hotfix.2',
  'accept' => '*/*',
  'host' => 'restful_api.com',
  'accept-encoding' => 'gzip, deflate',
  'connection' => 'keep-alive',
)
[ info ] [ PARAM ] array (
  'id' => '1',
  'version' => 'v1',
)
[ info ] [ RUN ] app\api\controller\v1\Product->getOne[ D:\phpstudy2\WWW\tp5\app\api\controller\v1\Product.php ]
[ info ] [ DB ] INIT mysql
[ info ] [ LOG ] INIT File
[ error ] [1]Call to undefined method app\api\model\ProductImage::db()[D:\phpstudy2\WWW\tp5\thinkphp\library\think\model\relation\BelongsTo.php:35]

---------------------------------------------------------------
[ 2017-11-02T22:59:13+08:00 ] 127.0.0.1 127.0.0.1 GET /api/v1/Product/getOne?id=1
[ log ] restful_api.com/api/v1/Product/getOne?id=1 [运行时间：0.081000s][吞吐率：12.35req/s] [内存消耗：2,920.60kb] [文件加载：62]
[ info ] [ LANG ] D:\phpstudy2\WWW\tp5\thinkphp\lang\zh-cn.php
[ info ] [ ROUTE ] array (
  'type' => 'module',
  'module' => 
  array (
    0 => 'api',
    1 => 'v1.Product',
    2 => 'getOne',
  ),
  'convert' => false,
)
[ info ] [ HEADER ] array (
  'cache-control' => 'no-cache',
  'postman-token' => '8bce2e3f-9e65-4bfd-99cc-3895bb2e4934',
  'user-agent' => 'PostmanRuntime/3.0.11-hotfix.2',
  'accept' => '*/*',
  'host' => 'restful_api.com',
  'accept-encoding' => 'gzip, deflate',
  'connection' => 'keep-alive',
)
[ info ] [ PARAM ] array (
  'id' => '1',
  'version' => 'v1',
)
[ info ] [ RUN ] app\api\controller\v1\Product->getOne[ D:\phpstudy2\WWW\tp5\app\api\controller\v1\Product.php ]
[ info ] [ DB ] INIT mysql
[ info ] [ LOG ] INIT File
[ error ] [1]Call to undefined method app\api\model\ProductImage::db()[D:\phpstudy2\WWW\tp5\thinkphp\library\think\model\relation\BelongsTo.php:35]

---------------------------------------------------------------
[ 2017-11-02T23:00:01+08:00 ] 127.0.0.1 127.0.0.1 GET /api/v1/Product/getOne?id=1
[ log ] restful_api.com/api/v1/Product/getOne?id=1 [运行时间：0.090000s][吞吐率：11.11req/s] [内存消耗：2,889.22kb] [文件加载：61]
[ info ] [ LANG ] D:\phpstudy2\WWW\tp5\thinkphp\lang\zh-cn.php
[ info ] [ ROUTE ] array (
  'type' => 'module',
  'module' => 
  array (
    0 => 'api',
    1 => 'v1.Product',
    2 => 'getOne',
  ),
  'convert' => false,
)
[ info ] [ HEADER ] array (
  'cache-control' => 'no-cache',
  'postman-token' => '6714e6c9-cff0-47af-a794-67c7d2c3834d',
  'user-agent' => 'PostmanRuntime/3.0.11-hotfix.2',
  'accept' => '*/*',
  'host' => 'restful_api.com',
  'accept-encoding' => 'gzip, deflate',
  'connection' => 'keep-alive',
)
[ info ] [ PARAM ] array (
  'id' => '1',
  'version' => 'v1',
)
[ info ] [ RUN ] app\api\controller\v1\Product->getOne[ D:\phpstudy2\WWW\tp5\app\api\controller\v1\Product.php ]
[ info ] [ DB ] INIT mysql
[ info ] [ LOG ] INIT File
[ error ] [1]Call to undefined method app\api\model\ProductImage::db()[D:\phpstudy2\WWW\tp5\thinkphp\library\think\model\relation\HasMany.php:36]

---------------------------------------------------------------
[ 2017-11-02T23:00:27+08:00 ] 127.0.0.1 127.0.0.1 GET /api/v1/Product/getOne?id=1
[ log ] restful_api.com/api/v1/Product/getOne?id=1 [运行时间：0.502000s][吞吐率：1.99req/s] [内存消耗：2,979.92kb] [文件加载：60]

---------------------------------------------------------------
[ 2017-11-02T23:00:47+08:00 ] 127.0.0.1 127.0.0.1 GET /api/v1/Product/getOne?id=11
[ log ] restful_api.com/api/v1/Product/getOne?id=11 [运行时间：0.504000s][吞吐率：1.98req/s] [内存消耗：2,983.25kb] [文件加载：60]

---------------------------------------------------------------
[ 2017-11-02T23:01:27+08:00 ] 127.0.0.1 127.0.0.1 GET /api/v1/Product/getOne?id=11
[ log ] restful_api.com/api/v1/Product/getOne?id=11 [运行时间：0.465000s][吞吐率：2.15req/s] [内存消耗：2,983.41kb] [文件加载：60]

---------------------------------------------------------------
[ 2017-11-02T23:01:42+08:00 ] 127.0.0.1 127.0.0.1 GET /api/v1/Product/getOne?id=11
[ log ] restful_api.com/api/v1/Product/getOne?id=11 [运行时间：0.508000s][吞吐率：1.97req/s] [内存消耗：2,983.63kb] [文件加载：60]

---------------------------------------------------------------
[ 2017-11-02T23:01:52+08:00 ] 127.0.0.1 127.0.0.1 GET /api/v1/Product/getOne?id=11
[ log ] restful_api.com/api/v1/Product/getOne?id=11 [运行时间：0.481000s][吞吐率：2.08req/s] [内存消耗：2,983.70kb] [文件加载：60]

---------------------------------------------------------------
[ 2017-11-02T23:02:13+08:00 ] 127.0.0.1 127.0.0.1 GET /api/v1/Product/getOne?id=11
[ log ] restful_api.com/api/v1/Product/getOne?id=11 [运行时间：0.871000s][吞吐率：1.15req/s] [内存消耗：3,027.97kb] [文件加载：62]
[ info ] [ LANG ] D:\phpstudy2\WWW\tp5\thinkphp\lang\zh-cn.php
[ info ] [ ROUTE ] array (
  'type' => 'module',
  'module' => 
  array (
    0 => 'api',
    1 => 'v1.Product',
    2 => 'getOne',
  ),
  'convert' => false,
)
[ info ] [ HEADER ] array (
  'cache-control' => 'no-cache',
  'postman-token' => '3816e4f0-632e-4f8b-bb5e-09f0b963d370',
  'user-agent' => 'PostmanRuntime/3.0.11-hotfix.2',
  'accept' => '*/*',
  'host' => 'restful_api.com',
  'accept-encoding' => 'gzip, deflate',
  'connection' => 'keep-alive',
)
[ info ] [ PARAM ] array (
  'id' => '11',
  'version' => 'v1',
)
[ info ] [ RUN ] app\api\controller\v1\Product->getOne[ D:\phpstudy2\WWW\tp5\app\api\controller\v1\Product.php ]
[ info ] [ DB ] INIT mysql
[ info ] [ LOG ] INIT File
[ sql ] [ DB ] CONNECT:[ UseTime:0.010000s ] mysql:dbname=zerg;host=127.0.0.1;charset=utf8
[ sql ] [ SQL ] SHOW COLUMNS FROM `product` [ RunTime:0.007000s ]
[ sql ] [ SQL ] SELECT * FROM `product` WHERE  `id` = 11 LIMIT 1 [ RunTime:0.001000s ]
[ error ] [0]类的属性不存在:app\api\model\Product->product_id[D:\phpstudy2\WWW\tp5\thinkphp\library\think\Model.php:463]

---------------------------------------------------------------
[ 2017-11-02T23:23:07+08:00 ] 127.0.0.1 127.0.0.1 GET /api/v1/Product/getOne?id=11
[ log ] restful_api.com/api/v1/Product/getOne?id=11 [运行时间：0.476000s][吞吐率：2.10req/s] [内存消耗：2,983.70kb] [文件加载：60]

---------------------------------------------------------------
[ 2017-11-02T23:27:21+08:00 ] 127.0.0.1 127.0.0.1 GET /api/v1/banner/2
[ log ] restful_api.com/api/v1/banner/2 [运行时间：0.909000s][吞吐率：1.10req/s] [内存消耗：2,942.96kb] [文件加载：62]
[ info ] [ LANG ] D:\phpstudy2\WWW\tp5\thinkphp\lang\zh-cn.php
[ info ] [ ROUTE ] array (
  'type' => 'module',
  'module' => 
  array (
    0 => 'api',
    1 => 'v1.Banner',
    2 => 'getBanner',
  ),
  'convert' => false,
)
[ info ] [ HEADER ] array (
  'cache-control' => 'no-cache',
  'postman-token' => 'e62c6d59-98df-4fca-8b3c-19d0d6150372',
  'user-agent' => 'PostmanRuntime/3.0.11-hotfix.2',
  'accept' => '*/*',
  'host' => 'restful_api.com',
  'accept-encoding' => 'gzip, deflate',
  'connection' => 'keep-alive',
)
[ info ] [ PARAM ] array (
  'version' => 'v1',
  'id' => '2',
)
[ info ] [ RUN ] app\api\controller\v1\Banner->getBanner[ D:\phpstudy2\WWW\tp5\app\api\controller\v1\Banner.php ]
[ info ] [ DB ] INIT mysql
[ info ] [ LOG ] INIT File
[ sql ] [ DB ] CONNECT:[ UseTime:0.010000s ] mysql:dbname=zerg;host=127.0.0.1;charset=utf8
[ sql ] [ SQL ] SHOW COLUMNS FROM `banner` [ RunTime:0.005000s ]
[ sql ] [ SQL ] SELECT * FROM `banner` WHERE  `id` = 2 LIMIT 1 [ RunTime:0.000000s ]
[ error ] [404][D:\phpstudy2\WWW\tp5\app\api\controller\v1\Banner.php:15]

---------------------------------------------------------------
[ 2017-11-02T23:27:27+08:00 ] 127.0.0.1 127.0.0.1 GET /api/v1/banner/1
[ log ] restful_api.com/api/v1/banner/1 [运行时间：0.468000s][吞吐率：2.14req/s] [内存消耗：3,045.45kb] [文件加载：62]

---------------------------------------------------------------
[ 2017-11-02T23:33:00+08:00 ] 127.0.0.1 127.0.0.1 GET /api/v1/banner/1
[ log ] restful_api.com/api/v1/banner/1 [运行时间：0.500000s][吞吐率：2.00req/s] [内存消耗：3,045.52kb] [文件加载：62]

---------------------------------------------------------------
[ 2017-11-02T23:33:46+08:00 ] 127.0.0.1 127.0.0.1 GET /api/v1/banner/1
[ log ] restful_api.com/api/v1/banner/1 [运行时间：0.484000s][吞吐率：2.07req/s] [内存消耗：3,045.58kb] [文件加载：62]

---------------------------------------------------------------
[ 2017-11-02T23:36:51+08:00 ] 127.0.0.1 127.0.0.1 GET /api/v1/banner/1
[ log ] restful_api.com/api/v1/banner/1 [运行时间：0.535000s][吞吐率：1.87req/s] [内存消耗：3,046.02kb] [文件加载：62]

---------------------------------------------------------------
[ 2017-11-02T23:37:01+08:00 ] 127.0.0.1 127.0.0.1 GET /api/v1/banner/1
[ log ] restful_api.com/api/v1/banner/1 [运行时间：0.512000s][吞吐率：1.95req/s] [内存消耗：3,046.02kb] [文件加载：62]

---------------------------------------------------------------
[ 2017-11-02T23:37:17+08:00 ] 127.0.0.1 127.0.0.1 GET /api/v1/banner/1
[ log ] restful_api.com/api/v1/banner/1 [运行时间：0.961000s][吞吐率：1.04req/s] [内存消耗：2,925.19kb] [文件加载：62]
[ info ] [ LANG ] D:\phpstudy2\WWW\tp5\thinkphp\lang\zh-cn.php
[ info ] [ ROUTE ] array (
  'type' => 'module',
  'module' => 
  array (
    0 => 'api',
    1 => 'v1.Banner',
    2 => 'getBanner',
  ),
  'convert' => false,
)
[ info ] [ HEADER ] array (
  'cache-control' => 'no-cache',
  'postman-token' => 'a276e363-e10e-4386-b203-6786ff87e84e',
  'user-agent' => 'PostmanRuntime/3.0.11-hotfix.2',
  'accept' => '*/*',
  'host' => 'restful_api.com',
  'accept-encoding' => 'gzip, deflate',
  'connection' => 'keep-alive',
)
[ info ] [ PARAM ] array (
  'version' => 'v1',
  'id' => '1',
)
[ info ] [ RUN ] app\api\controller\v1\Banner->getBanner[ D:\phpstudy2\WWW\tp5\app\api\controller\v1\Banner.php ]
[ info ] [ DB ] INIT mysql
[ info ] [ LOG ] INIT File
[ sql ] [ DB ] CONNECT:[ UseTime:0.010000s ] mysql:dbname=zerg;host=127.0.0.1;charset=utf8
[ sql ] [ SQL ] SHOW COLUMNS FROM `banner` [ RunTime:0.012000s ]
[ error ] [10501]SQLSTATE[42S22]: Column not found: 1054 Unknown column 'key_word' in 'order clause'[D:\phpstudy2\WWW\tp5\thinkphp\library\think\db\Connection.php:399]

---------------------------------------------------------------
[ 2017-11-02T23:37:38+08:00 ] 127.0.0.1 127.0.0.1 GET /api/v1/banner/1
[ log ] restful_api.com/api/v1/banner/1 [运行时间：0.906000s][吞吐率：1.10req/s] [内存消耗：3,095.80kb] [文件加载：67]
[ info ] [ LANG ] D:\phpstudy2\WWW\tp5\thinkphp\lang\zh-cn.php
[ info ] [ ROUTE ] array (
  'type' => 'module',
  'module' => 
  array (
    0 => 'api',
    1 => 'v1.Banner',
    2 => 'getBanner',
  ),
  'convert' => false,
)
[ info ] [ HEADER ] array (
  'cache-control' => 'no-cache',
  'postman-token' => '6fb31eac-4143-4dc0-84ec-dc0fbe0fb7d0',
  'user-agent' => 'PostmanRuntime/3.0.11-hotfix.2',
  'accept' => '*/*',
  'host' => 'restful_api.com',
  'accept-encoding' => 'gzip, deflate',
  'connection' => 'keep-alive',
)
[ info ] [ PARAM ] array (
  'version' => 'v1',
  'id' => '1',
)
[ info ] [ RUN ] app\api\controller\v1\Banner->getBanner[ D:\phpstudy2\WWW\tp5\app\api\controller\v1\Banner.php ]
[ info ] [ DB ] INIT mysql
[ info ] [ LOG ] INIT File
[ sql ] [ DB ] CONNECT:[ UseTime:0.000000s ] mysql:dbname=zerg;host=127.0.0.1;charset=utf8
[ sql ] [ SQL ] SHOW COLUMNS FROM `banner` [ RunTime:0.010000s ]
[ sql ] [ SQL ] SELECT * FROM `banner` WHERE  `id` = 1 LIMIT 1 [ RunTime:0.000000s ]
[ sql ] [ SQL ] SHOW COLUMNS FROM `banner_item` [ RunTime:0.010000s ]
[ sql ] [ SQL ] SELECT * FROM `banner_item` WHERE  `banner_id` = 1 [ RunTime:0.001000s ]
[ sql ] [ SQL ] SELECT * FROM `banner_item` WHERE  `banner_id` = 1 [ RunTime:0.001000s ]
[ sql ] [ SQL ] SHOW COLUMNS FROM `image` [ RunTime:0.011000s ]
[ error ] [10501]SQLSTATE[42S22]: Column not found: 1054 Unknown column 'key_word' in 'order clause'[D:\phpstudy2\WWW\tp5\thinkphp\library\think\db\Connection.php:399]

---------------------------------------------------------------
[ 2017-11-02T23:40:20+08:00 ] 127.0.0.1 127.0.0.1 GET /api/v1/banner/1
[ log ] restful_api.com/api/v1/banner/1 [运行时间：0.484000s][吞吐率：2.07req/s] [内存消耗：3,046.02kb] [文件加载：62]

---------------------------------------------------------------
[ 2017-11-02T23:40:46+08:00 ] 127.0.0.1 127.0.0.1 GET /api/v1/banner/1
[ log ] restful_api.com/api/v1/banner/1 [运行时间：0.949000s][吞吐率：1.05req/s] [内存消耗：3,095.80kb] [文件加载：67]
[ info ] [ LANG ] D:\phpstudy2\WWW\tp5\thinkphp\lang\zh-cn.php
[ info ] [ ROUTE ] array (
  'type' => 'module',
  'module' => 
  array (
    0 => 'api',
    1 => 'v1.Banner',
    2 => 'getBanner',
  ),
  'convert' => false,
)
[ info ] [ HEADER ] array (
  'cache-control' => 'no-cache',
  'postman-token' => 'c592fea4-bd2a-4c74-88b3-c31377a41445',
  'user-agent' => 'PostmanRuntime/3.0.11-hotfix.2',
  'accept' => '*/*',
  'host' => 'restful_api.com',
  'accept-encoding' => 'gzip, deflate',
  'connection' => 'keep-alive',
)
[ info ] [ PARAM ] array (
  'version' => 'v1',
  'id' => '1',
)
[ info ] [ RUN ] app\api\controller\v1\Banner->getBanner[ D:\phpstudy2\WWW\tp5\app\api\controller\v1\Banner.php ]
[ info ] [ DB ] INIT mysql
[ info ] [ LOG ] INIT File
[ sql ] [ DB ] CONNECT:[ UseTime:0.010000s ] mysql:dbname=zerg;host=127.0.0.1;charset=utf8
[ sql ] [ SQL ] SHOW COLUMNS FROM `banner` [ RunTime:0.008000s ]
[ sql ] [ SQL ] SELECT * FROM `banner` WHERE  `id` = 1 LIMIT 1 [ RunTime:0.000000s ]
[ sql ] [ SQL ] SHOW COLUMNS FROM `banner_item` [ RunTime:0.009000s ]
[ sql ] [ SQL ] SELECT * FROM `banner_item` WHERE  `banner_id` = 1 [ RunTime:0.001000s ]
[ sql ] [ SQL ] SELECT * FROM `banner_item` WHERE  `banner_id` = 1 [ RunTime:0.001000s ]
[ sql ] [ SQL ] SHOW COLUMNS FROM `image` [ RunTime:0.007000s ]
[ error ] [10501]SQLSTATE[42S22]: Column not found: 1054 Unknown column 'key_word' in 'order clause'[D:\phpstudy2\WWW\tp5\thinkphp\library\think\db\Connection.php:399]

---------------------------------------------------------------
