[ 2017-11-06T23:44:17+08:00 ] 127.0.0.1 127.0.0.1 POST /api/v1/address
[ log ] restful_api.com/api/v1/address [运行时间：1.418000s][吞吐率：0.71req/s] [内存消耗：1,802.25kb] [文件加载：53]
[ info ] [ LANG ] D:\phpstudy2\WWW\tp5\thinkphp\lang\zh-cn.php
[ info ] [ ROUTE ] array (
  'type' => 'module',
  'module' => 
  array (
    0 => 'api',
    1 => 'v1.Address',
    2 => 'CreateorUpdateAddress',
  ),
  'convert' => false,
)
[ info ] [ HEADER ] array (
  'cache-control' => 'no-cache',
  'postman-token' => '64116c5e-a99b-4e03-a4fd-244677977d3c',
  'content-type' => 'application/json',
  'token' => 'ab65b5d5e2f05a32bf283cd2b3108031',
  'user-agent' => 'PostmanRuntime/3.0.11-hotfix.2',
  'accept' => '*/*',
  'host' => 'restful_api.com',
  'accept-encoding' => 'gzip, deflate',
  'content-length' => '124',
  'connection' => 'keep-alive',
)
[ info ] [ PARAM ] array (
  'name' => '张大a',
  'mobile' => '13712341234',
  'province' => '广东省',
  'city' => '珠海市',
  'country' => '香洲1',
  'detail' => '金鸡岭',
  'version' => 'v1',
)
[ info ] [ RUN ] app\api\controller\v1\Address->CreateorUpdateAddress[ D:\phpstudy2\WWW\tp5\app\api\controller\v1\Address.php ]
[ info ] [ CACHE ] INIT File
[ info ] [ LOG ] INIT File
[ error ] [404][D:\phpstudy2\WWW\tp5\app\api\service\Token.php:41]

---------------------------------------------------------------
[ 2017-11-06T23:45:48+08:00 ] 127.0.0.1 127.0.0.1 POST /api/v1/address
[ log ] restful_api.com/api/v1/address [运行时间：0.887400s][吞吐率：1.13req/s] [内存消耗：1,802.23kb] [文件加载：53]
[ info ] [ LANG ] D:\phpstudy2\WWW\tp5\thinkphp\lang\zh-cn.php
[ info ] [ ROUTE ] array (
  'type' => 'module',
  'module' => 
  array (
    0 => 'api',
    1 => 'v1.Address',
    2 => 'CreateorUpdateAddress',
  ),
  'convert' => false,
)
[ info ] [ HEADER ] array (
  'cache-control' => 'no-cache',
  'postman-token' => 'c83806d8-7676-4323-a002-99a9e8ff5d0d',
  'content-type' => 'application/json',
  'token' => '013X2wPg24UDbH0VQCNg24swPg2X2wPI',
  'user-agent' => 'PostmanRuntime/3.0.11-hotfix.2',
  'accept' => '*/*',
  'host' => 'restful_api.com',
  'accept-encoding' => 'gzip, deflate',
  'content-length' => '124',
  'connection' => 'keep-alive',
)
[ info ] [ PARAM ] array (
  'name' => '张大a',
  'mobile' => '13712341234',
  'province' => '广东省',
  'city' => '珠海市',
  'country' => '香洲1',
  'detail' => '金鸡岭',
  'version' => 'v1',
)
[ info ] [ RUN ] app\api\controller\v1\Address->CreateorUpdateAddress[ D:\phpstudy2\WWW\tp5\app\api\controller\v1\Address.php ]
[ info ] [ CACHE ] INIT File
[ info ] [ LOG ] INIT File
[ error ] [404][D:\phpstudy2\WWW\tp5\app\api\service\Token.php:41]

---------------------------------------------------------------
[ 2017-11-06T23:46:03+08:00 ] 127.0.0.1 127.0.0.1 POST /api/v1/token/user
[ log ] restful_api.com/api/v1/token/user [运行时间：0.893400s][吞吐率：1.12req/s] [内存消耗：2,921.96kb] [文件加载：60]

---------------------------------------------------------------
[ 2017-11-06T23:46:11+08:00 ] 127.0.0.1 127.0.0.1 POST /api/v1/address
[ log ] restful_api.com/api/v1/address [运行时间：0.559000s][吞吐率：1.79req/s] [内存消耗：3,051.30kb] [文件加载：65]

---------------------------------------------------------------
[ 2017-11-06T23:46:24+08:00 ] 127.0.0.1 127.0.0.1 POST /api/v1/address
[ log ] restful_api.com/api/v1/address [运行时间：0.500600s][吞吐率：2.00req/s] [内存消耗：3,051.15kb] [文件加载：65]

---------------------------------------------------------------
[ 2017-11-06T23:46:31+08:00 ] 127.0.0.1 127.0.0.1 POST /api/v1/address
[ log ] restful_api.com/api/v1/address [运行时间：0.534600s][吞吐率：1.87req/s] [内存消耗：3,051.15kb] [文件加载：65]

---------------------------------------------------------------
[ 2017-11-06T23:46:42+08:00 ] 127.0.0.1 127.0.0.1 POST /api/v1/address
[ log ] restful_api.com/api/v1/address [运行时间：0.506200s][吞吐率：1.98req/s] [内存消耗：3,051.15kb] [文件加载：65]

---------------------------------------------------------------
[ 2017-11-06T23:46:44+08:00 ] 127.0.0.1 127.0.0.1 POST /api/v1/address
[ log ] restful_api.com/api/v1/address [运行时间：0.516200s][吞吐率：1.94req/s] [内存消耗：3,051.15kb] [文件加载：65]

---------------------------------------------------------------
[ 2017-11-06T23:46:46+08:00 ] 127.0.0.1 127.0.0.1 POST /api/v1/address
[ log ] restful_api.com/api/v1/address [运行时间：0.509600s][吞吐率：1.96req/s] [内存消耗：3,051.15kb] [文件加载：65]

---------------------------------------------------------------
[ 2017-11-06T23:46:52+08:00 ] 127.0.0.1 127.0.0.1 POST /api/v1/address
[ log ] restful_api.com/api/v1/address [运行时间：0.515200s][吞吐率：1.94req/s] [内存消耗：3,051.15kb] [文件加载：65]

---------------------------------------------------------------
[ 2017-11-06T23:46:54+08:00 ] 127.0.0.1 127.0.0.1 POST /api/v1/address
[ log ] restful_api.com/api/v1/address [运行时间：0.498600s][吞吐率：2.01req/s] [内存消耗：3,051.15kb] [文件加载：65]

---------------------------------------------------------------
[ 2017-11-06T23:47:07+08:00 ] 127.0.0.1 127.0.0.1 POST /api/v1/address
[ log ] restful_api.com/api/v1/address [运行时间：0.515000s][吞吐率：1.94req/s] [内存消耗：3,051.60kb] [文件加载：65]

---------------------------------------------------------------
[ 2017-11-06T23:47:15+08:00 ] 127.0.0.1 127.0.0.1 POST /api/v1/address
[ log ] restful_api.com/api/v1/address [运行时间：0.499600s][吞吐率：2.00req/s] [内存消耗：3,051.60kb] [文件加载：65]

---------------------------------------------------------------
[ 2017-11-06T23:48:18+08:00 ] 127.0.0.1 127.0.0.1 POST /api/v1/address
[ log ] restful_api.com/api/v1/address [运行时间：0.983000s][吞吐率：1.02req/s] [内存消耗：1,966.08kb] [文件加载：52]
[ info ] [ LANG ] D:\phpstudy2\WWW\tp5\thinkphp\lang\zh-cn.php
[ info ] [ ROUTE ] array (
  'type' => 'module',
  'module' => 
  array (
    0 => 'api',
    1 => 'v1.Address',
    2 => 'CreateorUpdateAddress',
  ),
  'convert' => false,
)
[ info ] [ HEADER ] array (
  'cache-control' => 'no-cache',
  'postman-token' => '7205bbcc-3fe5-4033-9d85-03dca03a9370',
  'content-type' => 'application/json',
  'token' => '1467a00a0d2899431b1d75d4fabf804b',
  'user-agent' => 'PostmanRuntime/3.0.11-hotfix.2',
  'accept' => '*/*',
  'host' => 'restful_api.com',
  'accept-encoding' => 'gzip, deflate',
  'content-length' => '124',
  'connection' => 'keep-alive',
)
[ info ] [ PARAM ] array (
  'name' => '张大a',
  'mobile' => '13712341234',
  'province' => '广东省',
  'city' => '珠海市',
  'country' => '香洲1',
  'detail' => '金鸡岭',
  'version' => 'v1',
)
[ info ] [ LOG ] INIT File
[ error ] [2]call_user_func() expects parameter 1 to be a valid callback, cannot access private method app\api\controller\v1\Address::checkPrimaryScope()[D:\phpstudy2\WWW\tp5\thinkphp\library\think\Controller.php:97]

---------------------------------------------------------------
[ 2017-11-06T23:48:36+08:00 ] 127.0.0.1 127.0.0.1 POST /api/v1/address
[ log ] restful_api.com/api/v1/address [运行时间：0.884000s][吞吐率：1.13req/s] [内存消耗：1,965.66kb] [文件加载：52]
[ info ] [ LANG ] D:\phpstudy2\WWW\tp5\thinkphp\lang\zh-cn.php
[ info ] [ ROUTE ] array (
  'type' => 'module',
  'module' => 
  array (
    0 => 'api',
    1 => 'v1.Address',
    2 => 'CreateorUpdateAddress',
  ),
  'convert' => false,
)
[ info ] [ HEADER ] array (
  'cache-control' => 'no-cache',
  'postman-token' => '4b17bb73-389f-406b-abb5-9e4fbcd4c316',
  'content-type' => 'application/json',
  'token' => '1467a00a0d2899431b1d75d4fabf804b',
  'user-agent' => 'PostmanRuntime/3.0.11-hotfix.2',
  'accept' => '*/*',
  'host' => 'restful_api.com',
  'accept-encoding' => 'gzip, deflate',
  'content-length' => '124',
  'connection' => 'keep-alive',
)
[ info ] [ PARAM ] array (
  'name' => '张大a',
  'mobile' => '13712341234',
  'province' => '广东省',
  'city' => '珠海市',
  'country' => '香洲1',
  'detail' => '金鸡岭',
  'version' => 'v1',
)
[ info ] [ LOG ] INIT File
[ error ] [2]call_user_func() expects parameter 1 to be a valid callback, cannot access private method app\api\controller\v1\Address::checkPrimaryScope()[D:\phpstudy2\WWW\tp5\thinkphp\library\think\Controller.php:97]

---------------------------------------------------------------
[ 2017-11-06T23:48:58+08:00 ] 127.0.0.1 127.0.0.1 POST /api/v1/address
[ log ] restful_api.com/api/v1/address [运行时间：0.852000s][吞吐率：1.17req/s] [内存消耗：2,081.59kb] [文件加载：57]
[ info ] [ LANG ] D:\phpstudy2\WWW\tp5\thinkphp\lang\zh-cn.php
[ info ] [ ROUTE ] array (
  'type' => 'module',
  'module' => 
  array (
    0 => 'api',
    1 => 'v1.Address',
    2 => 'CreateorUpdateAddress',
  ),
  'convert' => false,
)
[ info ] [ HEADER ] array (
  'cache-control' => 'no-cache',
  'postman-token' => 'f638c929-f214-4fb0-98ac-0f6578c6b2b8',
  'content-type' => 'application/json',
  'token' => '1467a00a0d2899431b1d75d4fabf804b',
  'user-agent' => 'PostmanRuntime/3.0.11-hotfix.2',
  'accept' => '*/*',
  'host' => 'restful_api.com',
  'accept-encoding' => 'gzip, deflate',
  'content-length' => '124',
  'connection' => 'keep-alive',
)
[ info ] [ PARAM ] array (
  'name' => '张大a',
  'mobile' => '13712341234',
  'province' => '广东省',
  'city' => '珠海市',
  'country' => '香洲1',
  'detail' => '金鸡岭',
  'version' => 'v1',
)
[ info ] [ CACHE ] INIT File
[ info ] [ LOG ] INIT File
[ error ] [403][D:\phpstudy2\WWW\tp5\app\api\controller\v1\Address.php:32]

---------------------------------------------------------------
[ 2017-11-06T23:49:17+08:00 ] 127.0.0.1 127.0.0.1 POST /api/v1/address
[ log ] restful_api.com/api/v1/address [运行时间：0.507000s][吞吐率：1.97req/s] [内存消耗：3,373.11kb] [文件加载：72]

---------------------------------------------------------------
