[ 2017-11-07T23:12:55+08:00 ] 127.0.0.1 127.0.0.1 POST /api/v1/address
[ log ] restful_api.com/api/v1/address [运行时间：0.510000s][吞吐率：1.96req/s] [内存消耗：1,647.47kb] [文件加载：46]
[ info ] [ LANG ] D:\phpstudy2\WWW\tp5\thinkphp\lang\zh-cn.php
[ info ] [ ROUTE ] array (
  'type' => 'module',
  'module' => 
  array (
    0 => 'api',
    1 => 'v1.Address',
    2 => 'CreateorUpdateAddress',
  ),
  'convert' => false,
)
[ info ] [ HEADER ] array (
  'cache-control' => 'no-cache',
  'postman-token' => 'b4de28a5-44e9-45bd-be2f-921e19f4ad6b',
  'content-type' => 'application/json',
  'token' => '1467a00a0d2899431b1d75d4fabf804b',
  'user-agent' => 'PostmanRuntime/3.0.11-hotfix.2',
  'accept' => '*/*',
  'host' => 'restful_api.com',
  'accept-encoding' => 'gzip, deflate',
  'content-length' => '124',
  'connection' => 'keep-alive',
)
[ info ] [ PARAM ] array (
  'name' => '张大a',
  'mobile' => '13712341234',
  'province' => '广东省',
  'city' => '珠海市',
  'country' => '香洲1',
  'detail' => '金鸡岭',
  'version' => 'v1',
)
[ info ] [ LOG ] INIT File
[ error ] [1]Class 'app\api\controller\v1\BaseController' not found[D:\phpstudy2\WWW\tp5\app\api\controller\v1\Address.php:19]

---------------------------------------------------------------
[ 2017-11-07T23:13:44+08:00 ] 127.0.0.1 127.0.0.1 POST /api/v1/address
[ log ] restful_api.com/api/v1/address [运行时间：0.058000s][吞吐率：17.24req/s] [内存消耗：1,647.41kb] [文件加载：46]
[ info ] [ LANG ] D:\phpstudy2\WWW\tp5\thinkphp\lang\zh-cn.php
[ info ] [ ROUTE ] array (
  'type' => 'module',
  'module' => 
  array (
    0 => 'api',
    1 => 'v1.Address',
    2 => 'CreateorUpdateAddress',
  ),
  'convert' => false,
)
[ info ] [ HEADER ] array (
  'cache-control' => 'no-cache',
  'postman-token' => '13f36599-88d0-46cf-9daa-34a4dcaba37a',
  'content-type' => 'application/json',
  'token' => '1467a00a0d2899431b1d75d4fabf804b',
  'user-agent' => 'PostmanRuntime/3.0.11-hotfix.2',
  'accept' => '*/*',
  'host' => 'restful_api.com',
  'accept-encoding' => 'gzip, deflate',
  'content-length' => '124',
  'connection' => 'keep-alive',
)
[ info ] [ PARAM ] array (
  'name' => '张大a',
  'mobile' => '13712341234',
  'province' => '广东省',
  'city' => '珠海市',
  'country' => '香洲1',
  'detail' => '金鸡岭',
  'version' => 'v1',
)
[ info ] [ LOG ] INIT File
[ error ] [1]Class 'app\api\controller\v1\BaseController' not found[D:\phpstudy2\WWW\tp5\app\api\controller\v1\Address.php:19]

---------------------------------------------------------------
[ 2017-11-07T23:14:03+08:00 ] 127.0.0.1 127.0.0.1 POST /api/v1/address
[ log ] restful_api.com/api/v1/address [运行时间：0.018000s][吞吐率：55.56req/s] [内存消耗：1,647.41kb] [文件加载：46]
[ info ] [ LANG ] D:\phpstudy2\WWW\tp5\thinkphp\lang\zh-cn.php
[ info ] [ ROUTE ] array (
  'type' => 'module',
  'module' => 
  array (
    0 => 'api',
    1 => 'v1.Address',
    2 => 'CreateorUpdateAddress',
  ),
  'convert' => false,
)
[ info ] [ HEADER ] array (
  'cache-control' => 'no-cache',
  'postman-token' => 'ce42a347-7859-402f-a8a7-17a1ed832701',
  'content-type' => 'application/json',
  'token' => '1467a00a0d2899431b1d75d4fabf804b',
  'user-agent' => 'PostmanRuntime/3.0.11-hotfix.2',
  'accept' => '*/*',
  'host' => 'restful_api.com',
  'accept-encoding' => 'gzip, deflate',
  'content-length' => '124',
  'connection' => 'keep-alive',
)
[ info ] [ PARAM ] array (
  'name' => '张大a',
  'mobile' => '13712341234',
  'province' => '广东省',
  'city' => '珠海市',
  'country' => '香洲1',
  'detail' => '金鸡岭',
  'version' => 'v1',
)
[ info ] [ LOG ] INIT File
[ error ] [1]Class 'app\api\controller\v1\BaseController' not found[D:\phpstudy2\WWW\tp5\app\api\controller\v1\Address.php:19]

---------------------------------------------------------------
[ 2017-11-07T23:14:28+08:00 ] 127.0.0.1 127.0.0.1 POST /api/v1/address
[ log ] restful_api.com/api/v1/address [运行时间：0.057000s][吞吐率：17.54req/s] [内存消耗：1,647.41kb] [文件加载：46]
[ info ] [ LANG ] D:\phpstudy2\WWW\tp5\thinkphp\lang\zh-cn.php
[ info ] [ ROUTE ] array (
  'type' => 'module',
  'module' => 
  array (
    0 => 'api',
    1 => 'v1.Address',
    2 => 'CreateorUpdateAddress',
  ),
  'convert' => false,
)
[ info ] [ HEADER ] array (
  'cache-control' => 'no-cache',
  'postman-token' => '52897f8e-f790-410b-bde6-2e553eb1b3f2',
  'content-type' => 'application/json',
  'token' => '1467a00a0d2899431b1d75d4fabf804b',
  'user-agent' => 'PostmanRuntime/3.0.11-hotfix.2',
  'accept' => '*/*',
  'host' => 'restful_api.com',
  'accept-encoding' => 'gzip, deflate',
  'content-length' => '124',
  'connection' => 'keep-alive',
)
[ info ] [ PARAM ] array (
  'name' => '张大a',
  'mobile' => '13712341234',
  'province' => '广东省',
  'city' => '珠海市',
  'country' => '香洲1',
  'detail' => '金鸡岭',
  'version' => 'v1',
)
[ info ] [ LOG ] INIT File
[ error ] [1]Class 'app\api\controller\v1\BaseController' not found[D:\phpstudy2\WWW\tp5\app\api\controller\v1\Address.php:19]

---------------------------------------------------------------
[ 2017-11-07T23:15:13+08:00 ] 127.0.0.1 127.0.0.1 POST /api/v1/address
[ log ] restful_api.com/api/v1/address [运行时间：0.125000s][吞吐率：8.00req/s] [内存消耗：1,975.55kb] [文件加载：53]
[ info ] [ LANG ] D:\phpstudy2\WWW\tp5\thinkphp\lang\zh-cn.php
[ info ] [ ROUTE ] array (
  'type' => 'module',
  'module' => 
  array (
    0 => 'api',
    1 => 'v1.Address',
    2 => 'CreateorUpdateAddress',
  ),
  'convert' => false,
)
[ info ] [ HEADER ] array (
  'cache-control' => 'no-cache',
  'postman-token' => 'aaf1c694-7aca-45a9-84b4-c5f8c5766f31',
  'content-type' => 'application/json',
  'token' => '1467a00a0d2899431b1d75d4fabf804b',
  'user-agent' => 'PostmanRuntime/3.0.11-hotfix.2',
  'accept' => '*/*',
  'host' => 'restful_api.com',
  'accept-encoding' => 'gzip, deflate',
  'content-length' => '124',
  'connection' => 'keep-alive',
)
[ info ] [ PARAM ] array (
  'name' => '张大a',
  'mobile' => '13712341234',
  'province' => '广东省',
  'city' => '珠海市',
  'country' => '香洲1',
  'detail' => '金鸡岭',
  'version' => 'v1',
)
[ info ] [ LOG ] INIT File
[ error ] [1]Class 'app\api\controller\TokenService' not found[D:\phpstudy2\WWW\tp5\app\api\controller\BaseController.php:16]

---------------------------------------------------------------
[ 2017-11-07T23:16:04+08:00 ] 127.0.0.1 127.0.0.1 POST /api/v1/address
[ log ] restful_api.com/api/v1/address [运行时间：0.052000s][吞吐率：19.23req/s] [内存消耗：1,647.43kb] [文件加载：46]
[ info ] [ LANG ] D:\phpstudy2\WWW\tp5\thinkphp\lang\zh-cn.php
[ info ] [ ROUTE ] array (
  'type' => 'module',
  'module' => 
  array (
    0 => 'api',
    1 => 'v1.Address',
    2 => 'CreateorUpdateAddress',
  ),
  'convert' => false,
)
[ info ] [ HEADER ] array (
  'cache-control' => 'no-cache',
  'postman-token' => 'b5275d20-448b-40c4-91b7-45a9d3d87881',
  'content-type' => 'application/json',
  'token' => '1467a00a0d2899431b1d75d4fabf804b',
  'user-agent' => 'PostmanRuntime/3.0.11-hotfix.2',
  'accept' => '*/*',
  'host' => 'restful_api.com',
  'accept-encoding' => 'gzip, deflate',
  'content-length' => '124',
  'connection' => 'keep-alive',
)
[ info ] [ PARAM ] array (
  'name' => '张大a',
  'mobile' => '13712341234',
  'province' => '广东省',
  'city' => '珠海市',
  'country' => '香洲1',
  'detail' => '金鸡岭',
  'version' => 'v1',
)
[ info ] [ LOG ] INIT File
[ error ] [1]Class 'app\api\controller\v1\BaseController' not found[D:\phpstudy2\WWW\tp5\app\api\controller\v1\Address.php:19]

---------------------------------------------------------------
[ 2017-11-07T23:17:12+08:00 ] 127.0.0.1 127.0.0.1 POST /api/v1/address
[ log ] restful_api.com/api/v1/address [运行时间：0.058000s][吞吐率：17.24req/s] [内存消耗：1,975.55kb] [文件加载：53]
[ info ] [ LANG ] D:\phpstudy2\WWW\tp5\thinkphp\lang\zh-cn.php
[ info ] [ ROUTE ] array (
  'type' => 'module',
  'module' => 
  array (
    0 => 'api',
    1 => 'v1.Address',
    2 => 'CreateorUpdateAddress',
  ),
  'convert' => false,
)
[ info ] [ HEADER ] array (
  'cache-control' => 'no-cache',
  'postman-token' => '4b5c39e8-3fce-4dea-b98c-3f04bc245b52',
  'content-type' => 'application/json',
  'token' => '1467a00a0d2899431b1d75d4fabf804b',
  'user-agent' => 'PostmanRuntime/3.0.11-hotfix.2',
  'accept' => '*/*',
  'host' => 'restful_api.com',
  'accept-encoding' => 'gzip, deflate',
  'content-length' => '124',
  'connection' => 'keep-alive',
)
[ info ] [ PARAM ] array (
  'name' => '张大a',
  'mobile' => '13712341234',
  'province' => '广东省',
  'city' => '珠海市',
  'country' => '香洲1',
  'detail' => '金鸡岭',
  'version' => 'v1',
)
[ info ] [ LOG ] INIT File
[ error ] [1]Class 'app\api\controller\TokenService' not found[D:\phpstudy2\WWW\tp5\app\api\controller\BaseController.php:16]

---------------------------------------------------------------
[ 2017-11-07T23:17:48+08:00 ] 127.0.0.1 127.0.0.1 POST /api/v1/address
[ log ] restful_api.com/api/v1/address [运行时间：0.032000s][吞吐率：31.25req/s] [内存消耗：1,652.92kb] [文件加载：46]
[ info ] [ LANG ] D:\phpstudy2\WWW\tp5\thinkphp\lang\zh-cn.php
[ info ] [ ROUTE ] array (
  'type' => 'module',
  'module' => 
  array (
    0 => 'api',
    1 => 'v1.Address',
    2 => 'CreateorUpdateAddress',
  ),
  'convert' => false,
)
[ info ] [ HEADER ] array (
  'cache-control' => 'no-cache',
  'postman-token' => 'ac9dff30-0211-4169-a446-1b26fff5138c',
  'content-type' => 'application/json',
  'token' => '1467a00a0d2899431b1d75d4fabf804b',
  'user-agent' => 'PostmanRuntime/3.0.11-hotfix.2',
  'accept' => '*/*',
  'host' => 'restful_api.com',
  'accept-encoding' => 'gzip, deflate',
  'content-length' => '124',
  'connection' => 'keep-alive',
)
[ info ] [ PARAM ] array (
  'name' => '张大a',
  'mobile' => '13712341234',
  'province' => '广东省',
  'city' => '珠海市',
  'country' => '香洲1',
  'detail' => '金鸡岭',
  'version' => 'v1',
)
[ info ] [ LOG ] INIT File
[ error ] [4]语法错误: unexpected 'class' (T_CLASS), expecting identifier (T_STRING) or \\ (T_NS_SEPARATOR)[D:\phpstudy2\WWW\tp5\app\api\controller\BaseController.php:15]

---------------------------------------------------------------
[ 2017-11-07T23:18:02+08:00 ] 127.0.0.1 127.0.0.1 POST /api/v1/address
[ log ] restful_api.com/api/v1/address [运行时间：0.953000s][吞吐率：1.05req/s] [内存消耗：2,091.17kb] [文件加载：58]
[ info ] [ LANG ] D:\phpstudy2\WWW\tp5\thinkphp\lang\zh-cn.php
[ info ] [ ROUTE ] array (
  'type' => 'module',
  'module' => 
  array (
    0 => 'api',
    1 => 'v1.Address',
    2 => 'CreateorUpdateAddress',
  ),
  'convert' => false,
)
[ info ] [ HEADER ] array (
  'cache-control' => 'no-cache',
  'postman-token' => 'dbf2ea24-2f00-4fb7-9a9d-a4021aa734d6',
  'content-type' => 'application/json',
  'token' => '1467a00a0d2899431b1d75d4fabf804b',
  'user-agent' => 'PostmanRuntime/3.0.11-hotfix.2',
  'accept' => '*/*',
  'host' => 'restful_api.com',
  'accept-encoding' => 'gzip, deflate',
  'content-length' => '124',
  'connection' => 'keep-alive',
)
[ info ] [ PARAM ] array (
  'name' => '张大a',
  'mobile' => '13712341234',
  'province' => '广东省',
  'city' => '珠海市',
  'country' => '香洲1',
  'detail' => '金鸡岭',
  'version' => 'v1',
)
[ info ] [ CACHE ] INIT File
[ info ] [ LOG ] INIT File
[ error ] [404][D:\phpstudy2\WWW\tp5\app\api\service\Token.php:42]

---------------------------------------------------------------
[ 2017-11-07T23:18:35+08:00 ] 127.0.0.1 127.0.0.1 POST /api/v1/address
[ log ] restful_api.com/api/v1/address [运行时间：0.887000s][吞吐率：1.13req/s] [内存消耗：2,132.08kb] [文件加载：60]
[ info ] [ LANG ] D:\phpstudy2\WWW\tp5\thinkphp\lang\zh-cn.php
[ info ] [ ROUTE ] array (
  'type' => 'module',
  'module' => 
  array (
    0 => 'api',
    1 => 'v1.Address',
    2 => 'CreateorUpdateAddress',
  ),
  'convert' => false,
)
[ info ] [ HEADER ] array (
  'cache-control' => 'no-cache',
  'postman-token' => '5403430c-606f-4ce8-a0b6-3faba218aa19',
  'content-type' => 'application/json',
  'token' => '1467a00a0d2899431b1d75d4fabf804b',
  'user-agent' => 'PostmanRuntime/3.0.11-hotfix.2',
  'accept' => '*/*',
  'host' => 'restful_api.com',
  'accept-encoding' => 'gzip, deflate',
  'content-length' => '124',
  'connection' => 'keep-alive',
)
[ info ] [ PARAM ] array (
  'name' => '张大a',
  'mobile' => '13712341234',
  'province' => '广东省',
  'city' => '珠海市',
  'country' => '香洲1',
  'detail' => '金鸡岭',
  'version' => 'v1',
)
[ info ] [ RUN ] app\api\controller\v1\Address->CreateorUpdateAddress[ D:\phpstudy2\WWW\tp5\app\api\controller\v1\Address.php ]
[ info ] [ CACHE ] INIT File
[ info ] [ LOG ] INIT File
[ error ] [404][D:\phpstudy2\WWW\tp5\app\api\service\Token.php:42]

---------------------------------------------------------------
[ 2017-11-07T23:19:31+08:00 ] 127.0.0.1 127.0.0.1 POST /api/v1/address
[ log ] restful_api.com/api/v1/address [运行时间：0.879000s][吞吐率：1.14req/s] [内存消耗：2,132.08kb] [文件加载：60]
[ info ] [ LANG ] D:\phpstudy2\WWW\tp5\thinkphp\lang\zh-cn.php
[ info ] [ ROUTE ] array (
  'type' => 'module',
  'module' => 
  array (
    0 => 'api',
    1 => 'v1.Address',
    2 => 'CreateorUpdateAddress',
  ),
  'convert' => false,
)
[ info ] [ HEADER ] array (
  'cache-control' => 'no-cache',
  'postman-token' => 'a144c341-7306-4b28-9c11-316795efc1aa',
  'content-type' => 'application/json',
  'token' => '1467a00a0d2899431b1d75d4fabf804b',
  'user-agent' => 'PostmanRuntime/3.0.11-hotfix.2',
  'accept' => '*/*',
  'host' => 'restful_api.com',
  'accept-encoding' => 'gzip, deflate',
  'content-length' => '124',
  'connection' => 'keep-alive',
)
[ info ] [ PARAM ] array (
  'name' => '张大a',
  'mobile' => '13712341234',
  'province' => '广东省',
  'city' => '珠海市',
  'country' => '香洲1',
  'detail' => '金鸡岭',
  'version' => 'v1',
)
[ info ] [ RUN ] app\api\controller\v1\Address->CreateorUpdateAddress[ D:\phpstudy2\WWW\tp5\app\api\controller\v1\Address.php ]
[ info ] [ CACHE ] INIT File
[ info ] [ LOG ] INIT File
[ error ] [404][D:\phpstudy2\WWW\tp5\app\api\service\Token.php:42]

---------------------------------------------------------------
[ 2017-11-07T23:19:59+08:00 ] 127.0.0.1 127.0.0.1 POST /api/v1/address
[ log ] restful_api.com/api/v1/address [运行时间：0.058000s][吞吐率：17.24req/s] [内存消耗：1,855.87kb] [文件加载：48]
[ info ] [ LANG ] D:\phpstudy2\WWW\tp5\thinkphp\lang\zh-cn.php
[ info ] [ ROUTE ] array (
  'type' => 'module',
  'module' => 
  array (
    0 => 'api',
    1 => 'v1.Address',
    2 => 'CreateorUpdateAddress',
  ),
  'convert' => false,
)
[ info ] [ HEADER ] array (
  'cache-control' => 'no-cache',
  'postman-token' => 'ce932a0f-19e1-4a92-85d4-ac0f5de0df9f',
  'content-type' => 'application/json',
  'token' => '1467a00a0d2899431b1d75d4fabf804b',
  'user-agent' => 'PostmanRuntime/3.0.11-hotfix.2',
  'accept' => '*/*',
  'host' => 'restful_api.com',
  'accept-encoding' => 'gzip, deflate',
  'content-length' => '124',
  'connection' => 'keep-alive',
)
[ info ] [ PARAM ] array (
  'name' => '张大a',
  'mobile' => '13712341234',
  'province' => '广东省',
  'city' => '珠海市',
  'country' => '香洲1',
  'detail' => '金鸡岭',
  'version' => 'v1',
)
[ info ] [ RUN ] app\api\controller\v1\Address->CreateorUpdateAddress[ D:\phpstudy2\WWW\tp5\app\api\controller\v1\Address.php ]
[ info ] [ LOG ] INIT File

---------------------------------------------------------------
[ 2017-11-07T23:20:04+08:00 ] 127.0.0.1 127.0.0.1 POST /api/v1/address
[ log ] restful_api.com/api/v1/address [运行时间：0.895000s][吞吐率：1.12req/s] [内存消耗：2,132.08kb] [文件加载：60]
[ info ] [ LANG ] D:\phpstudy2\WWW\tp5\thinkphp\lang\zh-cn.php
[ info ] [ ROUTE ] array (
  'type' => 'module',
  'module' => 
  array (
    0 => 'api',
    1 => 'v1.Address',
    2 => 'CreateorUpdateAddress',
  ),
  'convert' => false,
)
[ info ] [ HEADER ] array (
  'cache-control' => 'no-cache',
  'postman-token' => 'a6c423cb-8546-4537-870a-cc28ac3be07b',
  'content-type' => 'application/json',
  'token' => '1467a00a0d2899431b1d75d4fabf804b',
  'user-agent' => 'PostmanRuntime/3.0.11-hotfix.2',
  'accept' => '*/*',
  'host' => 'restful_api.com',
  'accept-encoding' => 'gzip, deflate',
  'content-length' => '124',
  'connection' => 'keep-alive',
)
[ info ] [ PARAM ] array (
  'name' => '张大a',
  'mobile' => '13712341234',
  'province' => '广东省',
  'city' => '珠海市',
  'country' => '香洲1',
  'detail' => '金鸡岭',
  'version' => 'v1',
)
[ info ] [ RUN ] app\api\controller\v1\Address->CreateorUpdateAddress[ D:\phpstudy2\WWW\tp5\app\api\controller\v1\Address.php ]
[ info ] [ CACHE ] INIT File
[ info ] [ LOG ] INIT File
[ error ] [404][D:\phpstudy2\WWW\tp5\app\api\service\Token.php:42]

---------------------------------------------------------------
[ 2017-11-07T23:20:17+08:00 ] 127.0.0.1 127.0.0.1 POST /api/v1/address
[ log ] restful_api.com/api/v1/address [运行时间：0.828000s][吞吐率：1.21req/s] [内存消耗：2,132.12kb] [文件加载：60]
[ info ] [ LANG ] D:\phpstudy2\WWW\tp5\thinkphp\lang\zh-cn.php
[ info ] [ ROUTE ] array (
  'type' => 'module',
  'module' => 
  array (
    0 => 'api',
    1 => 'v1.Address',
    2 => 'CreateorUpdateAddress',
  ),
  'convert' => false,
)
[ info ] [ HEADER ] array (
  'cache-control' => 'no-cache',
  'postman-token' => 'e293b475-2878-456a-bb70-c1dc3b26fd81',
  'content-type' => 'application/json',
  'token' => '1467a00a0d2899431b1d75d4fabf804b',
  'user-agent' => 'PostmanRuntime/3.0.11-hotfix.2',
  'accept' => '*/*',
  'host' => 'restful_api.com',
  'accept-encoding' => 'gzip, deflate',
  'content-length' => '124',
  'connection' => 'keep-alive',
)
[ info ] [ PARAM ] array (
  'name' => '张大a',
  'mobile' => '13712341234',
  'province' => '广东省',
  'city' => '珠海市',
  'country' => '香洲1',
  'detail' => '金鸡岭',
  'version' => 'v1',
)
[ info ] [ RUN ] app\api\controller\v1\Address->CreateorUpdateAddress[ D:\phpstudy2\WWW\tp5\app\api\controller\v1\Address.php ]
[ info ] [ CACHE ] INIT File
[ info ] [ LOG ] INIT File
[ error ] [404][D:\phpstudy2\WWW\tp5\app\api\service\Token.php:43]

---------------------------------------------------------------
[ 2017-11-07T23:20:22+08:00 ] 127.0.0.1 127.0.0.1 POST /api/v1/address
[ log ] restful_api.com/api/v1/address [运行时间：0.070000s][吞吐率：14.29req/s] [内存消耗：1,868.24kb] [文件加载：49]
[ info ] [ LANG ] D:\phpstudy2\WWW\tp5\thinkphp\lang\zh-cn.php
[ info ] [ ROUTE ] array (
  'type' => 'module',
  'module' => 
  array (
    0 => 'api',
    1 => 'v1.Address',
    2 => 'CreateorUpdateAddress',
  ),
  'convert' => false,
)
[ info ] [ HEADER ] array (
  'cache-control' => 'no-cache',
  'postman-token' => '7abaadd8-f157-4c9a-8f15-d2d321c12c46',
  'content-type' => 'application/json',
  'token' => '1467a00a0d2899431b1d75d4fabf804b',
  'user-agent' => 'PostmanRuntime/3.0.11-hotfix.2',
  'accept' => '*/*',
  'host' => 'restful_api.com',
  'accept-encoding' => 'gzip, deflate',
  'content-length' => '124',
  'connection' => 'keep-alive',
)
[ info ] [ PARAM ] array (
  'name' => '张大a',
  'mobile' => '13712341234',
  'province' => '广东省',
  'city' => '珠海市',
  'country' => '香洲1',
  'detail' => '金鸡岭',
  'version' => 'v1',
)
[ info ] [ RUN ] app\api\controller\v1\Address->CreateorUpdateAddress[ D:\phpstudy2\WWW\tp5\app\api\controller\v1\Address.php ]
[ info ] [ LOG ] INIT File

---------------------------------------------------------------
[ 2017-11-07T23:20:28+08:00 ] 127.0.0.1 127.0.0.1 POST /api/v1/address
[ log ] restful_api.com/api/v1/address [运行时间：0.055000s][吞吐率：18.18req/s] [内存消耗：1,868.24kb] [文件加载：49]
[ info ] [ LANG ] D:\phpstudy2\WWW\tp5\thinkphp\lang\zh-cn.php
[ info ] [ ROUTE ] array (
  'type' => 'module',
  'module' => 
  array (
    0 => 'api',
    1 => 'v1.Address',
    2 => 'CreateorUpdateAddress',
  ),
  'convert' => false,
)
[ info ] [ HEADER ] array (
  'cache-control' => 'no-cache',
  'postman-token' => '97139cf2-e2da-4d64-b1c2-1a3e384dc4f5',
  'content-type' => 'application/json',
  'token' => '1467a00a0d2899431b1d75d4fabf804b',
  'user-agent' => 'PostmanRuntime/3.0.11-hotfix.2',
  'accept' => '*/*',
  'host' => 'restful_api.com',
  'accept-encoding' => 'gzip, deflate',
  'content-length' => '124',
  'connection' => 'keep-alive',
)
[ info ] [ PARAM ] array (
  'name' => '张大a',
  'mobile' => '13712341234',
  'province' => '广东省',
  'city' => '珠海市',
  'country' => '香洲1',
  'detail' => '金鸡岭',
  'version' => 'v1',
)
[ info ] [ RUN ] app\api\controller\v1\Address->CreateorUpdateAddress[ D:\phpstudy2\WWW\tp5\app\api\controller\v1\Address.php ]
[ info ] [ LOG ] INIT File

---------------------------------------------------------------
[ 2017-11-07T23:20:37+08:00 ] 127.0.0.1 127.0.0.1 POST /api/v1/address
[ log ] restful_api.com/api/v1/address [运行时间：0.870000s][吞吐率：1.15req/s] [内存消耗：2,132.12kb] [文件加载：60]
[ info ] [ LANG ] D:\phpstudy2\WWW\tp5\thinkphp\lang\zh-cn.php
[ info ] [ ROUTE ] array (
  'type' => 'module',
  'module' => 
  array (
    0 => 'api',
    1 => 'v1.Address',
    2 => 'CreateorUpdateAddress',
  ),
  'convert' => false,
)
[ info ] [ HEADER ] array (
  'cache-control' => 'no-cache',
  'postman-token' => 'da1ea360-1899-4e0f-ba2e-fadfe6d2bd2d',
  'content-type' => 'application/json',
  'token' => '1467a00a0d2899431b1d75d4fabf804b',
  'user-agent' => 'PostmanRuntime/3.0.11-hotfix.2',
  'accept' => '*/*',
  'host' => 'restful_api.com',
  'accept-encoding' => 'gzip, deflate',
  'content-length' => '124',
  'connection' => 'keep-alive',
)
[ info ] [ PARAM ] array (
  'name' => '张大a',
  'mobile' => '13712341234',
  'province' => '广东省',
  'city' => '珠海市',
  'country' => '香洲1',
  'detail' => '金鸡岭',
  'version' => 'v1',
)
[ info ] [ RUN ] app\api\controller\v1\Address->CreateorUpdateAddress[ D:\phpstudy2\WWW\tp5\app\api\controller\v1\Address.php ]
[ info ] [ CACHE ] INIT File
[ info ] [ LOG ] INIT File
[ error ] [404][D:\phpstudy2\WWW\tp5\app\api\service\Token.php:43]

---------------------------------------------------------------
[ 2017-11-07T23:20:55+08:00 ] 127.0.0.1 127.0.0.1 POST /api/v1/address
[ log ] restful_api.com/api/v1/address [运行时间：0.866000s][吞吐率：1.15req/s] [内存消耗：2,132.45kb] [文件加载：60]
[ info ] [ LANG ] D:\phpstudy2\WWW\tp5\thinkphp\lang\zh-cn.php
[ info ] [ ROUTE ] array (
  'type' => 'module',
  'module' => 
  array (
    0 => 'api',
    1 => 'v1.Address',
    2 => 'CreateorUpdateAddress',
  ),
  'convert' => false,
)
[ info ] [ HEADER ] array (
  'cache-control' => 'no-cache',
  'postman-token' => 'dc00ee6e-0f40-41d0-a56d-602774826dd7',
  'content-type' => 'application/json',
  'token' => '1467a00a0d2899431b1d75d4fabf804b',
  'user-agent' => 'PostmanRuntime/3.0.11-hotfix.2',
  'accept' => '*/*',
  'host' => 'restful_api.com',
  'accept-encoding' => 'gzip, deflate',
  'content-length' => '124',
  'connection' => 'keep-alive',
)
[ info ] [ PARAM ] array (
  'name' => '张大a',
  'mobile' => '13712341234',
  'province' => '广东省',
  'city' => '珠海市',
  'country' => '香洲1',
  'detail' => '金鸡岭',
  'version' => 'v1',
)
[ info ] [ RUN ] app\api\controller\v1\Address->CreateorUpdateAddress[ D:\phpstudy2\WWW\tp5\app\api\controller\v1\Address.php ]
[ info ] [ CACHE ] INIT File
[ info ] [ LOG ] INIT File
[ error ] [404][D:\phpstudy2\WWW\tp5\app\api\service\Token.php:43]

---------------------------------------------------------------
[ 2017-11-07T23:20:57+08:00 ] 127.0.0.1 127.0.0.1 POST /api/v1/address
[ log ] restful_api.com/api/v1/address [运行时间：0.883000s][吞吐率：1.13req/s] [内存消耗：2,132.45kb] [文件加载：60]
[ info ] [ LANG ] D:\phpstudy2\WWW\tp5\thinkphp\lang\zh-cn.php
[ info ] [ ROUTE ] array (
  'type' => 'module',
  'module' => 
  array (
    0 => 'api',
    1 => 'v1.Address',
    2 => 'CreateorUpdateAddress',
  ),
  'convert' => false,
)
[ info ] [ HEADER ] array (
  'cache-control' => 'no-cache',
  'postman-token' => 'da6f5cd1-8d82-4c40-9a5d-94cb5a02d52b',
  'content-type' => 'application/json',
  'token' => '1467a00a0d2899431b1d75d4fabf804b',
  'user-agent' => 'PostmanRuntime/3.0.11-hotfix.2',
  'accept' => '*/*',
  'host' => 'restful_api.com',
  'accept-encoding' => 'gzip, deflate',
  'content-length' => '124',
  'connection' => 'keep-alive',
)
[ info ] [ PARAM ] array (
  'name' => '张大a',
  'mobile' => '13712341234',
  'province' => '广东省',
  'city' => '珠海市',
  'country' => '香洲1',
  'detail' => '金鸡岭',
  'version' => 'v1',
)
[ info ] [ RUN ] app\api\controller\v1\Address->CreateorUpdateAddress[ D:\phpstudy2\WWW\tp5\app\api\controller\v1\Address.php ]
[ info ] [ CACHE ] INIT File
[ info ] [ LOG ] INIT File
[ error ] [404][D:\phpstudy2\WWW\tp5\app\api\service\Token.php:43]

---------------------------------------------------------------
[ 2017-11-07T23:21:09+08:00 ] 127.0.0.1 127.0.0.1 POST /api/v1/address
[ log ] restful_api.com/api/v1/address [运行时间：0.058000s][吞吐率：17.24req/s] [内存消耗：1,868.58kb] [文件加载：49]
[ info ] [ LANG ] D:\phpstudy2\WWW\tp5\thinkphp\lang\zh-cn.php
[ info ] [ ROUTE ] array (
  'type' => 'module',
  'module' => 
  array (
    0 => 'api',
    1 => 'v1.Address',
    2 => 'CreateorUpdateAddress',
  ),
  'convert' => false,
)
[ info ] [ HEADER ] array (
  'cache-control' => 'no-cache',
  'postman-token' => '07ea1306-0b5d-4d5c-9b97-6d5c74242f19',
  'content-type' => 'application/json',
  'token' => '1467a00a0d2899431b1d75d4fabf804b',
  'user-agent' => 'PostmanRuntime/3.0.11-hotfix.2',
  'accept' => '*/*',
  'host' => 'restful_api.com',
  'accept-encoding' => 'gzip, deflate',
  'content-length' => '124',
  'connection' => 'keep-alive',
)
[ info ] [ PARAM ] array (
  'name' => '张大a',
  'mobile' => '13712341234',
  'province' => '广东省',
  'city' => '珠海市',
  'country' => '香洲1',
  'detail' => '金鸡岭',
  'version' => 'v1',
)
[ info ] [ RUN ] app\api\controller\v1\Address->CreateorUpdateAddress[ D:\phpstudy2\WWW\tp5\app\api\controller\v1\Address.php ]
[ info ] [ LOG ] INIT File

---------------------------------------------------------------
[ 2017-11-07T23:21:17+08:00 ] 127.0.0.1 127.0.0.1 POST /api/v1/address
[ log ] restful_api.com/api/v1/address [运行时间：0.867000s][吞吐率：1.15req/s] [内存消耗：2,132.45kb] [文件加载：60]
[ info ] [ LANG ] D:\phpstudy2\WWW\tp5\thinkphp\lang\zh-cn.php
[ info ] [ ROUTE ] array (
  'type' => 'module',
  'module' => 
  array (
    0 => 'api',
    1 => 'v1.Address',
    2 => 'CreateorUpdateAddress',
  ),
  'convert' => false,
)
[ info ] [ HEADER ] array (
  'cache-control' => 'no-cache',
  'postman-token' => '8521cb3a-9cc7-404d-987e-23929a8c9493',
  'content-type' => 'application/json',
  'token' => '1467a00a0d2899431b1d75d4fabf804b',
  'user-agent' => 'PostmanRuntime/3.0.11-hotfix.2',
  'accept' => '*/*',
  'host' => 'restful_api.com',
  'accept-encoding' => 'gzip, deflate',
  'content-length' => '124',
  'connection' => 'keep-alive',
)
[ info ] [ PARAM ] array (
  'name' => '张大a',
  'mobile' => '13712341234',
  'province' => '广东省',
  'city' => '珠海市',
  'country' => '香洲1',
  'detail' => '金鸡岭',
  'version' => 'v1',
)
[ info ] [ RUN ] app\api\controller\v1\Address->CreateorUpdateAddress[ D:\phpstudy2\WWW\tp5\app\api\controller\v1\Address.php ]
[ info ] [ CACHE ] INIT File
[ info ] [ LOG ] INIT File
[ error ] [404][D:\phpstudy2\WWW\tp5\app\api\service\Token.php:43]

---------------------------------------------------------------
[ 2017-11-07T23:21:31+08:00 ] 127.0.0.1 127.0.0.1 POST /api/v1/address
[ log ] restful_api.com/api/v1/address [运行时间：0.863000s][吞吐率：1.16req/s] [内存消耗：2,037.28kb] [文件加载：57]
[ info ] [ LANG ] D:\phpstudy2\WWW\tp5\thinkphp\lang\zh-cn.php
[ info ] [ ROUTE ] array (
  'type' => 'module',
  'module' => 
  array (
    0 => 'api',
    1 => 'v1.Address',
    2 => 'CreateorUpdateAddress',
  ),
  'convert' => false,
)
[ info ] [ HEADER ] array (
  'cache-control' => 'no-cache',
  'postman-token' => '0f318420-5d3c-4394-b0b2-3fd26d13c38f',
  'content-type' => 'application/json',
  'token' => '1467a00a0d2899431b1d75d4fabf804b',
  'user-agent' => 'PostmanRuntime/3.0.11-hotfix.2',
  'accept' => '*/*',
  'host' => 'restful_api.com',
  'accept-encoding' => 'gzip, deflate',
  'content-length' => '124',
  'connection' => 'keep-alive',
)
[ info ] [ PARAM ] array (
  'name' => '张大a',
  'mobile' => '13712341234',
  'province' => '广东省',
  'city' => '珠海市',
  'country' => '香洲1',
  'detail' => '金鸡岭',
  'version' => 'v1',
)
[ info ] [ RUN ] app\api\controller\v1\Address->CreateorUpdateAddress[ D:\phpstudy2\WWW\tp5\app\api\controller\v1\Address.php ]
[ info ] [ LOG ] INIT File
[ error ] [404][D:\phpstudy2\WWW\tp5\app\api\service\Token.php:35]

---------------------------------------------------------------
[ 2017-11-07T23:21:44+08:00 ] 127.0.0.1 127.0.0.1 POST /api/v1/address
[ log ] restful_api.com/api/v1/address [运行时间：0.871000s][吞吐率：1.15req/s] [内存消耗：2,132.08kb] [文件加载：60]
[ info ] [ LANG ] D:\phpstudy2\WWW\tp5\thinkphp\lang\zh-cn.php
[ info ] [ ROUTE ] array (
  'type' => 'module',
  'module' => 
  array (
    0 => 'api',
    1 => 'v1.Address',
    2 => 'CreateorUpdateAddress',
  ),
  'convert' => false,
)
[ info ] [ HEADER ] array (
  'cache-control' => 'no-cache',
  'postman-token' => '9c0b437c-8d06-4048-b98e-a76a1533c4a9',
  'content-type' => 'application/json',
  'token' => '1467a00a0d2899431b1d75d4fabf804b',
  'user-agent' => 'PostmanRuntime/3.0.11-hotfix.2',
  'accept' => '*/*',
  'host' => 'restful_api.com',
  'accept-encoding' => 'gzip, deflate',
  'content-length' => '124',
  'connection' => 'keep-alive',
)
[ info ] [ PARAM ] array (
  'name' => '张大a',
  'mobile' => '13712341234',
  'province' => '广东省',
  'city' => '珠海市',
  'country' => '香洲1',
  'detail' => '金鸡岭',
  'version' => 'v1',
)
[ info ] [ RUN ] app\api\controller\v1\Address->CreateorUpdateAddress[ D:\phpstudy2\WWW\tp5\app\api\controller\v1\Address.php ]
[ info ] [ CACHE ] INIT File
[ info ] [ LOG ] INIT File
[ error ] [404][D:\phpstudy2\WWW\tp5\app\api\service\Token.php:42]

---------------------------------------------------------------
[ 2017-11-07T23:40:44+08:00 ] 127.0.0.1 127.0.0.1 POST /api/v1/order
[ log ] restful_api.com/api/v1/order [运行时间：0.877000s][吞吐率：1.14req/s] [内存消耗：1,992.41kb] [文件加载：55]
[ info ] [ LANG ] D:\phpstudy2\WWW\tp5\thinkphp\lang\zh-cn.php
[ info ] [ ROUTE ] array (
  'type' => 'module',
  'module' => 
  array (
    0 => 'api',
    1 => 'v1.Order',
    2 => 'placeOrder',
  ),
  'convert' => false,
)
[ info ] [ HEADER ] array (
  'cache-control' => 'no-cache',
  'postman-token' => 'eae1241c-96e2-4240-b4e3-122476aac90e',
  'user-agent' => 'PostmanRuntime/3.0.11-hotfix.2',
  'accept' => '*/*',
  'host' => 'restful_api.com',
  'accept-encoding' => 'gzip, deflate',
  'content-length' => '0',
  'connection' => 'keep-alive',
)
[ info ] [ PARAM ] array (
  'version' => 'v1',
)
[ info ] [ LOG ] INIT File
[ error ] [404][D:\phpstudy2\WWW\tp5\app\api\service\Token.php:34]

---------------------------------------------------------------
[ 2017-11-07T23:41:03+08:00 ] 127.0.0.1 127.0.0.1 POST /api/v1/order
[ log ] restful_api.com/api/v1/order [运行时间：0.460000s][吞吐率：2.17req/s] [内存消耗：1,941.27kb] [文件加载：50]

---------------------------------------------------------------
[ 2017-11-07T23:41:46+08:00 ] 127.0.0.1 127.0.0.1 POST /api/v1/order
[ log ] restful_api.com/api/v1/order [运行时间：0.454000s][吞吐率：2.20req/s] [内存消耗：1,941.62kb] [文件加载：50]

---------------------------------------------------------------
[ 2017-11-07T23:42:51+08:00 ] 127.0.0.1 127.0.0.1 POST /api/v1/order
[ log ] restful_api.com/api/v1/order [运行时间：0.454000s][吞吐率：2.20req/s] [内存消耗：1,941.97kb] [文件加载：50]

---------------------------------------------------------------
[ 2017-11-07T23:43:23+08:00 ] 127.0.0.1 127.0.0.1 POST /api/v1/order
[ log ] restful_api.com/api/v1/order [运行时间：0.453000s][吞吐率：2.21req/s] [内存消耗：1,942.61kb] [文件加载：50]

---------------------------------------------------------------
[ 2017-11-07T23:43:41+08:00 ] 127.0.0.1 127.0.0.1 POST /api/v1/order
[ log ] restful_api.com/api/v1/order [运行时间：0.458000s][吞吐率：2.18req/s] [内存消耗：1,942.88kb] [文件加载：50]

---------------------------------------------------------------
[ 2017-11-07T23:43:46+08:00 ] 127.0.0.1 127.0.0.1 POST /api/v1/order
[ log ] restful_api.com/api/v1/order [运行时间：0.457000s][吞吐率：2.19req/s] [内存消耗：1,942.88kb] [文件加载：50]

---------------------------------------------------------------
[ 2017-11-07T23:44:00+08:00 ] 127.0.0.1 127.0.0.1 POST /api/v1/order
[ log ] restful_api.com/api/v1/order [运行时间：0.451000s][吞吐率：2.22req/s] [内存消耗：1,942.99kb] [文件加载：50]

---------------------------------------------------------------
[ 2017-11-07T23:44:07+08:00 ] 127.0.0.1 127.0.0.1 POST /api/v1/order
[ log ] restful_api.com/api/v1/order [运行时间：0.460000s][吞吐率：2.17req/s] [内存消耗：1,942.34kb] [文件加载：50]

---------------------------------------------------------------
[ 2017-11-07T23:44:10+08:00 ] 127.0.0.1 127.0.0.1 POST /api/v1/order
[ log ] restful_api.com/api/v1/order [运行时间：0.455000s][吞吐率：2.20req/s] [内存消耗：1,942.34kb] [文件加载：50]

---------------------------------------------------------------
[ 2017-11-07T23:44:13+08:00 ] 127.0.0.1 127.0.0.1 POST /api/v1/order
[ log ] restful_api.com/api/v1/order [运行时间：0.456000s][吞吐率：2.19req/s] [内存消耗：1,942.34kb] [文件加载：50]

---------------------------------------------------------------
[ 2017-11-07T23:44:20+08:00 ] 127.0.0.1 127.0.0.1 POST /api/v1/order
[ log ] restful_api.com/api/v1/order [运行时间：0.459000s][吞吐率：2.18req/s] [内存消耗：1,942.99kb] [文件加载：50]

---------------------------------------------------------------
[ 2017-11-07T23:44:34+08:00 ] 127.0.0.1 127.0.0.1 POST /api/v1/order
[ log ] restful_api.com/api/v1/order [运行时间：0.474000s][吞吐率：2.11req/s] [内存消耗：1,942.67kb] [文件加载：50]

---------------------------------------------------------------
[ 2017-11-07T23:44:56+08:00 ] 127.0.0.1 127.0.0.1 POST /api/v1/order
[ log ] restful_api.com/api/v1/order [运行时间：0.469000s][吞吐率：2.13req/s] [内存消耗：1,942.61kb] [文件加载：50]

---------------------------------------------------------------
[ 2017-11-07T23:45:11+08:00 ] 127.0.0.1 127.0.0.1 POST /api/v1/order
[ log ] restful_api.com/api/v1/order [运行时间：0.466000s][吞吐率：2.15req/s] [内存消耗：1,942.61kb] [文件加载：50]

---------------------------------------------------------------
[ 2017-11-07T23:45:22+08:00 ] 127.0.0.1 127.0.0.1 POST /api/v1/order
[ log ] restful_api.com/api/v1/order [运行时间：0.453000s][吞吐率：2.21req/s] [内存消耗：1,942.63kb] [文件加载：50]

---------------------------------------------------------------
[ 2017-11-07T23:45:30+08:00 ] 127.0.0.1 127.0.0.1 POST /api/v1/order
[ log ] restful_api.com/api/v1/order [运行时间：0.449000s][吞吐率：2.23req/s] [内存消耗：1,942.99kb] [文件加载：50]

---------------------------------------------------------------
[ 2017-11-07T23:46:31+08:00 ] 127.0.0.1 127.0.0.1 POST /api/v1/order
[ log ] restful_api.com/api/v1/order [运行时间：0.453000s][吞吐率：2.21req/s] [内存消耗：1,945.68kb] [文件加载：50]

---------------------------------------------------------------
[ 2017-11-07T23:47:33+08:00 ] 127.0.0.1 127.0.0.1 POST /api/v1/order
[ log ] restful_api.com/api/v1/order [运行时间：0.472000s][吞吐率：2.12req/s] [内存消耗：1,943.98kb] [文件加载：50]

---------------------------------------------------------------
[ 2017-11-07T23:47:58+08:00 ] 127.0.0.1 127.0.0.1 POST /api/v1/order
[ log ] restful_api.com/api/v1/order [运行时间：0.473000s][吞吐率：2.11req/s] [内存消耗：1,943.33kb] [文件加载：50]

---------------------------------------------------------------
[ 2017-11-07T23:48:05+08:00 ] 127.0.0.1 127.0.0.1 POST /api/v1/order
[ log ] restful_api.com/api/v1/order [运行时间：0.896000s][吞吐率：1.12req/s] [内存消耗：2,006.70kb] [文件加载：55]
[ info ] [ LANG ] D:\phpstudy2\WWW\tp5\thinkphp\lang\zh-cn.php
[ info ] [ ROUTE ] array (
  'type' => 'module',
  'module' => 
  array (
    0 => 'api',
    1 => 'v1.Order',
    2 => 'placeOrder',
  ),
  'convert' => false,
)
[ info ] [ HEADER ] array (
  'cache-control' => 'no-cache',
  'postman-token' => '30da2072-3616-4560-9741-306d55381bc2',
  'content-type' => 'application/json',
  'user-agent' => 'PostmanRuntime/3.0.11-hotfix.2',
  'accept' => '*/*',
  'host' => 'restful_api.com',
  'accept-encoding' => 'gzip, deflate',
  'content-length' => '88',
  'connection' => 'keep-alive',
)
[ info ] [ PARAM ] array (
  0 => 
  array (
    'goods_id' => 11,
    'num' => 1,
  ),
  1 => 
  array (
    'goods_id' => 12,
    'num' => 2,
  ),
  2 => 
  array (
    'goods_id' => 13,
    'num' => 3,
  ),
  'version' => 'v1',
)
[ info ] [ RUN ] app\api\controller\v1\Order->placeOrder[ D:\phpstudy2\WWW\tp5\app\api\controller\v1\Order.php ]
[ info ] [ LOG ] INIT File
[ error ] [2]Missing argument 1 for think\Validate::check(), called in D:\phpstudy2\WWW\tp5\app\api\controller\v1\Order.php on line 27 and defined[D:\phpstudy2\WWW\tp5\thinkphp\library\think\Validate.php:252]

---------------------------------------------------------------
[ 2017-11-07T23:48:12+08:00 ] 127.0.0.1 127.0.0.1 POST /api/v1/order
[ log ] restful_api.com/api/v1/order [运行时间：0.465000s][吞吐率：2.15req/s] [内存消耗：1,943.33kb] [文件加载：50]

---------------------------------------------------------------
[ 2017-11-07T23:48:15+08:00 ] 127.0.0.1 127.0.0.1 POST /api/v1/order
[ log ] restful_api.com/api/v1/order [运行时间：0.458000s][吞吐率：2.18req/s] [内存消耗：1,943.33kb] [文件加载：50]

---------------------------------------------------------------
[ 2017-11-07T23:51:52+08:00 ] 127.0.0.1 127.0.0.1 POST /api/v1/order
[ log ] restful_api.com/api/v1/order [运行时间：0.889000s][吞吐率：1.12req/s] [内存消耗：2,026.40kb] [文件加载：56]
[ info ] [ LANG ] D:\phpstudy2\WWW\tp5\thinkphp\lang\zh-cn.php
[ info ] [ ROUTE ] array (
  'type' => 'module',
  'module' => 
  array (
    0 => 'api',
    1 => 'v1.Order',
    2 => 'placeOrder',
  ),
  'convert' => false,
)
[ info ] [ HEADER ] array (
  'cache-control' => 'no-cache',
  'postman-token' => '90dc3543-0ec4-4276-8c5c-83be4a998f63',
  'content-type' => 'application/json',
  'user-agent' => 'PostmanRuntime/3.0.11-hotfix.2',
  'accept' => '*/*',
  'host' => 'restful_api.com',
  'accept-encoding' => 'gzip, deflate',
  'content-length' => '88',
  'connection' => 'keep-alive',
)
[ info ] [ PARAM ] array (
  0 => 
  array (
    'goods_id' => 11,
    'num' => 1,
  ),
  1 => 
  array (
    'goods_id' => 12,
    'num' => 2,
  ),
  2 => 
  array (
    'goods_id' => 13,
    'num' => 3,
  ),
  'version' => 'v1',
)
[ info ] [ RUN ] app\api\controller\v1\Order->placeOrder[ D:\phpstudy2\WWW\tp5\app\api\controller\v1\Order.php ]
[ info ] [ LOG ] INIT File
[ error ] [400][D:\phpstudy2\WWW\tp5\app\api\validate\BaseValidate.php:20]

---------------------------------------------------------------
[ 2017-11-07T23:53:11+08:00 ] 127.0.0.1 127.0.0.1 POST /api/v1/order
[ log ] restful_api.com/api/v1/order [运行时间：0.878000s][吞吐率：1.14req/s] [内存消耗：2,026.24kb] [文件加载：56]
[ info ] [ LANG ] D:\phpstudy2\WWW\tp5\thinkphp\lang\zh-cn.php
[ info ] [ ROUTE ] array (
  'type' => 'module',
  'module' => 
  array (
    0 => 'api',
    1 => 'v1.Order',
    2 => 'placeOrder',
  ),
  'convert' => false,
)
[ info ] [ HEADER ] array (
  'cache-control' => 'no-cache',
  'postman-token' => '5a0e03d0-2e98-4666-8aaf-a0fe516dc600',
  'content-type' => 'application/json',
  'user-agent' => 'PostmanRuntime/3.0.11-hotfix.2',
  'accept' => '*/*',
  'host' => 'restful_api.com',
  'accept-encoding' => 'gzip, deflate',
  'content-length' => '88',
  'connection' => 'keep-alive',
)
[ info ] [ PARAM ] array (
  0 => 
  array (
    'goods_id' => 11,
    'num' => 1,
  ),
  1 => 
  array (
    'goods_id' => 12,
    'num' => 2,
  ),
  2 => 
  array (
    'goods_id' => 13,
    'num' => 3,
  ),
  'version' => 'v1',
)
[ info ] [ RUN ] app\api\controller\v1\Order->placeOrder[ D:\phpstudy2\WWW\tp5\app\api\controller\v1\Order.php ]
[ info ] [ LOG ] INIT File
[ error ] [400][D:\phpstudy2\WWW\tp5\app\api\validate\BaseValidate.php:20]

---------------------------------------------------------------
[ 2017-11-07T23:54:22+08:00 ] 127.0.0.1 127.0.0.1 POST /api/v1/order
[ log ] restful_api.com/api/v1/order [运行时间：0.465000s][吞吐率：2.15req/s] [内存消耗：1,944.59kb] [文件加载：50]

---------------------------------------------------------------
[ 2017-11-07T23:54:32+08:00 ] 127.0.0.1 127.0.0.1 POST /api/v1/order
[ log ] restful_api.com/api/v1/order [运行时间：0.462000s][吞吐率：2.16req/s] [内存消耗：1,944.60kb] [文件加载：50]

---------------------------------------------------------------
[ 2017-11-07T23:54:46+08:00 ] 127.0.0.1 127.0.0.1 POST /api/v1/order
[ log ] restful_api.com/api/v1/order [运行时间：0.440000s][吞吐率：2.27req/s] [内存消耗：1,944.62kb] [文件加载：50]

---------------------------------------------------------------
[ 2017-11-07T23:54:53+08:00 ] 127.0.0.1 127.0.0.1 POST /api/v1/order
[ log ] restful_api.com/api/v1/order [运行时间：0.457000s][吞吐率：2.19req/s] [内存消耗：1,943.10kb] [文件加载：50]

---------------------------------------------------------------
[ 2017-11-07T23:54:56+08:00 ] 127.0.0.1 127.0.0.1 POST /api/v1/order
[ log ] restful_api.com/api/v1/order [运行时间：0.466000s][吞吐率：2.15req/s] [内存消耗：1,943.10kb] [文件加载：50]

---------------------------------------------------------------
[ 2017-11-07T23:55:40+08:00 ] 127.0.0.1 127.0.0.1 POST /api/v1/order
[ log ] restful_api.com/api/v1/order [运行时间：0.455000s][吞吐率：2.20req/s] [内存消耗：1,943.10kb] [文件加载：50]

---------------------------------------------------------------
[ 2017-11-07T23:55:50+08:00 ] 127.0.0.1 127.0.0.1 POST /api/v1/order
[ log ] restful_api.com/api/v1/order [运行时间：0.453000s][吞吐率：2.21req/s] [内存消耗：1,942.62kb] [文件加载：50]

---------------------------------------------------------------
[ 2017-11-07T23:55:57+08:00 ] 127.0.0.1 127.0.0.1 POST /api/v1/order
[ log ] restful_api.com/api/v1/order [运行时间：0.456000s][吞吐率：2.19req/s] [内存消耗：1,942.62kb] [文件加载：50]

---------------------------------------------------------------
[ 2017-11-07T23:55:58+08:00 ] 127.0.0.1 127.0.0.1 POST /api/v1/order
[ log ] restful_api.com/api/v1/order [运行时间：0.436000s][吞吐率：2.29req/s] [内存消耗：1,942.62kb] [文件加载：50]

---------------------------------------------------------------
[ 2017-11-07T23:56:00+08:00 ] 127.0.0.1 127.0.0.1 POST /api/v1/order
[ log ] restful_api.com/api/v1/order [运行时间：0.458000s][吞吐率：2.18req/s] [内存消耗：1,942.62kb] [文件加载：50]

---------------------------------------------------------------
[ 2017-11-07T23:56:01+08:00 ] 127.0.0.1 127.0.0.1 POST /api/v1/order
[ log ] restful_api.com/api/v1/order [运行时间：0.459000s][吞吐率：2.18req/s] [内存消耗：1,942.62kb] [文件加载：50]

---------------------------------------------------------------
[ 2017-11-07T23:56:12+08:00 ] 127.0.0.1 127.0.0.1 POST /api/v1/order
[ log ] restful_api.com/api/v1/order [运行时间：0.846000s][吞吐率：1.18req/s] [内存消耗：2,004.98kb] [文件加载：55]
[ info ] [ LANG ] D:\phpstudy2\WWW\tp5\thinkphp\lang\zh-cn.php
[ info ] [ ROUTE ] array (
  'type' => 'module',
  'module' => 
  array (
    0 => 'api',
    1 => 'v1.Order',
    2 => 'placeOrder',
  ),
  'convert' => false,
)
[ info ] [ HEADER ] array (
  'cache-control' => 'no-cache',
  'postman-token' => '7939248f-a3a9-4d1b-9e60-c4815c21ca00',
  'content-type' => 'application/json',
  'user-agent' => 'PostmanRuntime/3.0.11-hotfix.2',
  'accept' => '*/*',
  'host' => 'restful_api.com',
  'accept-encoding' => 'gzip, deflate',
  'content-length' => '0',
  'connection' => 'keep-alive',
)
[ info ] [ PARAM ] array (
  'version' => 'v1',
)
[ info ] [ RUN ] app\api\controller\v1\Order->placeOrder[ D:\phpstudy2\WWW\tp5\app\api\controller\v1\Order.php ]
[ info ] [ LOG ] INIT File
[ error ] [2]Missing argument 1 for app\api\validate\OrderPlace::checkProduct(), called in D:\phpstudy2\WWW\tp5\app\api\controller\v1\Order.php on line 27 and defined[D:\phpstudy2\WWW\tp5\app\api\validate\OrderPlace.php:18]

---------------------------------------------------------------
[ 2017-11-07T23:56:17+08:00 ] 127.0.0.1 127.0.0.1 POST /api/v1/order
[ log ] restful_api.com/api/v1/order [运行时间：0.438000s][吞吐率：2.28req/s] [内存消耗：1,942.62kb] [文件加载：50]

---------------------------------------------------------------
[ 2017-11-07T23:56:21+08:00 ] 127.0.0.1 127.0.0.1 POST /api/v1/order
[ log ] restful_api.com/api/v1/order [运行时间：0.450000s][吞吐率：2.22req/s] [内存消耗：1,942.62kb] [文件加载：50]

---------------------------------------------------------------
[ 2017-11-07T23:56:28+08:00 ] 127.0.0.1 127.0.0.1 POST /api/v1/order
[ log ] restful_api.com/api/v1/order [运行时间：0.449000s][吞吐率：2.23req/s] [内存消耗：1,944.16kb] [文件加载：50]

---------------------------------------------------------------
[ 2017-11-07T23:56:38+08:00 ] 127.0.0.1 127.0.0.1 POST /api/v1/order
[ log ] restful_api.com/api/v1/order [运行时间：0.463000s][吞吐率：2.16req/s] [内存消耗：1,944.62kb] [文件加载：50]

---------------------------------------------------------------
[ 2017-11-07T23:56:40+08:00 ] 127.0.0.1 127.0.0.1 POST /api/v1/order
[ log ] restful_api.com/api/v1/order [运行时间：0.428000s][吞吐率：2.34req/s] [内存消耗：1,944.62kb] [文件加载：50]

---------------------------------------------------------------
[ 2017-11-07T23:56:41+08:00 ] 127.0.0.1 127.0.0.1 POST /api/v1/order
[ log ] restful_api.com/api/v1/order [运行时间：0.457000s][吞吐率：2.19req/s] [内存消耗：1,944.62kb] [文件加载：50]

---------------------------------------------------------------
[ 2017-11-07T23:56:43+08:00 ] 127.0.0.1 127.0.0.1 POST /api/v1/order
[ log ] restful_api.com/api/v1/order [运行时间：0.459000s][吞吐率：2.18req/s] [内存消耗：1,944.62kb] [文件加载：50]

---------------------------------------------------------------
[ 2017-11-07T23:57:18+08:00 ] 127.0.0.1 127.0.0.1 POST /api/v1/order
[ log ] restful_api.com/api/v1/order [运行时间：0.466000s][吞吐率：2.15req/s] [内存消耗：1,944.62kb] [文件加载：50]

---------------------------------------------------------------
