[ 2017-11-09T23:08:15+08:00 ] 127.0.0.1 127.0.0.1 POST /api/v1/order?XDEBUG_SESSION_START=11788
[ log ] restful_api.com/api/v1/order?XDEBUG_SESSION_START=11788 [运行时间：1.311000s][吞吐率：0.76req/s] [内存消耗：2,136.52kb] [文件加载：60]
[ info ] [ LANG ] D:\phpstudy2\WWW\tp5\thinkphp\lang\zh-cn.php
[ info ] [ ROUTE ] array (
  'type' => 'module',
  'module' => 
  array (
    0 => 'api',
    1 => 'v1.Order',
    2 => 'placeOrder',
  ),
  'convert' => false,
)
[ info ] [ HEADER ] array (
  'cache-control' => 'no-cache',
  'postman-token' => 'f83d79e7-cd7b-4cf2-ae23-87c38554317b',
  'content-type' => 'application/json',
  'token' => '1ad578ef05772051ad692246605e0768',
  'user-agent' => 'PostmanRuntime/3.0.11-hotfix.2',
  'accept' => '*/*',
  'host' => 'restful_api.com',
  'accept-encoding' => 'gzip, deflate',
  'content-length' => '243',
  'connection' => 'keep-alive',
)
[ info ] [ PARAM ] array (
  'XDEBUG_SESSION_START' => '11788',
  'products' => 
  array (
    0 => 
    array (
      'product_id' => '1',
      'num' => '2',
    ),
    1 => 
    array (
      'product_id' => '22',
      'num' => '3',
    ),
  ),
  'version' => 'v1',
)
[ info ] [ RUN ] app\api\controller\v1\Order->placeOrder[ D:\phpstudy2\WWW\tp5\app\api\controller\v1\Order.php ]
[ info ] [ CACHE ] INIT File
[ info ] [ LOG ] INIT File
[ error ] [404][D:\phpstudy2\WWW\tp5\app\api\service\Token.php:42]

---------------------------------------------------------------
