[ 2017-11-18T15:36:31+08:00 ] 127.0.0.1 127.0.0.1 POST /api/v1/token/user
[ log ] restful_api.com/api/v1/token/user [运行时间：1.661000s][吞吐率：0.60req/s] [内存消耗：1,723.49kb] [文件加载：51]
[ info ] [ LANG ] D:\phpstudy2\WWW\tp5\thinkphp\lang\zh-cn.php
[ info ] [ ROUTE ] array (
  'type' => 'module',
  'module' => 
  array (
    0 => 'api',
    1 => 'v1.Token',
    2 => 'getToken',
  ),
  'convert' => false,
)
[ info ] [ HEADER ] array (
  'cache-control' => 'no-cache',
  'postman-token' => '5e02c476-9be9-4035-8f44-af4cea4f8cee',
  'content-type' => 'multipart/form-data; boundary=--------------------------166696760470943983460264',
  'user-agent' => 'PostmanRuntime/3.0.11-hotfix.2',
  'accept' => '*/*',
  'host' => 'restful_api.com',
  'accept-encoding' => 'gzip, deflate',
  'content-length' => '191',
  'connection' => 'keep-alive',
)
[ info ] [ PARAM ] array (
  'code' => '013Do18p0HhCro17h6bp0vOW7p0Do18u',
  'version' => 'v1',
)
[ info ] [ RUN ] app\api\controller\v1\Token->getToken[ D:\phpstudy2\WWW\tp5\app\api\controller\v1\Token.php ]
[ info ] [ LOG ] INIT File
[ error ] [400][D:\phpstudy2\WWW\tp5\app\api\service\UserToken.php:109]

---------------------------------------------------------------
[ 2017-11-18T15:37:53+08:00 ] 127.0.0.1 127.0.0.1 POST /api/v1/token/user
[ log ] restful_api.com/api/v1/token/user [运行时间：0.911000s][吞吐率：1.10req/s] [内存消耗：2,929.27kb] [文件加载：60]

---------------------------------------------------------------
[ 2017-11-18T15:38:12+08:00 ] 127.0.0.1 127.0.0.1 POST /api/v1/order
[ log ] restful_api.com/api/v1/order [运行时间：1.492000s][吞吐率：0.67req/s] [内存消耗：3,486.16kb] [文件加载：73]
[ info ] [ LANG ] D:\phpstudy2\WWW\tp5\thinkphp\lang\zh-cn.php
[ info ] [ ROUTE ] array (
  'type' => 'module',
  'module' => 
  array (
    0 => 'api',
    1 => 'v1.Order',
    2 => 'placeOrder',
  ),
  'convert' => false,
)
[ info ] [ HEADER ] array (
  'host' => 'restful_api.com',
  'connection' => 'keep-alive',
  'content-length' => '68',
  'pragma' => 'no-cache',
  'cache-control' => 'no-cache',
  'origin' => 'http://127.0.0.1:9973',
  'user-agent' => 'wechatdevtools appservice port/9974',
  'token' => '684f8ea166f3052523bc00ee1bd31ea4',
  'content-type' => 'application/json',
  'accept' => '*/*',
  'referer' => 'https://servicewechat.com/wxa2def963bea70979/devtools/page-frame.html',
  'accept-encoding' => 'gzip, deflate',
)
[ info ] [ PARAM ] array (
  'products' => 
  array (
    0 => 
    array (
      'product_id' => 1,
      'count' => 1,
    ),
    1 => 
    array (
      'product_id' => 2,
      'count' => 1,
    ),
  ),
  'version' => 'v1',
)
[ info ] [ RUN ] app\api\controller\v1\Order->placeOrder[ D:\phpstudy2\WWW\tp5\app\api\controller\v1\Order.php ]
[ info ] [ CACHE ] INIT File
[ info ] [ DB ] INIT mysql
[ info ] [ LOG ] INIT File
[ sql ] [ DB ] CONNECT:[ UseTime:0.001000s ] mysql:dbname=zerg;host=127.0.0.1;charset=utf8
[ sql ] [ SQL ] SHOW COLUMNS FROM `product` [ RunTime:0.031000s ]
[ sql ] [ SQL ] SELECT * FROM `product` WHERE  `id` IN (1,2) [ RunTime:0.001000s ]
[ sql ] [ SQL ] SHOW COLUMNS FROM `user_address` [ RunTime:0.018000s ]
[ sql ] [ SQL ] SELECT * FROM `user_address` WHERE  `user_id` = 1 LIMIT 1 [ RunTime:0.001000s ]
[ sql ] [ SQL ] SHOW COLUMNS FROM `order` [ RunTime:0.025000s ]
[ sql ] [ SQL ] INSERT INTO `order` (`order_no` , `user_id` , `total_price` , `snap_img` , `snap_name` , `total_count` , `snap_items` , `snap_address`) VALUES ('AB18906919454127' , 1 , 0.02 , 'http://restful_api/images/product-vg@1.png' , '芹菜 半斤 等' , 2 , '[{\"id\":1,\"count\":1,\"name\":\"\\u82b9\\u83dc \\u534a\\u65a4\",\"totalPrice\":0.01,\"haveStack\":true,\"main_img_url\":\"http:\\/\\/restful_api\\/images\\/product-vg@1.png\"},{\"id\":2,\"count\":1,\"name\":\"\\u68a8\\u82b1\\u5e26\\u96e8 3\\u4e2a\",\"totalPrice\":0.01,\"haveStack\":true,\"main_img_url\":\"http:\\/\\/restful_api\\/images\\/product-dryfruit@1.png\"}]' , '{\"id\":2,\"name\":\"\\u5f20\\u5927a\",\"mobile\":\"13712341234\",\"province\":\"\\u5e7f\\u4e1c\\u7701\",\"city\":\"\\u73e0\\u6d77\\u5e02\",\"country\":\"\\u9999\\u6d321\",\"detail\":\"\\u91d1\\u9e21\\u5cad\",\"delete_time\":null,\"user_id\":1,\"update_time\":\"1970-01-01 08:00:00\"}') [ RunTime:0.026000s ]
[ sql ] [ SQL ] SHOW COLUMNS FROM `order_product` [ RunTime:0.034000s ]
[ sql ] [ SQL ] INSERT INTO `order_product` (`product_id` , `count` , `order_id`) VALUES (1 , 1 , 10) [ RunTime:0.001000s ]
[ sql ] [ SQL ] INSERT INTO `order_product` (`product_id` , `count` , `order_id`) VALUES (2 , 1 , 10) [ RunTime:0.000000s ]
[ error ] [0]variable type error： array[D:\phpstudy2\WWW\tp5\thinkphp\library\think\Response.php:312]

---------------------------------------------------------------
[ 2017-11-18T15:39:02+08:00 ] 127.0.0.1 127.0.0.1 POST /api/v1/order
[ log ] restful_api.com/api/v1/order [运行时间：0.858000s][吞吐率：1.17req/s] [内存消耗：2,152.34kb] [文件加载：60]
[ info ] [ LANG ] D:\phpstudy2\WWW\tp5\thinkphp\lang\zh-cn.php
[ info ] [ ROUTE ] array (
  'type' => 'module',
  'module' => 
  array (
    0 => 'api',
    1 => 'v1.Order',
    2 => 'placeOrder',
  ),
  'convert' => false,
)
[ info ] [ HEADER ] array (
  'host' => 'restful_api.com',
  'connection' => 'keep-alive',
  'content-length' => '68',
  'pragma' => 'no-cache',
  'cache-control' => 'no-cache',
  'origin' => 'http://127.0.0.1:9973',
  'user-agent' => 'wechatdevtools appservice port/9974',
  'token' => '684f8ea166f3052523bc00ee1bd31ea4',
  'content-type' => 'application/json',
  'accept' => '*/*',
  'referer' => 'https://servicewechat.com/wxa2def963bea70979/devtools/page-frame.html',
  'accept-encoding' => 'gzip, deflate',
)
[ info ] [ PARAM ] array (
  'products' => 
  array (
    0 => 
    array (
      'product_id' => 1,
      'count' => 1,
    ),
    1 => 
    array (
      'product_id' => 2,
      'count' => 1,
    ),
  ),
  'version' => 'v1',
)
[ info ] [ RUN ] app\api\controller\v1\Order->placeOrder[ D:\phpstudy2\WWW\tp5\app\api\controller\v1\Order.php ]
[ info ] [ CACHE ] INIT File
[ info ] [ LOG ] INIT File
[ error ] [8]未定义数组索引: product_id[D:\phpstudy2\WWW\tp5\app\api\service\Order.php:154]

---------------------------------------------------------------
[ 2017-11-18T15:40:20+08:00 ] 127.0.0.1 127.0.0.1 POST /api/v1/order
[ log ] restful_api.com/api/v1/order [运行时间：0.028000s][吞吐率：35.71req/s] [内存消耗：1,813.35kb] [文件加载：46]
[ info ] [ LANG ] D:\phpstudy2\WWW\tp5\thinkphp\lang\zh-cn.php
[ info ] [ ROUTE ] array (
  'type' => 'module',
  'module' => 
  array (
    0 => 'api',
    1 => 'v1.Order',
    2 => 'placeOrder',
  ),
  'convert' => false,
)
[ info ] [ HEADER ] array (
  'host' => 'restful_api.com',
  'connection' => 'keep-alive',
  'content-length' => '68',
  'pragma' => 'no-cache',
  'cache-control' => 'no-cache',
  'origin' => 'http://127.0.0.1:9973',
  'user-agent' => 'wechatdevtools appservice port/9974',
  'token' => '684f8ea166f3052523bc00ee1bd31ea4',
  'content-type' => 'application/json',
  'accept' => '*/*',
  'referer' => 'https://servicewechat.com/wxa2def963bea70979/devtools/page-frame.html',
  'accept-encoding' => 'gzip, deflate',
)
[ info ] [ PARAM ] array (
  'products' => 
  array (
    0 => 
    array (
      'product_id' => 1,
      'count' => 1,
    ),
    1 => 
    array (
      'product_id' => 2,
      'count' => 1,
    ),
  ),
  'version' => 'v1',
)
[ info ] [ RUN ] app\api\controller\v1\Order->placeOrder[ D:\phpstudy2\WWW\tp5\app\api\controller\v1\Order.php ]
[ info ] [ LOG ] INIT File

---------------------------------------------------------------
[ 2017-11-18T15:41:21+08:00 ] 127.0.0.1 127.0.0.1 POST /api/v1/order
[ log ] restful_api.com/api/v1/order [运行时间：0.029000s][吞吐率：34.48req/s] [内存消耗：1,860.11kb] [文件加载：48]
[ info ] [ LANG ] D:\phpstudy2\WWW\tp5\thinkphp\lang\zh-cn.php
[ info ] [ ROUTE ] array (
  'type' => 'module',
  'module' => 
  array (
    0 => 'api',
    1 => 'v1.Order',
    2 => 'placeOrder',
  ),
  'convert' => false,
)
[ info ] [ HEADER ] array (
  'host' => 'restful_api.com',
  'connection' => 'keep-alive',
  'content-length' => '68',
  'pragma' => 'no-cache',
  'cache-control' => 'no-cache',
  'origin' => 'http://127.0.0.1:9973',
  'user-agent' => 'wechatdevtools appservice port/9974',
  'token' => '684f8ea166f3052523bc00ee1bd31ea4',
  'content-type' => 'application/json',
  'accept' => '*/*',
  'referer' => 'https://servicewechat.com/wxa2def963bea70979/devtools/page-frame.html',
  'accept-encoding' => 'gzip, deflate',
)
[ info ] [ PARAM ] array (
  'products' => 
  array (
    0 => 
    array (
      'product_id' => 1,
      'count' => 1,
    ),
    1 => 
    array (
      'product_id' => 2,
      'count' => 1,
    ),
  ),
  'version' => 'v1',
)
[ info ] [ RUN ] app\api\controller\v1\Order->placeOrder[ D:\phpstudy2\WWW\tp5\app\api\controller\v1\Order.php ]
[ info ] [ LOG ] INIT File

---------------------------------------------------------------
[ 2017-11-18T15:42:21+08:00 ] 127.0.0.1 127.0.0.1 GET /api/v1/order?XDEBUG_SESSION_START=10906
[ log ] restful_api.com/api/v1/order?XDEBUG_SESSION_START=10906 [运行时间：0.061000s][吞吐率：16.39req/s] [内存消耗：1,720.41kb] [文件加载：47]
[ info ] [ LANG ] D:\phpstudy2\WWW\tp5\thinkphp\lang\zh-cn.php
[ info ] [ ROUTE ] array (
  'type' => 'module',
  'module' => 
  array (
    0 => 'api',
    1 => 'v1',
    2 => 'order',
  ),
)
[ info ] [ HEADER ] array (
  'host' => 'restful_api.com',
  'connection' => 'keep-alive',
  'accept' => 'text/html,application/xhtml+xml,application/xml;q=0.9,image/webp,*/*;q=0.8',
  'user-agent' => 'Mozilla/5.0 (Windows NT 6.1; WOW64) AppleWebKit/537.36 (KHTML, like Gecko) Chrome/33.0.1750.146 BIDUBrowser/6.x Safari/537.36',
  'accept-encoding' => 'gzip,deflate',
  'accept-language' => 'zh-CN,zh;q=0.8',
)
[ info ] [ PARAM ] array (
  'XDEBUG_SESSION_START' => '10906',
)
[ info ] [ CACHE ] INIT File
[ info ] [ LOG ] INIT File

---------------------------------------------------------------
[ 2017-11-18T15:42:33+08:00 ] 127.0.0.1 127.0.0.1 POST /api/v1/token/user?XDEBUG_SESSION_START=10906
[ log ] restful_api.com/api/v1/token/user?XDEBUG_SESSION_START=10906 [运行时间：0.248000s][吞吐率：4.03req/s] [内存消耗：1,723.69kb] [文件加载：51]
[ info ] [ LANG ] D:\phpstudy2\WWW\tp5\thinkphp\lang\zh-cn.php
[ info ] [ ROUTE ] array (
  'type' => 'module',
  'module' => 
  array (
    0 => 'api',
    1 => 'v1.Token',
    2 => 'getToken',
  ),
  'convert' => false,
)
[ info ] [ HEADER ] array (
  'cache-control' => 'no-cache',
  'postman-token' => '836a79f1-946f-45bf-ae4c-e46994e32285',
  'content-type' => 'multipart/form-data; boundary=--------------------------493962020383848117170124',
  'user-agent' => 'PostmanRuntime/3.0.11-hotfix.2',
  'accept' => '*/*',
  'host' => 'restful_api.com',
  'accept-encoding' => 'gzip, deflate',
  'content-length' => '191',
  'connection' => 'keep-alive',
)
[ info ] [ PARAM ] array (
  'XDEBUG_SESSION_START' => '10906',
  'code' => '013Do18p0HhCro17h6bp0vOW7p0Do18u',
  'version' => 'v1',
)
[ info ] [ RUN ] app\api\controller\v1\Token->getToken[ D:\phpstudy2\WWW\tp5\app\api\controller\v1\Token.php ]
[ info ] [ LOG ] INIT File
[ error ] [400][D:\phpstudy2\WWW\tp5\app\api\service\UserToken.php:109]

---------------------------------------------------------------
[ 2017-11-18T15:43:00+08:00 ] 127.0.0.1 127.0.0.1 POST /api/v1/order
[ log ] restful_api.com/api/v1/order [运行时间：0.053000s][吞吐率：18.87req/s] [内存消耗：2,152.42kb] [文件加载：60]
[ info ] [ LANG ] D:\phpstudy2\WWW\tp5\thinkphp\lang\zh-cn.php
[ info ] [ ROUTE ] array (
  'type' => 'module',
  'module' => 
  array (
    0 => 'api',
    1 => 'v1.Order',
    2 => 'placeOrder',
  ),
  'convert' => false,
)
[ info ] [ HEADER ] array (
  'host' => 'restful_api.com',
  'connection' => 'keep-alive',
  'content-length' => '68',
  'pragma' => 'no-cache',
  'cache-control' => 'no-cache',
  'origin' => 'http://127.0.0.1:9973',
  'user-agent' => 'wechatdevtools appservice port/9974',
  'token' => '684f8ea166f3052523bc00ee1bd31ea4',
  'content-type' => 'application/json',
  'accept' => '*/*',
  'referer' => 'https://servicewechat.com/wxa2def963bea70979/devtools/page-frame.html',
  'accept-encoding' => 'gzip, deflate',
)
[ info ] [ PARAM ] array (
  'products' => 
  array (
    0 => 
    array (
      'product_id' => 1,
      'count' => 1,
    ),
    1 => 
    array (
      'product_id' => 2,
      'count' => 1,
    ),
  ),
  'version' => 'v1',
)
[ info ] [ RUN ] app\api\controller\v1\Order->placeOrder[ D:\phpstudy2\WWW\tp5\app\api\controller\v1\Order.php ]
[ info ] [ CACHE ] INIT File
[ info ] [ LOG ] INIT File
[ error ] [8]未定义数组索引: product_id[D:\phpstudy2\WWW\tp5\app\api\service\Order.php:154]

---------------------------------------------------------------
[ 2017-11-18T15:43:15+08:00 ] 127.0.0.1 127.0.0.1 POST /api/v1/order
[ log ] restful_api.com/api/v1/order [运行时间：0.094000s][吞吐率：10.64req/s] [内存消耗：2,152.42kb] [文件加载：60]
[ info ] [ LANG ] D:\phpstudy2\WWW\tp5\thinkphp\lang\zh-cn.php
[ info ] [ ROUTE ] array (
  'type' => 'module',
  'module' => 
  array (
    0 => 'api',
    1 => 'v1.Order',
    2 => 'placeOrder',
  ),
  'convert' => false,
)
[ info ] [ HEADER ] array (
  'host' => 'restful_api.com',
  'connection' => 'keep-alive',
  'content-length' => '68',
  'pragma' => 'no-cache',
  'cache-control' => 'no-cache',
  'origin' => 'http://127.0.0.1:9973',
  'user-agent' => 'wechatdevtools appservice port/9974',
  'token' => '684f8ea166f3052523bc00ee1bd31ea4',
  'content-type' => 'application/json',
  'accept' => '*/*',
  'referer' => 'https://servicewechat.com/wxa2def963bea70979/devtools/page-frame.html',
  'accept-encoding' => 'gzip, deflate',
)
[ info ] [ PARAM ] array (
  'products' => 
  array (
    0 => 
    array (
      'product_id' => 1,
      'count' => 1,
    ),
    1 => 
    array (
      'product_id' => 2,
      'count' => 1,
    ),
  ),
  'version' => 'v1',
)
[ info ] [ RUN ] app\api\controller\v1\Order->placeOrder[ D:\phpstudy2\WWW\tp5\app\api\controller\v1\Order.php ]
[ info ] [ CACHE ] INIT File
[ info ] [ LOG ] INIT File
[ error ] [8]未定义数组索引: product_id[D:\phpstudy2\WWW\tp5\app\api\service\Order.php:154]

---------------------------------------------------------------
[ 2017-11-18T15:45:26+08:00 ] 127.0.0.1 127.0.0.1 POST /api/v1/order
[ log ] restful_api.com/api/v1/order [运行时间：123.873000s][吞吐率：0.01req/s] [内存消耗：2,155.48kb] [文件加载：60]
[ info ] [ LANG ] D:\phpstudy2\WWW\tp5\thinkphp\lang\zh-cn.php
[ info ] [ ROUTE ] array (
  'type' => 'module',
  'module' => 
  array (
    0 => 'api',
    1 => 'v1.Order',
    2 => 'placeOrder',
  ),
  'convert' => false,
)
[ info ] [ HEADER ] array (
  'host' => 'restful_api.com',
  'connection' => 'keep-alive',
  'content-length' => '68',
  'pragma' => 'no-cache',
  'cache-control' => 'no-cache',
  'origin' => 'http://127.0.0.1:9973',
  'user-agent' => 'wechatdevtools appservice port/9974',
  'token' => '684f8ea166f3052523bc00ee1bd31ea4',
  'content-type' => 'application/json',
  'accept' => '*/*',
  'referer' => 'https://servicewechat.com/wxa2def963bea70979/devtools/page-frame.html',
  'accept-encoding' => 'gzip, deflate',
)
[ info ] [ PARAM ] array (
  'products' => 
  array (
    0 => 
    array (
      'product_id' => 1,
      'count' => 1,
    ),
    1 => 
    array (
      'product_id' => 2,
      'count' => 1,
    ),
  ),
  'version' => 'v1',
)
[ info ] [ RUN ] app\api\controller\v1\Order->placeOrder[ D:\phpstudy2\WWW\tp5\app\api\controller\v1\Order.php ]
[ info ] [ CACHE ] INIT File
[ info ] [ LOG ] INIT File
[ error ] [8]未定义数组索引: product_id[D:\phpstudy2\WWW\tp5\app\api\service\Order.php:154]

---------------------------------------------------------------
[ 2017-11-18T15:45:38+08:00 ] 127.0.0.1 127.0.0.1 POST /api/v1/order
[ log ] restful_api.com/api/v1/order [运行时间：11.735000s][吞吐率：0.09req/s] [内存消耗：2,154.64kb] [文件加载：60]
[ info ] [ LANG ] D:\phpstudy2\WWW\tp5\thinkphp\lang\zh-cn.php
[ info ] [ ROUTE ] array (
  'type' => 'module',
  'module' => 
  array (
    0 => 'api',
    1 => 'v1.Order',
    2 => 'placeOrder',
  ),
  'convert' => false,
)
[ info ] [ HEADER ] array (
  'host' => 'restful_api.com',
  'connection' => 'keep-alive',
  'content-length' => '68',
  'pragma' => 'no-cache',
  'cache-control' => 'no-cache',
  'origin' => 'http://127.0.0.1:9973',
  'user-agent' => 'wechatdevtools appservice port/9974',
  'token' => '684f8ea166f3052523bc00ee1bd31ea4',
  'content-type' => 'application/json',
  'accept' => '*/*',
  'referer' => 'https://servicewechat.com/wxa2def963bea70979/devtools/page-frame.html',
  'accept-encoding' => 'gzip, deflate',
)
[ info ] [ PARAM ] array (
  'products' => 
  array (
    0 => 
    array (
      'product_id' => 1,
      'count' => 1,
    ),
    1 => 
    array (
      'product_id' => 2,
      'count' => 1,
    ),
  ),
  'version' => 'v1',
)
[ info ] [ RUN ] app\api\controller\v1\Order->placeOrder[ D:\phpstudy2\WWW\tp5\app\api\controller\v1\Order.php ]
[ info ] [ CACHE ] INIT File
[ info ] [ LOG ] INIT File
[ error ] [8]未定义数组索引: product_id[D:\phpstudy2\WWW\tp5\app\api\service\Order.php:154]

---------------------------------------------------------------
[ 2017-11-18T15:46:15+08:00 ] 127.0.0.1 127.0.0.1 POST /api/v1/order
[ log ] restful_api.com/api/v1/order [运行时间：7.511000s][吞吐率：0.13req/s] [内存消耗：2,154.61kb] [文件加载：60]
[ info ] [ LANG ] D:\phpstudy2\WWW\tp5\thinkphp\lang\zh-cn.php
[ info ] [ ROUTE ] array (
  'type' => 'module',
  'module' => 
  array (
    0 => 'api',
    1 => 'v1.Order',
    2 => 'placeOrder',
  ),
  'convert' => false,
)
[ info ] [ HEADER ] array (
  'host' => 'restful_api.com',
  'connection' => 'keep-alive',
  'content-length' => '68',
  'pragma' => 'no-cache',
  'cache-control' => 'no-cache',
  'origin' => 'http://127.0.0.1:9973',
  'user-agent' => 'wechatdevtools appservice port/9974',
  'token' => '684f8ea166f3052523bc00ee1bd31ea4',
  'content-type' => 'application/json',
  'accept' => '*/*',
  'referer' => 'https://servicewechat.com/wxa2def963bea70979/devtools/page-frame.html',
  'accept-encoding' => 'gzip, deflate',
)
[ info ] [ PARAM ] array (
  'products' => 
  array (
    0 => 
    array (
      'product_id' => 1,
      'count' => 1,
    ),
    1 => 
    array (
      'product_id' => 2,
      'count' => 1,
    ),
  ),
  'version' => 'v1',
)
[ info ] [ RUN ] app\api\controller\v1\Order->placeOrder[ D:\phpstudy2\WWW\tp5\app\api\controller\v1\Order.php ]
[ info ] [ CACHE ] INIT File
[ info ] [ LOG ] INIT File
[ error ] [8]未定义数组索引: product_id[D:\phpstudy2\WWW\tp5\app\api\service\Order.php:154]

---------------------------------------------------------------
[ 2017-11-18T16:03:38+08:00 ] 127.0.0.1 127.0.0.1 POST /api/v1/order
[ log ] restful_api.com/api/v1/order [运行时间：995.322000s][吞吐率：0.00req/s] [内存消耗：3,488.33kb] [文件加载：73]
[ info ] [ LANG ] D:\phpstudy2\WWW\tp5\thinkphp\lang\zh-cn.php
[ info ] [ ROUTE ] array (
  'type' => 'module',
  'module' => 
  array (
    0 => 'api',
    1 => 'v1.Order',
    2 => 'placeOrder',
  ),
  'convert' => false,
)
[ info ] [ HEADER ] array (
  'host' => 'restful_api.com',
  'connection' => 'keep-alive',
  'content-length' => '68',
  'pragma' => 'no-cache',
  'cache-control' => 'no-cache',
  'origin' => 'http://127.0.0.1:9973',
  'user-agent' => 'wechatdevtools appservice port/9974',
  'token' => '684f8ea166f3052523bc00ee1bd31ea4',
  'content-type' => 'application/json',
  'accept' => '*/*',
  'referer' => 'https://servicewechat.com/wxa2def963bea70979/devtools/page-frame.html',
  'accept-encoding' => 'gzip, deflate',
)
[ info ] [ PARAM ] array (
  'products' => 
  array (
    0 => 
    array (
      'product_id' => 1,
      'count' => 1,
    ),
    1 => 
    array (
      'product_id' => 2,
      'count' => 1,
    ),
  ),
  'version' => 'v1',
)
[ info ] [ RUN ] app\api\controller\v1\Order->placeOrder[ D:\phpstudy2\WWW\tp5\app\api\controller\v1\Order.php ]
[ info ] [ CACHE ] INIT File
[ info ] [ DB ] INIT mysql
[ info ] [ LOG ] INIT File
[ sql ] [ DB ] CONNECT:[ UseTime:0.010000s ] mysql:dbname=zerg;host=127.0.0.1;charset=utf8
[ sql ] [ SQL ] SHOW COLUMNS FROM `product` [ RunTime:0.014000s ]
[ sql ] [ SQL ] SELECT * FROM `product` WHERE  `id` IN (1,2) [ RunTime:0.000000s ]
[ sql ] [ SQL ] SHOW COLUMNS FROM `user_address` [ RunTime:0.009000s ]
[ sql ] [ SQL ] SELECT * FROM `user_address` WHERE  `user_id` = 1 LIMIT 1 [ RunTime:0.001000s ]
[ sql ] [ SQL ] SHOW COLUMNS FROM `order` [ RunTime:0.008000s ]
[ sql ] [ SQL ] INSERT INTO `order` (`order_no` , `user_id` , `total_price` , `snap_img` , `snap_name` , `total_count` , `snap_items` , `snap_address`) VALUES ('AB18912473744194' , 1 , 0.02 , 'http://restful_api/images/product-vg@1.png' , '芹菜 半斤 等' , 2 , '[{\"id\":1,\"count\":1,\"name\":\"\\u82b9\\u83dc \\u534a\\u65a4\",\"totalPrice\":0.01,\"haveStack\":true,\"main_img_url\":\"http:\\/\\/restful_api\\/images\\/product-vg@1.png\"},{\"id\":2,\"count\":1,\"name\":\"\\u68a8\\u82b1\\u5e26\\u96e8 3\\u4e2a\",\"totalPrice\":0.01,\"haveStack\":true,\"main_img_url\":\"http:\\/\\/restful_api\\/images\\/product-dryfruit@1.png\"}]' , '{\"id\":2,\"name\":\"\\u5f20\\u5927a\",\"mobile\":\"13712341234\",\"province\":\"\\u5e7f\\u4e1c\\u7701\",\"city\":\"\\u73e0\\u6d77\\u5e02\",\"country\":\"\\u9999\\u6d321\",\"detail\":\"\\u91d1\\u9e21\\u5cad\",\"delete_time\":null,\"user_id\":1,\"update_time\":\"1970-01-01 08:00:00\"}') [ RunTime:0.030000s ]
[ sql ] [ SQL ] SHOW COLUMNS FROM `order_product` [ RunTime:0.008000s ]
[ sql ] [ SQL ] INSERT INTO `order_product` (`product_id` , `count` , `order_id`) VALUES (1 , 1 , 11) [ RunTime:0.000000s ]
[ sql ] [ SQL ] INSERT INTO `order_product` (`product_id` , `count` , `order_id`) VALUES (2 , 1 , 11) [ RunTime:0.000000s ]
[ error ] [0]variable type error： array[D:\phpstudy2\WWW\tp5\thinkphp\library\think\Response.php:312]

---------------------------------------------------------------
[ 2017-11-18T16:03:45+08:00 ] 127.0.0.1 127.0.0.1 POST /api/v1/order
[ log ] restful_api.com/api/v1/order [运行时间：7.534000s][吞吐率：0.13req/s] [内存消耗：3,488.30kb] [文件加载：73]
[ info ] [ LANG ] D:\phpstudy2\WWW\tp5\thinkphp\lang\zh-cn.php
[ info ] [ ROUTE ] array (
  'type' => 'module',
  'module' => 
  array (
    0 => 'api',
    1 => 'v1.Order',
    2 => 'placeOrder',
  ),
  'convert' => false,
)
[ info ] [ HEADER ] array (
  'host' => 'restful_api.com',
  'connection' => 'keep-alive',
  'content-length' => '68',
  'pragma' => 'no-cache',
  'cache-control' => 'no-cache',
  'origin' => 'http://127.0.0.1:9973',
  'user-agent' => 'wechatdevtools appservice port/9974',
  'token' => '684f8ea166f3052523bc00ee1bd31ea4',
  'content-type' => 'application/json',
  'accept' => '*/*',
  'referer' => 'https://servicewechat.com/wxa2def963bea70979/devtools/page-frame.html',
  'accept-encoding' => 'gzip, deflate',
)
[ info ] [ PARAM ] array (
  'products' => 
  array (
    0 => 
    array (
      'product_id' => 1,
      'count' => 1,
    ),
    1 => 
    array (
      'product_id' => 2,
      'count' => 1,
    ),
  ),
  'version' => 'v1',
)
[ info ] [ RUN ] app\api\controller\v1\Order->placeOrder[ D:\phpstudy2\WWW\tp5\app\api\controller\v1\Order.php ]
[ info ] [ CACHE ] INIT File
[ info ] [ DB ] INIT mysql
[ info ] [ LOG ] INIT File
[ sql ] [ DB ] CONNECT:[ UseTime:0.001000s ] mysql:dbname=zerg;host=127.0.0.1;charset=utf8
[ sql ] [ SQL ] SHOW COLUMNS FROM `product` [ RunTime:0.010000s ]
[ sql ] [ SQL ] SELECT * FROM `product` WHERE  `id` IN (1,2) [ RunTime:0.001000s ]
[ sql ] [ SQL ] SHOW COLUMNS FROM `user_address` [ RunTime:0.007000s ]
[ sql ] [ SQL ] SELECT * FROM `user_address` WHERE  `user_id` = 1 LIMIT 1 [ RunTime:0.001000s ]
[ sql ] [ SQL ] SHOW COLUMNS FROM `order` [ RunTime:0.005000s ]
[ sql ] [ SQL ] INSERT INTO `order` (`order_no` , `user_id` , `total_price` , `snap_img` , `snap_name` , `total_count` , `snap_items` , `snap_address`) VALUES ('AB18922256234150' , 1 , 0.02 , 'http://restful_api/images/product-vg@1.png' , '芹菜 半斤 等' , 2 , '[{\"id\":1,\"count\":1,\"name\":\"\\u82b9\\u83dc \\u534a\\u65a4\",\"totalPrice\":0.01,\"haveStack\":true,\"main_img_url\":\"http:\\/\\/restful_api\\/images\\/product-vg@1.png\"},{\"id\":2,\"count\":1,\"name\":\"\\u68a8\\u82b1\\u5e26\\u96e8 3\\u4e2a\",\"totalPrice\":0.01,\"haveStack\":true,\"main_img_url\":\"http:\\/\\/restful_api\\/images\\/product-dryfruit@1.png\"}]' , '{\"id\":2,\"name\":\"\\u5f20\\u5927a\",\"mobile\":\"13712341234\",\"province\":\"\\u5e7f\\u4e1c\\u7701\",\"city\":\"\\u73e0\\u6d77\\u5e02\",\"country\":\"\\u9999\\u6d321\",\"detail\":\"\\u91d1\\u9e21\\u5cad\",\"delete_time\":null,\"user_id\":1,\"update_time\":\"1970-01-01 08:00:00\"}') [ RunTime:0.030000s ]
[ sql ] [ SQL ] SHOW COLUMNS FROM `order_product` [ RunTime:0.007000s ]
[ sql ] [ SQL ] INSERT INTO `order_product` (`product_id` , `count` , `order_id`) VALUES (1 , 1 , 12) [ RunTime:0.001000s ]
[ sql ] [ SQL ] INSERT INTO `order_product` (`product_id` , `count` , `order_id`) VALUES (2 , 1 , 12) [ RunTime:0.001000s ]
[ error ] [0]variable type error： array[D:\phpstudy2\WWW\tp5\thinkphp\library\think\Response.php:312]

---------------------------------------------------------------
[ 2017-11-18T16:04:41+08:00 ] 127.0.0.1 127.0.0.1 POST /api/v1/order
[ log ] restful_api.com/api/v1/order [运行时间：40.990000s][吞吐率：0.02req/s] [内存消耗：3,489.58kb] [文件加载：73]
[ info ] [ LANG ] D:\phpstudy2\WWW\tp5\thinkphp\lang\zh-cn.php
[ info ] [ ROUTE ] array (
  'type' => 'module',
  'module' => 
  array (
    0 => 'api',
    1 => 'v1.Order',
    2 => 'placeOrder',
  ),
  'convert' => false,
)
[ info ] [ HEADER ] array (
  'host' => 'restful_api.com',
  'connection' => 'keep-alive',
  'content-length' => '68',
  'pragma' => 'no-cache',
  'cache-control' => 'no-cache',
  'origin' => 'http://127.0.0.1:9973',
  'user-agent' => 'wechatdevtools appservice port/9974',
  'token' => '684f8ea166f3052523bc00ee1bd31ea4',
  'content-type' => 'application/json',
  'accept' => '*/*',
  'referer' => 'https://servicewechat.com/wxa2def963bea70979/devtools/page-frame.html',
  'accept-encoding' => 'gzip, deflate',
)
[ info ] [ PARAM ] array (
  'products' => 
  array (
    0 => 
    array (
      'product_id' => 1,
      'count' => 1,
    ),
    1 => 
    array (
      'product_id' => 2,
      'count' => 1,
    ),
  ),
  'version' => 'v1',
)
[ info ] [ RUN ] app\api\controller\v1\Order->placeOrder[ D:\phpstudy2\WWW\tp5\app\api\controller\v1\Order.php ]
[ info ] [ CACHE ] INIT File
[ info ] [ DB ] INIT mysql
[ info ] [ LOG ] INIT File
[ sql ] [ DB ] CONNECT:[ UseTime:0.011000s ] mysql:dbname=zerg;host=127.0.0.1;charset=utf8
[ sql ] [ SQL ] SHOW COLUMNS FROM `product` [ RunTime:0.010000s ]
[ sql ] [ SQL ] SELECT * FROM `product` WHERE  `id` IN (1,2) [ RunTime:0.001000s ]
[ sql ] [ SQL ] SHOW COLUMNS FROM `user_address` [ RunTime:0.006000s ]
[ sql ] [ SQL ] SELECT * FROM `user_address` WHERE  `user_id` = 1 LIMIT 1 [ RunTime:0.000000s ]
[ sql ] [ SQL ] SHOW COLUMNS FROM `order` [ RunTime:0.006000s ]
[ sql ] [ SQL ] INSERT INTO `order` (`order_no` , `user_id` , `total_price` , `snap_img` , `snap_name` , `total_count` , `snap_items` , `snap_address`) VALUES ('AB18922454644184' , 1 , 0.02 , 'http://restful_api/images/product-vg@1.png' , '芹菜 半斤 等' , 2 , '[{\"id\":1,\"count\":1,\"name\":\"\\u82b9\\u83dc \\u534a\\u65a4\",\"totalPrice\":0.01,\"haveStack\":true,\"main_img_url\":\"http:\\/\\/restful_api\\/images\\/product-vg@1.png\"},{\"id\":2,\"count\":1,\"name\":\"\\u68a8\\u82b1\\u5e26\\u96e8 3\\u4e2a\",\"totalPrice\":0.01,\"haveStack\":true,\"main_img_url\":\"http:\\/\\/restful_api\\/images\\/product-dryfruit@1.png\"}]' , '{\"id\":2,\"name\":\"\\u5f20\\u5927a\",\"mobile\":\"13712341234\",\"province\":\"\\u5e7f\\u4e1c\\u7701\",\"city\":\"\\u73e0\\u6d77\\u5e02\",\"country\":\"\\u9999\\u6d321\",\"detail\":\"\\u91d1\\u9e21\\u5cad\",\"delete_time\":null,\"user_id\":1,\"update_time\":\"1970-01-01 08:00:00\"}') [ RunTime:0.027000s ]
[ sql ] [ SQL ] SHOW COLUMNS FROM `order_product` [ RunTime:0.007000s ]
[ sql ] [ SQL ] INSERT INTO `order_product` (`product_id` , `count` , `order_id`) VALUES (1 , 1 , 13) [ RunTime:0.001000s ]
[ sql ] [ SQL ] INSERT INTO `order_product` (`product_id` , `count` , `order_id`) VALUES (2 , 1 , 13) [ RunTime:0.000000s ]
[ error ] [0]variable type error： array[D:\phpstudy2\WWW\tp5\thinkphp\library\think\Response.php:312]

---------------------------------------------------------------
[ 2017-11-18T16:17:19+08:00 ] 127.0.0.1 127.0.0.1 POST /api/v1/order
[ log ] restful_api.com/api/v1/order [运行时间：39.223000s][吞吐率：0.03req/s] [内存消耗：3,449.06kb] [文件加载：71]

---------------------------------------------------------------
[ 2017-11-18T16:17:19+08:00 ] 127.0.0.1 127.0.0.1 POST /api/v1/pay/pre_order
[ log ] restful_api.com/api/v1/pay/pre_order [运行时间：0.035000s][吞吐率：28.57req/s] [内存消耗：1,625.65kb] [文件加载：44]
[ info ] [ LANG ] D:\phpstudy2\WWW\tp5\thinkphp\lang\zh-cn.php
[ info ] [ ROUTE ] array (
  'type' => 'module',
  'module' => 
  array (
    0 => 'api',
    1 => 'v1',
    2 => 'pay',
  ),
)
[ info ] [ HEADER ] array (
  'host' => 'restful_api.com',
  'connection' => 'keep-alive',
  'content-length' => '2',
  'pragma' => 'no-cache',
  'cache-control' => 'no-cache',
  'origin' => 'http://127.0.0.1:9973',
  'user-agent' => 'wechatdevtools appservice port/9974',
  'token' => '684f8ea166f3052523bc00ee1bd31ea4',
  'content-type' => 'application/json',
  'accept' => '*/*',
  'referer' => 'https://servicewechat.com/wxa2def963bea70979/devtools/page-frame.html',
  'accept-encoding' => 'gzip, deflate',
)
[ info ] [ PARAM ] array (
)
[ info ] [ LOG ] INIT File

---------------------------------------------------------------
[ 2017-11-18T16:18:03+08:00 ] 127.0.0.1 127.0.0.1 POST /api/v1/order
[ log ] restful_api.com/api/v1/order [运行时间：25.664000s][吞吐率：0.04req/s] [内存消耗：3,449.05kb] [文件加载：71]

---------------------------------------------------------------
[ 2017-11-18T16:18:05+08:00 ] 127.0.0.1 127.0.0.1 POST /api/v1/pay/pre_order
[ log ] restful_api.com/api/v1/pay/pre_order [运行时间：0.032000s][吞吐率：31.25req/s] [内存消耗：1,625.65kb] [文件加载：44]
[ info ] [ LANG ] D:\phpstudy2\WWW\tp5\thinkphp\lang\zh-cn.php
[ info ] [ ROUTE ] array (
  'type' => 'module',
  'module' => 
  array (
    0 => 'api',
    1 => 'v1',
    2 => 'pay',
  ),
)
[ info ] [ HEADER ] array (
  'host' => 'restful_api.com',
  'connection' => 'keep-alive',
  'content-length' => '2',
  'pragma' => 'no-cache',
  'cache-control' => 'no-cache',
  'origin' => 'http://127.0.0.1:9973',
  'user-agent' => 'wechatdevtools appservice port/9974',
  'token' => '684f8ea166f3052523bc00ee1bd31ea4',
  'content-type' => 'application/json',
  'accept' => '*/*',
  'referer' => 'https://servicewechat.com/wxa2def963bea70979/devtools/page-frame.html',
  'accept-encoding' => 'gzip, deflate',
)
[ info ] [ PARAM ] array (
)
[ info ] [ LOG ] INIT File

---------------------------------------------------------------
[ 2017-11-18T16:25:48+08:00 ] 127.0.0.1 127.0.0.1 POST /api/v1/order
[ log ] restful_api.com/api/v1/order [运行时间：2.972000s][吞吐率：0.34req/s] [内存消耗：3,452.02kb] [文件加载：73]
[ info ] [ LANG ] D:\phpstudy2\WWW\tp5\thinkphp\lang\zh-cn.php
[ info ] [ ROUTE ] array (
  'type' => 'module',
  'module' => 
  array (
    0 => 'api',
    1 => 'v1.Order',
    2 => 'placeOrder',
  ),
  'convert' => false,
)
[ info ] [ HEADER ] array (
  'host' => 'restful_api.com',
  'connection' => 'keep-alive',
  'content-length' => '68',
  'pragma' => 'no-cache',
  'cache-control' => 'no-cache',
  'origin' => 'http://127.0.0.1:9973',
  'user-agent' => 'wechatdevtools appservice port/9974',
  'token' => '684f8ea166f3052523bc00ee1bd31ea4',
  'content-type' => 'application/json',
  'accept' => '*/*',
  'referer' => 'https://servicewechat.com/wxa2def963bea70979/devtools/page-frame.html',
  'accept-encoding' => 'gzip, deflate',
)
[ info ] [ PARAM ] array (
  'products' => 
  array (
    0 => 
    array (
      'product_id' => 1,
      'count' => 1,
    ),
    1 => 
    array (
      'product_id' => 2,
      'count' => 1,
    ),
  ),
  'version' => 'v1',
)
[ info ] [ RUN ] app\api\controller\v1\Order->placeOrder[ D:\phpstudy2\WWW\tp5\app\api\controller\v1\Order.php ]
[ info ] [ CACHE ] INIT File
[ info ] [ DB ] INIT mysql
[ info ] [ LOG ] INIT File
[ sql ] [ DB ] CONNECT:[ UseTime:0.001000s ] mysql:dbname=zerg;host=127.0.0.1;charset=utf8
[ sql ] [ SQL ] SHOW COLUMNS FROM `product` [ RunTime:0.013000s ]
[ sql ] [ SQL ] SELECT * FROM `product` WHERE  `id` IN (1,2) [ RunTime:0.002000s ]
[ sql ] [ SQL ] SHOW COLUMNS FROM `user_address` [ RunTime:0.007000s ]
[ sql ] [ SQL ] SELECT * FROM `user_address` WHERE  `user_id` = 1 LIMIT 1 [ RunTime:0.000000s ]
[ error ] [1]Class 'app\api\service\DB' not found[D:\phpstudy2\WWW\tp5\app\api\service\Order.php:39]

---------------------------------------------------------------
[ 2017-11-18T16:26:45+08:00 ] 127.0.0.1 127.0.0.1 POST /api/v1/order
[ log ] restful_api.com/api/v1/order [运行时间：2.323000s][吞吐率：0.43req/s] [内存消耗：3,452.02kb] [文件加载：73]
[ info ] [ LANG ] D:\phpstudy2\WWW\tp5\thinkphp\lang\zh-cn.php
[ info ] [ ROUTE ] array (
  'type' => 'module',
  'module' => 
  array (
    0 => 'api',
    1 => 'v1.Order',
    2 => 'placeOrder',
  ),
  'convert' => false,
)
[ info ] [ HEADER ] array (
  'host' => 'restful_api.com',
  'connection' => 'keep-alive',
  'content-length' => '68',
  'pragma' => 'no-cache',
  'cache-control' => 'no-cache',
  'origin' => 'http://127.0.0.1:9973',
  'user-agent' => 'wechatdevtools appservice port/9974',
  'token' => '684f8ea166f3052523bc00ee1bd31ea4',
  'content-type' => 'application/json',
  'accept' => '*/*',
  'referer' => 'https://servicewechat.com/wxa2def963bea70979/devtools/page-frame.html',
  'accept-encoding' => 'gzip, deflate',
)
[ info ] [ PARAM ] array (
  'products' => 
  array (
    0 => 
    array (
      'product_id' => 1,
      'count' => 1,
    ),
    1 => 
    array (
      'product_id' => 2,
      'count' => 1,
    ),
  ),
  'version' => 'v1',
)
[ info ] [ RUN ] app\api\controller\v1\Order->placeOrder[ D:\phpstudy2\WWW\tp5\app\api\controller\v1\Order.php ]
[ info ] [ CACHE ] INIT File
[ info ] [ DB ] INIT mysql
[ info ] [ LOG ] INIT File
[ sql ] [ DB ] CONNECT:[ UseTime:0.010000s ] mysql:dbname=zerg;host=127.0.0.1;charset=utf8
[ sql ] [ SQL ] SHOW COLUMNS FROM `product` [ RunTime:0.007000s ]
[ sql ] [ SQL ] SELECT * FROM `product` WHERE  `id` IN (1,2) [ RunTime:0.000000s ]
[ sql ] [ SQL ] SHOW COLUMNS FROM `user_address` [ RunTime:0.008000s ]
[ sql ] [ SQL ] SELECT * FROM `user_address` WHERE  `user_id` = 1 LIMIT 1 [ RunTime:0.001000s ]
[ error ] [1]Class 'app\api\service\DB' not found[D:\phpstudy2\WWW\tp5\app\api\service\Order.php:39]

---------------------------------------------------------------
[ 2017-11-18T16:27:48+08:00 ] 127.0.0.1 127.0.0.1 POST /api/v1/order
[ log ] restful_api.com/api/v1/order [运行时间：2.595000s][吞吐率：0.39req/s] [内存消耗：3,452.03kb] [文件加载：73]
[ info ] [ LANG ] D:\phpstudy2\WWW\tp5\thinkphp\lang\zh-cn.php
[ info ] [ ROUTE ] array (
  'type' => 'module',
  'module' => 
  array (
    0 => 'api',
    1 => 'v1.Order',
    2 => 'placeOrder',
  ),
  'convert' => false,
)
[ info ] [ HEADER ] array (
  'host' => 'restful_api.com',
  'connection' => 'keep-alive',
  'content-length' => '68',
  'pragma' => 'no-cache',
  'cache-control' => 'no-cache',
  'origin' => 'http://127.0.0.1:9973',
  'user-agent' => 'wechatdevtools appservice port/9974',
  'token' => '684f8ea166f3052523bc00ee1bd31ea4',
  'content-type' => 'application/json',
  'accept' => '*/*',
  'referer' => 'https://servicewechat.com/wxa2def963bea70979/devtools/page-frame.html',
  'accept-encoding' => 'gzip, deflate',
)
[ info ] [ PARAM ] array (
  'products' => 
  array (
    0 => 
    array (
      'product_id' => 1,
      'count' => 1,
    ),
    1 => 
    array (
      'product_id' => 2,
      'count' => 1,
    ),
  ),
  'version' => 'v1',
)
[ info ] [ RUN ] app\api\controller\v1\Order->placeOrder[ D:\phpstudy2\WWW\tp5\app\api\controller\v1\Order.php ]
[ info ] [ CACHE ] INIT File
[ info ] [ DB ] INIT mysql
[ info ] [ LOG ] INIT File
[ sql ] [ DB ] CONNECT:[ UseTime:0.000000s ] mysql:dbname=zerg;host=127.0.0.1;charset=utf8
[ sql ] [ SQL ] SHOW COLUMNS FROM `product` [ RunTime:0.008000s ]
[ sql ] [ SQL ] SELECT * FROM `product` WHERE  `id` IN (1,2) [ RunTime:0.001000s ]
[ sql ] [ SQL ] SHOW COLUMNS FROM `user_address` [ RunTime:0.009000s ]
[ sql ] [ SQL ] SELECT * FROM `user_address` WHERE  `user_id` = 1 LIMIT 1 [ RunTime:0.000000s ]
[ error ] [1]Class 'app\api\service\DB' not found[D:\phpstudy2\WWW\tp5\app\api\service\Order.php:39]

---------------------------------------------------------------
[ 2017-11-18T16:28:38+08:00 ] 127.0.0.1 127.0.0.1 POST /api/v1/order
[ log ] restful_api.com/api/v1/order [运行时间：2.839000s][吞吐率：0.35req/s] [内存消耗：3,506.94kb] [文件加载：75]
[ info ] [ LANG ] D:\phpstudy2\WWW\tp5\thinkphp\lang\zh-cn.php
[ info ] [ ROUTE ] array (
  'type' => 'module',
  'module' => 
  array (
    0 => 'api',
    1 => 'v1.Order',
    2 => 'placeOrder',
  ),
  'convert' => false,
)
[ info ] [ HEADER ] array (
  'host' => 'restful_api.com',
  'connection' => 'keep-alive',
  'content-length' => '68',
  'pragma' => 'no-cache',
  'cache-control' => 'no-cache',
  'origin' => 'http://127.0.0.1:9973',
  'user-agent' => 'wechatdevtools appservice port/9974',
  'token' => '684f8ea166f3052523bc00ee1bd31ea4',
  'content-type' => 'application/json',
  'accept' => '*/*',
  'referer' => 'https://servicewechat.com/wxa2def963bea70979/devtools/page-frame.html',
  'accept-encoding' => 'gzip, deflate',
)
[ info ] [ PARAM ] array (
  'products' => 
  array (
    0 => 
    array (
      'product_id' => 1,
      'count' => 1,
    ),
    1 => 
    array (
      'product_id' => 2,
      'count' => 1,
    ),
  ),
  'version' => 'v1',
)
[ info ] [ RUN ] app\api\controller\v1\Order->placeOrder[ D:\phpstudy2\WWW\tp5\app\api\controller\v1\Order.php ]
[ info ] [ CACHE ] INIT File
[ info ] [ DB ] INIT mysql
[ info ] [ LOG ] INIT File
[ sql ] [ DB ] CONNECT:[ UseTime:0.010000s ] mysql:dbname=zerg;host=127.0.0.1;charset=utf8
[ sql ] [ SQL ] SHOW COLUMNS FROM `product` [ RunTime:0.008000s ]
[ sql ] [ SQL ] SELECT * FROM `product` WHERE  `id` IN (1,2) [ RunTime:0.000000s ]
[ sql ] [ SQL ] SHOW COLUMNS FROM `user_address` [ RunTime:0.008000s ]
[ sql ] [ SQL ] SELECT * FROM `user_address` WHERE  `user_id` = 1 LIMIT 1 [ RunTime:0.000000s ]
[ sql ] [ SQL ] SHOW COLUMNS FROM `order` [ RunTime:0.007000s ]
[ sql ] [ SQL ] INSERT INTO `order` (`order_no` , `user_id` , `total_price` , `snap_img` , `snap_name` , `total_count` , `snap_items` , `snap_address` , `update_time` , `create_time`) VALUES ('AB18937184104155' , 1 , 0.02 , 'http://restful_api/images/product-vg@1.png' , '芹菜 半斤 等' , 2 , '[{\"id\":1,\"count\":1,\"name\":\"\\u82b9\\u83dc \\u534a\\u65a4\",\"totalPrice\":0.01,\"haveStack\":true,\"main_img_url\":\"http:\\/\\/restful_api\\/images\\/product-vg@1.png\"},{\"id\":2,\"count\":1,\"name\":\"\\u68a8\\u82b1\\u5e26\\u96e8 3\\u4e2a\",\"totalPrice\":0.01,\"haveStack\":true,\"main_img_url\":\"http:\\/\\/restful_api\\/images\\/product-dryfruit@1.png\"}]' , '{\"id\":2,\"name\":\"\\u5f20\\u5927a\",\"mobile\":\"13712341234\",\"province\":\"\\u5e7f\\u4e1c\\u7701\",\"city\":\"\\u73e0\\u6d77\\u5e02\",\"country\":\"\\u9999\\u6d321\",\"detail\":\"\\u91d1\\u9e21\\u5cad\",\"delete_time\":null,\"user_id\":1,\"update_time\":\"1970-01-01 08:00:00\"}' , 1510993715 , 1510993715) [ RunTime:0.001000s ]
[ error ] [2]Division by zero[D:\phpstudy2\WWW\tp5\app\api\service\Order.php:59]

---------------------------------------------------------------
[ 2017-11-18T16:29:17+08:00 ] 127.0.0.1 127.0.0.1 POST /api/v1/order
[ log ] restful_api.com/api/v1/order [运行时间：3.677000s][吞吐率：0.27req/s] [内存消耗：3,505.73kb] [文件加载：75]
[ info ] [ LANG ] D:\phpstudy2\WWW\tp5\thinkphp\lang\zh-cn.php
[ info ] [ ROUTE ] array (
  'type' => 'module',
  'module' => 
  array (
    0 => 'api',
    1 => 'v1.Order',
    2 => 'placeOrder',
  ),
  'convert' => false,
)
[ info ] [ HEADER ] array (
  'host' => 'restful_api.com',
  'connection' => 'keep-alive',
  'content-length' => '68',
  'pragma' => 'no-cache',
  'cache-control' => 'no-cache',
  'origin' => 'http://127.0.0.1:9973',
  'user-agent' => 'wechatdevtools appservice port/9974',
  'token' => '684f8ea166f3052523bc00ee1bd31ea4',
  'content-type' => 'application/json',
  'accept' => '*/*',
  'referer' => 'https://servicewechat.com/wxa2def963bea70979/devtools/page-frame.html',
  'accept-encoding' => 'gzip, deflate',
)
[ info ] [ PARAM ] array (
  'products' => 
  array (
    0 => 
    array (
      'product_id' => 1,
      'count' => 1,
    ),
    1 => 
    array (
      'product_id' => 2,
      'count' => 1,
    ),
  ),
  'version' => 'v1',
)
[ info ] [ RUN ] app\api\controller\v1\Order->placeOrder[ D:\phpstudy2\WWW\tp5\app\api\controller\v1\Order.php ]
[ info ] [ CACHE ] INIT File
[ info ] [ DB ] INIT mysql
[ info ] [ LOG ] INIT File
[ sql ] [ DB ] CONNECT:[ UseTime:0.011000s ] mysql:dbname=zerg;host=127.0.0.1;charset=utf8
[ sql ] [ SQL ] SHOW COLUMNS FROM `product` [ RunTime:0.023000s ]
[ sql ] [ SQL ] SELECT * FROM `product` WHERE  `id` IN (1,2) [ RunTime:0.001000s ]
[ sql ] [ SQL ] SHOW COLUMNS FROM `user_address` [ RunTime:0.012000s ]
[ sql ] [ SQL ] SELECT * FROM `user_address` WHERE  `user_id` = 1 LIMIT 1 [ RunTime:0.000000s ]
[ sql ] [ SQL ] SHOW COLUMNS FROM `order` [ RunTime:0.008000s ]
[ sql ] [ SQL ] INSERT INTO `order` (`order_no` , `user_id` , `total_price` , `snap_img` , `snap_name` , `total_count` , `snap_items` , `snap_address` , `update_time` , `create_time`) VALUES ('AB18937571564129' , 1 , 0.02 , 'http://restful_api/images/product-vg@1.png' , '芹菜 半斤 等' , 2 , '[{\"id\":1,\"count\":1,\"name\":\"\\u82b9\\u83dc \\u534a\\u65a4\",\"totalPrice\":0.01,\"haveStack\":true,\"main_img_url\":\"http:\\/\\/restful_api\\/images\\/product-vg@1.png\"},{\"id\":2,\"count\":1,\"name\":\"\\u68a8\\u82b1\\u5e26\\u96e8 3\\u4e2a\",\"totalPrice\":0.01,\"haveStack\":true,\"main_img_url\":\"http:\\/\\/restful_api\\/images\\/product-dryfruit@1.png\"}]' , '{\"id\":2,\"name\":\"\\u5f20\\u5927a\",\"mobile\":\"13712341234\",\"province\":\"\\u5e7f\\u4e1c\\u7701\",\"city\":\"\\u73e0\\u6d77\\u5e02\",\"country\":\"\\u9999\\u6d321\",\"detail\":\"\\u91d1\\u9e21\\u5cad\",\"delete_time\":null,\"user_id\":1,\"update_time\":\"1970-01-01 08:00:00\"}' , 1510993753 , 1510993753) [ RunTime:0.029000s ]
[ error ] [2]Division by zero[D:\phpstudy2\WWW\tp5\app\api\service\Order.php:59]

---------------------------------------------------------------
