[ 2017-11-19T21:28:15+08:00 ] 127.0.0.1 127.0.0.1 POST /api/v1/order?XDEBUG_SESSION_START=10906
[ log ] restful_api.com/api/v1/order?XDEBUG_SESSION_START=10906 [运行时间：1.419000s][吞吐率：0.70req/s] [内存消耗：2,138.61kb] [文件加载：60]
[ info ] [ LANG ] D:\phpstudy2\WWW\tp5\thinkphp\lang\zh-cn.php
[ info ] [ ROUTE ] array (
  'type' => 'module',
  'module' => 
  array (
    0 => 'api',
    1 => 'v1.Order',
    2 => 'placeOrder',
  ),
  'convert' => false,
)
[ info ] [ HEADER ] array (
  'host' => 'restful_api.com',
  'connection' => 'keep-alive',
  'content-length' => '68',
  'pragma' => 'no-cache',
  'cache-control' => 'no-cache',
  'origin' => 'http://127.0.0.1:9973',
  'user-agent' => 'wechatdevtools appservice port/9974',
  'token' => '684f8ea166f3052523bc00ee1bd31ea4',
  'content-type' => 'application/json',
  'accept' => '*/*',
  'referer' => 'https://servicewechat.com/wxa2def963bea70979/devtools/page-frame.html',
  'accept-encoding' => 'gzip, deflate',
)
[ info ] [ PARAM ] array (
  'XDEBUG_SESSION_START' => '10906',
  'products' => 
  array (
    0 => 
    array (
      'product_id' => 1,
      'count' => 1,
    ),
    1 => 
    array (
      'product_id' => 2,
      'count' => 1,
    ),
  ),
  'version' => 'v1',
)
[ info ] [ RUN ] app\api\controller\v1\Order->placeOrder[ D:\phpstudy2\WWW\tp5\app\api\controller\v1\Order.php ]
[ info ] [ CACHE ] INIT File
[ info ] [ LOG ] INIT File
[ error ] [404][D:\phpstudy2\WWW\tp5\app\api\service\Token.php:42]

---------------------------------------------------------------
[ 2017-11-19T21:28:21+08:00 ] 127.0.0.1 127.0.0.1 POST /api/v1/token/user
[ log ] restful_api.com/api/v1/token/user [运行时间：0.885000s][吞吐率：1.13req/s] [内存消耗：2,931.16kb] [文件加载：60]

---------------------------------------------------------------
[ 2017-11-19T21:28:25+08:00 ] 127.0.0.1 127.0.0.1 POST /api/v1/order?XDEBUG_SESSION_START=10906
[ log ] restful_api.com/api/v1/order?XDEBUG_SESSION_START=10906 [运行时间：1.020000s][吞吐率：0.98req/s] [内存消耗：3,508.92kb] [文件加载：75]
[ info ] [ LANG ] D:\phpstudy2\WWW\tp5\thinkphp\lang\zh-cn.php
[ info ] [ ROUTE ] array (
  'type' => 'module',
  'module' => 
  array (
    0 => 'api',
    1 => 'v1.Order',
    2 => 'placeOrder',
  ),
  'convert' => false,
)
[ info ] [ HEADER ] array (
  'host' => 'restful_api.com',
  'connection' => 'keep-alive',
  'content-length' => '68',
  'pragma' => 'no-cache',
  'cache-control' => 'no-cache',
  'origin' => 'http://127.0.0.1:9973',
  'user-agent' => 'wechatdevtools appservice port/9974',
  'token' => '0b83337593aa7e8194260bafd25f9392',
  'content-type' => 'application/json',
  'accept' => '*/*',
  'referer' => 'https://servicewechat.com/wxa2def963bea70979/devtools/page-frame.html',
  'accept-encoding' => 'gzip, deflate',
  'accept-language' => 'zh-CN,zh;q=0.8',
)
[ info ] [ PARAM ] array (
  'XDEBUG_SESSION_START' => '10906',
  'products' => 
  array (
    0 => 
    array (
      'product_id' => 1,
      'count' => 1,
    ),
    1 => 
    array (
      'product_id' => 2,
      'count' => 1,
    ),
  ),
  'version' => 'v1',
)
[ info ] [ RUN ] app\api\controller\v1\Order->placeOrder[ D:\phpstudy2\WWW\tp5\app\api\controller\v1\Order.php ]
[ info ] [ CACHE ] INIT File
[ info ] [ DB ] INIT mysql
[ info ] [ LOG ] INIT File
[ sql ] [ DB ] CONNECT:[ UseTime:0.000000s ] mysql:dbname=zerg;host=127.0.0.1;charset=utf8
[ sql ] [ SQL ] SHOW COLUMNS FROM `product` [ RunTime:0.008000s ]
[ sql ] [ SQL ] SELECT * FROM `product` WHERE  `id` IN (1,2) [ RunTime:0.000000s ]
[ sql ] [ SQL ] SHOW COLUMNS FROM `user_address` [ RunTime:0.009000s ]
[ sql ] [ SQL ] SELECT * FROM `user_address` WHERE  `user_id` = 1 LIMIT 1 [ RunTime:0.001000s ]
[ sql ] [ SQL ] SHOW COLUMNS FROM `order` [ RunTime:0.008000s ]
[ sql ] [ SQL ] INSERT INTO `order` (`order_no` , `user_id` , `total_price` , `snap_img` , `snap_name` , `total_count` , `snap_items` , `snap_address` , `update_time` , `create_time`) VALUES ('AB19981045773013' , 1 , 0.02 , 'http://restful_api/images/product-vg@1.png' , '芹菜 半斤 等' , 2 , '[{\"id\":1,\"count\":1,\"name\":\"\\u82b9\\u83dc \\u534a\\u65a4\",\"totalPrice\":0.01,\"haveStack\":true,\"main_img_url\":\"http:\\/\\/restful_api\\/images\\/product-vg@1.png\"},{\"id\":2,\"count\":1,\"name\":\"\\u68a8\\u82b1\\u5e26\\u96e8 3\\u4e2a\",\"totalPrice\":0.01,\"haveStack\":true,\"main_img_url\":\"http:\\/\\/restful_api\\/images\\/product-dryfruit@1.png\"}]' , '{\"id\":2,\"name\":\"\\u5f20\\u5927a\",\"mobile\":\"13712341234\",\"province\":\"\\u5e7f\\u4e1c\\u7701\",\"city\":\"\\u73e0\\u6d77\\u5e02\",\"country\":\"\\u9999\\u6d321\",\"detail\":\"\\u91d1\\u9e21\\u5cad\",\"delete_time\":null,\"user_id\":1,\"update_time\":\"1970-01-01 08:00:00\"}' , 1511098104 , 1511098104) [ RunTime:0.000000s ]
[ error ] [2]Division by zero[D:\phpstudy2\WWW\tp5\app\api\service\Order.php:57]

---------------------------------------------------------------
[ 2017-11-19T21:29:16+08:00 ] 127.0.0.1 127.0.0.1 POST /api/v1/order?XDEBUG_SESSION_START=10906
[ log ] restful_api.com/api/v1/order?XDEBUG_SESSION_START=10906 [运行时间：0.538000s][吞吐率：1.86req/s] [内存消耗：3,452.13kb] [文件加载：71]

---------------------------------------------------------------
[ 2017-11-19T21:29:18+08:00 ] 127.0.0.1 127.0.0.1 POST /api/v1/pay/pre_order
[ log ] restful_api.com/api/v1/pay/pre_order [运行时间：0.888000s][吞吐率：1.13req/s] [内存消耗：2,026.80kb] [文件加载：56]
[ info ] [ LANG ] D:\phpstudy2\WWW\tp5\thinkphp\lang\zh-cn.php
[ info ] [ ROUTE ] array (
  'type' => 'module',
  'module' => 
  array (
    0 => 'api',
    1 => 'v1.Pay',
    2 => 'pre_order',
  ),
  'convert' => false,
)
[ info ] [ HEADER ] array (
  'host' => 'restful_api.com',
  'connection' => 'keep-alive',
  'content-length' => '2',
  'pragma' => 'no-cache',
  'cache-control' => 'no-cache',
  'origin' => 'http://127.0.0.1:9973',
  'user-agent' => 'wechatdevtools appservice port/9974',
  'token' => '0b83337593aa7e8194260bafd25f9392',
  'content-type' => 'application/json',
  'accept' => '*/*',
  'referer' => 'https://servicewechat.com/wxa2def963bea70979/devtools/page-frame.html',
  'accept-encoding' => 'gzip, deflate',
  'accept-language' => 'zh-CN,zh;q=0.8',
)
[ info ] [ PARAM ] array (
  'version' => 'v1',
)
[ info ] [ RUN ] app\api\controller\v1\Pay->pre_order[ D:\phpstudy2\WWW\tp5\app\api\controller\v1\Pay.php ]
[ info ] [ LOG ] INIT File
[ error ] [400][D:\phpstudy2\WWW\tp5\app\api\validate\BaseValidate.php:20]

---------------------------------------------------------------
[ 2017-11-19T21:30:20+08:00 ] 127.0.0.1 127.0.0.1 POST /api/v1/order?XDEBUG_SESSION_START=10906
[ log ] restful_api.com/api/v1/order?XDEBUG_SESSION_START=10906 [运行时间：0.542000s][吞吐率：1.85req/s] [内存消耗：3,452.13kb] [文件加载：71]

---------------------------------------------------------------
[ 2017-11-19T21:30:22+08:00 ] 127.0.0.1 127.0.0.1 POST /api/v1/pay/pre_order
[ log ] restful_api.com/api/v1/pay/pre_order [运行时间：0.871000s][吞吐率：1.15req/s] [内存消耗：2,026.80kb] [文件加载：56]
[ info ] [ LANG ] D:\phpstudy2\WWW\tp5\thinkphp\lang\zh-cn.php
[ info ] [ ROUTE ] array (
  'type' => 'module',
  'module' => 
  array (
    0 => 'api',
    1 => 'v1.Pay',
    2 => 'pre_order',
  ),
  'convert' => false,
)
[ info ] [ HEADER ] array (
  'host' => 'restful_api.com',
  'connection' => 'keep-alive',
  'content-length' => '2',
  'pragma' => 'no-cache',
  'cache-control' => 'no-cache',
  'origin' => 'http://127.0.0.1:9973',
  'user-agent' => 'wechatdevtools appservice port/9974',
  'token' => '0b83337593aa7e8194260bafd25f9392',
  'content-type' => 'application/json',
  'accept' => '*/*',
  'referer' => 'https://servicewechat.com/wxa2def963bea70979/devtools/page-frame.html',
  'accept-encoding' => 'gzip, deflate',
  'accept-language' => 'zh-CN,zh;q=0.8',
)
[ info ] [ PARAM ] array (
  'version' => 'v1',
)
[ info ] [ RUN ] app\api\controller\v1\Pay->pre_order[ D:\phpstudy2\WWW\tp5\app\api\controller\v1\Pay.php ]
[ info ] [ LOG ] INIT File
[ error ] [400][D:\phpstudy2\WWW\tp5\app\api\validate\BaseValidate.php:20]

---------------------------------------------------------------
[ 2017-11-19T21:31:38+08:00 ] 127.0.0.1 127.0.0.1 POST /api/v1/order?XDEBUG_SESSION_START=10906
[ log ] restful_api.com/api/v1/order?XDEBUG_SESSION_START=10906 [运行时间：0.541000s][吞吐率：1.85req/s] [内存消耗：3,452.18kb] [文件加载：71]

---------------------------------------------------------------
[ 2017-11-19T21:31:40+08:00 ] 127.0.0.1 127.0.0.1 POST /api/v1/pay/pre_order
[ log ] restful_api.com/api/v1/pay/pre_order [运行时间：0.846000s][吞吐率：1.18req/s] [内存消耗：2,003.26kb] [文件加载：55]
[ info ] [ LANG ] D:\phpstudy2\WWW\tp5\thinkphp\lang\zh-cn.php
[ info ] [ ROUTE ] array (
  'type' => 'module',
  'module' => 
  array (
    0 => 'api',
    1 => 'v1.Pay',
    2 => 'pre_order',
  ),
  'convert' => false,
)
[ info ] [ HEADER ] array (
  'host' => 'restful_api.com',
  'connection' => 'keep-alive',
  'content-length' => '11',
  'pragma' => 'no-cache',
  'cache-control' => 'no-cache',
  'origin' => 'http://127.0.0.1:9973',
  'user-agent' => 'wechatdevtools appservice port/9974',
  'token' => '0b83337593aa7e8194260bafd25f9392',
  'content-type' => 'application/json',
  'accept' => '*/*',
  'referer' => 'https://servicewechat.com/wxa2def963bea70979/devtools/page-frame.html',
  'accept-encoding' => 'gzip, deflate',
  'accept-language' => 'zh-CN,zh;q=0.8',
)
[ info ] [ PARAM ] array (
  'id' => '21',
  'version' => 'v1',
)
[ info ] [ RUN ] app\api\controller\v1\Pay->pre_order[ D:\phpstudy2\WWW\tp5\app\api\controller\v1\Pay.php ]
[ info ] [ LOG ] INIT File
[ error ] [0]参数订单id不允许为null[D:\phpstudy2\WWW\tp5\app\api\service\Pay.php:20]

---------------------------------------------------------------
[ 2017-11-19T21:37:35+08:00 ] 127.0.0.1 127.0.0.1 GET /api/v1/pay/pre_order?XDEBUG_SESSION_START=11845
[ log ] restful_api.com/api/v1/pay/pre_order?XDEBUG_SESSION_START=11845 [运行时间：0.054000s][吞吐率：18.52req/s] [内存消耗：1,721.98kb] [文件加载：47]
[ info ] [ LANG ] D:\phpstudy2\WWW\tp5\thinkphp\lang\zh-cn.php
[ info ] [ ROUTE ] array (
  'type' => 'module',
  'module' => 
  array (
    0 => 'api',
    1 => 'v1',
    2 => 'pay',
  ),
)
[ info ] [ HEADER ] array (
  'host' => 'restful_api.com',
  'connection' => 'keep-alive',
  'accept' => 'text/html,application/xhtml+xml,application/xml;q=0.9,image/webp,*/*;q=0.8',
  'user-agent' => 'Mozilla/5.0 (Windows NT 6.1; WOW64) AppleWebKit/537.36 (KHTML, like Gecko) Chrome/33.0.1750.146 BIDUBrowser/6.x Safari/537.36',
  'accept-encoding' => 'gzip,deflate',
  'accept-language' => 'zh-CN,zh;q=0.8',
)
[ info ] [ PARAM ] array (
  'XDEBUG_SESSION_START' => '11845',
)
[ info ] [ CACHE ] INIT File
[ info ] [ LOG ] INIT File

---------------------------------------------------------------
[ 2017-11-19T21:38:57+08:00 ] 127.0.0.1 127.0.0.1 POST /api/v1/order?XDEBUG_SESSION_START=10906
[ log ] restful_api.com/api/v1/order?XDEBUG_SESSION_START=10906 [运行时间：0.125000s][吞吐率：8.00req/s] [内存消耗：3,452.16kb] [文件加载：71]

---------------------------------------------------------------
[ 2017-11-19T21:38:58+08:00 ] 127.0.0.1 127.0.0.1 POST /api/v1/pay/pre_order
[ log ] restful_api.com/api/v1/pay/pre_order [运行时间：0.037000s][吞吐率：27.03req/s] [内存消耗：2,003.34kb] [文件加载：55]
[ info ] [ LANG ] D:\phpstudy2\WWW\tp5\thinkphp\lang\zh-cn.php
[ info ] [ ROUTE ] array (
  'type' => 'module',
  'module' => 
  array (
    0 => 'api',
    1 => 'v1.Pay',
    2 => 'pre_order',
  ),
  'convert' => false,
)
[ info ] [ HEADER ] array (
  'host' => 'restful_api.com',
  'connection' => 'keep-alive',
  'content-length' => '11',
  'pragma' => 'no-cache',
  'cache-control' => 'no-cache',
  'origin' => 'http://127.0.0.1:9973',
  'user-agent' => 'wechatdevtools appservice port/9974',
  'token' => '0b83337593aa7e8194260bafd25f9392',
  'content-type' => 'application/json',
  'accept' => '*/*',
  'referer' => 'https://servicewechat.com/wxa2def963bea70979/devtools/page-frame.html',
  'accept-encoding' => 'gzip, deflate',
  'accept-language' => 'zh-CN,zh;q=0.8',
)
[ info ] [ PARAM ] array (
  'id' => '22',
  'version' => 'v1',
)
[ info ] [ RUN ] app\api\controller\v1\Pay->pre_order[ D:\phpstudy2\WWW\tp5\app\api\controller\v1\Pay.php ]
[ info ] [ LOG ] INIT File
[ error ] [0]参数订单id不允许为null[D:\phpstudy2\WWW\tp5\app\api\service\Pay.php:20]

---------------------------------------------------------------
[ 2017-11-19T21:39:03+08:00 ] 127.0.0.1 127.0.0.1 POST /api/v1/order?XDEBUG_SESSION_START=10906
[ log ] restful_api.com/api/v1/order?XDEBUG_SESSION_START=10906 [运行时间：0.145000s][吞吐率：6.90req/s] [内存消耗：3,452.16kb] [文件加载：71]

---------------------------------------------------------------
[ 2017-11-19T21:39:03+08:00 ] 127.0.0.1 127.0.0.1 POST /api/v1/pay/pre_order
[ log ] restful_api.com/api/v1/pay/pre_order [运行时间：0.027000s][吞吐率：37.04req/s] [内存消耗：2,003.34kb] [文件加载：55]
[ info ] [ LANG ] D:\phpstudy2\WWW\tp5\thinkphp\lang\zh-cn.php
[ info ] [ ROUTE ] array (
  'type' => 'module',
  'module' => 
  array (
    0 => 'api',
    1 => 'v1.Pay',
    2 => 'pre_order',
  ),
  'convert' => false,
)
[ info ] [ HEADER ] array (
  'host' => 'restful_api.com',
  'connection' => 'keep-alive',
  'content-length' => '11',
  'pragma' => 'no-cache',
  'cache-control' => 'no-cache',
  'origin' => 'http://127.0.0.1:9973',
  'user-agent' => 'wechatdevtools appservice port/9974',
  'token' => '0b83337593aa7e8194260bafd25f9392',
  'content-type' => 'application/json',
  'accept' => '*/*',
  'referer' => 'https://servicewechat.com/wxa2def963bea70979/devtools/page-frame.html',
  'accept-encoding' => 'gzip, deflate',
  'accept-language' => 'zh-CN,zh;q=0.8',
)
[ info ] [ PARAM ] array (
  'id' => '23',
  'version' => 'v1',
)
[ info ] [ RUN ] app\api\controller\v1\Pay->pre_order[ D:\phpstudy2\WWW\tp5\app\api\controller\v1\Pay.php ]
[ info ] [ LOG ] INIT File
[ error ] [0]参数订单id不允许为null[D:\phpstudy2\WWW\tp5\app\api\service\Pay.php:20]

---------------------------------------------------------------
[ 2017-11-19T21:39:50+08:00 ] 127.0.0.1 127.0.0.1 POST /api/v1/order?XDEBUG_SESSION_START=10906
[ log ] restful_api.com/api/v1/order?XDEBUG_SESSION_START=10906 [运行时间：26.246000s][吞吐率：0.04req/s] [内存消耗：3,454.25kb] [文件加载：71]

---------------------------------------------------------------
[ 2017-11-19T21:40:15+08:00 ] 127.0.0.1 127.0.0.1 POST /api/v1/pay/pre_order
[ log ] restful_api.com/api/v1/pay/pre_order [运行时间：24.745000s][吞吐率：0.04req/s] [内存消耗：2,006.31kb] [文件加载：55]
[ info ] [ LANG ] D:\phpstudy2\WWW\tp5\thinkphp\lang\zh-cn.php
[ info ] [ ROUTE ] array (
  'type' => 'module',
  'module' => 
  array (
    0 => 'api',
    1 => 'v1.Pay',
    2 => 'pre_order',
  ),
  'convert' => false,
)
[ info ] [ HEADER ] array (
  'host' => 'restful_api.com',
  'connection' => 'keep-alive',
  'content-length' => '11',
  'pragma' => 'no-cache',
  'cache-control' => 'no-cache',
  'origin' => 'http://127.0.0.1:9973',
  'user-agent' => 'wechatdevtools appservice port/9974',
  'token' => '0b83337593aa7e8194260bafd25f9392',
  'content-type' => 'application/json',
  'accept' => '*/*',
  'referer' => 'https://servicewechat.com/wxa2def963bea70979/devtools/page-frame.html',
  'accept-encoding' => 'gzip, deflate',
  'accept-language' => 'zh-CN,zh;q=0.8',
)
[ info ] [ PARAM ] array (
  'id' => '24',
  'version' => 'v1',
)
[ info ] [ RUN ] app\api\controller\v1\Pay->pre_order[ D:\phpstudy2\WWW\tp5\app\api\controller\v1\Pay.php ]
[ info ] [ LOG ] INIT File
[ error ] [0]参数订单id不允许为null[D:\phpstudy2\WWW\tp5\app\api\service\Pay.php:20]

---------------------------------------------------------------
[ 2017-11-19T21:40:28+08:00 ] 127.0.0.1 127.0.0.1 POST /api/v1/order?XDEBUG_SESSION_START=10906
[ log ] restful_api.com/api/v1/order?XDEBUG_SESSION_START=10906 [运行时间：0.114000s][吞吐率：8.77req/s] [内存消耗：3,452.13kb] [文件加载：71]

---------------------------------------------------------------
[ 2017-11-19T21:40:39+08:00 ] 127.0.0.1 127.0.0.1 POST /api/v1/pay/pre_order
[ log ] restful_api.com/api/v1/pay/pre_order [运行时间：10.841000s][吞吐率：0.09req/s] [内存消耗：2,005.60kb] [文件加载：55]
[ info ] [ LANG ] D:\phpstudy2\WWW\tp5\thinkphp\lang\zh-cn.php
[ info ] [ ROUTE ] array (
  'type' => 'module',
  'module' => 
  array (
    0 => 'api',
    1 => 'v1.Pay',
    2 => 'pre_order',
  ),
  'convert' => false,
)
[ info ] [ HEADER ] array (
  'host' => 'restful_api.com',
  'connection' => 'keep-alive',
  'content-length' => '11',
  'pragma' => 'no-cache',
  'cache-control' => 'no-cache',
  'origin' => 'http://127.0.0.1:9973',
  'user-agent' => 'wechatdevtools appservice port/9974',
  'token' => '0b83337593aa7e8194260bafd25f9392',
  'content-type' => 'application/json',
  'accept' => '*/*',
  'referer' => 'https://servicewechat.com/wxa2def963bea70979/devtools/page-frame.html',
  'accept-encoding' => 'gzip, deflate',
  'accept-language' => 'zh-CN,zh;q=0.8',
)
[ info ] [ PARAM ] array (
  'id' => '25',
  'version' => 'v1',
)
[ info ] [ RUN ] app\api\controller\v1\Pay->pre_order[ D:\phpstudy2\WWW\tp5\app\api\controller\v1\Pay.php ]
[ info ] [ LOG ] INIT File
[ error ] [0]参数订单id不允许为null[D:\phpstudy2\WWW\tp5\app\api\service\Pay.php:20]

---------------------------------------------------------------
