[ 2017-08-25T23:22:25+08:00 ] 127.0.0.1 127.0.0.1 GET /api/v1/theme?ids=1
[ log ] tp5.com/api/v1/theme?ids=1 [运行时间：1.031400s][吞吐率：0.97req/s] [内存消耗：2,906.40kb] [文件加载：58]
[ info ] [ LANG ] D:\phpstudy2\WWW\tp5\thinkphp\lang\zh-cn.php
[ info ] [ ROUTE ] array (
  'type' => 'module',
  'module' => 
  array (
    0 => 'api',
    1 => 'v1.Theme',
    2 => 'getThemes',
  ),
  'convert' => false,
)
[ info ] [ HEADER ] array (
  'cache-control' => 'no-cache',
  'postman-token' => '759dce9c-3b04-435a-9927-be0c3589fe8a',
  'user-agent' => 'PostmanRuntime/3.0.11-hotfix.2',
  'accept' => '*/*',
  'host' => 'tp5.com',
  'accept-encoding' => 'gzip, deflate',
  'connection' => 'keep-alive',
)
[ info ] [ PARAM ] array (
  'ids' => '1',
  'version' => 'v1',
)
[ info ] [ RUN ] app\api\controller\v1\Theme->getThemes[ D:\phpstudy2\WWW\tp5\app\api\controller\v1\Theme.php ]
[ info ] [ DB ] INIT mysql
[ info ] [ LOG ] INIT File
[ sql ] [ DB ] CONNECT:[ UseTime:0.000000s ] mysql:dbname=zerg;host=127.0.0.1;charset=utf8
[ sql ] [ SQL ] SHOW COLUMNS FROM `theme` [ RunTime:0.050200s ]
[ sql ] [ SQL ] SELECT * FROM `theme` WHERE  `id` IN (1) [ RunTime:0.000000s ]
[ sql ] [ SQL ] SHOW COLUMNS FROM `image` [ RunTime:0.031200s ]
[ sql ] [ SQL ] SELECT * FROM `image` WHERE  `id` IN (16) [ RunTime:0.000000s ]
[ sql ] [ SQL ] SELECT * FROM `image` WHERE  `id` IN (49) [ RunTime:0.001000s ]

---------------------------------------------------------------
[ 2017-08-25T23:22:54+08:00 ] 127.0.0.1 127.0.0.1 GET /api/v1/theme?ids=1
[ log ] tp5.com/api/v1/theme?ids=1 [运行时间：0.499400s][吞吐率：2.00req/s] [内存消耗：2,906.51kb] [文件加载：58]
[ info ] [ LANG ] D:\phpstudy2\WWW\tp5\thinkphp\lang\zh-cn.php
[ info ] [ ROUTE ] array (
  'type' => 'module',
  'module' => 
  array (
    0 => 'api',
    1 => 'v1.Theme',
    2 => 'getThemes',
  ),
  'convert' => false,
)
[ info ] [ HEADER ] array (
  'cache-control' => 'no-cache',
  'postman-token' => '73809fda-4f0e-419c-a444-bdc52b076792',
  'user-agent' => 'PostmanRuntime/3.0.11-hotfix.2',
  'accept' => '*/*',
  'host' => 'tp5.com',
  'accept-encoding' => 'gzip, deflate',
  'connection' => 'keep-alive',
)
[ info ] [ PARAM ] array (
  'ids' => '1',
  'version' => 'v1',
)
[ info ] [ RUN ] app\api\controller\v1\Theme->getThemes[ D:\phpstudy2\WWW\tp5\app\api\controller\v1\Theme.php ]
[ info ] [ DB ] INIT mysql
[ info ] [ LOG ] INIT File
[ sql ] [ DB ] CONNECT:[ UseTime:0.015600s ] mysql:dbname=zerg;host=127.0.0.1;charset=utf8
[ sql ] [ SQL ] SHOW COLUMNS FROM `theme` [ RunTime:0.000000s ]
[ sql ] [ SQL ] SELECT * FROM `theme` WHERE  `id` IN (1) [ RunTime:0.000000s ]
[ sql ] [ SQL ] SHOW COLUMNS FROM `image` [ RunTime:0.000000s ]
[ sql ] [ SQL ] SELECT * FROM `image` WHERE  `id` IN (16) [ RunTime:0.000000s ]
[ sql ] [ SQL ] SELECT * FROM `image` WHERE  `id` IN (49) [ RunTime:0.000000s ]

---------------------------------------------------------------
[ 2017-08-25T23:23:54+08:00 ] 127.0.0.1 127.0.0.1 GET /api/v1/theme?ids=1
[ log ] tp5.com/api/v1/theme?ids=1 [运行时间：0.472000s][吞吐率：2.12req/s] [内存消耗：2,906.22kb] [文件加载：58]
[ info ] [ LANG ] D:\phpstudy2\WWW\tp5\thinkphp\lang\zh-cn.php
[ info ] [ ROUTE ] array (
  'type' => 'module',
  'module' => 
  array (
    0 => 'api',
    1 => 'v1.Theme',
    2 => 'getThemes',
  ),
  'convert' => false,
)
[ info ] [ HEADER ] array (
  'cache-control' => 'no-cache',
  'postman-token' => '23dbc186-ef1c-40c4-91b9-ab94d05c0874',
  'user-agent' => 'PostmanRuntime/3.0.11-hotfix.2',
  'accept' => '*/*',
  'host' => 'tp5.com',
  'accept-encoding' => 'gzip, deflate',
  'connection' => 'keep-alive',
)
[ info ] [ PARAM ] array (
  'ids' => '1',
  'version' => 'v1',
)
[ info ] [ RUN ] app\api\controller\v1\Theme->getThemes[ D:\phpstudy2\WWW\tp5\app\api\controller\v1\Theme.php ]
[ info ] [ DB ] INIT mysql
[ info ] [ LOG ] INIT File
[ sql ] [ DB ] CONNECT:[ UseTime:0.011000s ] mysql:dbname=zerg;host=127.0.0.1;charset=utf8
[ sql ] [ SQL ] SHOW COLUMNS FROM `theme` [ RunTime:0.009000s ]
[ sql ] [ SQL ] SELECT * FROM `theme` WHERE  `id` IN (1) [ RunTime:0.001000s ]
[ sql ] [ SQL ] SHOW COLUMNS FROM `image` [ RunTime:0.007000s ]
[ sql ] [ SQL ] SELECT * FROM `image` WHERE  `id` IN (49) [ RunTime:0.000000s ]

---------------------------------------------------------------
[ 2017-08-25T23:24:34+08:00 ] 127.0.0.1 127.0.0.1 GET /api/v1/theme?ids=1
[ log ] tp5.com/api/v1/theme?ids=1 [运行时间：0.493000s][吞吐率：2.03req/s] [内存消耗：2,903.69kb] [文件加载：58]
[ info ] [ LANG ] D:\phpstudy2\WWW\tp5\thinkphp\lang\zh-cn.php
[ info ] [ ROUTE ] array (
  'type' => 'module',
  'module' => 
  array (
    0 => 'api',
    1 => 'v1.Theme',
    2 => 'getThemes',
  ),
  'convert' => false,
)
[ info ] [ HEADER ] array (
  'cache-control' => 'no-cache',
  'postman-token' => 'c7a4ad86-c2c7-4aed-b46a-f15bfb3fc639',
  'user-agent' => 'PostmanRuntime/3.0.11-hotfix.2',
  'accept' => '*/*',
  'host' => 'tp5.com',
  'accept-encoding' => 'gzip, deflate',
  'connection' => 'keep-alive',
)
[ info ] [ PARAM ] array (
  'ids' => '1',
  'version' => 'v1',
)
[ info ] [ RUN ] app\api\controller\v1\Theme->getThemes[ D:\phpstudy2\WWW\tp5\app\api\controller\v1\Theme.php ]
[ info ] [ DB ] INIT mysql
[ info ] [ LOG ] INIT File
[ sql ] [ DB ] CONNECT:[ UseTime:0.001000s ] mysql:dbname=zerg;host=127.0.0.1;charset=utf8
[ sql ] [ SQL ] SHOW COLUMNS FROM `theme` [ RunTime:0.018000s ]
[ sql ] [ SQL ] SELECT * FROM `theme` WHERE  `id` IN (1) [ RunTime:0.000000s ]

---------------------------------------------------------------
[ 2017-08-25T23:24:51+08:00 ] 127.0.0.1 127.0.0.1 GET /api/v1/theme?ids=1
[ log ] tp5.com/api/v1/theme?ids=1 [运行时间：0.469000s][吞吐率：2.13req/s] [内存消耗：2,906.41kb] [文件加载：58]
[ info ] [ LANG ] D:\phpstudy2\WWW\tp5\thinkphp\lang\zh-cn.php
[ info ] [ ROUTE ] array (
  'type' => 'module',
  'module' => 
  array (
    0 => 'api',
    1 => 'v1.Theme',
    2 => 'getThemes',
  ),
  'convert' => false,
)
[ info ] [ HEADER ] array (
  'cache-control' => 'no-cache',
  'postman-token' => '075a3b52-b19e-4a01-8c0c-c99fe2626e8b',
  'user-agent' => 'PostmanRuntime/3.0.11-hotfix.2',
  'accept' => '*/*',
  'host' => 'tp5.com',
  'accept-encoding' => 'gzip, deflate',
  'connection' => 'keep-alive',
)
[ info ] [ PARAM ] array (
  'ids' => '1',
  'version' => 'v1',
)
[ info ] [ RUN ] app\api\controller\v1\Theme->getThemes[ D:\phpstudy2\WWW\tp5\app\api\controller\v1\Theme.php ]
[ info ] [ DB ] INIT mysql
[ info ] [ LOG ] INIT File
[ sql ] [ DB ] CONNECT:[ UseTime:0.010000s ] mysql:dbname=zerg;host=127.0.0.1;charset=utf8
[ sql ] [ SQL ] SHOW COLUMNS FROM `theme` [ RunTime:0.009000s ]
[ sql ] [ SQL ] SELECT * FROM `theme` WHERE  `id` IN (1) [ RunTime:0.001000s ]
[ sql ] [ SQL ] SHOW COLUMNS FROM `image` [ RunTime:0.009000s ]
[ sql ] [ SQL ] SELECT * FROM `image` WHERE  `id` IN (16) [ RunTime:0.000000s ]
[ sql ] [ SQL ] SELECT * FROM `image` WHERE  `id` IN (49) [ RunTime:0.001000s ]

---------------------------------------------------------------
[ 2017-08-25T23:25:15+08:00 ] 127.0.0.1 127.0.0.1 GET /api/v1/theme?ids=1
[ log ] tp5.com/api/v1/theme?ids=1 [运行时间：0.515000s][吞吐率：1.94req/s] [内存消耗：2,906.33kb] [文件加载：58]
[ info ] [ LANG ] D:\phpstudy2\WWW\tp5\thinkphp\lang\zh-cn.php
[ info ] [ ROUTE ] array (
  'type' => 'module',
  'module' => 
  array (
    0 => 'api',
    1 => 'v1.Theme',
    2 => 'getThemes',
  ),
  'convert' => false,
)
[ info ] [ HEADER ] array (
  'cache-control' => 'no-cache',
  'postman-token' => 'ca5b0896-a076-474d-9961-396d1bf2e405',
  'user-agent' => 'PostmanRuntime/3.0.11-hotfix.2',
  'accept' => '*/*',
  'host' => 'tp5.com',
  'accept-encoding' => 'gzip, deflate',
  'connection' => 'keep-alive',
)
[ info ] [ PARAM ] array (
  'ids' => '1',
  'version' => 'v1',
)
[ info ] [ RUN ] app\api\controller\v1\Theme->getThemes[ D:\phpstudy2\WWW\tp5\app\api\controller\v1\Theme.php ]
[ info ] [ DB ] INIT mysql
[ info ] [ LOG ] INIT File
[ sql ] [ DB ] CONNECT:[ UseTime:0.000000s ] mysql:dbname=zerg;host=127.0.0.1;charset=utf8
[ sql ] [ SQL ] SHOW COLUMNS FROM `theme` [ RunTime:0.013000s ]
[ sql ] [ SQL ] SELECT * FROM `theme` WHERE  `id` IN (1) [ RunTime:0.000000s ]
[ sql ] [ SQL ] SHOW COLUMNS FROM `image` [ RunTime:0.013000s ]
[ sql ] [ SQL ] SELECT * FROM `image` WHERE  `id` IN (16) [ RunTime:0.000000s ]

---------------------------------------------------------------
[ 2017-08-25T23:25:54+08:00 ] 127.0.0.1 127.0.0.1 GET /api/v1/theme?ids=1
[ log ] tp5.com/api/v1/theme?ids=1 [运行时间：0.484000s][吞吐率：2.07req/s] [内存消耗：2,906.21kb] [文件加载：58]
[ info ] [ LANG ] D:\phpstudy2\WWW\tp5\thinkphp\lang\zh-cn.php
[ info ] [ ROUTE ] array (
  'type' => 'module',
  'module' => 
  array (
    0 => 'api',
    1 => 'v1.Theme',
    2 => 'getThemes',
  ),
  'convert' => false,
)
[ info ] [ HEADER ] array (
  'cache-control' => 'no-cache',
  'postman-token' => '6e4542f7-5664-40cd-9c36-122e817c70e1',
  'user-agent' => 'PostmanRuntime/3.0.11-hotfix.2',
  'accept' => '*/*',
  'host' => 'tp5.com',
  'accept-encoding' => 'gzip, deflate',
  'connection' => 'keep-alive',
)
[ info ] [ PARAM ] array (
  'ids' => '1',
  'version' => 'v1',
)
[ info ] [ RUN ] app\api\controller\v1\Theme->getThemes[ D:\phpstudy2\WWW\tp5\app\api\controller\v1\Theme.php ]
[ info ] [ DB ] INIT mysql
[ info ] [ LOG ] INIT File
[ sql ] [ DB ] CONNECT:[ UseTime:0.000000s ] mysql:dbname=zerg;host=127.0.0.1;charset=utf8
[ sql ] [ SQL ] SHOW COLUMNS FROM `theme` [ RunTime:0.007000s ]
[ sql ] [ SQL ] SELECT * FROM `theme` WHERE  `id` IN (1) [ RunTime:0.000000s ]
[ sql ] [ SQL ] SHOW COLUMNS FROM `image` [ RunTime:0.008000s ]
[ sql ] [ SQL ] SELECT * FROM `image` WHERE  `id` IN (16) [ RunTime:0.000000s ]

---------------------------------------------------------------
[ 2017-08-25T23:29:26+08:00 ] 127.0.0.1 127.0.0.1 GET /api/v1/themes/?XDEBUG_SESSION_START=15300
[ log ] tp5.com/api/v1/themes/?XDEBUG_SESSION_START=15300 [运行时间：0.095000s][吞吐率：10.53req/s] [内存消耗：1,592.74kb] [文件加载：42]
[ info ] [ LANG ] D:\phpstudy2\WWW\tp5\thinkphp\lang\zh-cn.php
[ info ] [ ROUTE ] array (
  'type' => 'module',
  'module' => 
  array (
    0 => 'api',
    1 => 'v1',
    2 => 'themes',
  ),
)
[ info ] [ HEADER ] array (
  'host' => 'tp5.com',
  'connection' => 'keep-alive',
  'accept' => 'text/html,application/xhtml+xml,application/xml;q=0.9,image/webp,*/*;q=0.8',
  'user-agent' => 'Mozilla/5.0 (Windows NT 6.1; WOW64) AppleWebKit/537.36 (KHTML, like Gecko) Chrome/33.0.1750.146 BIDUBrowser/6.x Safari/537.36',
  'accept-encoding' => 'gzip,deflate',
  'accept-language' => 'zh-CN,zh;q=0.8',
)
[ info ] [ PARAM ] array (
  'XDEBUG_SESSION_START' => '15300',
)
[ info ] [ LOG ] INIT File

---------------------------------------------------------------
[ 2017-08-25T23:29:37+08:00 ] 127.0.0.1 127.0.0.1 GET /api/v1/themes/ids=1,2
[ log ] tp5.com/api/v1/themes/ids=1,2 [运行时间：0.027000s][吞吐率：37.04req/s] [内存消耗：1,592.57kb] [文件加载：42]
[ info ] [ LANG ] D:\phpstudy2\WWW\tp5\thinkphp\lang\zh-cn.php
[ info ] [ ROUTE ] array (
  'type' => 'module',
  'module' => 
  array (
    0 => 'api',
    1 => 'v1',
    2 => 'themes',
  ),
)
[ info ] [ HEADER ] array (
  'host' => 'tp5.com',
  'connection' => 'keep-alive',
  'accept' => 'text/html,application/xhtml+xml,application/xml;q=0.9,image/webp,*/*;q=0.8',
  'user-agent' => 'Mozilla/5.0 (Windows NT 6.1; WOW64) AppleWebKit/537.36 (KHTML, like Gecko) Chrome/33.0.1750.146 BIDUBrowser/6.x Safari/537.36',
  'accept-encoding' => 'gzip,deflate',
  'accept-language' => 'zh-CN,zh;q=0.8',
  'cookie' => 'XDEBUG_SESSION=15300',
)
[ info ] [ PARAM ] array (
)
[ info ] [ LOG ] INIT File

---------------------------------------------------------------
[ 2017-08-25T23:29:45+08:00 ] 127.0.0.1 127.0.0.1 GET /api/v1/themes/?XDEBUG_SESSION_START=15698
[ log ] tp5.com/api/v1/themes/?XDEBUG_SESSION_START=15698 [运行时间：0.027000s][吞吐率：37.04req/s] [内存消耗：1,592.83kb] [文件加载：42]
[ info ] [ LANG ] D:\phpstudy2\WWW\tp5\thinkphp\lang\zh-cn.php
[ info ] [ ROUTE ] array (
  'type' => 'module',
  'module' => 
  array (
    0 => 'api',
    1 => 'v1',
    2 => 'themes',
  ),
)
[ info ] [ HEADER ] array (
  'host' => 'tp5.com',
  'connection' => 'keep-alive',
  'accept' => 'text/html,application/xhtml+xml,application/xml;q=0.9,image/webp,*/*;q=0.8',
  'user-agent' => 'Mozilla/5.0 (Windows NT 6.1; WOW64) AppleWebKit/537.36 (KHTML, like Gecko) Chrome/33.0.1750.146 BIDUBrowser/6.x Safari/537.36',
  'accept-encoding' => 'gzip,deflate',
  'accept-language' => 'zh-CN,zh;q=0.8',
  'cookie' => 'XDEBUG_SESSION=15300',
)
[ info ] [ PARAM ] array (
  'XDEBUG_SESSION_START' => '15698',
)
[ info ] [ LOG ] INIT File

---------------------------------------------------------------
[ 2017-08-25T23:29:55+08:00 ] 127.0.0.1 127.0.0.1 GET /api/v1/theme?ids=1?XDEBUG_SESSION_START=15698
[ log ] tp5.com/api/v1/theme?ids=1?XDEBUG_SESSION_START=15698 [运行时间：0.064000s][吞吐率：15.62req/s] [内存消耗：1,660.32kb] [文件加载：47]
[ info ] [ LANG ] D:\phpstudy2\WWW\tp5\thinkphp\lang\zh-cn.php
[ info ] [ ROUTE ] array (
  'type' => 'module',
  'module' => 
  array (
    0 => 'api',
    1 => 'v1.Theme',
    2 => 'getThemes',
  ),
  'convert' => false,
)
[ info ] [ HEADER ] array (
  'cache-control' => 'no-cache',
  'postman-token' => '924e5de4-6094-4b28-87ba-9ffd0366d78e',
  'user-agent' => 'PostmanRuntime/3.0.11-hotfix.2',
  'accept' => '*/*',
  'host' => 'tp5.com',
  'accept-encoding' => 'gzip, deflate',
  'connection' => 'keep-alive',
)
[ info ] [ PARAM ] array (
  'ids' => '1?XDEBUG_SESSION_START=15698',
  'version' => 'v1',
)
[ info ] [ RUN ] app\api\controller\v1\Theme->getThemes[ D:\phpstudy2\WWW\tp5\app\api\controller\v1\Theme.php ]
[ info ] [ LOG ] INIT File
[ error ] [400][D:\phpstudy2\WWW\tp5\app\api\validate\BaseValidate.php:23]

---------------------------------------------------------------
[ 2017-08-25T23:30:12+08:00 ] 127.0.0.1 127.0.0.1 GET /api/v1/theme?ids=1%20?XDEBUG_SESSION_START=15698
[ log ] tp5.com/api/v1/theme?ids=1%20?XDEBUG_SESSION_START=15698 [运行时间：0.042000s][吞吐率：23.81req/s] [内存消耗：1,660.37kb] [文件加载：47]
[ info ] [ LANG ] D:\phpstudy2\WWW\tp5\thinkphp\lang\zh-cn.php
[ info ] [ ROUTE ] array (
  'type' => 'module',
  'module' => 
  array (
    0 => 'api',
    1 => 'v1.Theme',
    2 => 'getThemes',
  ),
  'convert' => false,
)
[ info ] [ HEADER ] array (
  'cache-control' => 'no-cache',
  'postman-token' => '2f925afd-01e0-4ef5-86a0-d2a1392a0802',
  'user-agent' => 'PostmanRuntime/3.0.11-hotfix.2',
  'accept' => '*/*',
  'host' => 'tp5.com',
  'accept-encoding' => 'gzip, deflate',
  'connection' => 'keep-alive',
)
[ info ] [ PARAM ] array (
  'ids' => '1 ?XDEBUG_SESSION_START=15698',
  'version' => 'v1',
)
[ info ] [ RUN ] app\api\controller\v1\Theme->getThemes[ D:\phpstudy2\WWW\tp5\app\api\controller\v1\Theme.php ]
[ info ] [ LOG ] INIT File
[ error ] [400][D:\phpstudy2\WWW\tp5\app\api\validate\BaseValidate.php:23]

---------------------------------------------------------------
[ 2017-08-25T23:30:19+08:00 ] 127.0.0.1 127.0.0.1 GET /api/v1/theme?ids=1,2%20?XDEBUG_SESSION_START=15698
[ log ] tp5.com/api/v1/theme?ids=1,2%20?XDEBUG_SESSION_START=15698 [运行时间：0.040000s][吞吐率：25.00req/s] [内存消耗：1,660.38kb] [文件加载：47]
[ info ] [ LANG ] D:\phpstudy2\WWW\tp5\thinkphp\lang\zh-cn.php
[ info ] [ ROUTE ] array (
  'type' => 'module',
  'module' => 
  array (
    0 => 'api',
    1 => 'v1.Theme',
    2 => 'getThemes',
  ),
  'convert' => false,
)
[ info ] [ HEADER ] array (
  'cache-control' => 'no-cache',
  'postman-token' => '265b7c35-7dbe-4c5a-8e17-1923b01a85ad',
  'user-agent' => 'PostmanRuntime/3.0.11-hotfix.2',
  'accept' => '*/*',
  'host' => 'tp5.com',
  'accept-encoding' => 'gzip, deflate',
  'connection' => 'keep-alive',
)
[ info ] [ PARAM ] array (
  'ids' => '1,2 ?XDEBUG_SESSION_START=15698',
  'version' => 'v1',
)
[ info ] [ RUN ] app\api\controller\v1\Theme->getThemes[ D:\phpstudy2\WWW\tp5\app\api\controller\v1\Theme.php ]
[ info ] [ LOG ] INIT File
[ error ] [400][D:\phpstudy2\WWW\tp5\app\api\validate\BaseValidate.php:23]

---------------------------------------------------------------
[ 2017-08-25T23:31:58+08:00 ] 127.0.0.1 127.0.0.1 GET /api/v1/theme?ids=1,2%20?XDEBUG_SESSION_START=15698
[ log ] tp5.com/api/v1/theme?ids=1,2%20?XDEBUG_SESSION_START=15698 [运行时间：93.637000s][吞吐率：0.01req/s] [内存消耗：1,660.61kb] [文件加载：47]
[ info ] [ LANG ] D:\phpstudy2\WWW\tp5\thinkphp\lang\zh-cn.php
[ info ] [ ROUTE ] array (
  'type' => 'module',
  'module' => 
  array (
    0 => 'api',
    1 => 'v1.Theme',
    2 => 'getThemes',
  ),
  'convert' => false,
)
[ info ] [ HEADER ] array (
  'host' => 'tp5.com',
  'connection' => 'keep-alive',
  'accept' => 'text/html,application/xhtml+xml,application/xml;q=0.9,image/webp,*/*;q=0.8',
  'user-agent' => 'Mozilla/5.0 (Windows NT 6.1; WOW64) AppleWebKit/537.36 (KHTML, like Gecko) Chrome/33.0.1750.146 BIDUBrowser/6.x Safari/537.36',
  'accept-encoding' => 'gzip,deflate',
  'accept-language' => 'zh-CN,zh;q=0.8',
  'cookie' => 'XDEBUG_SESSION=15698',
)
[ info ] [ PARAM ] array (
  'ids' => '1,2 ?XDEBUG_SESSION_START=15698',
  'version' => 'v1',
)
[ info ] [ RUN ] app\api\controller\v1\Theme->getThemes[ D:\phpstudy2\WWW\tp5\app\api\controller\v1\Theme.php ]
[ info ] [ LOG ] INIT File
[ error ] [400][D:\phpstudy2\WWW\tp5\app\api\validate\BaseValidate.php:23]

---------------------------------------------------------------
[ 2017-08-25T23:32:33+08:00 ] 127.0.0.1 127.0.0.1 GET /api/v1/theme?ids=1,2%20?XDEBUG_SESSION_START=15698
[ log ] tp5.com/api/v1/theme?ids=1,2%20?XDEBUG_SESSION_START=15698 [运行时间：29.831000s][吞吐率：0.03req/s] [内存消耗：1,660.78kb] [文件加载：47]
[ info ] [ LANG ] D:\phpstudy2\WWW\tp5\thinkphp\lang\zh-cn.php
[ info ] [ ROUTE ] array (
  'type' => 'module',
  'module' => 
  array (
    0 => 'api',
    1 => 'v1.Theme',
    2 => 'getThemes',
  ),
  'convert' => false,
)
[ info ] [ HEADER ] array (
  'host' => 'tp5.com',
  'connection' => 'keep-alive',
  'cache-control' => 'max-age=0',
  'accept' => 'text/html,application/xhtml+xml,application/xml;q=0.9,image/webp,*/*;q=0.8',
  'user-agent' => 'Mozilla/5.0 (Windows NT 6.1; WOW64) AppleWebKit/537.36 (KHTML, like Gecko) Chrome/33.0.1750.146 BIDUBrowser/6.x Safari/537.36',
  'accept-encoding' => 'gzip,deflate',
  'accept-language' => 'zh-CN,zh;q=0.8',
  'cookie' => 'XDEBUG_SESSION=15698',
)
[ info ] [ PARAM ] array (
  'ids' => '1,2 ?XDEBUG_SESSION_START=15698',
  'version' => 'v1',
)
[ info ] [ RUN ] app\api\controller\v1\Theme->getThemes[ D:\phpstudy2\WWW\tp5\app\api\controller\v1\Theme.php ]
[ info ] [ LOG ] INIT File
[ error ] [400][D:\phpstudy2\WWW\tp5\app\api\validate\BaseValidate.php:23]

---------------------------------------------------------------
[ 2017-08-25T23:32:36+08:00 ] 127.0.0.1 127.0.0.1 GET /api/v1/theme?ids=1,2%20?XDEBUG_SESSION_START=15698
[ log ] tp5.com/api/v1/theme?ids=1,2%20?XDEBUG_SESSION_START=15698 [运行时间：0.043000s][吞吐率：23.26req/s] [内存消耗：1,660.80kb] [文件加载：47]
[ info ] [ LANG ] D:\phpstudy2\WWW\tp5\thinkphp\lang\zh-cn.php
[ info ] [ ROUTE ] array (
  'type' => 'module',
  'module' => 
  array (
    0 => 'api',
    1 => 'v1.Theme',
    2 => 'getThemes',
  ),
  'convert' => false,
)
[ info ] [ HEADER ] array (
  'host' => 'tp5.com',
  'connection' => 'keep-alive',
  'cache-control' => 'max-age=0',
  'accept' => 'text/html,application/xhtml+xml,application/xml;q=0.9,image/webp,*/*;q=0.8',
  'user-agent' => 'Mozilla/5.0 (Windows NT 6.1; WOW64) AppleWebKit/537.36 (KHTML, like Gecko) Chrome/33.0.1750.146 BIDUBrowser/6.x Safari/537.36',
  'accept-encoding' => 'gzip,deflate',
  'accept-language' => 'zh-CN,zh;q=0.8',
  'cookie' => 'XDEBUG_SESSION=15698',
)
[ info ] [ PARAM ] array (
  'ids' => '1,2 ?XDEBUG_SESSION_START=15698',
  'version' => 'v1',
)
[ info ] [ RUN ] app\api\controller\v1\Theme->getThemes[ D:\phpstudy2\WWW\tp5\app\api\controller\v1\Theme.php ]
[ info ] [ LOG ] INIT File
[ error ] [400][D:\phpstudy2\WWW\tp5\app\api\validate\BaseValidate.php:23]

---------------------------------------------------------------
[ 2017-08-25T23:32:39+08:00 ] 127.0.0.1 127.0.0.1 GET /api/v1/theme?ids=1,2%20?XDEBUG_SESSION_START=15698
[ log ] tp5.com/api/v1/theme?ids=1,2%20?XDEBUG_SESSION_START=15698 [运行时间：0.057000s][吞吐率：17.54req/s] [内存消耗：1,660.80kb] [文件加载：47]
[ info ] [ LANG ] D:\phpstudy2\WWW\tp5\thinkphp\lang\zh-cn.php
[ info ] [ ROUTE ] array (
  'type' => 'module',
  'module' => 
  array (
    0 => 'api',
    1 => 'v1.Theme',
    2 => 'getThemes',
  ),
  'convert' => false,
)
[ info ] [ HEADER ] array (
  'host' => 'tp5.com',
  'connection' => 'keep-alive',
  'cache-control' => 'max-age=0',
  'accept' => 'text/html,application/xhtml+xml,application/xml;q=0.9,image/webp,*/*;q=0.8',
  'user-agent' => 'Mozilla/5.0 (Windows NT 6.1; WOW64) AppleWebKit/537.36 (KHTML, like Gecko) Chrome/33.0.1750.146 BIDUBrowser/6.x Safari/537.36',
  'accept-encoding' => 'gzip,deflate',
  'accept-language' => 'zh-CN,zh;q=0.8',
  'cookie' => 'XDEBUG_SESSION=15698',
)
[ info ] [ PARAM ] array (
  'ids' => '1,2 ?XDEBUG_SESSION_START=15698',
  'version' => 'v1',
)
[ info ] [ RUN ] app\api\controller\v1\Theme->getThemes[ D:\phpstudy2\WWW\tp5\app\api\controller\v1\Theme.php ]
[ info ] [ LOG ] INIT File
[ error ] [400][D:\phpstudy2\WWW\tp5\app\api\validate\BaseValidate.php:23]

---------------------------------------------------------------
[ 2017-08-25T23:32:49+08:00 ] 127.0.0.1 127.0.0.1 GET /api/v1/theme?ids=1,2?XDEBUG_SESSION_START=15698
[ log ] tp5.com/api/v1/theme?ids=1,2?XDEBUG_SESSION_START=15698 [运行时间：0.036000s][吞吐率：27.78req/s] [内存消耗：1,660.61kb] [文件加载：47]
[ info ] [ LANG ] D:\phpstudy2\WWW\tp5\thinkphp\lang\zh-cn.php
[ info ] [ ROUTE ] array (
  'type' => 'module',
  'module' => 
  array (
    0 => 'api',
    1 => 'v1.Theme',
    2 => 'getThemes',
  ),
  'convert' => false,
)
[ info ] [ HEADER ] array (
  'host' => 'tp5.com',
  'connection' => 'keep-alive',
  'accept' => 'text/html,application/xhtml+xml,application/xml;q=0.9,image/webp,*/*;q=0.8',
  'user-agent' => 'Mozilla/5.0 (Windows NT 6.1; WOW64) AppleWebKit/537.36 (KHTML, like Gecko) Chrome/33.0.1750.146 BIDUBrowser/6.x Safari/537.36',
  'accept-encoding' => 'gzip,deflate',
  'accept-language' => 'zh-CN,zh;q=0.8',
  'cookie' => 'XDEBUG_SESSION=15698',
)
[ info ] [ PARAM ] array (
  'ids' => '1,2?XDEBUG_SESSION_START=15698',
  'version' => 'v1',
)
[ info ] [ RUN ] app\api\controller\v1\Theme->getThemes[ D:\phpstudy2\WWW\tp5\app\api\controller\v1\Theme.php ]
[ info ] [ LOG ] INIT File
[ error ] [400][D:\phpstudy2\WWW\tp5\app\api\validate\BaseValidate.php:23]

---------------------------------------------------------------
[ 2017-08-25T23:33:07+08:00 ] 127.0.0.1 127.0.0.1 GET /api/v1/theme?ids=1,2?XDEBUG_SESSION_START=15698
[ log ] tp5.com/api/v1/theme?ids=1,2?XDEBUG_SESSION_START=15698 [运行时间：0.032000s][吞吐率：31.25req/s] [内存消耗：1,660.80kb] [文件加载：47]
[ info ] [ LANG ] D:\phpstudy2\WWW\tp5\thinkphp\lang\zh-cn.php
[ info ] [ ROUTE ] array (
  'type' => 'module',
  'module' => 
  array (
    0 => 'api',
    1 => 'v1.Theme',
    2 => 'getThemes',
  ),
  'convert' => false,
)
[ info ] [ HEADER ] array (
  'host' => 'tp5.com',
  'connection' => 'keep-alive',
  'cache-control' => 'max-age=0',
  'accept' => 'text/html,application/xhtml+xml,application/xml;q=0.9,image/webp,*/*;q=0.8',
  'user-agent' => 'Mozilla/5.0 (Windows NT 6.1; WOW64) AppleWebKit/537.36 (KHTML, like Gecko) Chrome/33.0.1750.146 BIDUBrowser/6.x Safari/537.36',
  'accept-encoding' => 'gzip,deflate',
  'accept-language' => 'zh-CN,zh;q=0.8',
  'cookie' => 'XDEBUG_SESSION=15698',
)
[ info ] [ PARAM ] array (
  'ids' => '1,2?XDEBUG_SESSION_START=15698',
  'version' => 'v1',
)
[ info ] [ RUN ] app\api\controller\v1\Theme->getThemes[ D:\phpstudy2\WWW\tp5\app\api\controller\v1\Theme.php ]
[ info ] [ LOG ] INIT File
[ error ] [400][D:\phpstudy2\WWW\tp5\app\api\validate\BaseValidate.php:23]

---------------------------------------------------------------
[ 2017-08-25T23:33:11+08:00 ] 127.0.0.1 127.0.0.1 GET /api/v1/themes/?XDEBUG_SESSION_START=18684
[ log ] tp5.com/api/v1/themes/?XDEBUG_SESSION_START=18684 [运行时间：0.032000s][吞吐率：31.25req/s] [内存消耗：1,592.81kb] [文件加载：42]
[ info ] [ LANG ] D:\phpstudy2\WWW\tp5\thinkphp\lang\zh-cn.php
[ info ] [ ROUTE ] array (
  'type' => 'module',
  'module' => 
  array (
    0 => 'api',
    1 => 'v1',
    2 => 'themes',
  ),
)
[ info ] [ HEADER ] array (
  'host' => 'tp5.com',
  'connection' => 'keep-alive',
  'accept' => 'text/html,application/xhtml+xml,application/xml;q=0.9,image/webp,*/*;q=0.8',
  'user-agent' => 'Mozilla/5.0 (Windows NT 6.1; WOW64) AppleWebKit/537.36 (KHTML, like Gecko) Chrome/33.0.1750.146 BIDUBrowser/6.x Safari/537.36',
  'accept-encoding' => 'gzip,deflate',
  'accept-language' => 'zh-CN,zh;q=0.8',
  'cookie' => 'XDEBUG_SESSION=15698',
)
[ info ] [ PARAM ] array (
  'XDEBUG_SESSION_START' => '18684',
)
[ info ] [ LOG ] INIT File

---------------------------------------------------------------
[ 2017-08-25T23:33:20+08:00 ] 127.0.0.1 127.0.0.1 GET /api/v1/themes/?ids=1,2?XDEBUG_SESSION_START=18684
[ log ] tp5.com/api/v1/themes/?ids=1,2?XDEBUG_SESSION_START=18684 [运行时间：0.035000s][吞吐率：28.57req/s] [内存消耗：1,592.70kb] [文件加载：42]
[ info ] [ LANG ] D:\phpstudy2\WWW\tp5\thinkphp\lang\zh-cn.php
[ info ] [ ROUTE ] array (
  'type' => 'module',
  'module' => 
  array (
    0 => 'api',
    1 => 'v1',
    2 => 'themes',
  ),
)
[ info ] [ HEADER ] array (
  'host' => 'tp5.com',
  'connection' => 'keep-alive',
  'accept' => 'text/html,application/xhtml+xml,application/xml;q=0.9,image/webp,*/*;q=0.8',
  'user-agent' => 'Mozilla/5.0 (Windows NT 6.1; WOW64) AppleWebKit/537.36 (KHTML, like Gecko) Chrome/33.0.1750.146 BIDUBrowser/6.x Safari/537.36',
  'accept-encoding' => 'gzip,deflate',
  'accept-language' => 'zh-CN,zh;q=0.8',
  'cookie' => 'XDEBUG_SESSION=18684',
)
[ info ] [ PARAM ] array (
  'ids' => '1,2?XDEBUG_SESSION_START=18684',
)
[ info ] [ LOG ] INIT File

---------------------------------------------------------------
[ 2017-08-25T23:33:38+08:00 ] 127.0.0.1 127.0.0.1 GET /api/v1/themes/?ids=1,2?XDEBUG_SESSION_START=18684
[ log ] tp5.com/api/v1/themes/?ids=1,2?XDEBUG_SESSION_START=18684 [运行时间：0.026000s][吞吐率：38.46req/s] [内存消耗：1,592.88kb] [文件加载：42]
[ info ] [ LANG ] D:\phpstudy2\WWW\tp5\thinkphp\lang\zh-cn.php
[ info ] [ ROUTE ] array (
  'type' => 'module',
  'module' => 
  array (
    0 => 'api',
    1 => 'v1',
    2 => 'themes',
  ),
)
[ info ] [ HEADER ] array (
  'host' => 'tp5.com',
  'connection' => 'keep-alive',
  'cache-control' => 'max-age=0',
  'accept' => 'text/html,application/xhtml+xml,application/xml;q=0.9,image/webp,*/*;q=0.8',
  'user-agent' => 'Mozilla/5.0 (Windows NT 6.1; WOW64) AppleWebKit/537.36 (KHTML, like Gecko) Chrome/33.0.1750.146 BIDUBrowser/6.x Safari/537.36',
  'accept-encoding' => 'gzip,deflate',
  'accept-language' => 'zh-CN,zh;q=0.8',
  'cookie' => 'XDEBUG_SESSION=18684',
)
[ info ] [ PARAM ] array (
  'ids' => '1,2?XDEBUG_SESSION_START=18684',
)
[ info ] [ LOG ] INIT File

---------------------------------------------------------------
[ 2017-08-25T23:33:53+08:00 ] 127.0.0.1 127.0.0.1 GET /api/v1/themes/?ids=1,2?XDEBUG_SESSION_START=18684
[ log ] tp5.com/api/v1/themes/?ids=1,2?XDEBUG_SESSION_START=18684 [运行时间：0.051000s][吞吐率：19.61req/s] [内存消耗：1,592.88kb] [文件加载：42]
[ info ] [ LANG ] D:\phpstudy2\WWW\tp5\thinkphp\lang\zh-cn.php
[ info ] [ ROUTE ] array (
  'type' => 'module',
  'module' => 
  array (
    0 => 'api',
    1 => 'v1',
    2 => 'themes',
  ),
)
[ info ] [ HEADER ] array (
  'host' => 'tp5.com',
  'connection' => 'keep-alive',
  'cache-control' => 'max-age=0',
  'accept' => 'text/html,application/xhtml+xml,application/xml;q=0.9,image/webp,*/*;q=0.8',
  'user-agent' => 'Mozilla/5.0 (Windows NT 6.1; WOW64) AppleWebKit/537.36 (KHTML, like Gecko) Chrome/33.0.1750.146 BIDUBrowser/6.x Safari/537.36',
  'accept-encoding' => 'gzip,deflate',
  'accept-language' => 'zh-CN,zh;q=0.8',
  'cookie' => 'XDEBUG_SESSION=18684',
)
[ info ] [ PARAM ] array (
  'ids' => '1,2?XDEBUG_SESSION_START=18684',
)
[ info ] [ LOG ] INIT File

---------------------------------------------------------------
[ 2017-08-25T23:33:55+08:00 ] 127.0.0.1 127.0.0.1 GET /api/v1/themes/?XDEBUG_SESSION_START=18176
[ log ] tp5.com/api/v1/themes/?XDEBUG_SESSION_START=18176 [运行时间：0.030000s][吞吐率：33.33req/s] [内存消耗：1,592.81kb] [文件加载：42]
[ info ] [ LANG ] D:\phpstudy2\WWW\tp5\thinkphp\lang\zh-cn.php
[ info ] [ ROUTE ] array (
  'type' => 'module',
  'module' => 
  array (
    0 => 'api',
    1 => 'v1',
    2 => 'themes',
  ),
)
[ info ] [ HEADER ] array (
  'host' => 'tp5.com',
  'connection' => 'keep-alive',
  'accept' => 'text/html,application/xhtml+xml,application/xml;q=0.9,image/webp,*/*;q=0.8',
  'user-agent' => 'Mozilla/5.0 (Windows NT 6.1; WOW64) AppleWebKit/537.36 (KHTML, like Gecko) Chrome/33.0.1750.146 BIDUBrowser/6.x Safari/537.36',
  'accept-encoding' => 'gzip,deflate',
  'accept-language' => 'zh-CN,zh;q=0.8',
  'cookie' => 'XDEBUG_SESSION=18684',
)
[ info ] [ PARAM ] array (
  'XDEBUG_SESSION_START' => '18176',
)
[ info ] [ LOG ] INIT File

---------------------------------------------------------------
[ 2017-08-25T23:34:06+08:00 ] 127.0.0.1 127.0.0.1 GET /api/v1/themes/?ids=1,2?XDEBUG_SESSION_START=18176
[ log ] tp5.com/api/v1/themes/?ids=1,2?XDEBUG_SESSION_START=18176 [运行时间：0.049000s][吞吐率：20.41req/s] [内存消耗：1,592.70kb] [文件加载：42]
[ info ] [ LANG ] D:\phpstudy2\WWW\tp5\thinkphp\lang\zh-cn.php
[ info ] [ ROUTE ] array (
  'type' => 'module',
  'module' => 
  array (
    0 => 'api',
    1 => 'v1',
    2 => 'themes',
  ),
)
[ info ] [ HEADER ] array (
  'host' => 'tp5.com',
  'connection' => 'keep-alive',
  'accept' => 'text/html,application/xhtml+xml,application/xml;q=0.9,image/webp,*/*;q=0.8',
  'user-agent' => 'Mozilla/5.0 (Windows NT 6.1; WOW64) AppleWebKit/537.36 (KHTML, like Gecko) Chrome/33.0.1750.146 BIDUBrowser/6.x Safari/537.36',
  'accept-encoding' => 'gzip,deflate',
  'accept-language' => 'zh-CN,zh;q=0.8',
  'cookie' => 'XDEBUG_SESSION=18176',
)
[ info ] [ PARAM ] array (
  'ids' => '1,2?XDEBUG_SESSION_START=18176',
)
[ info ] [ LOG ] INIT File

---------------------------------------------------------------
[ 2017-08-25T23:34:11+08:00 ] 127.0.0.1 127.0.0.1 GET /api/v1/themes/?ids=1,2?XDEBUG_SESSION_START=18176
[ log ] tp5.com/api/v1/themes/?ids=1,2?XDEBUG_SESSION_START=18176 [运行时间：0.039000s][吞吐率：25.64req/s] [内存消耗：1,592.88kb] [文件加载：42]
[ info ] [ LANG ] D:\phpstudy2\WWW\tp5\thinkphp\lang\zh-cn.php
[ info ] [ ROUTE ] array (
  'type' => 'module',
  'module' => 
  array (
    0 => 'api',
    1 => 'v1',
    2 => 'themes',
  ),
)
[ info ] [ HEADER ] array (
  'host' => 'tp5.com',
  'connection' => 'keep-alive',
  'cache-control' => 'max-age=0',
  'accept' => 'text/html,application/xhtml+xml,application/xml;q=0.9,image/webp,*/*;q=0.8',
  'user-agent' => 'Mozilla/5.0 (Windows NT 6.1; WOW64) AppleWebKit/537.36 (KHTML, like Gecko) Chrome/33.0.1750.146 BIDUBrowser/6.x Safari/537.36',
  'accept-encoding' => 'gzip,deflate',
  'accept-language' => 'zh-CN,zh;q=0.8',
  'cookie' => 'XDEBUG_SESSION=18176',
)
[ info ] [ PARAM ] array (
  'ids' => '1,2?XDEBUG_SESSION_START=18176',
)
[ info ] [ LOG ] INIT File

---------------------------------------------------------------
[ 2017-08-25T23:34:15+08:00 ] 127.0.0.1 127.0.0.1 GET /api/v1/themes/
[ log ] tp5.com/api/v1/themes/ [运行时间：0.035000s][吞吐率：28.57req/s] [内存消耗：1,592.53kb] [文件加载：42]
[ info ] [ LANG ] D:\phpstudy2\WWW\tp5\thinkphp\lang\zh-cn.php
[ info ] [ ROUTE ] array (
  'type' => 'module',
  'module' => 
  array (
    0 => 'api',
    1 => 'v1',
    2 => 'themes',
  ),
)
[ info ] [ HEADER ] array (
  'host' => 'tp5.com',
  'connection' => 'keep-alive',
  'accept' => 'text/html,application/xhtml+xml,application/xml;q=0.9,image/webp,*/*;q=0.8',
  'user-agent' => 'Mozilla/5.0 (Windows NT 6.1; WOW64) AppleWebKit/537.36 (KHTML, like Gecko) Chrome/33.0.1750.146 BIDUBrowser/6.x Safari/537.36',
  'accept-encoding' => 'gzip,deflate',
  'accept-language' => 'zh-CN,zh;q=0.8',
  'cookie' => 'XDEBUG_SESSION=18176',
)
[ info ] [ PARAM ] array (
)
[ info ] [ LOG ] INIT File

---------------------------------------------------------------
[ 2017-08-25T23:34:22+08:00 ] 127.0.0.1 127.0.0.1 GET /api/v1/themes/?XDEBUG_SESSION_START=13740
[ log ] tp5.com/api/v1/themes/?XDEBUG_SESSION_START=13740 [运行时间：0.023000s][吞吐率：43.48req/s] [内存消耗：1,592.81kb] [文件加载：42]
[ info ] [ LANG ] D:\phpstudy2\WWW\tp5\thinkphp\lang\zh-cn.php
[ info ] [ ROUTE ] array (
  'type' => 'module',
  'module' => 
  array (
    0 => 'api',
    1 => 'v1',
    2 => 'themes',
  ),
)
[ info ] [ HEADER ] array (
  'host' => 'tp5.com',
  'connection' => 'keep-alive',
  'accept' => 'text/html,application/xhtml+xml,application/xml;q=0.9,image/webp,*/*;q=0.8',
  'user-agent' => 'Mozilla/5.0 (Windows NT 6.1; WOW64) AppleWebKit/537.36 (KHTML, like Gecko) Chrome/33.0.1750.146 BIDUBrowser/6.x Safari/537.36',
  'accept-encoding' => 'gzip,deflate',
  'accept-language' => 'zh-CN,zh;q=0.8',
  'cookie' => 'XDEBUG_SESSION=18176',
)
[ info ] [ PARAM ] array (
  'XDEBUG_SESSION_START' => '13740',
)
[ info ] [ LOG ] INIT File

---------------------------------------------------------------
[ 2017-08-25T23:34:26+08:00 ] 127.0.0.1 127.0.0.1 GET /api/v1/themes/?XDEBUG_SESSION_START=18176
[ log ] tp5.com/api/v1/themes/?XDEBUG_SESSION_START=18176 [运行时间：0.044000s][吞吐率：22.73req/s] [内存消耗：1,593.00kb] [文件加载：42]
[ info ] [ LANG ] D:\phpstudy2\WWW\tp5\thinkphp\lang\zh-cn.php
[ info ] [ ROUTE ] array (
  'type' => 'module',
  'module' => 
  array (
    0 => 'api',
    1 => 'v1',
    2 => 'themes',
  ),
)
[ info ] [ HEADER ] array (
  'host' => 'tp5.com',
  'connection' => 'keep-alive',
  'cache-control' => 'max-age=0',
  'accept' => 'text/html,application/xhtml+xml,application/xml;q=0.9,image/webp,*/*;q=0.8',
  'user-agent' => 'Mozilla/5.0 (Windows NT 6.1; WOW64) AppleWebKit/537.36 (KHTML, like Gecko) Chrome/33.0.1750.146 BIDUBrowser/6.x Safari/537.36',
  'accept-encoding' => 'gzip,deflate',
  'accept-language' => 'zh-CN,zh;q=0.8',
  'cookie' => 'XDEBUG_SESSION=13740',
)
[ info ] [ PARAM ] array (
  'XDEBUG_SESSION_START' => '18176',
)
[ info ] [ LOG ] INIT File

---------------------------------------------------------------
[ 2017-08-25T23:34:36+08:00 ] 127.0.0.1 127.0.0.1 GET /api/v1/themes/?XDEBUG_SESSION_START=18176
[ log ] tp5.com/api/v1/themes/?XDEBUG_SESSION_START=18176 [运行时间：0.077000s][吞吐率：12.99req/s] [内存消耗：1,593.00kb] [文件加载：42]
[ info ] [ LANG ] D:\phpstudy2\WWW\tp5\thinkphp\lang\zh-cn.php
[ info ] [ ROUTE ] array (
  'type' => 'module',
  'module' => 
  array (
    0 => 'api',
    1 => 'v1',
    2 => 'themes',
  ),
)
[ info ] [ HEADER ] array (
  'host' => 'tp5.com',
  'connection' => 'keep-alive',
  'cache-control' => 'max-age=0',
  'accept' => 'text/html,application/xhtml+xml,application/xml;q=0.9,image/webp,*/*;q=0.8',
  'user-agent' => 'Mozilla/5.0 (Windows NT 6.1; WOW64) AppleWebKit/537.36 (KHTML, like Gecko) Chrome/33.0.1750.146 BIDUBrowser/6.x Safari/537.36',
  'accept-encoding' => 'gzip,deflate',
  'accept-language' => 'zh-CN,zh;q=0.8',
  'cookie' => 'XDEBUG_SESSION=18176',
)
[ info ] [ PARAM ] array (
  'XDEBUG_SESSION_START' => '18176',
)
[ info ] [ LOG ] INIT File

---------------------------------------------------------------
[ 2017-08-25T23:34:37+08:00 ] 127.0.0.1 127.0.0.1 GET /api/v1/themes/?XDEBUG_SESSION_START=18176
[ log ] tp5.com/api/v1/themes/?XDEBUG_SESSION_START=18176 [运行时间：0.040000s][吞吐率：25.00req/s] [内存消耗：1,593.00kb] [文件加载：42]
[ info ] [ LANG ] D:\phpstudy2\WWW\tp5\thinkphp\lang\zh-cn.php
[ info ] [ ROUTE ] array (
  'type' => 'module',
  'module' => 
  array (
    0 => 'api',
    1 => 'v1',
    2 => 'themes',
  ),
)
[ info ] [ HEADER ] array (
  'host' => 'tp5.com',
  'connection' => 'keep-alive',
  'cache-control' => 'max-age=0',
  'accept' => 'text/html,application/xhtml+xml,application/xml;q=0.9,image/webp,*/*;q=0.8',
  'user-agent' => 'Mozilla/5.0 (Windows NT 6.1; WOW64) AppleWebKit/537.36 (KHTML, like Gecko) Chrome/33.0.1750.146 BIDUBrowser/6.x Safari/537.36',
  'accept-encoding' => 'gzip,deflate',
  'accept-language' => 'zh-CN,zh;q=0.8',
  'cookie' => 'XDEBUG_SESSION=18176',
)
[ info ] [ PARAM ] array (
  'XDEBUG_SESSION_START' => '18176',
)
[ info ] [ LOG ] INIT File

---------------------------------------------------------------
[ 2017-08-25T23:34:38+08:00 ] 127.0.0.1 127.0.0.1 GET /api/v1/themes/?ids=1,2?XDEBUG_SESSION_START=18176
[ log ] tp5.com/api/v1/themes/?ids=1,2?XDEBUG_SESSION_START=18176 [运行时间：0.039000s][吞吐率：25.64req/s] [内存消耗：1,592.88kb] [文件加载：42]
[ info ] [ LANG ] D:\phpstudy2\WWW\tp5\thinkphp\lang\zh-cn.php
[ info ] [ ROUTE ] array (
  'type' => 'module',
  'module' => 
  array (
    0 => 'api',
    1 => 'v1',
    2 => 'themes',
  ),
)
[ info ] [ HEADER ] array (
  'host' => 'tp5.com',
  'connection' => 'keep-alive',
  'cache-control' => 'max-age=0',
  'accept' => 'text/html,application/xhtml+xml,application/xml;q=0.9,image/webp,*/*;q=0.8',
  'user-agent' => 'Mozilla/5.0 (Windows NT 6.1; WOW64) AppleWebKit/537.36 (KHTML, like Gecko) Chrome/33.0.1750.146 BIDUBrowser/6.x Safari/537.36',
  'accept-encoding' => 'gzip,deflate',
  'accept-language' => 'zh-CN,zh;q=0.8',
  'cookie' => 'XDEBUG_SESSION=18176',
)
[ info ] [ PARAM ] array (
  'ids' => '1,2?XDEBUG_SESSION_START=18176',
)
[ info ] [ LOG ] INIT File

---------------------------------------------------------------
[ 2017-08-25T23:34:43+08:00 ] 127.0.0.1 127.0.0.1 GET /api/v1/theme?ids=1,2%20?XDEBUG_SESSION_START=15698
[ log ] tp5.com/api/v1/theme?ids=1,2%20?XDEBUG_SESSION_START=15698 [运行时间：0.070000s][吞吐率：14.29req/s] [内存消耗：2,906.18kb] [文件加载：58]
[ info ] [ LANG ] D:\phpstudy2\WWW\tp5\thinkphp\lang\zh-cn.php
[ info ] [ ROUTE ] array (
  'type' => 'module',
  'module' => 
  array (
    0 => 'api',
    1 => 'v1.Theme',
    2 => 'getThemes',
  ),
  'convert' => false,
)
[ info ] [ HEADER ] array (
  'cache-control' => 'no-cache',
  'postman-token' => '95769b64-15e9-451d-9900-3ab439b531a7',
  'user-agent' => 'PostmanRuntime/3.0.11-hotfix.2',
  'accept' => '*/*',
  'host' => 'tp5.com',
  'accept-encoding' => 'gzip, deflate',
  'connection' => 'keep-alive',
)
[ info ] [ PARAM ] array (
  'ids' => '1,2 ?XDEBUG_SESSION_START=15698',
  'version' => 'v1',
)
[ info ] [ RUN ] app\api\controller\v1\Theme->getThemes[ D:\phpstudy2\WWW\tp5\app\api\controller\v1\Theme.php ]
[ info ] [ DB ] INIT mysql
[ info ] [ LOG ] INIT File
[ sql ] [ DB ] CONNECT:[ UseTime:0.010000s ] mysql:dbname=zerg;host=127.0.0.1;charset=utf8
[ sql ] [ SQL ] SHOW COLUMNS FROM `theme` [ RunTime:0.004000s ]
[ sql ] [ SQL ] SELECT * FROM `theme` WHERE  `id` IN (1,2) [ RunTime:0.001000s ]
[ sql ] [ SQL ] SHOW COLUMNS FROM `image` [ RunTime:0.004000s ]
[ sql ] [ SQL ] SELECT * FROM `image` WHERE  `id` IN (16,17) [ RunTime:0.001000s ]
[ sql ] [ SQL ] SELECT * FROM `image` WHERE  `id` IN (49,50) [ RunTime:0.001000s ]

---------------------------------------------------------------
[ 2017-08-25T23:34:55+08:00 ] 127.0.0.1 127.0.0.1 GET /api/v1/themes/?XDEBUG_SESSION_START=11088
[ log ] tp5.com/api/v1/themes/?XDEBUG_SESSION_START=11088 [运行时间：0.024000s][吞吐率：41.67req/s] [内存消耗：1,592.81kb] [文件加载：42]
[ info ] [ LANG ] D:\phpstudy2\WWW\tp5\thinkphp\lang\zh-cn.php
[ info ] [ ROUTE ] array (
  'type' => 'module',
  'module' => 
  array (
    0 => 'api',
    1 => 'v1',
    2 => 'themes',
  ),
)
[ info ] [ HEADER ] array (
  'host' => 'tp5.com',
  'connection' => 'keep-alive',
  'accept' => 'text/html,application/xhtml+xml,application/xml;q=0.9,image/webp,*/*;q=0.8',
  'user-agent' => 'Mozilla/5.0 (Windows NT 6.1; WOW64) AppleWebKit/537.36 (KHTML, like Gecko) Chrome/33.0.1750.146 BIDUBrowser/6.x Safari/537.36',
  'accept-encoding' => 'gzip,deflate',
  'accept-language' => 'zh-CN,zh;q=0.8',
  'cookie' => 'XDEBUG_SESSION=18176',
)
[ info ] [ PARAM ] array (
  'XDEBUG_SESSION_START' => '11088',
)
[ info ] [ LOG ] INIT File

---------------------------------------------------------------
[ 2017-08-25T23:35:03+08:00 ] 127.0.0.1 127.0.0.1 GET /api/v1/theme?ids=1,2%20?XDEBUG_SESSION_START=11088
[ log ] tp5.com/api/v1/theme?ids=1,2%20?XDEBUG_SESSION_START=11088 [运行时间：0.080000s][吞吐率：12.50req/s] [内存消耗：2,906.18kb] [文件加载：58]
[ info ] [ LANG ] D:\phpstudy2\WWW\tp5\thinkphp\lang\zh-cn.php
[ info ] [ ROUTE ] array (
  'type' => 'module',
  'module' => 
  array (
    0 => 'api',
    1 => 'v1.Theme',
    2 => 'getThemes',
  ),
  'convert' => false,
)
[ info ] [ HEADER ] array (
  'cache-control' => 'no-cache',
  'postman-token' => '03cc5c12-1c88-4c44-af1a-2c9827094491',
  'user-agent' => 'PostmanRuntime/3.0.11-hotfix.2',
  'accept' => '*/*',
  'host' => 'tp5.com',
  'accept-encoding' => 'gzip, deflate',
  'connection' => 'keep-alive',
)
[ info ] [ PARAM ] array (
  'ids' => '1,2 ?XDEBUG_SESSION_START=11088',
  'version' => 'v1',
)
[ info ] [ RUN ] app\api\controller\v1\Theme->getThemes[ D:\phpstudy2\WWW\tp5\app\api\controller\v1\Theme.php ]
[ info ] [ DB ] INIT mysql
[ info ] [ LOG ] INIT File
[ sql ] [ DB ] CONNECT:[ UseTime:0.001000s ] mysql:dbname=zerg;host=127.0.0.1;charset=utf8
[ sql ] [ SQL ] SHOW COLUMNS FROM `theme` [ RunTime:0.005000s ]
[ sql ] [ SQL ] SELECT * FROM `theme` WHERE  `id` IN (1,2) [ RunTime:0.001000s ]
[ sql ] [ SQL ] SHOW COLUMNS FROM `image` [ RunTime:0.005000s ]
[ sql ] [ SQL ] SELECT * FROM `image` WHERE  `id` IN (16,17) [ RunTime:0.001000s ]
[ sql ] [ SQL ] SELECT * FROM `image` WHERE  `id` IN (49,50) [ RunTime:0.001000s ]

---------------------------------------------------------------
[ 2017-08-25T23:35:48+08:00 ] 127.0.0.1 127.0.0.1 GET /api/v1/themes/
[ log ] tp5.com/api/v1/themes/ [运行时间：0.024000s][吞吐率：41.67req/s] [内存消耗：1,592.53kb] [文件加载：42]
[ info ] [ LANG ] D:\phpstudy2\WWW\tp5\thinkphp\lang\zh-cn.php
[ info ] [ ROUTE ] array (
  'type' => 'module',
  'module' => 
  array (
    0 => 'api',
    1 => 'v1',
    2 => 'themes',
  ),
)
[ info ] [ HEADER ] array (
  'host' => 'tp5.com',
  'connection' => 'keep-alive',
  'accept' => 'text/html,application/xhtml+xml,application/xml;q=0.9,image/webp,*/*;q=0.8',
  'user-agent' => 'Mozilla/5.0 (Windows NT 6.1; WOW64) AppleWebKit/537.36 (KHTML, like Gecko) Chrome/33.0.1750.146 BIDUBrowser/6.x Safari/537.36',
  'accept-encoding' => 'gzip,deflate',
  'accept-language' => 'zh-CN,zh;q=0.8',
  'cookie' => 'XDEBUG_SESSION=11088',
)
[ info ] [ PARAM ] array (
)
[ info ] [ LOG ] INIT File

---------------------------------------------------------------
[ 2017-08-25T23:35:53+08:00 ] 127.0.0.1 127.0.0.1 GET /api/v1/themes/?XDEBUG_SESSION_START=16013
[ log ] tp5.com/api/v1/themes/?XDEBUG_SESSION_START=16013 [运行时间：0.031000s][吞吐率：32.26req/s] [内存消耗：1,592.81kb] [文件加载：42]
[ info ] [ LANG ] D:\phpstudy2\WWW\tp5\thinkphp\lang\zh-cn.php
[ info ] [ ROUTE ] array (
  'type' => 'module',
  'module' => 
  array (
    0 => 'api',
    1 => 'v1',
    2 => 'themes',
  ),
)
[ info ] [ HEADER ] array (
  'host' => 'tp5.com',
  'connection' => 'keep-alive',
  'accept' => 'text/html,application/xhtml+xml,application/xml;q=0.9,image/webp,*/*;q=0.8',
  'user-agent' => 'Mozilla/5.0 (Windows NT 6.1; WOW64) AppleWebKit/537.36 (KHTML, like Gecko) Chrome/33.0.1750.146 BIDUBrowser/6.x Safari/537.36',
  'accept-encoding' => 'gzip,deflate',
  'accept-language' => 'zh-CN,zh;q=0.8',
  'cookie' => 'XDEBUG_SESSION=11088',
)
[ info ] [ PARAM ] array (
  'XDEBUG_SESSION_START' => '16013',
)
[ info ] [ LOG ] INIT File

---------------------------------------------------------------
[ 2017-08-25T23:36:03+08:00 ] 127.0.0.1 127.0.0.1 GET /api/v1/theme?ids=1,2%20?XDEBUG_SESSION_START=16013
[ log ] tp5.com/api/v1/theme?ids=1,2%20?XDEBUG_SESSION_START=16013 [运行时间：0.055000s][吞吐率：18.18req/s] [内存消耗：2,906.18kb] [文件加载：58]
[ info ] [ LANG ] D:\phpstudy2\WWW\tp5\thinkphp\lang\zh-cn.php
[ info ] [ ROUTE ] array (
  'type' => 'module',
  'module' => 
  array (
    0 => 'api',
    1 => 'v1.Theme',
    2 => 'getThemes',
  ),
  'convert' => false,
)
[ info ] [ HEADER ] array (
  'cache-control' => 'no-cache',
  'postman-token' => 'bf4de9c5-bcf2-4891-bca4-efbd17de29a0',
  'user-agent' => 'PostmanRuntime/3.0.11-hotfix.2',
  'accept' => '*/*',
  'host' => 'tp5.com',
  'accept-encoding' => 'gzip, deflate',
  'connection' => 'keep-alive',
)
[ info ] [ PARAM ] array (
  'ids' => '1,2 ?XDEBUG_SESSION_START=16013',
  'version' => 'v1',
)
[ info ] [ RUN ] app\api\controller\v1\Theme->getThemes[ D:\phpstudy2\WWW\tp5\app\api\controller\v1\Theme.php ]
[ info ] [ DB ] INIT mysql
[ info ] [ LOG ] INIT File
[ sql ] [ DB ] CONNECT:[ UseTime:0.001000s ] mysql:dbname=zerg;host=127.0.0.1;charset=utf8
[ sql ] [ SQL ] SHOW COLUMNS FROM `theme` [ RunTime:0.005000s ]
[ sql ] [ SQL ] SELECT * FROM `theme` WHERE  `id` IN (1,2) [ RunTime:0.000000s ]
[ sql ] [ SQL ] SHOW COLUMNS FROM `image` [ RunTime:0.004000s ]
[ sql ] [ SQL ] SELECT * FROM `image` WHERE  `id` IN (16,17) [ RunTime:0.000000s ]
[ sql ] [ SQL ] SELECT * FROM `image` WHERE  `id` IN (49,50) [ RunTime:0.000000s ]

---------------------------------------------------------------
[ 2017-08-25T23:36:13+08:00 ] 127.0.0.1 127.0.0.1 GET /api/v1/theme?ids=1,2%20?XDEBUG_SESSION_START=16013
[ log ] tp5.com/api/v1/theme?ids=1,2%20?XDEBUG_SESSION_START=16013 [运行时间：0.055000s][吞吐率：18.18req/s] [内存消耗：1,660.38kb] [文件加载：47]
[ info ] [ LANG ] D:\phpstudy2\WWW\tp5\thinkphp\lang\zh-cn.php
[ info ] [ ROUTE ] array (
  'type' => 'module',
  'module' => 
  array (
    0 => 'api',
    1 => 'v1.Theme',
    2 => 'getThemes',
  ),
  'convert' => false,
)
[ info ] [ HEADER ] array (
  'cache-control' => 'no-cache',
  'postman-token' => 'a780a248-4ac3-4267-9681-5d18963e1157',
  'user-agent' => 'PostmanRuntime/3.0.11-hotfix.2',
  'accept' => '*/*',
  'host' => 'tp5.com',
  'accept-encoding' => 'gzip, deflate',
  'connection' => 'keep-alive',
)
[ info ] [ PARAM ] array (
  'ids' => '1,2 ?XDEBUG_SESSION_START=16013',
  'version' => 'v1',
)
[ info ] [ RUN ] app\api\controller\v1\Theme->getThemes[ D:\phpstudy2\WWW\tp5\app\api\controller\v1\Theme.php ]
[ info ] [ LOG ] INIT File
[ error ] [400][D:\phpstudy2\WWW\tp5\app\api\validate\BaseValidate.php:23]

---------------------------------------------------------------
[ 2017-08-25T23:36:18+08:00 ] 127.0.0.1 127.0.0.1 GET /api/v1/theme?ids=1,2%20?XDEBUG_SESSION_START=16013
[ log ] tp5.com/api/v1/theme?ids=1,2%20?XDEBUG_SESSION_START=16013 [运行时间：0.092000s][吞吐率：10.87req/s] [内存消耗：2,906.18kb] [文件加载：58]
[ info ] [ LANG ] D:\phpstudy2\WWW\tp5\thinkphp\lang\zh-cn.php
[ info ] [ ROUTE ] array (
  'type' => 'module',
  'module' => 
  array (
    0 => 'api',
    1 => 'v1.Theme',
    2 => 'getThemes',
  ),
  'convert' => false,
)
[ info ] [ HEADER ] array (
  'cache-control' => 'no-cache',
  'postman-token' => '49d5443f-e758-4eba-8115-2f8e89c56e60',
  'user-agent' => 'PostmanRuntime/3.0.11-hotfix.2',
  'accept' => '*/*',
  'host' => 'tp5.com',
  'accept-encoding' => 'gzip, deflate',
  'connection' => 'keep-alive',
)
[ info ] [ PARAM ] array (
  'ids' => '1,2 ?XDEBUG_SESSION_START=16013',
  'version' => 'v1',
)
[ info ] [ RUN ] app\api\controller\v1\Theme->getThemes[ D:\phpstudy2\WWW\tp5\app\api\controller\v1\Theme.php ]
[ info ] [ DB ] INIT mysql
[ info ] [ LOG ] INIT File
[ sql ] [ DB ] CONNECT:[ UseTime:0.001000s ] mysql:dbname=zerg;host=127.0.0.1;charset=utf8
[ sql ] [ SQL ] SHOW COLUMNS FROM `theme` [ RunTime:0.007000s ]
[ sql ] [ SQL ] SELECT * FROM `theme` WHERE  `id` IN (1,2) [ RunTime:0.001000s ]
[ sql ] [ SQL ] SHOW COLUMNS FROM `image` [ RunTime:0.006000s ]
[ sql ] [ SQL ] SELECT * FROM `image` WHERE  `id` IN (16,17) [ RunTime:0.000000s ]
[ sql ] [ SQL ] SELECT * FROM `image` WHERE  `id` IN (49,50) [ RunTime:0.000000s ]

---------------------------------------------------------------
[ 2017-08-25T23:36:47+08:00 ] 127.0.0.1 127.0.0.1 GET /api/v1/theme?ids=1,2%20?XDEBUG_SESSION_START=16013
[ log ] tp5.com/api/v1/theme?ids=1,2%20?XDEBUG_SESSION_START=16013 [运行时间：0.065000s][吞吐率：15.38req/s] [内存消耗：1,926.42kb] [文件加载：45]
[ info ] [ LANG ] D:\phpstudy2\WWW\tp5\thinkphp\lang\zh-cn.php
[ info ] [ ROUTE ] array (
  'type' => 'module',
  'module' => 
  array (
    0 => 'api',
    1 => 'v1.Theme',
    2 => 'getThemes',
  ),
  'convert' => false,
)
[ info ] [ HEADER ] array (
  'cache-control' => 'no-cache',
  'postman-token' => 'c8aa33bd-b722-47f9-b62d-89c77730ca24',
  'user-agent' => 'PostmanRuntime/3.0.11-hotfix.2',
  'accept' => '*/*',
  'host' => 'tp5.com',
  'accept-encoding' => 'gzip, deflate',
  'connection' => 'keep-alive',
)
[ info ] [ PARAM ] array (
  'ids' => '1,2 ?XDEBUG_SESSION_START=16013',
  'version' => 'v1',
)
[ info ] [ RUN ] app\api\controller\v1\Theme->getThemes[ D:\phpstudy2\WWW\tp5\app\api\controller\v1\Theme.php ]
[ info ] [ LOG ] INIT File

---------------------------------------------------------------
[ 2017-08-25T23:37:05+08:00 ] 127.0.0.1 127.0.0.1 GET /api/v1/theme?ids=1,2%20?XDEBUG_SESSION_START=16013
[ log ] tp5.com/api/v1/theme?ids=1,2%20?XDEBUG_SESSION_START=16013 [运行时间：0.062000s][吞吐率：16.13req/s] [内存消耗：2,906.18kb] [文件加载：58]
[ info ] [ LANG ] D:\phpstudy2\WWW\tp5\thinkphp\lang\zh-cn.php
[ info ] [ ROUTE ] array (
  'type' => 'module',
  'module' => 
  array (
    0 => 'api',
    1 => 'v1.Theme',
    2 => 'getThemes',
  ),
  'convert' => false,
)
[ info ] [ HEADER ] array (
  'cache-control' => 'no-cache',
  'postman-token' => '3d3233cf-70c0-4ca3-9b37-4f8b91f7d219',
  'user-agent' => 'PostmanRuntime/3.0.11-hotfix.2',
  'accept' => '*/*',
  'host' => 'tp5.com',
  'accept-encoding' => 'gzip, deflate',
  'connection' => 'keep-alive',
)
[ info ] [ PARAM ] array (
  'ids' => '1,2 ?XDEBUG_SESSION_START=16013',
  'version' => 'v1',
)
[ info ] [ RUN ] app\api\controller\v1\Theme->getThemes[ D:\phpstudy2\WWW\tp5\app\api\controller\v1\Theme.php ]
[ info ] [ DB ] INIT mysql
[ info ] [ LOG ] INIT File
[ sql ] [ DB ] CONNECT:[ UseTime:0.010000s ] mysql:dbname=zerg;host=127.0.0.1;charset=utf8
[ sql ] [ SQL ] SHOW COLUMNS FROM `theme` [ RunTime:0.004000s ]
[ sql ] [ SQL ] SELECT * FROM `theme` WHERE  `id` IN (1,2) [ RunTime:0.001000s ]
[ sql ] [ SQL ] SHOW COLUMNS FROM `image` [ RunTime:0.004000s ]
[ sql ] [ SQL ] SELECT * FROM `image` WHERE  `id` IN (16,17) [ RunTime:0.001000s ]
[ sql ] [ SQL ] SELECT * FROM `image` WHERE  `id` IN (49,50) [ RunTime:0.000000s ]

---------------------------------------------------------------
[ 2017-08-25T23:37:14+08:00 ] 127.0.0.1 127.0.0.1 GET /api/v1/themes/?XDEBUG_SESSION_START=14345
[ log ] tp5.com/api/v1/themes/?XDEBUG_SESSION_START=14345 [运行时间：0.022000s][吞吐率：45.45req/s] [内存消耗：1,592.81kb] [文件加载：42]
[ info ] [ LANG ] D:\phpstudy2\WWW\tp5\thinkphp\lang\zh-cn.php
[ info ] [ ROUTE ] array (
  'type' => 'module',
  'module' => 
  array (
    0 => 'api',
    1 => 'v1',
    2 => 'themes',
  ),
)
[ info ] [ HEADER ] array (
  'host' => 'tp5.com',
  'connection' => 'keep-alive',
  'accept' => 'text/html,application/xhtml+xml,application/xml;q=0.9,image/webp,*/*;q=0.8',
  'user-agent' => 'Mozilla/5.0 (Windows NT 6.1; WOW64) AppleWebKit/537.36 (KHTML, like Gecko) Chrome/33.0.1750.146 BIDUBrowser/6.x Safari/537.36',
  'accept-encoding' => 'gzip,deflate',
  'accept-language' => 'zh-CN,zh;q=0.8',
  'cookie' => 'XDEBUG_SESSION=16013',
)
[ info ] [ PARAM ] array (
  'XDEBUG_SESSION_START' => '14345',
)
[ info ] [ LOG ] INIT File

---------------------------------------------------------------
[ 2017-08-25T23:37:25+08:00 ] 127.0.0.1 127.0.0.1 GET /api/v1/theme?ids=1,2?XDEBUG_SESSION_START=14345
[ log ] tp5.com/api/v1/theme?ids=1,2?XDEBUG_SESSION_START=14345 [运行时间：0.084000s][吞吐率：11.90req/s] [内存消耗：2,906.17kb] [文件加载：58]
[ info ] [ LANG ] D:\phpstudy2\WWW\tp5\thinkphp\lang\zh-cn.php
[ info ] [ ROUTE ] array (
  'type' => 'module',
  'module' => 
  array (
    0 => 'api',
    1 => 'v1.Theme',
    2 => 'getThemes',
  ),
  'convert' => false,
)
[ info ] [ HEADER ] array (
  'cache-control' => 'no-cache',
  'postman-token' => '6953a146-c09c-48f7-ba5d-95cad27b89c6',
  'user-agent' => 'PostmanRuntime/3.0.11-hotfix.2',
  'accept' => '*/*',
  'host' => 'tp5.com',
  'accept-encoding' => 'gzip, deflate',
  'connection' => 'keep-alive',
)
[ info ] [ PARAM ] array (
  'ids' => '1,2?XDEBUG_SESSION_START=14345',
  'version' => 'v1',
)
[ info ] [ RUN ] app\api\controller\v1\Theme->getThemes[ D:\phpstudy2\WWW\tp5\app\api\controller\v1\Theme.php ]
[ info ] [ DB ] INIT mysql
[ info ] [ LOG ] INIT File
[ sql ] [ DB ] CONNECT:[ UseTime:0.000000s ] mysql:dbname=zerg;host=127.0.0.1;charset=utf8
[ sql ] [ SQL ] SHOW COLUMNS FROM `theme` [ RunTime:0.004000s ]
[ sql ] [ SQL ] SELECT * FROM `theme` WHERE  `id` IN (1,2) [ RunTime:0.001000s ]
[ sql ] [ SQL ] SHOW COLUMNS FROM `image` [ RunTime:0.004000s ]
[ sql ] [ SQL ] SELECT * FROM `image` WHERE  `id` IN (16,17) [ RunTime:0.000000s ]
[ sql ] [ SQL ] SELECT * FROM `image` WHERE  `id` IN (49,50) [ RunTime:0.000000s ]

---------------------------------------------------------------
[ 2017-08-25T23:37:37+08:00 ] 127.0.0.1 127.0.0.1 GET /api/v1/theme?ids=1,2?XDEBUG_SESSION_START=14345
[ log ] tp5.com/api/v1/theme?ids=1,2?XDEBUG_SESSION_START=14345 [运行时间：0.075000s][吞吐率：13.33req/s] [内存消耗：2,906.17kb] [文件加载：58]
[ info ] [ LANG ] D:\phpstudy2\WWW\tp5\thinkphp\lang\zh-cn.php
[ info ] [ ROUTE ] array (
  'type' => 'module',
  'module' => 
  array (
    0 => 'api',
    1 => 'v1.Theme',
    2 => 'getThemes',
  ),
  'convert' => false,
)
[ info ] [ HEADER ] array (
  'cache-control' => 'no-cache',
  'postman-token' => '0d477c79-175a-43ca-a58f-170f3da3c0e9',
  'user-agent' => 'PostmanRuntime/3.0.11-hotfix.2',
  'accept' => '*/*',
  'host' => 'tp5.com',
  'accept-encoding' => 'gzip, deflate',
  'connection' => 'keep-alive',
)
[ info ] [ PARAM ] array (
  'ids' => '1,2?XDEBUG_SESSION_START=14345',
  'version' => 'v1',
)
[ info ] [ RUN ] app\api\controller\v1\Theme->getThemes[ D:\phpstudy2\WWW\tp5\app\api\controller\v1\Theme.php ]
[ info ] [ DB ] INIT mysql
[ info ] [ LOG ] INIT File
[ sql ] [ DB ] CONNECT:[ UseTime:0.001000s ] mysql:dbname=zerg;host=127.0.0.1;charset=utf8
[ sql ] [ SQL ] SHOW COLUMNS FROM `theme` [ RunTime:0.004000s ]
[ sql ] [ SQL ] SELECT * FROM `theme` WHERE  `id` IN (1,2) [ RunTime:0.000000s ]
[ sql ] [ SQL ] SHOW COLUMNS FROM `image` [ RunTime:0.005000s ]
[ sql ] [ SQL ] SELECT * FROM `image` WHERE  `id` IN (16,17) [ RunTime:0.001000s ]
[ sql ] [ SQL ] SELECT * FROM `image` WHERE  `id` IN (49,50) [ RunTime:0.000000s ]

---------------------------------------------------------------
[ 2017-08-25T23:38:44+08:00 ] 127.0.0.1 127.0.0.1 GET /api/v1/theme?ids=1,2?XDEBUG_SESSION_START=14345
[ log ] tp5.com/api/v1/theme?ids=1,2?XDEBUG_SESSION_START=14345 [运行时间：54.565000s][吞吐率：0.02req/s] [内存消耗：2,907.64kb] [文件加载：58]
[ info ] [ LANG ] D:\phpstudy2\WWW\tp5\thinkphp\lang\zh-cn.php
[ info ] [ ROUTE ] array (
  'type' => 'module',
  'module' => 
  array (
    0 => 'api',
    1 => 'v1.Theme',
    2 => 'getThemes',
  ),
  'convert' => false,
)
[ info ] [ HEADER ] array (
  'host' => 'tp5.com',
  'connection' => 'keep-alive',
  'accept' => 'text/html,application/xhtml+xml,application/xml;q=0.9,image/webp,*/*;q=0.8',
  'user-agent' => 'Mozilla/5.0 (Windows NT 6.1; WOW64) AppleWebKit/537.36 (KHTML, like Gecko) Chrome/33.0.1750.146 BIDUBrowser/6.x Safari/537.36',
  'accept-encoding' => 'gzip,deflate',
  'accept-language' => 'zh-CN,zh;q=0.8',
  'cookie' => 'XDEBUG_SESSION=14345',
)
[ info ] [ PARAM ] array (
  'ids' => '1,2?XDEBUG_SESSION_START=14345',
  'version' => 'v1',
)
[ info ] [ RUN ] app\api\controller\v1\Theme->getThemes[ D:\phpstudy2\WWW\tp5\app\api\controller\v1\Theme.php ]
[ info ] [ DB ] INIT mysql
[ info ] [ LOG ] INIT File
[ sql ] [ DB ] CONNECT:[ UseTime:0.001000s ] mysql:dbname=zerg;host=127.0.0.1;charset=utf8
[ sql ] [ SQL ] SHOW COLUMNS FROM `theme` [ RunTime:0.010000s ]
[ sql ] [ SQL ] SELECT * FROM `theme` WHERE  `id` IN (1,2) [ RunTime:0.001000s ]
[ sql ] [ SQL ] SHOW COLUMNS FROM `image` [ RunTime:0.009000s ]
[ sql ] [ SQL ] SELECT * FROM `image` WHERE  `id` IN (16,17) [ RunTime:0.001000s ]
[ sql ] [ SQL ] SELECT * FROM `image` WHERE  `id` IN (49,50) [ RunTime:0.001000s ]

---------------------------------------------------------------
[ 2017-08-25T23:51:26+08:00 ] 127.0.0.1 127.0.0.1 GET /api/v1/banner/1
[ log ] tp5.com/api/v1/banner/1 [运行时间：0.125000s][吞吐率：8.00req/s] [内存消耗：2,974.18kb] [文件加载：60]
[ info ] [ LANG ] D:\phpstudy2\WWW\tp5\thinkphp\lang\zh-cn.php
[ info ] [ ROUTE ] array (
  'type' => 'module',
  'module' => 
  array (
    0 => 'api',
    1 => 'v1.Banner',
    2 => 'getBanner',
  ),
  'convert' => false,
)
[ info ] [ HEADER ] array (
  'cache-control' => 'no-cache',
  'postman-token' => 'ac9382c2-d352-4624-becb-777569be5ce4',
  'user-agent' => 'PostmanRuntime/3.0.11-hotfix.2',
  'accept' => '*/*',
  'host' => 'tp5.com',
  'accept-encoding' => 'gzip, deflate',
  'connection' => 'keep-alive',
)
[ info ] [ PARAM ] array (
  'version' => 'v1',
  'id' => '1',
)
[ info ] [ RUN ] app\api\controller\v1\Banner->getBanner[ D:\phpstudy2\WWW\tp5\app\api\controller\v1\Banner.php ]
[ info ] [ DB ] INIT mysql
[ info ] [ LOG ] INIT File
[ sql ] [ DB ] CONNECT:[ UseTime:0.010000s ] mysql:dbname=zerg;host=127.0.0.1;charset=utf8
[ sql ] [ SQL ] SHOW COLUMNS FROM `banner` [ RunTime:0.012000s ]
[ sql ] [ SQL ] SELECT * FROM `banner` WHERE  `id` = 1 LIMIT 1 [ RunTime:0.001000s ]
[ sql ] [ SQL ] SHOW COLUMNS FROM `banner_item` [ RunTime:0.012000s ]
[ sql ] [ SQL ] SELECT * FROM `banner_item` WHERE  `banner_id` = 1 ORDER BY `id`  desc [ RunTime:0.000000s ]
[ sql ] [ SQL ] SELECT * FROM `banner_item` WHERE  `banner_id` = 1 ORDER BY `id`  desc [ RunTime:0.000000s ]
[ sql ] [ SQL ] SHOW COLUMNS FROM `image` [ RunTime:0.010000s ]
[ sql ] [ SQL ] SELECT * FROM `image` WHERE  `id` IN (1,3,2,65) [ RunTime:0.000000s ]

---------------------------------------------------------------
[ 2017-08-25T23:51:38+08:00 ] 127.0.0.1 127.0.0.1 GET /api/v1/banner/1
[ log ] tp5.com/api/v1/banner/1 [运行时间：0.133000s][吞吐率：7.52req/s] [内存消耗：2,974.18kb] [文件加载：60]
[ info ] [ LANG ] D:\phpstudy2\WWW\tp5\thinkphp\lang\zh-cn.php
[ info ] [ ROUTE ] array (
  'type' => 'module',
  'module' => 
  array (
    0 => 'api',
    1 => 'v1.Banner',
    2 => 'getBanner',
  ),
  'convert' => false,
)
[ info ] [ HEADER ] array (
  'cache-control' => 'no-cache',
  'postman-token' => 'f81d06a0-6fa5-4d49-8165-918d72d99561',
  'user-agent' => 'PostmanRuntime/3.0.11-hotfix.2',
  'accept' => '*/*',
  'host' => 'tp5.com',
  'accept-encoding' => 'gzip, deflate',
  'connection' => 'keep-alive',
)
[ info ] [ PARAM ] array (
  'version' => 'v1',
  'id' => '1',
)
[ info ] [ RUN ] app\api\controller\v1\Banner->getBanner[ D:\phpstudy2\WWW\tp5\app\api\controller\v1\Banner.php ]
[ info ] [ DB ] INIT mysql
[ info ] [ LOG ] INIT File
[ sql ] [ DB ] CONNECT:[ UseTime:0.010000s ] mysql:dbname=zerg;host=127.0.0.1;charset=utf8
[ sql ] [ SQL ] SHOW COLUMNS FROM `banner` [ RunTime:0.009000s ]
[ sql ] [ SQL ] SELECT * FROM `banner` WHERE  `id` = 1 LIMIT 1 [ RunTime:0.001000s ]
[ sql ] [ SQL ] SHOW COLUMNS FROM `banner_item` [ RunTime:0.010000s ]
[ sql ] [ SQL ] SELECT * FROM `banner_item` WHERE  `banner_id` = 1 ORDER BY `id`  desc [ RunTime:0.001000s ]
[ sql ] [ SQL ] SELECT * FROM `banner_item` WHERE  `banner_id` = 1 ORDER BY `id`  desc [ RunTime:0.001000s ]
[ sql ] [ SQL ] SHOW COLUMNS FROM `image` [ RunTime:0.009000s ]
[ sql ] [ SQL ] SELECT * FROM `image` WHERE  `id` IN (1,3,2,65) [ RunTime:0.000000s ]

---------------------------------------------------------------
[ 2017-08-25T23:56:36+08:00 ] 127.0.0.1 127.0.0.1 GET /api/v1/theme?ids=1,2
[ log ] tp5.com/api/v1/theme?ids=1,2 [运行时间：0.095000s][吞吐率：10.53req/s] [内存消耗：2,906.12kb] [文件加载：58]
[ info ] [ LANG ] D:\phpstudy2\WWW\tp5\thinkphp\lang\zh-cn.php
[ info ] [ ROUTE ] array (
  'type' => 'module',
  'module' => 
  array (
    0 => 'api',
    1 => 'v1.Theme',
    2 => 'getThemes',
  ),
  'convert' => false,
)
[ info ] [ HEADER ] array (
  'cache-control' => 'no-cache',
  'postman-token' => '587aa8e0-1a77-46f9-b70b-665f9ab43618',
  'user-agent' => 'PostmanRuntime/3.0.11-hotfix.2',
  'accept' => '*/*',
  'host' => 'tp5.com',
  'accept-encoding' => 'gzip, deflate',
  'connection' => 'keep-alive',
)
[ info ] [ PARAM ] array (
  'ids' => '1,2',
  'version' => 'v1',
)
[ info ] [ RUN ] app\api\controller\v1\Theme->getThemes[ D:\phpstudy2\WWW\tp5\app\api\controller\v1\Theme.php ]
[ info ] [ DB ] INIT mysql
[ info ] [ LOG ] INIT File
[ sql ] [ DB ] CONNECT:[ UseTime:0.010000s ] mysql:dbname=zerg;host=127.0.0.1;charset=utf8
[ sql ] [ SQL ] SHOW COLUMNS FROM `theme` [ RunTime:0.010000s ]
[ sql ] [ SQL ] SELECT * FROM `theme` WHERE  `id` IN (1,2) [ RunTime:0.000000s ]
[ sql ] [ SQL ] SHOW COLUMNS FROM `image` [ RunTime:0.011000s ]
[ sql ] [ SQL ] SELECT * FROM `image` WHERE  `id` IN (16,17) [ RunTime:0.001000s ]
[ sql ] [ SQL ] SELECT * FROM `image` WHERE  `id` IN (49,50) [ RunTime:0.000000s ]

---------------------------------------------------------------
