[ 2017-09-09T21:44:59+08:00 ] 127.0.0.1 127.0.0.1 GET /api/v1/product/recent?count=12
[ log ] tp5.com/api/v1/product/recent?count=12 [运行时间：0.978000s][吞吐率：1.02req/s] [内存消耗：2,803.05kb] [文件加载：54]
[ info ] [ LANG ] D:\phpstudy2\WWW\tp5\thinkphp\lang\zh-cn.php
[ info ] [ ROUTE ] array (
  'type' => 'module',
  'module' => 
  array (
    0 => 'api',
    1 => 'v1.Product',
    2 => 'getRencent',
  ),
  'convert' => false,
)
[ info ] [ HEADER ] array (
  'cache-control' => 'no-cache',
  'postman-token' => 'b02bae2c-7162-4aab-a27a-2a531d601c99',
  'user-agent' => 'PostmanRuntime/3.0.11-hotfix.2',
  'accept' => '*/*',
  'host' => 'tp5.com',
  'accept-encoding' => 'gzip, deflate',
  'connection' => 'keep-alive',
)
[ info ] [ PARAM ] array (
  'count' => '12',
  'version' => 'v1',
)
[ info ] [ RUN ] app\api\controller\v1\Product->getRencent[ D:\phpstudy2\WWW\tp5\app\api\controller\v1\Product.php ]
[ info ] [ DB ] INIT mysql
[ info ] [ LOG ] INIT File
[ sql ] [ DB ] CONNECT:[ UseTime:0.030000s ] mysql:dbname=zerg;host=127.0.0.1;charset=utf8
[ sql ] [ SQL ] SHOW COLUMNS FROM `product` [ RunTime:0.044000s ]
[ sql ] [ SQL ] SELECT * FROM `product` ORDER BY create_time desc LIMIT 12 [ RunTime:0.001000s ]

---------------------------------------------------------------
[ 2017-09-09T21:46:08+08:00 ] 127.0.0.1 127.0.0.1 GET /api/v1/theme?ids=1,2
[ log ] tp5.com/api/v1/theme?ids=1,2 [运行时间：0.654000s][吞吐率：1.53req/s] [内存消耗：2,907.89kb] [文件加载：58]
[ info ] [ LANG ] D:\phpstudy2\WWW\tp5\thinkphp\lang\zh-cn.php
[ info ] [ ROUTE ] array (
  'type' => 'module',
  'module' => 
  array (
    0 => 'api',
    1 => 'v1.Theme',
    2 => 'getSimpleThemes',
  ),
  'convert' => false,
)
[ info ] [ HEADER ] array (
  'cache-control' => 'no-cache',
  'postman-token' => '36d226b7-9b32-4838-9b2a-9bb1eea9826f',
  'user-agent' => 'PostmanRuntime/3.0.11-hotfix.2',
  'accept' => '*/*',
  'host' => 'tp5.com',
  'accept-encoding' => 'gzip, deflate',
  'connection' => 'keep-alive',
)
[ info ] [ PARAM ] array (
  'ids' => '1,2',
  'version' => 'v1',
)
[ info ] [ RUN ] app\api\controller\v1\Theme->getSimpleThemes[ D:\phpstudy2\WWW\tp5\app\api\controller\v1\Theme.php ]
[ info ] [ DB ] INIT mysql
[ info ] [ LOG ] INIT File
[ sql ] [ DB ] CONNECT:[ UseTime:0.012000s ] mysql:dbname=zerg;host=127.0.0.1;charset=utf8
[ sql ] [ SQL ] SHOW COLUMNS FROM `theme` [ RunTime:0.041000s ]
[ sql ] [ SQL ] SELECT * FROM `theme` WHERE  `id` IN (1,2) [ RunTime:0.001000s ]
[ sql ] [ SQL ] SHOW COLUMNS FROM `image` [ RunTime:0.023000s ]
[ sql ] [ SQL ] SELECT * FROM `image` WHERE  `id` IN (16,17) [ RunTime:0.001000s ]
[ sql ] [ SQL ] SELECT * FROM `image` WHERE  `id` IN (49,50) [ RunTime:0.001000s ]

---------------------------------------------------------------
[ 2017-09-09T21:50:08+08:00 ] 127.0.0.1 127.0.0.1 GET /api/v1/product/recent?count=12
[ log ] tp5.com/api/v1/product/recent?count=12 [运行时间：0.485000s][吞吐率：2.06req/s] [内存消耗：2,803.05kb] [文件加载：54]
[ info ] [ LANG ] D:\phpstudy2\WWW\tp5\thinkphp\lang\zh-cn.php
[ info ] [ ROUTE ] array (
  'type' => 'module',
  'module' => 
  array (
    0 => 'api',
    1 => 'v1.Product',
    2 => 'getRencent',
  ),
  'convert' => false,
)
[ info ] [ HEADER ] array (
  'cache-control' => 'no-cache',
  'postman-token' => 'a7b7be59-0f2b-4a87-b67d-d2c6763b0772',
  'user-agent' => 'PostmanRuntime/3.0.11-hotfix.2',
  'accept' => '*/*',
  'host' => 'tp5.com',
  'accept-encoding' => 'gzip, deflate',
  'connection' => 'keep-alive',
)
[ info ] [ PARAM ] array (
  'count' => '12',
  'version' => 'v1',
)
[ info ] [ RUN ] app\api\controller\v1\Product->getRencent[ D:\phpstudy2\WWW\tp5\app\api\controller\v1\Product.php ]
[ info ] [ DB ] INIT mysql
[ info ] [ LOG ] INIT File
[ sql ] [ DB ] CONNECT:[ UseTime:0.001000s ] mysql:dbname=zerg;host=127.0.0.1;charset=utf8
[ sql ] [ SQL ] SHOW COLUMNS FROM `product` [ RunTime:0.004000s ]
[ sql ] [ SQL ] SELECT * FROM `product` ORDER BY create_time desc LIMIT 12 [ RunTime:0.001000s ]

---------------------------------------------------------------
[ 2017-09-09T21:50:25+08:00 ] 127.0.0.1 127.0.0.1 GET /api/v1/product/recent?count=1
[ log ] tp5.com/api/v1/product/recent?count=1 [运行时间：0.494000s][吞吐率：2.02req/s] [内存消耗：2,797.57kb] [文件加载：54]
[ info ] [ LANG ] D:\phpstudy2\WWW\tp5\thinkphp\lang\zh-cn.php
[ info ] [ ROUTE ] array (
  'type' => 'module',
  'module' => 
  array (
    0 => 'api',
    1 => 'v1.Product',
    2 => 'getRencent',
  ),
  'convert' => false,
)
[ info ] [ HEADER ] array (
  'cache-control' => 'no-cache',
  'postman-token' => '610148ae-cb1f-473e-87ed-d94658045c89',
  'user-agent' => 'PostmanRuntime/3.0.11-hotfix.2',
  'accept' => '*/*',
  'host' => 'tp5.com',
  'accept-encoding' => 'gzip, deflate',
  'connection' => 'keep-alive',
)
[ info ] [ PARAM ] array (
  'count' => '1',
  'version' => 'v1',
)
[ info ] [ RUN ] app\api\controller\v1\Product->getRencent[ D:\phpstudy2\WWW\tp5\app\api\controller\v1\Product.php ]
[ info ] [ DB ] INIT mysql
[ info ] [ LOG ] INIT File
[ sql ] [ DB ] CONNECT:[ UseTime:0.010000s ] mysql:dbname=zerg;host=127.0.0.1;charset=utf8
[ sql ] [ SQL ] SHOW COLUMNS FROM `product` [ RunTime:0.005000s ]
[ sql ] [ SQL ] SELECT * FROM `product` ORDER BY create_time desc LIMIT 1 [ RunTime:0.000000s ]

---------------------------------------------------------------
[ 2017-09-09T21:50:29+08:00 ] 127.0.0.1 127.0.0.1 GET /api/v1/product/recent?count=0
[ log ] tp5.com/api/v1/product/recent?count=0 [运行时间：0.934000s][吞吐率：1.07req/s] [内存消耗：1,656.24kb] [文件加载：47]
[ info ] [ LANG ] D:\phpstudy2\WWW\tp5\thinkphp\lang\zh-cn.php
[ info ] [ ROUTE ] array (
  'type' => 'module',
  'module' => 
  array (
    0 => 'api',
    1 => 'v1.Product',
    2 => 'getRencent',
  ),
  'convert' => false,
)
[ info ] [ HEADER ] array (
  'cache-control' => 'no-cache',
  'postman-token' => '589582c4-ac51-409c-904a-153efc162e35',
  'user-agent' => 'PostmanRuntime/3.0.11-hotfix.2',
  'accept' => '*/*',
  'host' => 'tp5.com',
  'accept-encoding' => 'gzip, deflate',
  'connection' => 'keep-alive',
)
[ info ] [ PARAM ] array (
  'count' => '0',
  'version' => 'v1',
)
[ info ] [ RUN ] app\api\controller\v1\Product->getRencent[ D:\phpstudy2\WWW\tp5\app\api\controller\v1\Product.php ]
[ info ] [ LOG ] INIT File
[ error ] [400][D:\phpstudy2\WWW\tp5\app\api\validate\BaseValidate.php:23]

---------------------------------------------------------------
[ 2017-09-09T21:56:55+08:00 ] 127.0.0.1 127.0.0.1 GET /api/v1/product/recent?count=2
[ log ] tp5.com/api/v1/product/recent?count=2 [运行时间：0.452000s][吞吐率：2.21req/s] [内存消耗：2,798.06kb] [文件加载：54]
[ info ] [ LANG ] D:\phpstudy2\WWW\tp5\thinkphp\lang\zh-cn.php
[ info ] [ ROUTE ] array (
  'type' => 'module',
  'module' => 
  array (
    0 => 'api',
    1 => 'v1.Product',
    2 => 'getRencent',
  ),
  'convert' => false,
)
[ info ] [ HEADER ] array (
  'cache-control' => 'no-cache',
  'postman-token' => '45356a21-f392-4635-8840-ed8a0df66b5d',
  'user-agent' => 'PostmanRuntime/3.0.11-hotfix.2',
  'accept' => '*/*',
  'host' => 'tp5.com',
  'accept-encoding' => 'gzip, deflate',
  'connection' => 'keep-alive',
)
[ info ] [ PARAM ] array (
  'count' => '2',
  'version' => 'v1',
)
[ info ] [ RUN ] app\api\controller\v1\Product->getRencent[ D:\phpstudy2\WWW\tp5\app\api\controller\v1\Product.php ]
[ info ] [ DB ] INIT mysql
[ info ] [ LOG ] INIT File
[ sql ] [ DB ] CONNECT:[ UseTime:0.001000s ] mysql:dbname=zerg;host=127.0.0.1;charset=utf8
[ sql ] [ SQL ] SHOW COLUMNS FROM `product` [ RunTime:0.010000s ]
[ sql ] [ SQL ] SELECT * FROM `product` ORDER BY create_time desc LIMIT 2 [ RunTime:0.001000s ]

---------------------------------------------------------------
[ 2017-09-09T22:05:45+08:00 ] 127.0.0.1 127.0.0.1 GET /api/v1/themes/?XDEBUG_SESSION_START=11862
[ log ] tp5.com/api/v1/themes/?XDEBUG_SESSION_START=11862 [运行时间：0.049000s][吞吐率：20.41req/s] [内存消耗：1,594.34kb] [文件加载：42]
[ info ] [ LANG ] D:\phpstudy2\WWW\tp5\thinkphp\lang\zh-cn.php
[ info ] [ ROUTE ] array (
  'type' => 'module',
  'module' => 
  array (
    0 => 'api',
    1 => 'v1',
    2 => 'themes',
  ),
)
[ info ] [ HEADER ] array (
  'host' => 'tp5.com',
  'connection' => 'keep-alive',
  'accept' => 'text/html,application/xhtml+xml,application/xml;q=0.9,image/webp,*/*;q=0.8',
  'user-agent' => 'Mozilla/5.0 (Windows NT 6.1; WOW64) AppleWebKit/537.36 (KHTML, like Gecko) Chrome/33.0.1750.146 BIDUBrowser/6.x Safari/537.36',
  'accept-encoding' => 'gzip,deflate',
  'accept-language' => 'zh-CN,zh;q=0.8',
)
[ info ] [ PARAM ] array (
  'XDEBUG_SESSION_START' => '11862',
)
[ info ] [ LOG ] INIT File

---------------------------------------------------------------
[ 2017-09-09T22:05:54+08:00 ] 127.0.0.1 127.0.0.1 GET /api/v1/product/recent?count=2?XDEBUG_SESSION_START=11862
[ log ] tp5.com/api/v1/product/recent?count=2?XDEBUG_SESSION_START=11862 [运行时间：0.029000s][吞吐率：34.48req/s] [内存消耗：1,656.10kb] [文件加载：47]
[ info ] [ LANG ] D:\phpstudy2\WWW\tp5\thinkphp\lang\zh-cn.php
[ info ] [ ROUTE ] array (
  'type' => 'module',
  'module' => 
  array (
    0 => 'api',
    1 => 'v1.Product',
    2 => 'getRencent',
  ),
  'convert' => false,
)
[ info ] [ HEADER ] array (
  'cache-control' => 'no-cache',
  'postman-token' => 'abc6e430-c7d7-4ceb-a8a8-d622edbed287',
  'user-agent' => 'PostmanRuntime/3.0.11-hotfix.2',
  'accept' => '*/*',
  'host' => 'tp5.com',
  'accept-encoding' => 'gzip, deflate',
  'connection' => 'keep-alive',
)
[ info ] [ PARAM ] array (
  'count' => '2?XDEBUG_SESSION_START=11862',
  'version' => 'v1',
)
[ info ] [ RUN ] app\api\controller\v1\Product->getRencent[ D:\phpstudy2\WWW\tp5\app\api\controller\v1\Product.php ]
[ info ] [ LOG ] INIT File
[ error ] [400][D:\phpstudy2\WWW\tp5\app\api\validate\BaseValidate.php:23]

---------------------------------------------------------------
[ 2017-09-09T22:06:06+08:00 ] 127.0.0.1 127.0.0.1 GET /api/v1/product/recent?count=2?XDEBUG_SESSION_START=11862
[ log ] tp5.com/api/v1/product/recent?count=2?XDEBUG_SESSION_START=11862 [运行时间：0.030000s][吞吐率：33.33req/s] [内存消耗：1,656.36kb] [文件加载：47]
[ info ] [ LANG ] D:\phpstudy2\WWW\tp5\thinkphp\lang\zh-cn.php
[ info ] [ ROUTE ] array (
  'type' => 'module',
  'module' => 
  array (
    0 => 'api',
    1 => 'v1.Product',
    2 => 'getRencent',
  ),
  'convert' => false,
)
[ info ] [ HEADER ] array (
  'host' => 'tp5.com',
  'connection' => 'keep-alive',
  'accept' => 'text/html,application/xhtml+xml,application/xml;q=0.9,image/webp,*/*;q=0.8',
  'user-agent' => 'Mozilla/5.0 (Windows NT 6.1; WOW64) AppleWebKit/537.36 (KHTML, like Gecko) Chrome/33.0.1750.146 BIDUBrowser/6.x Safari/537.36',
  'accept-encoding' => 'gzip,deflate',
  'accept-language' => 'zh-CN,zh;q=0.8',
  'cookie' => 'XDEBUG_SESSION=11862',
)
[ info ] [ PARAM ] array (
  'count' => '2?XDEBUG_SESSION_START=11862',
  'version' => 'v1',
)
[ info ] [ RUN ] app\api\controller\v1\Product->getRencent[ D:\phpstudy2\WWW\tp5\app\api\controller\v1\Product.php ]
[ info ] [ LOG ] INIT File
[ error ] [400][D:\phpstudy2\WWW\tp5\app\api\validate\BaseValidate.php:23]

---------------------------------------------------------------
[ 2017-09-09T22:06:15+08:00 ] 127.0.0.1 127.0.0.1 GET /api/v1/themes/
[ log ] tp5.com/api/v1/themes/ [运行时间：0.025000s][吞吐率：40.00req/s] [内存消耗：1,594.16kb] [文件加载：42]
[ info ] [ LANG ] D:\phpstudy2\WWW\tp5\thinkphp\lang\zh-cn.php
[ info ] [ ROUTE ] array (
  'type' => 'module',
  'module' => 
  array (
    0 => 'api',
    1 => 'v1',
    2 => 'themes',
  ),
)
[ info ] [ HEADER ] array (
  'host' => 'tp5.com',
  'connection' => 'keep-alive',
  'accept' => 'text/html,application/xhtml+xml,application/xml;q=0.9,image/webp,*/*;q=0.8',
  'user-agent' => 'Mozilla/5.0 (Windows NT 6.1; WOW64) AppleWebKit/537.36 (KHTML, like Gecko) Chrome/33.0.1750.146 BIDUBrowser/6.x Safari/537.36',
  'accept-encoding' => 'gzip,deflate',
  'accept-language' => 'zh-CN,zh;q=0.8',
  'cookie' => 'XDEBUG_SESSION=11862',
)
[ info ] [ PARAM ] array (
)
[ info ] [ LOG ] INIT File

---------------------------------------------------------------
[ 2017-09-09T22:06:19+08:00 ] 127.0.0.1 127.0.0.1 GET /api/v1/product/recent?count=2?XDEBUG_SESSION_START=11862
[ log ] tp5.com/api/v1/product/recent?count=2?XDEBUG_SESSION_START=11862 [运行时间：0.047000s][吞吐率：21.28req/s] [内存消耗：1,656.36kb] [文件加载：47]
[ info ] [ LANG ] D:\phpstudy2\WWW\tp5\thinkphp\lang\zh-cn.php
[ info ] [ ROUTE ] array (
  'type' => 'module',
  'module' => 
  array (
    0 => 'api',
    1 => 'v1.Product',
    2 => 'getRencent',
  ),
  'convert' => false,
)
[ info ] [ HEADER ] array (
  'host' => 'tp5.com',
  'connection' => 'keep-alive',
  'accept' => 'text/html,application/xhtml+xml,application/xml;q=0.9,image/webp,*/*;q=0.8',
  'user-agent' => 'Mozilla/5.0 (Windows NT 6.1; WOW64) AppleWebKit/537.36 (KHTML, like Gecko) Chrome/33.0.1750.146 BIDUBrowser/6.x Safari/537.36',
  'accept-encoding' => 'gzip,deflate',
  'accept-language' => 'zh-CN,zh;q=0.8',
  'cookie' => 'XDEBUG_SESSION=11862',
)
[ info ] [ PARAM ] array (
  'count' => '2?XDEBUG_SESSION_START=11862',
  'version' => 'v1',
)
[ info ] [ RUN ] app\api\controller\v1\Product->getRencent[ D:\phpstudy2\WWW\tp5\app\api\controller\v1\Product.php ]
[ info ] [ LOG ] INIT File
[ error ] [400][D:\phpstudy2\WWW\tp5\app\api\validate\BaseValidate.php:23]

---------------------------------------------------------------
[ 2017-09-09T22:06:23+08:00 ] 127.0.0.1 127.0.0.1 GET /api/v1/themes/
[ log ] tp5.com/api/v1/themes/ [运行时间：0.029000s][吞吐率：34.48req/s] [内存消耗：1,594.16kb] [文件加载：42]
[ info ] [ LANG ] D:\phpstudy2\WWW\tp5\thinkphp\lang\zh-cn.php
[ info ] [ ROUTE ] array (
  'type' => 'module',
  'module' => 
  array (
    0 => 'api',
    1 => 'v1',
    2 => 'themes',
  ),
)
[ info ] [ HEADER ] array (
  'host' => 'tp5.com',
  'connection' => 'keep-alive',
  'accept' => 'text/html,application/xhtml+xml,application/xml;q=0.9,image/webp,*/*;q=0.8',
  'user-agent' => 'Mozilla/5.0 (Windows NT 6.1; WOW64) AppleWebKit/537.36 (KHTML, like Gecko) Chrome/33.0.1750.146 BIDUBrowser/6.x Safari/537.36',
  'accept-encoding' => 'gzip,deflate',
  'accept-language' => 'zh-CN,zh;q=0.8',
  'cookie' => 'XDEBUG_SESSION=11862',
)
[ info ] [ PARAM ] array (
)
[ info ] [ LOG ] INIT File

---------------------------------------------------------------
[ 2017-09-09T22:06:25+08:00 ] 127.0.0.1 127.0.0.1 GET /api/v1/themes/?XDEBUG_SESSION_START=10544
[ log ] tp5.com/api/v1/themes/?XDEBUG_SESSION_START=10544 [运行时间：0.028000s][吞吐率：35.71req/s] [内存消耗：1,594.48kb] [文件加载：42]
[ info ] [ LANG ] D:\phpstudy2\WWW\tp5\thinkphp\lang\zh-cn.php
[ info ] [ ROUTE ] array (
  'type' => 'module',
  'module' => 
  array (
    0 => 'api',
    1 => 'v1',
    2 => 'themes',
  ),
)
[ info ] [ HEADER ] array (
  'host' => 'tp5.com',
  'connection' => 'keep-alive',
  'accept' => 'text/html,application/xhtml+xml,application/xml;q=0.9,image/webp,*/*;q=0.8',
  'user-agent' => 'Mozilla/5.0 (Windows NT 6.1; WOW64) AppleWebKit/537.36 (KHTML, like Gecko) Chrome/33.0.1750.146 BIDUBrowser/6.x Safari/537.36',
  'accept-encoding' => 'gzip,deflate',
  'accept-language' => 'zh-CN,zh;q=0.8',
  'cookie' => 'XDEBUG_SESSION=11862',
)
[ info ] [ PARAM ] array (
  'XDEBUG_SESSION_START' => '10544',
)
[ info ] [ LOG ] INIT File

---------------------------------------------------------------
[ 2017-09-09T22:10:47+08:00 ] 127.0.0.1 127.0.0.1 GET /api/v1/product/recent?count=2
[ log ] tp5.com/api/v1/product/recent?count=2 [运行时间：99.107000s][吞吐率：0.01req/s] [内存消耗：2,800.14kb] [文件加载：54]
[ info ] [ LANG ] D:\phpstudy2\WWW\tp5\thinkphp\lang\zh-cn.php
[ info ] [ ROUTE ] array (
  'type' => 'module',
  'module' => 
  array (
    0 => 'api',
    1 => 'v1.Product',
    2 => 'getRencent',
  ),
  'convert' => false,
)
[ info ] [ HEADER ] array (
  'host' => 'tp5.com',
  'connection' => 'keep-alive',
  'accept' => 'text/html,application/xhtml+xml,application/xml;q=0.9,image/webp,*/*;q=0.8',
  'user-agent' => 'Mozilla/5.0 (Windows NT 6.1; WOW64) AppleWebKit/537.36 (KHTML, like Gecko) Chrome/33.0.1750.146 BIDUBrowser/6.x Safari/537.36',
  'accept-encoding' => 'gzip,deflate',
  'accept-language' => 'zh-CN,zh;q=0.8',
  'cookie' => 'XDEBUG_SESSION=10544',
)
[ info ] [ PARAM ] array (
  'count' => '2',
  'version' => 'v1',
)
[ info ] [ RUN ] app\api\controller\v1\Product->getRencent[ D:\phpstudy2\WWW\tp5\app\api\controller\v1\Product.php ]
[ info ] [ DB ] INIT mysql
[ info ] [ LOG ] INIT File
[ sql ] [ DB ] CONNECT:[ UseTime:0.000000s ] mysql:dbname=zerg;host=127.0.0.1;charset=utf8
[ sql ] [ SQL ] SHOW COLUMNS FROM `product` [ RunTime:0.004000s ]
[ sql ] [ SQL ] SELECT * FROM `product` ORDER BY create_time desc LIMIT 2 [ RunTime:0.001000s ]

---------------------------------------------------------------
[ 2017-09-09T22:10:50+08:00 ] 127.0.0.1 127.0.0.1 GET /api/v1/product/recent?count=2
[ log ] tp5.com/api/v1/product/recent?count=2 [运行时间：2.515000s][吞吐率：0.40req/s] [内存消耗：2,865.38kb] [文件加载：59]
[ info ] [ LANG ] D:\phpstudy2\WWW\tp5\thinkphp\lang\zh-cn.php
[ info ] [ ROUTE ] array (
  'type' => 'module',
  'module' => 
  array (
    0 => 'api',
    1 => 'v1.Product',
    2 => 'getRencent',
  ),
  'convert' => false,
)
[ info ] [ HEADER ] array (
  'host' => 'tp5.com',
  'connection' => 'keep-alive',
  'accept' => 'text/html,application/xhtml+xml,application/xml;q=0.9,image/webp,*/*;q=0.8',
  'user-agent' => 'Mozilla/5.0 (Windows NT 6.1; WOW64) AppleWebKit/537.36 (KHTML, like Gecko) Chrome/33.0.1750.146 BIDUBrowser/6.x Safari/537.36',
  'accept-encoding' => 'gzip,deflate',
  'accept-language' => 'zh-CN,zh;q=0.8',
  'cookie' => 'XDEBUG_SESSION=10544',
)
[ info ] [ PARAM ] array (
  'count' => '2',
  'version' => 'v1',
)
[ info ] [ RUN ] app\api\controller\v1\Product->getRencent[ D:\phpstudy2\WWW\tp5\app\api\controller\v1\Product.php ]
[ info ] [ DB ] INIT mysql
[ info ] [ LOG ] INIT File
[ sql ] [ DB ] CONNECT:[ UseTime:0.001000s ] mysql:dbname=zerg;host=127.0.0.1;charset=utf8
[ sql ] [ SQL ] SHOW COLUMNS FROM `product` [ RunTime:0.005000s ]
[ sql ] [ SQL ] SELECT * FROM `product` ORDER BY create_time desc LIMIT 2 [ RunTime:0.000000s ]
[ error ] [404][D:\phpstudy2\WWW\tp5\app\api\controller\v1\Product.php:20]

---------------------------------------------------------------
[ 2017-09-09T22:12:11+08:00 ] 127.0.0.1 127.0.0.1 GET /api/v1/product/recent?count=2&XDEBUG_SESSION_START=10757
[ log ] tp5.com/api/v1/product/recent?count=2&XDEBUG_SESSION_START=10757 [运行时间：66.250000s][吞吐率：0.02req/s] [内存消耗：2,798.63kb] [文件加载：54]
[ info ] [ LANG ] D:\phpstudy2\WWW\tp5\thinkphp\lang\zh-cn.php
[ info ] [ ROUTE ] array (
  'type' => 'module',
  'module' => 
  array (
    0 => 'api',
    1 => 'v1.Product',
    2 => 'getRencent',
  ),
  'convert' => false,
)
[ info ] [ HEADER ] array (
  'host' => 'tp5.com',
  'connection' => 'keep-alive',
  'accept' => 'text/html,application/xhtml+xml,application/xml;q=0.9,image/webp,*/*;q=0.8',
  'user-agent' => 'Mozilla/5.0 (Windows NT 6.1; WOW64) AppleWebKit/537.36 (KHTML, like Gecko) Chrome/33.0.1750.146 BIDUBrowser/6.x Safari/537.36',
  'accept-encoding' => 'gzip,deflate',
  'accept-language' => 'zh-CN,zh;q=0.8',
  'cookie' => 'XDEBUG_SESSION=10544',
)
[ info ] [ PARAM ] array (
  'count' => '2',
  'XDEBUG_SESSION_START' => '10757',
  'version' => 'v1',
)
[ info ] [ RUN ] app\api\controller\v1\Product->getRencent[ D:\phpstudy2\WWW\tp5\app\api\controller\v1\Product.php ]
[ info ] [ DB ] INIT mysql
[ info ] [ LOG ] INIT File
[ sql ] [ DB ] CONNECT:[ UseTime:0.001000s ] mysql:dbname=zerg;host=127.0.0.1;charset=utf8
[ sql ] [ SQL ] SHOW COLUMNS FROM `product` [ RunTime:0.005000s ]
[ sql ] [ SQL ] SELECT * FROM `product` ORDER BY create_time desc LIMIT 2 [ RunTime:0.001000s ]

---------------------------------------------------------------
[ 2017-09-09T22:13:22+08:00 ] 127.0.0.1 127.0.0.1 GET /api/v1/theme/4
[ log ] tp5.com/api/v1/theme/4 [运行时间：0.143000s][吞吐率：6.99req/s] [内存消耗：2,993.23kb] [文件加载：63]
[ info ] [ LANG ] D:\phpstudy2\WWW\tp5\thinkphp\lang\zh-cn.php
[ info ] [ ROUTE ] array (
  'type' => 'module',
  'module' => 
  array (
    0 => 'api',
    1 => 'v1.Theme',
    2 => 'getComplexThemes',
  ),
  'convert' => false,
)
[ info ] [ HEADER ] array (
  'cache-control' => 'no-cache',
  'postman-token' => '85bb1271-1112-4cd8-bf55-0dc4d1923f6e',
  'user-agent' => 'PostmanRuntime/3.0.11-hotfix.2',
  'accept' => '*/*',
  'host' => 'tp5.com',
  'accept-encoding' => 'gzip, deflate',
  'connection' => 'keep-alive',
)
[ info ] [ PARAM ] array (
  'version' => 'v1',
  'id' => '4',
)
[ info ] [ RUN ] app\api\controller\v1\Theme->getComplexThemes[ D:\phpstudy2\WWW\tp5\app\api\controller\v1\Theme.php ]
[ info ] [ DB ] INIT mysql
[ info ] [ LOG ] INIT File
[ sql ] [ DB ] CONNECT:[ UseTime:0.001000s ] mysql:dbname=zerg;host=127.0.0.1;charset=utf8
[ sql ] [ SQL ] SHOW COLUMNS FROM `theme` [ RunTime:0.016000s ]
[ sql ] [ SQL ] SELECT * FROM `theme` WHERE  `id` = 4 LIMIT 1 [ RunTime:0.001000s ]
[ error ] [404][D:\phpstudy2\WWW\tp5\app\api\controller\v1\Theme.php:33]

---------------------------------------------------------------
[ 2017-09-09T22:13:26+08:00 ] 127.0.0.1 127.0.0.1 GET /api/v1/theme/3
[ log ] tp5.com/api/v1/theme/3 [运行时间：0.117000s][吞吐率：8.55req/s] [内存消耗：3,023.69kb] [文件加载：61]
[ info ] [ LANG ] D:\phpstudy2\WWW\tp5\thinkphp\lang\zh-cn.php
[ info ] [ ROUTE ] array (
  'type' => 'module',
  'module' => 
  array (
    0 => 'api',
    1 => 'v1.Theme',
    2 => 'getComplexThemes',
  ),
  'convert' => false,
)
[ info ] [ HEADER ] array (
  'cache-control' => 'no-cache',
  'postman-token' => '6971d521-6def-446e-a032-32bca27da6f9',
  'user-agent' => 'PostmanRuntime/3.0.11-hotfix.2',
  'accept' => '*/*',
  'host' => 'tp5.com',
  'accept-encoding' => 'gzip, deflate',
  'connection' => 'keep-alive',
)
[ info ] [ PARAM ] array (
  'version' => 'v1',
  'id' => '3',
)
[ info ] [ RUN ] app\api\controller\v1\Theme->getComplexThemes[ D:\phpstudy2\WWW\tp5\app\api\controller\v1\Theme.php ]
[ info ] [ DB ] INIT mysql
[ info ] [ LOG ] INIT File
[ sql ] [ DB ] CONNECT:[ UseTime:0.001000s ] mysql:dbname=zerg;host=127.0.0.1;charset=utf8
[ sql ] [ SQL ] SHOW COLUMNS FROM `theme` [ RunTime:0.008000s ]
[ sql ] [ SQL ] SELECT * FROM `theme` WHERE  `id` = 3 LIMIT 1 [ RunTime:0.001000s ]
[ sql ] [ SQL ] SHOW COLUMNS FROM `product` [ RunTime:0.007000s ]
[ sql ] [ SQL ] SHOW COLUMNS FROM `theme_product` [ RunTime:0.023000s ]
[ sql ] [ SQL ] SELECT `product`.*,pivot.theme_id AS pivot__theme_id,pivot.product_id AS pivot__product_id FROM `product` INNER JOIN `theme_product` `pivot` ON `pivot`.`product_id`=`product`.`id` WHERE  `pivot`.`theme_id` = 3 [ RunTime:0.001000s ]
[ sql ] [ SQL ] SHOW COLUMNS FROM `image` [ RunTime:0.007000s ]
[ sql ] [ SQL ] SELECT * FROM `image` WHERE  `id` = 18 [ RunTime:0.000000s ]
[ sql ] [ SQL ] SELECT * FROM `image` WHERE  `id` = 18 [ RunTime:0.000000s ]

---------------------------------------------------------------
[ 2017-09-09T22:13:33+08:00 ] 127.0.0.1 127.0.0.1 GET /api/v1/theme?ids=4
[ log ] tp5.com/api/v1/theme?ids=4 [运行时间：0.044000s][吞吐率：22.73req/s] [内存消耗：2,903.25kb] [文件加载：58]
[ info ] [ LANG ] D:\phpstudy2\WWW\tp5\thinkphp\lang\zh-cn.php
[ info ] [ ROUTE ] array (
  'type' => 'module',
  'module' => 
  array (
    0 => 'api',
    1 => 'v1.Theme',
    2 => 'getSimpleThemes',
  ),
  'convert' => false,
)
[ info ] [ HEADER ] array (
  'cache-control' => 'no-cache',
  'postman-token' => '69a8b84e-92a3-437c-aada-e2eec7818a8f',
  'user-agent' => 'PostmanRuntime/3.0.11-hotfix.2',
  'accept' => '*/*',
  'host' => 'tp5.com',
  'accept-encoding' => 'gzip, deflate',
  'connection' => 'keep-alive',
)
[ info ] [ PARAM ] array (
  'ids' => '4',
  'version' => 'v1',
)
[ info ] [ RUN ] app\api\controller\v1\Theme->getSimpleThemes[ D:\phpstudy2\WWW\tp5\app\api\controller\v1\Theme.php ]
[ info ] [ DB ] INIT mysql
[ info ] [ LOG ] INIT File
[ sql ] [ DB ] CONNECT:[ UseTime:0.001000s ] mysql:dbname=zerg;host=127.0.0.1;charset=utf8
[ sql ] [ SQL ] SHOW COLUMNS FROM `theme` [ RunTime:0.011000s ]
[ sql ] [ SQL ] SELECT * FROM `theme` WHERE  `id` IN (4) [ RunTime:0.001000s ]

---------------------------------------------------------------
[ 2017-09-09T22:14:01+08:00 ] 127.0.0.1 127.0.0.1 GET /api/v1/theme?ids=4
[ log ] tp5.com/api/v1/theme?ids=4 [运行时间：0.086000s][吞吐率：11.63req/s] [内存消耗：2,963.91kb] [文件加载：62]
[ info ] [ LANG ] D:\phpstudy2\WWW\tp5\thinkphp\lang\zh-cn.php
[ info ] [ ROUTE ] array (
  'type' => 'module',
  'module' => 
  array (
    0 => 'api',
    1 => 'v1.Theme',
    2 => 'getSimpleThemes',
  ),
  'convert' => false,
)
[ info ] [ HEADER ] array (
  'cache-control' => 'no-cache',
  'postman-token' => '80752228-938b-40f3-bc49-a6a1b3e55130',
  'user-agent' => 'PostmanRuntime/3.0.11-hotfix.2',
  'accept' => '*/*',
  'host' => 'tp5.com',
  'accept-encoding' => 'gzip, deflate',
  'connection' => 'keep-alive',
)
[ info ] [ PARAM ] array (
  'ids' => '4',
  'version' => 'v1',
)
[ info ] [ RUN ] app\api\controller\v1\Theme->getSimpleThemes[ D:\phpstudy2\WWW\tp5\app\api\controller\v1\Theme.php ]
[ info ] [ DB ] INIT mysql
[ info ] [ LOG ] INIT File
[ sql ] [ DB ] CONNECT:[ UseTime:0.001000s ] mysql:dbname=zerg;host=127.0.0.1;charset=utf8
[ sql ] [ SQL ] SHOW COLUMNS FROM `theme` [ RunTime:0.012000s ]
[ sql ] [ SQL ] SELECT * FROM `theme` WHERE  `id` IN (4) [ RunTime:0.001000s ]
[ error ] [1]Call to undefined function app\api\controller\v1\isEmpty()[D:\phpstudy2\WWW\tp5\app\api\controller\v1\Theme.php:18]

---------------------------------------------------------------
[ 2017-09-09T22:14:23+08:00 ] 127.0.0.1 127.0.0.1 GET /api/v1/theme?ids=1
[ log ] tp5.com/api/v1/theme?ids=1 [运行时间：0.076000s][吞吐率：13.16req/s] [内存消耗：2,970.74kb] [文件加载：62]
[ info ] [ LANG ] D:\phpstudy2\WWW\tp5\thinkphp\lang\zh-cn.php
[ info ] [ ROUTE ] array (
  'type' => 'module',
  'module' => 
  array (
    0 => 'api',
    1 => 'v1.Theme',
    2 => 'getSimpleThemes',
  ),
  'convert' => false,
)
[ info ] [ HEADER ] array (
  'cache-control' => 'no-cache',
  'postman-token' => 'f52e2fc5-984e-46fa-a219-4e8bca926050',
  'user-agent' => 'PostmanRuntime/3.0.11-hotfix.2',
  'accept' => '*/*',
  'host' => 'tp5.com',
  'accept-encoding' => 'gzip, deflate',
  'connection' => 'keep-alive',
)
[ info ] [ PARAM ] array (
  'ids' => '1',
  'version' => 'v1',
)
[ info ] [ RUN ] app\api\controller\v1\Theme->getSimpleThemes[ D:\phpstudy2\WWW\tp5\app\api\controller\v1\Theme.php ]
[ info ] [ DB ] INIT mysql
[ info ] [ LOG ] INIT File
[ sql ] [ DB ] CONNECT:[ UseTime:0.001000s ] mysql:dbname=zerg;host=127.0.0.1;charset=utf8
[ sql ] [ SQL ] SHOW COLUMNS FROM `theme` [ RunTime:0.009000s ]
[ sql ] [ SQL ] SELECT * FROM `theme` WHERE  `id` IN (1) [ RunTime:0.000000s ]
[ sql ] [ SQL ] SHOW COLUMNS FROM `image` [ RunTime:0.009000s ]
[ sql ] [ SQL ] SELECT * FROM `image` WHERE  `id` IN (16) [ RunTime:0.001000s ]
[ sql ] [ SQL ] SELECT * FROM `image` WHERE  `id` IN (49) [ RunTime:0.000000s ]
[ error ] [1]Call to undefined function app\api\controller\v1\isEmpty()[D:\phpstudy2\WWW\tp5\app\api\controller\v1\Theme.php:18]

---------------------------------------------------------------
[ 2017-09-09T22:14:42+08:00 ] 127.0.0.1 127.0.0.1 GET /api/v1/theme?ids=1
[ log ] tp5.com/api/v1/theme?ids=1 [运行时间：0.080000s][吞吐率：12.50req/s] [内存消耗：2,907.27kb] [文件加载：58]
[ info ] [ LANG ] D:\phpstudy2\WWW\tp5\thinkphp\lang\zh-cn.php
[ info ] [ ROUTE ] array (
  'type' => 'module',
  'module' => 
  array (
    0 => 'api',
    1 => 'v1.Theme',
    2 => 'getSimpleThemes',
  ),
  'convert' => false,
)
[ info ] [ HEADER ] array (
  'cache-control' => 'no-cache',
  'postman-token' => '05b981e3-b181-4ed2-a4bd-604337150513',
  'user-agent' => 'PostmanRuntime/3.0.11-hotfix.2',
  'accept' => '*/*',
  'host' => 'tp5.com',
  'accept-encoding' => 'gzip, deflate',
  'connection' => 'keep-alive',
)
[ info ] [ PARAM ] array (
  'ids' => '1',
  'version' => 'v1',
)
[ info ] [ RUN ] app\api\controller\v1\Theme->getSimpleThemes[ D:\phpstudy2\WWW\tp5\app\api\controller\v1\Theme.php ]
[ info ] [ DB ] INIT mysql
[ info ] [ LOG ] INIT File
[ sql ] [ DB ] CONNECT:[ UseTime:0.011000s ] mysql:dbname=zerg;host=127.0.0.1;charset=utf8
[ sql ] [ SQL ] SHOW COLUMNS FROM `theme` [ RunTime:0.007000s ]
[ sql ] [ SQL ] SELECT * FROM `theme` WHERE  `id` IN (1) [ RunTime:0.000000s ]
[ sql ] [ SQL ] SHOW COLUMNS FROM `image` [ RunTime:0.010000s ]
[ sql ] [ SQL ] SELECT * FROM `image` WHERE  `id` IN (16) [ RunTime:0.000000s ]
[ sql ] [ SQL ] SELECT * FROM `image` WHERE  `id` IN (49) [ RunTime:0.000000s ]

---------------------------------------------------------------
[ 2017-09-09T22:15:15+08:00 ] 127.0.0.1 127.0.0.1 GET /api/v1/theme?ids=1
[ log ] tp5.com/api/v1/theme?ids=1 [运行时间：0.093000s][吞吐率：10.75req/s] [内存消耗：2,907.27kb] [文件加载：58]
[ info ] [ LANG ] D:\phpstudy2\WWW\tp5\thinkphp\lang\zh-cn.php
[ info ] [ ROUTE ] array (
  'type' => 'module',
  'module' => 
  array (
    0 => 'api',
    1 => 'v1.Theme',
    2 => 'getSimpleThemes',
  ),
  'convert' => false,
)
[ info ] [ HEADER ] array (
  'cache-control' => 'no-cache',
  'postman-token' => '0b09fbcd-05e2-47ff-9d2b-d62df84db699',
  'user-agent' => 'PostmanRuntime/3.0.11-hotfix.2',
  'accept' => '*/*',
  'host' => 'tp5.com',
  'accept-encoding' => 'gzip, deflate',
  'connection' => 'keep-alive',
)
[ info ] [ PARAM ] array (
  'ids' => '1',
  'version' => 'v1',
)
[ info ] [ RUN ] app\api\controller\v1\Theme->getSimpleThemes[ D:\phpstudy2\WWW\tp5\app\api\controller\v1\Theme.php ]
[ info ] [ DB ] INIT mysql
[ info ] [ LOG ] INIT File
[ sql ] [ DB ] CONNECT:[ UseTime:0.001000s ] mysql:dbname=zerg;host=127.0.0.1;charset=utf8
[ sql ] [ SQL ] SHOW COLUMNS FROM `theme` [ RunTime:0.018000s ]
[ sql ] [ SQL ] SELECT * FROM `theme` WHERE  `id` IN (1) [ RunTime:0.001000s ]
[ sql ] [ SQL ] SHOW COLUMNS FROM `image` [ RunTime:0.008000s ]
[ sql ] [ SQL ] SELECT * FROM `image` WHERE  `id` IN (16) [ RunTime:0.000000s ]
[ sql ] [ SQL ] SELECT * FROM `image` WHERE  `id` IN (49) [ RunTime:0.000000s ]

---------------------------------------------------------------
[ 2017-09-09T22:15:19+08:00 ] 127.0.0.1 127.0.0.1 GET /api/v1/theme?ids=4
[ log ] tp5.com/api/v1/theme?ids=4 [运行时间：0.085000s][吞吐率：11.76req/s] [内存消耗：2,971.32kb] [文件加载：63]
[ info ] [ LANG ] D:\phpstudy2\WWW\tp5\thinkphp\lang\zh-cn.php
[ info ] [ ROUTE ] array (
  'type' => 'module',
  'module' => 
  array (
    0 => 'api',
    1 => 'v1.Theme',
    2 => 'getSimpleThemes',
  ),
  'convert' => false,
)
[ info ] [ HEADER ] array (
  'cache-control' => 'no-cache',
  'postman-token' => 'd24e5251-e7db-404f-bf85-c6168a92cf1a',
  'user-agent' => 'PostmanRuntime/3.0.11-hotfix.2',
  'accept' => '*/*',
  'host' => 'tp5.com',
  'accept-encoding' => 'gzip, deflate',
  'connection' => 'keep-alive',
)
[ info ] [ PARAM ] array (
  'ids' => '4',
  'version' => 'v1',
)
[ info ] [ RUN ] app\api\controller\v1\Theme->getSimpleThemes[ D:\phpstudy2\WWW\tp5\app\api\controller\v1\Theme.php ]
[ info ] [ DB ] INIT mysql
[ info ] [ LOG ] INIT File
[ sql ] [ DB ] CONNECT:[ UseTime:0.001000s ] mysql:dbname=zerg;host=127.0.0.1;charset=utf8
[ sql ] [ SQL ] SHOW COLUMNS FROM `theme` [ RunTime:0.010000s ]
[ sql ] [ SQL ] SELECT * FROM `theme` WHERE  `id` IN (4) [ RunTime:0.001000s ]
[ error ] [404][D:\phpstudy2\WWW\tp5\app\api\controller\v1\Theme.php:19]

---------------------------------------------------------------
[ 2017-09-09T22:15:57+08:00 ] 127.0.0.1 127.0.0.1 GET /api/v1/banner/1
[ log ] tp5.com/api/v1/banner/1 [运行时间：0.175000s][吞吐率：5.71req/s] [内存消耗：3,023.13kb] [文件加载：63]
[ info ] [ LANG ] D:\phpstudy2\WWW\tp5\thinkphp\lang\zh-cn.php
[ info ] [ ROUTE ] array (
  'type' => 'module',
  'module' => 
  array (
    0 => 'api',
    1 => 'v1.Banner',
    2 => 'getBanner',
  ),
  'convert' => false,
)
[ info ] [ HEADER ] array (
  'cache-control' => 'no-cache',
  'postman-token' => '9847ab8b-0612-4b4a-9895-ad485e0dc2cc',
  'user-agent' => 'PostmanRuntime/3.0.11-hotfix.2',
  'accept' => '*/*',
  'host' => 'tp5.com',
  'accept-encoding' => 'gzip, deflate',
  'connection' => 'keep-alive',
)
[ info ] [ PARAM ] array (
  'version' => 'v1',
  'id' => '1',
)
[ info ] [ RUN ] app\api\controller\v1\Banner->getBanner[ D:\phpstudy2\WWW\tp5\app\api\controller\v1\Banner.php ]
[ info ] [ DB ] INIT mysql
[ info ] [ LOG ] INIT File
[ sql ] [ DB ] CONNECT:[ UseTime:0.001000s ] mysql:dbname=zerg;host=127.0.0.1;charset=utf8
[ sql ] [ SQL ] SHOW COLUMNS FROM `banner` [ RunTime:0.039000s ]
[ sql ] [ SQL ] SELECT * FROM `banner` WHERE  `id` = 1 LIMIT 1 [ RunTime:0.001000s ]
[ sql ] [ SQL ] SHOW COLUMNS FROM `banner_item` [ RunTime:0.011000s ]
[ sql ] [ SQL ] SELECT * FROM `banner_item` WHERE  `banner_id` = 1 ORDER BY `id`  desc [ RunTime:0.001000s ]
[ sql ] [ SQL ] SELECT * FROM `banner_item` WHERE  `banner_id` = 1 ORDER BY `id`  desc [ RunTime:0.001000s ]
[ sql ] [ SQL ] SHOW COLUMNS FROM `image` [ RunTime:0.012000s ]
[ sql ] [ SQL ] SELECT * FROM `image` WHERE  `id` IN (1,3,2,65) [ RunTime:0.001000s ]
[ error ] [0]method not exist:think\db\Query->isEmpty[D:\phpstudy2\WWW\tp5\thinkphp\library\think\db\Query.php:93]

---------------------------------------------------------------
[ 2017-09-09T22:16:12+08:00 ] 127.0.0.1 127.0.0.1 GET /api/v1/banner/1
[ log ] tp5.com/api/v1/banner/1 [运行时间：0.143000s][吞吐率：6.99req/s] [内存消耗：3,023.13kb] [文件加载：63]
[ info ] [ LANG ] D:\phpstudy2\WWW\tp5\thinkphp\lang\zh-cn.php
[ info ] [ ROUTE ] array (
  'type' => 'module',
  'module' => 
  array (
    0 => 'api',
    1 => 'v1.Banner',
    2 => 'getBanner',
  ),
  'convert' => false,
)
[ info ] [ HEADER ] array (
  'cache-control' => 'no-cache',
  'postman-token' => '3d6ef72c-a17a-498f-a1e1-a5cd2652c088',
  'user-agent' => 'PostmanRuntime/3.0.11-hotfix.2',
  'accept' => '*/*',
  'host' => 'tp5.com',
  'accept-encoding' => 'gzip, deflate',
  'connection' => 'keep-alive',
)
[ info ] [ PARAM ] array (
  'version' => 'v1',
  'id' => '1',
)
[ info ] [ RUN ] app\api\controller\v1\Banner->getBanner[ D:\phpstudy2\WWW\tp5\app\api\controller\v1\Banner.php ]
[ info ] [ DB ] INIT mysql
[ info ] [ LOG ] INIT File
[ sql ] [ DB ] CONNECT:[ UseTime:0.010000s ] mysql:dbname=zerg;host=127.0.0.1;charset=utf8
[ sql ] [ SQL ] SHOW COLUMNS FROM `banner` [ RunTime:0.015000s ]
[ sql ] [ SQL ] SELECT * FROM `banner` WHERE  `id` = 1 LIMIT 1 [ RunTime:0.001000s ]
[ sql ] [ SQL ] SHOW COLUMNS FROM `banner_item` [ RunTime:0.011000s ]
[ sql ] [ SQL ] SELECT * FROM `banner_item` WHERE  `banner_id` = 1 ORDER BY `id`  desc [ RunTime:0.001000s ]
[ sql ] [ SQL ] SELECT * FROM `banner_item` WHERE  `banner_id` = 1 ORDER BY `id`  desc [ RunTime:0.000000s ]
[ sql ] [ SQL ] SHOW COLUMNS FROM `image` [ RunTime:0.008000s ]
[ sql ] [ SQL ] SELECT * FROM `image` WHERE  `id` IN (1,3,2,65) [ RunTime:0.000000s ]
[ error ] [0]method not exist:think\db\Query->isEmpty[D:\phpstudy2\WWW\tp5\thinkphp\library\think\db\Query.php:93]

---------------------------------------------------------------
[ 2017-09-09T22:16:13+08:00 ] 127.0.0.1 127.0.0.1 GET /api/v1/banner/1
[ log ] tp5.com/api/v1/banner/1 [运行时间：0.101000s][吞吐率：9.90req/s] [内存消耗：3,023.13kb] [文件加载：63]
[ info ] [ LANG ] D:\phpstudy2\WWW\tp5\thinkphp\lang\zh-cn.php
[ info ] [ ROUTE ] array (
  'type' => 'module',
  'module' => 
  array (
    0 => 'api',
    1 => 'v1.Banner',
    2 => 'getBanner',
  ),
  'convert' => false,
)
[ info ] [ HEADER ] array (
  'cache-control' => 'no-cache',
  'postman-token' => '968a7370-5aa9-469b-aecc-6de35e82deff',
  'user-agent' => 'PostmanRuntime/3.0.11-hotfix.2',
  'accept' => '*/*',
  'host' => 'tp5.com',
  'accept-encoding' => 'gzip, deflate',
  'connection' => 'keep-alive',
)
[ info ] [ PARAM ] array (
  'version' => 'v1',
  'id' => '1',
)
[ info ] [ RUN ] app\api\controller\v1\Banner->getBanner[ D:\phpstudy2\WWW\tp5\app\api\controller\v1\Banner.php ]
[ info ] [ DB ] INIT mysql
[ info ] [ LOG ] INIT File
[ sql ] [ DB ] CONNECT:[ UseTime:0.001000s ] mysql:dbname=zerg;host=127.0.0.1;charset=utf8
[ sql ] [ SQL ] SHOW COLUMNS FROM `banner` [ RunTime:0.008000s ]
[ sql ] [ SQL ] SELECT * FROM `banner` WHERE  `id` = 1 LIMIT 1 [ RunTime:0.000000s ]
[ sql ] [ SQL ] SHOW COLUMNS FROM `banner_item` [ RunTime:0.008000s ]
[ sql ] [ SQL ] SELECT * FROM `banner_item` WHERE  `banner_id` = 1 ORDER BY `id`  desc [ RunTime:0.001000s ]
[ sql ] [ SQL ] SELECT * FROM `banner_item` WHERE  `banner_id` = 1 ORDER BY `id`  desc [ RunTime:0.000000s ]
[ sql ] [ SQL ] SHOW COLUMNS FROM `image` [ RunTime:0.008000s ]
[ sql ] [ SQL ] SELECT * FROM `image` WHERE  `id` IN (1,3,2,65) [ RunTime:0.001000s ]
[ error ] [0]method not exist:think\db\Query->isEmpty[D:\phpstudy2\WWW\tp5\thinkphp\library\think\db\Query.php:93]

---------------------------------------------------------------
[ 2017-09-09T22:16:47+08:00 ] 127.0.0.1 127.0.0.1 GET /api/v1/banner/1
[ log ] tp5.com/api/v1/banner/1 [运行时间：0.098000s][吞吐率：10.20req/s] [内存消耗：3,023.13kb] [文件加载：63]
[ info ] [ LANG ] D:\phpstudy2\WWW\tp5\thinkphp\lang\zh-cn.php
[ info ] [ ROUTE ] array (
  'type' => 'module',
  'module' => 
  array (
    0 => 'api',
    1 => 'v1.Banner',
    2 => 'getBanner',
  ),
  'convert' => false,
)
[ info ] [ HEADER ] array (
  'cache-control' => 'no-cache',
  'postman-token' => '71957991-f5f6-462a-80a1-55ae3782fc5a',
  'user-agent' => 'PostmanRuntime/3.0.11-hotfix.2',
  'accept' => '*/*',
  'host' => 'tp5.com',
  'accept-encoding' => 'gzip, deflate',
  'connection' => 'keep-alive',
)
[ info ] [ PARAM ] array (
  'version' => 'v1',
  'id' => '1',
)
[ info ] [ RUN ] app\api\controller\v1\Banner->getBanner[ D:\phpstudy2\WWW\tp5\app\api\controller\v1\Banner.php ]
[ info ] [ DB ] INIT mysql
[ info ] [ LOG ] INIT File
[ sql ] [ DB ] CONNECT:[ UseTime:0.001000s ] mysql:dbname=zerg;host=127.0.0.1;charset=utf8
[ sql ] [ SQL ] SHOW COLUMNS FROM `banner` [ RunTime:0.008000s ]
[ sql ] [ SQL ] SELECT * FROM `banner` WHERE  `id` = 1 LIMIT 1 [ RunTime:0.001000s ]
[ sql ] [ SQL ] SHOW COLUMNS FROM `banner_item` [ RunTime:0.008000s ]
[ sql ] [ SQL ] SELECT * FROM `banner_item` WHERE  `banner_id` = 1 ORDER BY `id`  desc [ RunTime:0.000000s ]
[ sql ] [ SQL ] SELECT * FROM `banner_item` WHERE  `banner_id` = 1 ORDER BY `id`  desc [ RunTime:0.000000s ]
[ sql ] [ SQL ] SHOW COLUMNS FROM `image` [ RunTime:0.007000s ]
[ sql ] [ SQL ] SELECT * FROM `image` WHERE  `id` IN (1,3,2,65) [ RunTime:0.000000s ]
[ error ] [0]method not exist:think\db\Query->isEmpty[D:\phpstudy2\WWW\tp5\thinkphp\library\think\db\Query.php:93]

---------------------------------------------------------------
[ 2017-09-09T22:16:58+08:00 ] 127.0.0.1 127.0.0.1 GET /api/v1/banner/1
[ log ] tp5.com/api/v1/banner/1 [运行时间：0.129000s][吞吐率：7.75req/s] [内存消耗：2,975.78kb] [文件加载：60]
[ info ] [ LANG ] D:\phpstudy2\WWW\tp5\thinkphp\lang\zh-cn.php
[ info ] [ ROUTE ] array (
  'type' => 'module',
  'module' => 
  array (
    0 => 'api',
    1 => 'v1.Banner',
    2 => 'getBanner',
  ),
  'convert' => false,
)
[ info ] [ HEADER ] array (
  'cache-control' => 'no-cache',
  'postman-token' => '3b9495de-8588-46e5-b509-87155b067cce',
  'user-agent' => 'PostmanRuntime/3.0.11-hotfix.2',
  'accept' => '*/*',
  'host' => 'tp5.com',
  'accept-encoding' => 'gzip, deflate',
  'connection' => 'keep-alive',
)
[ info ] [ PARAM ] array (
  'version' => 'v1',
  'id' => '1',
)
[ info ] [ RUN ] app\api\controller\v1\Banner->getBanner[ D:\phpstudy2\WWW\tp5\app\api\controller\v1\Banner.php ]
[ info ] [ DB ] INIT mysql
[ info ] [ LOG ] INIT File
[ sql ] [ DB ] CONNECT:[ UseTime:0.001000s ] mysql:dbname=zerg;host=127.0.0.1;charset=utf8
[ sql ] [ SQL ] SHOW COLUMNS FROM `banner` [ RunTime:0.013000s ]
[ sql ] [ SQL ] SELECT * FROM `banner` WHERE  `id` = 1 LIMIT 1 [ RunTime:0.001000s ]
[ sql ] [ SQL ] SHOW COLUMNS FROM `banner_item` [ RunTime:0.011000s ]
[ sql ] [ SQL ] SELECT * FROM `banner_item` WHERE  `banner_id` = 1 ORDER BY `id`  desc [ RunTime:0.000000s ]
[ sql ] [ SQL ] SELECT * FROM `banner_item` WHERE  `banner_id` = 1 ORDER BY `id`  desc [ RunTime:0.000000s ]
[ sql ] [ SQL ] SHOW COLUMNS FROM `image` [ RunTime:0.008000s ]
[ sql ] [ SQL ] SELECT * FROM `image` WHERE  `id` IN (1,3,2,65) [ RunTime:0.000000s ]

---------------------------------------------------------------
[ 2017-09-09T22:17:00+08:00 ] 127.0.0.1 127.0.0.1 GET /api/v1/banner/1
[ log ] tp5.com/api/v1/banner/1 [运行时间：0.126000s][吞吐率：7.94req/s] [内存消耗：2,975.78kb] [文件加载：60]
[ info ] [ LANG ] D:\phpstudy2\WWW\tp5\thinkphp\lang\zh-cn.php
[ info ] [ ROUTE ] array (
  'type' => 'module',
  'module' => 
  array (
    0 => 'api',
    1 => 'v1.Banner',
    2 => 'getBanner',
  ),
  'convert' => false,
)
[ info ] [ HEADER ] array (
  'cache-control' => 'no-cache',
  'postman-token' => '0eb9514a-66a0-4f01-a756-61233049cca8',
  'user-agent' => 'PostmanRuntime/3.0.11-hotfix.2',
  'accept' => '*/*',
  'host' => 'tp5.com',
  'accept-encoding' => 'gzip, deflate',
  'connection' => 'keep-alive',
)
[ info ] [ PARAM ] array (
  'version' => 'v1',
  'id' => '1',
)
[ info ] [ RUN ] app\api\controller\v1\Banner->getBanner[ D:\phpstudy2\WWW\tp5\app\api\controller\v1\Banner.php ]
[ info ] [ DB ] INIT mysql
[ info ] [ LOG ] INIT File
[ sql ] [ DB ] CONNECT:[ UseTime:0.010000s ] mysql:dbname=zerg;host=127.0.0.1;charset=utf8
[ sql ] [ SQL ] SHOW COLUMNS FROM `banner` [ RunTime:0.010000s ]
[ sql ] [ SQL ] SELECT * FROM `banner` WHERE  `id` = 1 LIMIT 1 [ RunTime:0.000000s ]
[ sql ] [ SQL ] SHOW COLUMNS FROM `banner_item` [ RunTime:0.010000s ]
[ sql ] [ SQL ] SELECT * FROM `banner_item` WHERE  `banner_id` = 1 ORDER BY `id`  desc [ RunTime:0.001000s ]
[ sql ] [ SQL ] SELECT * FROM `banner_item` WHERE  `banner_id` = 1 ORDER BY `id`  desc [ RunTime:0.001000s ]
[ sql ] [ SQL ] SHOW COLUMNS FROM `image` [ RunTime:0.010000s ]
[ sql ] [ SQL ] SELECT * FROM `image` WHERE  `id` IN (1,3,2,65) [ RunTime:0.001000s ]

---------------------------------------------------------------
[ 2017-09-09T22:17:13+08:00 ] 127.0.0.1 127.0.0.1 GET /api/v1/banner/5
[ log ] tp5.com/api/v1/banner/5 [运行时间：0.088000s][吞吐率：11.36req/s] [内存消耗：2,880.54kb] [文件加载：60]
[ info ] [ LANG ] D:\phpstudy2\WWW\tp5\thinkphp\lang\zh-cn.php
[ info ] [ ROUTE ] array (
  'type' => 'module',
  'module' => 
  array (
    0 => 'api',
    1 => 'v1.Banner',
    2 => 'getBanner',
  ),
  'convert' => false,
)
[ info ] [ HEADER ] array (
  'cache-control' => 'no-cache',
  'postman-token' => '381ad6a0-c8a1-4e31-b912-7a229d9dd382',
  'user-agent' => 'PostmanRuntime/3.0.11-hotfix.2',
  'accept' => '*/*',
  'host' => 'tp5.com',
  'accept-encoding' => 'gzip, deflate',
  'connection' => 'keep-alive',
)
[ info ] [ PARAM ] array (
  'version' => 'v1',
  'id' => '5',
)
[ info ] [ RUN ] app\api\controller\v1\Banner->getBanner[ D:\phpstudy2\WWW\tp5\app\api\controller\v1\Banner.php ]
[ info ] [ DB ] INIT mysql
[ info ] [ LOG ] INIT File
[ sql ] [ DB ] CONNECT:[ UseTime:0.001000s ] mysql:dbname=zerg;host=127.0.0.1;charset=utf8
[ sql ] [ SQL ] SHOW COLUMNS FROM `banner` [ RunTime:0.011000s ]
[ sql ] [ SQL ] SELECT * FROM `banner` WHERE  `id` = 5 LIMIT 1 [ RunTime:0.000000s ]
[ error ] [404]不存在[D:\phpstudy2\WWW\tp5\app\api\controller\v1\Banner.php:15]

---------------------------------------------------------------
[ 2017-09-09T22:20:29+08:00 ] 127.0.0.1 127.0.0.1 GET /api/v1/banner/5
[ log ] tp5.com/api/v1/banner/5 [运行时间：121.689000s][吞吐率：0.01req/s] [内存消耗：2,880.95kb] [文件加载：60]
[ info ] [ LANG ] D:\phpstudy2\WWW\tp5\thinkphp\lang\zh-cn.php
[ info ] [ ROUTE ] array (
  'type' => 'module',
  'module' => 
  array (
    0 => 'api',
    1 => 'v1.Banner',
    2 => 'getBanner',
  ),
  'convert' => false,
)
[ info ] [ HEADER ] array (
  'host' => 'tp5.com',
  'connection' => 'keep-alive',
  'accept' => 'text/html,application/xhtml+xml,application/xml;q=0.9,image/webp,*/*;q=0.8',
  'user-agent' => 'Mozilla/5.0 (Windows NT 6.1; WOW64) AppleWebKit/537.36 (KHTML, like Gecko) Chrome/33.0.1750.146 BIDUBrowser/6.x Safari/537.36',
  'accept-encoding' => 'gzip,deflate',
  'accept-language' => 'zh-CN,zh;q=0.8',
  'cookie' => 'XDEBUG_SESSION=10757',
)
[ info ] [ PARAM ] array (
  'version' => 'v1',
  'id' => '5',
)
[ info ] [ RUN ] app\api\controller\v1\Banner->getBanner[ D:\phpstudy2\WWW\tp5\app\api\controller\v1\Banner.php ]
[ info ] [ DB ] INIT mysql
[ info ] [ LOG ] INIT File
[ sql ] [ DB ] CONNECT:[ UseTime:0.000000s ] mysql:dbname=zerg;host=127.0.0.1;charset=utf8
[ sql ] [ SQL ] SHOW COLUMNS FROM `banner` [ RunTime:0.008000s ]
[ sql ] [ SQL ] SELECT * FROM `banner` WHERE  `id` = 5 LIMIT 1 [ RunTime:0.001000s ]
[ error ] [404]不存在[D:\phpstudy2\WWW\tp5\app\api\controller\v1\Banner.php:15]

---------------------------------------------------------------
[ 2017-09-09T22:20:34+08:00 ] 127.0.0.1 127.0.0.1 GET /api/v1/banner/5
[ log ] tp5.com/api/v1/banner/5 [运行时间：0.059000s][吞吐率：16.95req/s] [内存消耗：2,880.62kb] [文件加载：60]
[ info ] [ LANG ] D:\phpstudy2\WWW\tp5\thinkphp\lang\zh-cn.php
[ info ] [ ROUTE ] array (
  'type' => 'module',
  'module' => 
  array (
    0 => 'api',
    1 => 'v1.Banner',
    2 => 'getBanner',
  ),
  'convert' => false,
)
[ info ] [ HEADER ] array (
  'cache-control' => 'no-cache',
  'postman-token' => 'bd08fb94-0967-4201-9639-9f4423078054',
  'user-agent' => 'PostmanRuntime/3.0.11-hotfix.2',
  'accept' => '*/*',
  'host' => 'tp5.com',
  'accept-encoding' => 'gzip, deflate',
  'connection' => 'keep-alive',
)
[ info ] [ PARAM ] array (
  'version' => 'v1',
  'id' => '5',
)
[ info ] [ RUN ] app\api\controller\v1\Banner->getBanner[ D:\phpstudy2\WWW\tp5\app\api\controller\v1\Banner.php ]
[ info ] [ DB ] INIT mysql
[ info ] [ LOG ] INIT File
[ sql ] [ DB ] CONNECT:[ UseTime:0.000000s ] mysql:dbname=zerg;host=127.0.0.1;charset=utf8
[ sql ] [ SQL ] SHOW COLUMNS FROM `banner` [ RunTime:0.009000s ]
[ sql ] [ SQL ] SELECT * FROM `banner` WHERE  `id` = 5 LIMIT 1 [ RunTime:0.000000s ]
[ error ] [404]不存在[D:\phpstudy2\WWW\tp5\app\api\controller\v1\Banner.php:15]

---------------------------------------------------------------
[ 2017-09-09T22:20:39+08:00 ] 127.0.0.1 127.0.0.1 GET /api/v1/banner/3
[ log ] tp5.com/api/v1/banner/3 [运行时间：0.065000s][吞吐率：15.38req/s] [内存消耗：2,880.54kb] [文件加载：60]
[ info ] [ LANG ] D:\phpstudy2\WWW\tp5\thinkphp\lang\zh-cn.php
[ info ] [ ROUTE ] array (
  'type' => 'module',
  'module' => 
  array (
    0 => 'api',
    1 => 'v1.Banner',
    2 => 'getBanner',
  ),
  'convert' => false,
)
[ info ] [ HEADER ] array (
  'cache-control' => 'no-cache',
  'postman-token' => 'bf317d5a-babb-4856-8ece-0d160376ef6f',
  'user-agent' => 'PostmanRuntime/3.0.11-hotfix.2',
  'accept' => '*/*',
  'host' => 'tp5.com',
  'accept-encoding' => 'gzip, deflate',
  'connection' => 'keep-alive',
)
[ info ] [ PARAM ] array (
  'version' => 'v1',
  'id' => '3',
)
[ info ] [ RUN ] app\api\controller\v1\Banner->getBanner[ D:\phpstudy2\WWW\tp5\app\api\controller\v1\Banner.php ]
[ info ] [ DB ] INIT mysql
[ info ] [ LOG ] INIT File
[ sql ] [ DB ] CONNECT:[ UseTime:0.001000s ] mysql:dbname=zerg;host=127.0.0.1;charset=utf8
[ sql ] [ SQL ] SHOW COLUMNS FROM `banner` [ RunTime:0.007000s ]
[ sql ] [ SQL ] SELECT * FROM `banner` WHERE  `id` = 3 LIMIT 1 [ RunTime:0.000000s ]
[ error ] [404]不存在[D:\phpstudy2\WWW\tp5\app\api\controller\v1\Banner.php:15]

---------------------------------------------------------------
[ 2017-09-09T22:20:42+08:00 ] 127.0.0.1 127.0.0.1 GET /api/v1/banner/1
[ log ] tp5.com/api/v1/banner/1 [运行时间：0.081000s][吞吐率：12.35req/s] [内存消耗：2,975.78kb] [文件加载：60]
[ info ] [ LANG ] D:\phpstudy2\WWW\tp5\thinkphp\lang\zh-cn.php
[ info ] [ ROUTE ] array (
  'type' => 'module',
  'module' => 
  array (
    0 => 'api',
    1 => 'v1.Banner',
    2 => 'getBanner',
  ),
  'convert' => false,
)
[ info ] [ HEADER ] array (
  'cache-control' => 'no-cache',
  'postman-token' => '9055eeef-586a-4c85-a60f-675d8bb7728d',
  'user-agent' => 'PostmanRuntime/3.0.11-hotfix.2',
  'accept' => '*/*',
  'host' => 'tp5.com',
  'accept-encoding' => 'gzip, deflate',
  'connection' => 'keep-alive',
)
[ info ] [ PARAM ] array (
  'version' => 'v1',
  'id' => '1',
)
[ info ] [ RUN ] app\api\controller\v1\Banner->getBanner[ D:\phpstudy2\WWW\tp5\app\api\controller\v1\Banner.php ]
[ info ] [ DB ] INIT mysql
[ info ] [ LOG ] INIT File
[ sql ] [ DB ] CONNECT:[ UseTime:0.000000s ] mysql:dbname=zerg;host=127.0.0.1;charset=utf8
[ sql ] [ SQL ] SHOW COLUMNS FROM `banner` [ RunTime:0.008000s ]
[ sql ] [ SQL ] SELECT * FROM `banner` WHERE  `id` = 1 LIMIT 1 [ RunTime:0.001000s ]
[ sql ] [ SQL ] SHOW COLUMNS FROM `banner_item` [ RunTime:0.008000s ]
[ sql ] [ SQL ] SELECT * FROM `banner_item` WHERE  `banner_id` = 1 ORDER BY `id`  desc [ RunTime:0.000000s ]
[ sql ] [ SQL ] SELECT * FROM `banner_item` WHERE  `banner_id` = 1 ORDER BY `id`  desc [ RunTime:0.000000s ]
[ sql ] [ SQL ] SHOW COLUMNS FROM `image` [ RunTime:0.008000s ]
[ sql ] [ SQL ] SELECT * FROM `image` WHERE  `id` IN (1,3,2,65) [ RunTime:0.001000s ]

---------------------------------------------------------------
[ 2017-09-09T22:20:45+08:00 ] 127.0.0.1 127.0.0.1 GET /api/v1/banner/2
[ log ] tp5.com/api/v1/banner/2 [运行时间：0.056000s][吞吐率：17.86req/s] [内存消耗：2,880.54kb] [文件加载：60]
[ info ] [ LANG ] D:\phpstudy2\WWW\tp5\thinkphp\lang\zh-cn.php
[ info ] [ ROUTE ] array (
  'type' => 'module',
  'module' => 
  array (
    0 => 'api',
    1 => 'v1.Banner',
    2 => 'getBanner',
  ),
  'convert' => false,
)
[ info ] [ HEADER ] array (
  'cache-control' => 'no-cache',
  'postman-token' => '368e5191-0679-4dae-96f4-0b632192d760',
  'user-agent' => 'PostmanRuntime/3.0.11-hotfix.2',
  'accept' => '*/*',
  'host' => 'tp5.com',
  'accept-encoding' => 'gzip, deflate',
  'connection' => 'keep-alive',
)
[ info ] [ PARAM ] array (
  'version' => 'v1',
  'id' => '2',
)
[ info ] [ RUN ] app\api\controller\v1\Banner->getBanner[ D:\phpstudy2\WWW\tp5\app\api\controller\v1\Banner.php ]
[ info ] [ DB ] INIT mysql
[ info ] [ LOG ] INIT File
[ sql ] [ DB ] CONNECT:[ UseTime:0.001000s ] mysql:dbname=zerg;host=127.0.0.1;charset=utf8
[ sql ] [ SQL ] SHOW COLUMNS FROM `banner` [ RunTime:0.011000s ]
[ sql ] [ SQL ] SELECT * FROM `banner` WHERE  `id` = 2 LIMIT 1 [ RunTime:0.000000s ]
[ error ] [404]不存在[D:\phpstudy2\WWW\tp5\app\api\controller\v1\Banner.php:15]

---------------------------------------------------------------
[ 2017-09-09T22:20:48+08:00 ] 127.0.0.1 127.0.0.1 GET /api/v1/banner/1
[ log ] tp5.com/api/v1/banner/1 [运行时间：0.086000s][吞吐率：11.63req/s] [内存消耗：2,975.78kb] [文件加载：60]
[ info ] [ LANG ] D:\phpstudy2\WWW\tp5\thinkphp\lang\zh-cn.php
[ info ] [ ROUTE ] array (
  'type' => 'module',
  'module' => 
  array (
    0 => 'api',
    1 => 'v1.Banner',
    2 => 'getBanner',
  ),
  'convert' => false,
)
[ info ] [ HEADER ] array (
  'cache-control' => 'no-cache',
  'postman-token' => '6f3dee75-a588-4563-b839-3a0606144051',
  'user-agent' => 'PostmanRuntime/3.0.11-hotfix.2',
  'accept' => '*/*',
  'host' => 'tp5.com',
  'accept-encoding' => 'gzip, deflate',
  'connection' => 'keep-alive',
)
[ info ] [ PARAM ] array (
  'version' => 'v1',
  'id' => '1',
)
[ info ] [ RUN ] app\api\controller\v1\Banner->getBanner[ D:\phpstudy2\WWW\tp5\app\api\controller\v1\Banner.php ]
[ info ] [ DB ] INIT mysql
[ info ] [ LOG ] INIT File
[ sql ] [ DB ] CONNECT:[ UseTime:0.001000s ] mysql:dbname=zerg;host=127.0.0.1;charset=utf8
[ sql ] [ SQL ] SHOW COLUMNS FROM `banner` [ RunTime:0.009000s ]
[ sql ] [ SQL ] SELECT * FROM `banner` WHERE  `id` = 1 LIMIT 1 [ RunTime:0.001000s ]
[ sql ] [ SQL ] SHOW COLUMNS FROM `banner_item` [ RunTime:0.008000s ]
[ sql ] [ SQL ] SELECT * FROM `banner_item` WHERE  `banner_id` = 1 ORDER BY `id`  desc [ RunTime:0.000000s ]
[ sql ] [ SQL ] SELECT * FROM `banner_item` WHERE  `banner_id` = 1 ORDER BY `id`  desc [ RunTime:0.001000s ]
[ sql ] [ SQL ] SHOW COLUMNS FROM `image` [ RunTime:0.008000s ]
[ sql ] [ SQL ] SELECT * FROM `image` WHERE  `id` IN (1,3,2,65) [ RunTime:0.000000s ]

---------------------------------------------------------------
[ 2017-09-09T22:21:01+08:00 ] 127.0.0.1 127.0.0.1 GET /api/v1/banner/2
[ log ] tp5.com/api/v1/banner/2 [运行时间：0.088000s][吞吐率：11.36req/s] [内存消耗：2,880.54kb] [文件加载：60]
[ info ] [ LANG ] D:\phpstudy2\WWW\tp5\thinkphp\lang\zh-cn.php
[ info ] [ ROUTE ] array (
  'type' => 'module',
  'module' => 
  array (
    0 => 'api',
    1 => 'v1.Banner',
    2 => 'getBanner',
  ),
  'convert' => false,
)
[ info ] [ HEADER ] array (
  'cache-control' => 'no-cache',
  'postman-token' => 'f3d8441c-a533-497b-8cd1-2b23199ea8d7',
  'user-agent' => 'PostmanRuntime/3.0.11-hotfix.2',
  'accept' => '*/*',
  'host' => 'tp5.com',
  'accept-encoding' => 'gzip, deflate',
  'connection' => 'keep-alive',
)
[ info ] [ PARAM ] array (
  'version' => 'v1',
  'id' => '2',
)
[ info ] [ RUN ] app\api\controller\v1\Banner->getBanner[ D:\phpstudy2\WWW\tp5\app\api\controller\v1\Banner.php ]
[ info ] [ DB ] INIT mysql
[ info ] [ LOG ] INIT File
[ sql ] [ DB ] CONNECT:[ UseTime:0.001000s ] mysql:dbname=zerg;host=127.0.0.1;charset=utf8
[ sql ] [ SQL ] SHOW COLUMNS FROM `banner` [ RunTime:0.012000s ]
[ sql ] [ SQL ] SELECT * FROM `banner` WHERE  `id` = 2 LIMIT 1 [ RunTime:0.001000s ]
[ error ] [404]不存在[D:\phpstudy2\WWW\tp5\app\api\controller\v1\Banner.php:15]

---------------------------------------------------------------
[ 2017-09-09T22:22:30+08:00 ] 127.0.0.1 127.0.0.1 GET /api/v1/banner/1
[ log ] tp5.com/api/v1/banner/1 [运行时间：54.500000s][吞吐率：0.02req/s] [内存消耗：2,976.17kb] [文件加载：60]
[ info ] [ LANG ] D:\phpstudy2\WWW\tp5\thinkphp\lang\zh-cn.php
[ info ] [ ROUTE ] array (
  'type' => 'module',
  'module' => 
  array (
    0 => 'api',
    1 => 'v1.Banner',
    2 => 'getBanner',
  ),
  'convert' => false,
)
[ info ] [ HEADER ] array (
  'host' => 'tp5.com',
  'connection' => 'keep-alive',
  'accept' => 'text/html,application/xhtml+xml,application/xml;q=0.9,image/webp,*/*;q=0.8',
  'user-agent' => 'Mozilla/5.0 (Windows NT 6.1; WOW64) AppleWebKit/537.36 (KHTML, like Gecko) Chrome/33.0.1750.146 BIDUBrowser/6.x Safari/537.36',
  'accept-encoding' => 'gzip,deflate',
  'accept-language' => 'zh-CN,zh;q=0.8',
  'cookie' => 'XDEBUG_SESSION=10757',
)
[ info ] [ PARAM ] array (
  'version' => 'v1',
  'id' => '1',
)
[ info ] [ RUN ] app\api\controller\v1\Banner->getBanner[ D:\phpstudy2\WWW\tp5\app\api\controller\v1\Banner.php ]
[ info ] [ DB ] INIT mysql
[ info ] [ LOG ] INIT File
[ sql ] [ DB ] CONNECT:[ UseTime:0.001000s ] mysql:dbname=zerg;host=127.0.0.1;charset=utf8
[ sql ] [ SQL ] SHOW COLUMNS FROM `banner` [ RunTime:0.009000s ]
[ sql ] [ SQL ] SELECT * FROM `banner` WHERE  `id` = 1 LIMIT 1 [ RunTime:0.001000s ]
[ sql ] [ SQL ] SHOW COLUMNS FROM `banner_item` [ RunTime:0.007000s ]
[ sql ] [ SQL ] SELECT * FROM `banner_item` WHERE  `banner_id` = 1 ORDER BY `id`  desc [ RunTime:0.001000s ]
[ sql ] [ SQL ] SELECT * FROM `banner_item` WHERE  `banner_id` = 1 ORDER BY `id`  desc [ RunTime:0.000000s ]
[ sql ] [ SQL ] SHOW COLUMNS FROM `image` [ RunTime:0.009000s ]
[ sql ] [ SQL ] SELECT * FROM `image` WHERE  `id` IN (1,3,2,65) [ RunTime:0.001000s ]

---------------------------------------------------------------
[ 2017-09-09T22:44:23+08:00 ] 127.0.0.1 127.0.0.1 GET /api/v1/category/all
[ log ] tp5.com/api/v1/category/all [运行时间：0.036000s][吞吐率：27.78req/s] [内存消耗：1,599.30kb] [文件加载：43]
[ info ] [ LANG ] D:\phpstudy2\WWW\tp5\thinkphp\lang\zh-cn.php
[ info ] [ ROUTE ] array (
  'type' => 'module',
  'module' => 
  array (
    0 => 'api',
    1 => 'v1.Category',
    2 => 'getAllCategory',
  ),
  'convert' => false,
)
[ info ] [ HEADER ] array (
  'cache-control' => 'no-cache',
  'postman-token' => 'e35794f0-15c6-45ee-ac15-d3e7d9863ed3',
  'user-agent' => 'PostmanRuntime/3.0.11-hotfix.2',
  'accept' => '*/*',
  'host' => 'tp5.com',
  'accept-encoding' => 'gzip, deflate',
  'connection' => 'keep-alive',
)
[ info ] [ PARAM ] array (
  'version' => 'v1',
)
[ info ] [ LOG ] INIT File

---------------------------------------------------------------
[ 2017-09-09T22:44:49+08:00 ] 127.0.0.1 127.0.0.1 GET /api/v1/category/all
[ log ] tp5.com/api/v1/category/all [运行时间：0.030000s][吞吐率：33.33req/s] [内存消耗：1,916.86kb] [文件加载：46]
[ info ] [ LANG ] D:\phpstudy2\WWW\tp5\thinkphp\lang\zh-cn.php
[ info ] [ ROUTE ] array (
  'type' => 'module',
  'module' => 
  array (
    0 => 'api',
    1 => 'v1.Category',
    2 => 'getAllCategories',
  ),
  'convert' => false,
)
[ info ] [ HEADER ] array (
  'cache-control' => 'no-cache',
  'postman-token' => '83da57cc-fbfe-4401-a80c-770eaed570a6',
  'user-agent' => 'PostmanRuntime/3.0.11-hotfix.2',
  'accept' => '*/*',
  'host' => 'tp5.com',
  'accept-encoding' => 'gzip, deflate',
  'connection' => 'keep-alive',
)
[ info ] [ PARAM ] array (
  'version' => 'v1',
)
[ info ] [ RUN ] app\api\controller\v1\Category->getAllCategories[ D:\phpstudy2\WWW\tp5\app\api\controller\v1\Category.php ]
[ info ] [ LOG ] INIT File
[ error ] [8]Use of undefined constant img - assumed 'img'[D:\phpstudy2\WWW\tp5\app\api\controller\v1\Category.php:15]

---------------------------------------------------------------
[ 2017-09-09T22:45:45+08:00 ] 127.0.0.1 127.0.0.1 GET /api/v1/category/all
[ log ] tp5.com/api/v1/category/all [运行时间：0.030000s][吞吐率：33.33req/s] [内存消耗：1,941.38kb] [文件加载：47]
[ info ] [ LANG ] D:\phpstudy2\WWW\tp5\thinkphp\lang\zh-cn.php
[ info ] [ ROUTE ] array (
  'type' => 'module',
  'module' => 
  array (
    0 => 'api',
    1 => 'v1.Category',
    2 => 'getAllCategories',
  ),
  'convert' => false,
)
[ info ] [ HEADER ] array (
  'cache-control' => 'no-cache',
  'postman-token' => 'b1141539-4212-4122-9613-12773e8a2ffb',
  'user-agent' => 'PostmanRuntime/3.0.11-hotfix.2',
  'accept' => '*/*',
  'host' => 'tp5.com',
  'accept-encoding' => 'gzip, deflate',
  'connection' => 'keep-alive',
)
[ info ] [ PARAM ] array (
  'version' => 'v1',
)
[ info ] [ RUN ] app\api\controller\v1\Category->getAllCategories[ D:\phpstudy2\WWW\tp5\app\api\controller\v1\Category.php ]
[ info ] [ LOG ] INIT File
[ error ] [8]Use of undefined constant img - assumed 'img'[D:\phpstudy2\WWW\tp5\app\api\controller\v1\Category.php:15]

---------------------------------------------------------------
[ 2017-09-09T22:46:10+08:00 ] 127.0.0.1 127.0.0.1 GET /api/v1/category/all
[ log ] tp5.com/api/v1/category/all [运行时间：0.037000s][吞吐率：27.03req/s] [内存消耗：1,941.38kb] [文件加载：47]
[ info ] [ LANG ] D:\phpstudy2\WWW\tp5\thinkphp\lang\zh-cn.php
[ info ] [ ROUTE ] array (
  'type' => 'module',
  'module' => 
  array (
    0 => 'api',
    1 => 'v1.Category',
    2 => 'getAllCategories',
  ),
  'convert' => false,
)
[ info ] [ HEADER ] array (
  'cache-control' => 'no-cache',
  'postman-token' => 'f2e13c11-3359-4a58-8bdb-e5cb9c2cb561',
  'user-agent' => 'PostmanRuntime/3.0.11-hotfix.2',
  'accept' => '*/*',
  'host' => 'tp5.com',
  'accept-encoding' => 'gzip, deflate',
  'connection' => 'keep-alive',
)
[ info ] [ PARAM ] array (
  'version' => 'v1',
)
[ info ] [ RUN ] app\api\controller\v1\Category->getAllCategories[ D:\phpstudy2\WWW\tp5\app\api\controller\v1\Category.php ]
[ info ] [ LOG ] INIT File
[ error ] [8]Use of undefined constant img - assumed 'img'[D:\phpstudy2\WWW\tp5\app\api\controller\v1\Category.php:15]

---------------------------------------------------------------
[ 2017-09-09T22:47:01+08:00 ] 127.0.0.1 127.0.0.1 GET /api/v1/category/all
[ log ] tp5.com/api/v1/category/all [运行时间：0.051000s][吞吐率：19.61req/s] [内存消耗：2,695.33kb] [文件加载：53]
[ info ] [ LANG ] D:\phpstudy2\WWW\tp5\thinkphp\lang\zh-cn.php
[ info ] [ ROUTE ] array (
  'type' => 'module',
  'module' => 
  array (
    0 => 'api',
    1 => 'v1.Category',
    2 => 'getAllCategories',
  ),
  'convert' => false,
)
[ info ] [ HEADER ] array (
  'cache-control' => 'no-cache',
  'postman-token' => '32cb1e15-efd5-4bc4-9859-516874068846',
  'user-agent' => 'PostmanRuntime/3.0.11-hotfix.2',
  'accept' => '*/*',
  'host' => 'tp5.com',
  'accept-encoding' => 'gzip, deflate',
  'connection' => 'keep-alive',
)
[ info ] [ PARAM ] array (
  'version' => 'v1',
)
[ info ] [ RUN ] app\api\controller\v1\Category->getAllCategories[ D:\phpstudy2\WWW\tp5\app\api\controller\v1\Category.php ]
[ info ] [ DB ] INIT mysql
[ info ] [ LOG ] INIT File
[ error ] [8]Use of undefined constant image，topic_img_id - assumed 'image，topic_img_id'[D:\phpstudy2\WWW\tp5\app\api\model\Category.php:17]

---------------------------------------------------------------
[ 2017-09-09T22:47:46+08:00 ] 127.0.0.1 127.0.0.1 GET /api/v1/category/all
[ log ] tp5.com/api/v1/category/all [运行时间：0.067000s][吞吐率：14.93req/s] [内存消耗：2,868.87kb] [文件加载：56]
[ info ] [ LANG ] D:\phpstudy2\WWW\tp5\thinkphp\lang\zh-cn.php
[ info ] [ ROUTE ] array (
  'type' => 'module',
  'module' => 
  array (
    0 => 'api',
    1 => 'v1.Category',
    2 => 'getAllCategories',
  ),
  'convert' => false,
)
[ info ] [ HEADER ] array (
  'cache-control' => 'no-cache',
  'postman-token' => '5e532fe0-5c75-4229-9cb6-f6b643978622',
  'user-agent' => 'PostmanRuntime/3.0.11-hotfix.2',
  'accept' => '*/*',
  'host' => 'tp5.com',
  'accept-encoding' => 'gzip, deflate',
  'connection' => 'keep-alive',
)
[ info ] [ PARAM ] array (
  'version' => 'v1',
)
[ info ] [ RUN ] app\api\controller\v1\Category->getAllCategories[ D:\phpstudy2\WWW\tp5\app\api\controller\v1\Category.php ]
[ info ] [ DB ] INIT mysql
[ info ] [ LOG ] INIT File
[ sql ] [ DB ] CONNECT:[ UseTime:0.001000s ] mysql:dbname=zerg;host=127.0.0.1;charset=utf8
[ sql ] [ SQL ] SHOW COLUMNS FROM `category` [ RunTime:0.004000s ]
[ sql ] [ SQL ] SELECT * FROM `category` [ RunTime:0.001000s ]
[ sql ] [ SQL ] SHOW COLUMNS FROM `image` [ RunTime:0.004000s ]
[ sql ] [ SQL ] SELECT * FROM `image` WHERE  `id` IN (6,5,7,4,8,9) [ RunTime:0.002000s ]

---------------------------------------------------------------
[ 2017-09-09T22:48:27+08:00 ] 127.0.0.1 127.0.0.1 GET /api/v1/category/all
[ log ] tp5.com/api/v1/category/all [运行时间：0.058000s][吞吐率：17.24req/s] [内存消耗：2,869.10kb] [文件加载：56]
[ info ] [ LANG ] D:\phpstudy2\WWW\tp5\thinkphp\lang\zh-cn.php
[ info ] [ ROUTE ] array (
  'type' => 'module',
  'module' => 
  array (
    0 => 'api',
    1 => 'v1.Category',
    2 => 'getAllCategories',
  ),
  'convert' => false,
)
[ info ] [ HEADER ] array (
  'cache-control' => 'no-cache',
  'postman-token' => 'c6dab539-b558-4081-8a0b-29c25aa76a7c',
  'user-agent' => 'PostmanRuntime/3.0.11-hotfix.2',
  'accept' => '*/*',
  'host' => 'tp5.com',
  'accept-encoding' => 'gzip, deflate',
  'connection' => 'keep-alive',
)
[ info ] [ PARAM ] array (
  'version' => 'v1',
)
[ info ] [ RUN ] app\api\controller\v1\Category->getAllCategories[ D:\phpstudy2\WWW\tp5\app\api\controller\v1\Category.php ]
[ info ] [ DB ] INIT mysql
[ info ] [ LOG ] INIT File
[ sql ] [ DB ] CONNECT:[ UseTime:0.001000s ] mysql:dbname=zerg;host=127.0.0.1;charset=utf8
[ sql ] [ SQL ] SHOW COLUMNS FROM `category` [ RunTime:0.006000s ]
[ sql ] [ SQL ] SELECT * FROM `category` [ RunTime:0.001000s ]
[ sql ] [ SQL ] SHOW COLUMNS FROM `image` [ RunTime:0.004000s ]
[ sql ] [ SQL ] SELECT * FROM `image` WHERE  `id` IN (6,5,7,4,8,9) [ RunTime:0.000000s ]

---------------------------------------------------------------
[ 2017-09-09T22:48:42+08:00 ] 127.0.0.1 127.0.0.1 GET /api/v1/category/all
[ log ] tp5.com/api/v1/category/all [运行时间：0.053000s][吞吐率：18.87req/s] [内存消耗：2,869.20kb] [文件加载：56]
[ info ] [ LANG ] D:\phpstudy2\WWW\tp5\thinkphp\lang\zh-cn.php
[ info ] [ ROUTE ] array (
  'type' => 'module',
  'module' => 
  array (
    0 => 'api',
    1 => 'v1.Category',
    2 => 'getAllCategories',
  ),
  'convert' => false,
)
[ info ] [ HEADER ] array (
  'cache-control' => 'no-cache',
  'postman-token' => 'beb53c92-8508-4e32-b210-72c98088b87f',
  'user-agent' => 'PostmanRuntime/3.0.11-hotfix.2',
  'accept' => '*/*',
  'host' => 'tp5.com',
  'accept-encoding' => 'gzip, deflate',
  'connection' => 'keep-alive',
)
[ info ] [ PARAM ] array (
  'version' => 'v1',
)
[ info ] [ RUN ] app\api\controller\v1\Category->getAllCategories[ D:\phpstudy2\WWW\tp5\app\api\controller\v1\Category.php ]
[ info ] [ DB ] INIT mysql
[ info ] [ LOG ] INIT File
[ sql ] [ DB ] CONNECT:[ UseTime:0.000000s ] mysql:dbname=zerg;host=127.0.0.1;charset=utf8
[ sql ] [ SQL ] SHOW COLUMNS FROM `category` [ RunTime:0.004000s ]
[ sql ] [ SQL ] SELECT * FROM `category` [ RunTime:0.000000s ]
[ sql ] [ SQL ] SHOW COLUMNS FROM `image` [ RunTime:0.006000s ]
[ sql ] [ SQL ] SELECT * FROM `image` WHERE  `id` IN (6,5,7,4,8,9) [ RunTime:0.001000s ]

---------------------------------------------------------------
[ 2017-09-09T23:10:41+08:00 ] 127.0.0.1 127.0.0.1 GET /api/v1/product/recent?count=2
[ log ] tp5.com/api/v1/product/recent?count=2 [运行时间：3,590.266000s][吞吐率：0.00req/s] [内存消耗：2,703.91kb] [文件加载：51]
[ info ] [ LANG ] D:\phpstudy2\WWW\tp5\thinkphp\lang\zh-cn.php
[ info ] [ ROUTE ] array (
  'type' => 'module',
  'module' => 
  array (
    0 => 'api',
    1 => 'v1.Product',
    2 => 'getRencent',
  ),
  'convert' => false,
)
[ info ] [ HEADER ] array (
  'host' => 'tp5.com',
  'connection' => 'keep-alive',
  'accept' => 'text/html,application/xhtml+xml,application/xml;q=0.9,image/webp,*/*;q=0.8',
  'user-agent' => 'Mozilla/5.0 (Windows NT 6.1; WOW64) AppleWebKit/537.36 (KHTML, like Gecko) Chrome/33.0.1750.146 BIDUBrowser/6.x Safari/537.36',
  'accept-encoding' => 'gzip,deflate',
  'accept-language' => 'zh-CN,zh;q=0.8',
  'cookie' => 'XDEBUG_SESSION=10544',
)
[ info ] [ PARAM ] array (
  'count' => '2',
  'version' => 'v1',
)
[ info ] [ RUN ] app\api\controller\v1\Product->getRencent[ D:\phpstudy2\WWW\tp5\app\api\controller\v1\Product.php ]
[ info ] [ DB ] INIT mysql
[ info ] [ LOG ] INIT File
[ sql ] [ DB ] CONNECT:[ UseTime:0.001000s ] mysql:dbname=zerg;host=127.0.0.1;charset=utf8
[ sql ] [ SQL ] SHOW COLUMNS FROM `product` [ RunTime:0.005000s ]
[ sql ] [ SQL ] SELECT * FROM `product` ORDER BY create_time desc LIMIT 2 [ RunTime:0.001000s ]

---------------------------------------------------------------
[ 2017-09-09T23:10:41+08:00 ] 127.0.0.1 127.0.0.1 GET /api/v1/banner/2
[ log ] tp5.com/api/v1/banner/2 [运行时间：2,886.500000s][吞吐率：0.00req/s] [内存消耗：2,883.86kb] [文件加载：59]
[ info ] [ LANG ] D:\phpstudy2\WWW\tp5\thinkphp\lang\zh-cn.php
[ info ] [ ROUTE ] array (
  'type' => 'module',
  'module' => 
  array (
    0 => 'api',
    1 => 'v1.Banner',
    2 => 'getBanner',
  ),
  'convert' => false,
)
[ info ] [ HEADER ] array (
  'host' => 'tp5.com',
  'connection' => 'keep-alive',
  'accept' => 'text/html,application/xhtml+xml,application/xml;q=0.9,image/webp,*/*;q=0.8',
  'user-agent' => 'Mozilla/5.0 (Windows NT 6.1; WOW64) AppleWebKit/537.36 (KHTML, like Gecko) Chrome/33.0.1750.146 BIDUBrowser/6.x Safari/537.36',
  'accept-encoding' => 'gzip,deflate',
  'accept-language' => 'zh-CN,zh;q=0.8',
  'cookie' => 'XDEBUG_SESSION=10757',
)
[ info ] [ PARAM ] array (
  'version' => 'v1',
  'id' => '2',
)
[ info ] [ RUN ] app\api\controller\v1\Banner->getBanner[ D:\phpstudy2\WWW\tp5\app\api\controller\v1\Banner.php ]
[ info ] [ DB ] INIT mysql
[ info ] [ LOG ] INIT File
[ sql ] [ DB ] CONNECT:[ UseTime:0.001000s ] mysql:dbname=zerg;host=127.0.0.1;charset=utf8
[ sql ] [ SQL ] SHOW COLUMNS FROM `banner` [ RunTime:0.008000s ]
[ sql ] [ SQL ] SELECT * FROM `banner` WHERE  `id` = 2 LIMIT 1 [ RunTime:0.001000s ]
[ error ] [8]Use of undefined constant img - assumed 'img'[xdebug://debug-eval(1) : eval()'d code:1]
[ error ] [8]Use of undefined constant image，topic_img_id - assumed 'image，topic_img_id'[xdebug://debug-eval(1) : eval()'d code:1]
[ error ] [8]Use of undefined constant id - assumed 'id'[xdebug://debug-eval(1) : eval()'d code:1]
[ error ] [8]Use of undefined constant img - assumed 'img'[xdebug://debug-eval(1) : eval()'d code:1]
[ error ] [8]Use of undefined constant img - assumed 'img'[xdebug://debug-eval(1) : eval()'d code:1]
[ error ] [4]语法错误: unexpected 'return' (T_RETURN), expecting identifier (T_STRING)[xdebug://debug-eval(1) : eval()'d code:2]

---------------------------------------------------------------
[ 2017-09-09T23:10:48+08:00 ] 127.0.0.1 127.0.0.1 GET /api/v1/banner/2
[ log ] tp5.com/api/v1/banner/2 [运行时间：0.904000s][吞吐率：1.11req/s] [内存消耗：2,882.74kb] [文件加载：60]
[ info ] [ LANG ] D:\phpstudy2\WWW\tp5\thinkphp\lang\zh-cn.php
[ info ] [ ROUTE ] array (
  'type' => 'module',
  'module' => 
  array (
    0 => 'api',
    1 => 'v1.Banner',
    2 => 'getBanner',
  ),
  'convert' => false,
)
[ info ] [ HEADER ] array (
  'host' => 'tp5.com',
  'connection' => 'keep-alive',
  'cache-control' => 'max-age=0',
  'accept' => 'text/html,application/xhtml+xml,application/xml;q=0.9,image/webp,*/*;q=0.8',
  'user-agent' => 'Mozilla/5.0 (Windows NT 6.1; WOW64) AppleWebKit/537.36 (KHTML, like Gecko) Chrome/33.0.1750.146 BIDUBrowser/6.x Safari/537.36',
  'accept-encoding' => 'gzip,deflate',
  'accept-language' => 'zh-CN,zh;q=0.8',
  'cookie' => 'XDEBUG_SESSION=10757',
)
[ info ] [ PARAM ] array (
  'version' => 'v1',
  'id' => '2',
)
[ info ] [ RUN ] app\api\controller\v1\Banner->getBanner[ D:\phpstudy2\WWW\tp5\app\api\controller\v1\Banner.php ]
[ info ] [ DB ] INIT mysql
[ info ] [ LOG ] INIT File
[ sql ] [ DB ] CONNECT:[ UseTime:0.010000s ] mysql:dbname=zerg;host=127.0.0.1;charset=utf8
[ sql ] [ SQL ] SHOW COLUMNS FROM `banner` [ RunTime:0.003000s ]
[ sql ] [ SQL ] SELECT * FROM `banner` WHERE  `id` = 2 LIMIT 1 [ RunTime:0.000000s ]
[ error ] [404]不存在[D:\phpstudy2\WWW\tp5\app\api\controller\v1\Banner.php:15]

---------------------------------------------------------------
