[ 2017-09-10T22:16:25+08:00 ] 127.0.0.1 127.0.0.1 GET /api/v1/category/all
[ log ] tp5.com/api/v1/category/all [运行时间：0.790000s][吞吐率：1.27req/s] [内存消耗：2,871.66kb] [文件加载：56]
[ info ] [ LANG ] D:\phpstudy2\WWW\tp5\thinkphp\lang\zh-cn.php
[ info ] [ ROUTE ] array (
  'type' => 'module',
  'module' => 
  array (
    0 => 'api',
    1 => 'v1.Category',
    2 => 'getAllCategories',
  ),
  'convert' => false,
)
[ info ] [ HEADER ] array (
  'cache-control' => 'no-cache',
  'postman-token' => 'a531f173-dc9d-45eb-9061-cd237add3357',
  'user-agent' => 'PostmanRuntime/3.0.11-hotfix.2',
  'accept' => '*/*',
  'host' => 'tp5.com',
  'accept-encoding' => 'gzip, deflate',
  'connection' => 'keep-alive',
)
[ info ] [ PARAM ] array (
  'version' => 'v1',
)
[ info ] [ RUN ] app\api\controller\v1\Category->getAllCategories[ D:\phpstudy2\WWW\tp5\app\api\controller\v1\Category.php ]
[ info ] [ DB ] INIT mysql
[ info ] [ LOG ] INIT File
[ sql ] [ DB ] CONNECT:[ UseTime:0.001000s ] mysql:dbname=zerg;host=127.0.0.1;charset=utf8
[ sql ] [ SQL ] SHOW COLUMNS FROM `category` [ RunTime:0.019000s ]
[ sql ] [ SQL ] SELECT * FROM `category` [ RunTime:0.000000s ]
[ sql ] [ SQL ] SHOW COLUMNS FROM `image` [ RunTime:0.009000s ]
[ sql ] [ SQL ] SELECT * FROM `image` WHERE  `id` IN (6,5,7,4,8,9) [ RunTime:0.000000s ]

---------------------------------------------------------------
[ 2017-09-10T22:17:17+08:00 ] 127.0.0.1 127.0.0.1 GET /api/v1/product/recent?count=12
[ log ] tp5.com/api/v1/product/recent?count=12 [运行时间：0.517000s][吞吐率：1.93req/s] [内存消耗：2,809.95kb] [文件加载：54]
[ info ] [ LANG ] D:\phpstudy2\WWW\tp5\thinkphp\lang\zh-cn.php
[ info ] [ ROUTE ] array (
  'type' => 'module',
  'module' => 
  array (
    0 => 'api',
    1 => 'v1.Product',
    2 => 'getRencent',
  ),
  'convert' => false,
)
[ info ] [ HEADER ] array (
  'cache-control' => 'no-cache',
  'postman-token' => 'd85e43b5-b272-4f4d-a0cc-53ca99d4789a',
  'user-agent' => 'PostmanRuntime/3.0.11-hotfix.2',
  'accept' => '*/*',
  'host' => 'tp5.com',
  'accept-encoding' => 'gzip, deflate',
  'connection' => 'keep-alive',
)
[ info ] [ PARAM ] array (
  'count' => '12',
  'version' => 'v1',
)
[ info ] [ RUN ] app\api\controller\v1\Product->getRencent[ D:\phpstudy2\WWW\tp5\app\api\controller\v1\Product.php ]
[ info ] [ DB ] INIT mysql
[ info ] [ LOG ] INIT File
[ sql ] [ DB ] CONNECT:[ UseTime:0.001000s ] mysql:dbname=zerg;host=127.0.0.1;charset=utf8
[ sql ] [ SQL ] SHOW COLUMNS FROM `product` [ RunTime:0.010000s ]
[ sql ] [ SQL ] SELECT * FROM `product` ORDER BY create_time desc LIMIT 12 [ RunTime:0.002000s ]

---------------------------------------------------------------
[ 2017-09-10T22:17:32+08:00 ] 127.0.0.1 127.0.0.1 GET /api/v1/product/gategory/2
[ log ] tp5.com/api/v1/product/gategory/2 [运行时间：0.922000s][吞吐率：1.08req/s] [内存消耗：1,597.62kb] [文件加载：42]
[ info ] [ LANG ] D:\phpstudy2\WWW\tp5\thinkphp\lang\zh-cn.php
[ info ] [ ROUTE ] array (
  'type' => 'module',
  'module' => 
  array (
    0 => 'api',
    1 => 'v1',
    2 => 'product',
  ),
)
[ info ] [ HEADER ] array (
  'cache-control' => 'no-cache',
  'postman-token' => 'e834da94-efed-4cef-ae20-41b805eaac85',
  'user-agent' => 'PostmanRuntime/3.0.11-hotfix.2',
  'accept' => '*/*',
  'host' => 'tp5.com',
  'accept-encoding' => 'gzip, deflate',
  'connection' => 'keep-alive',
)
[ info ] [ PARAM ] array (
  'gategory' => '2',
)
[ info ] [ LOG ] INIT File

---------------------------------------------------------------
[ 2017-09-10T22:17:54+08:00 ] 127.0.0.1 127.0.0.1 GET /api/v1/product/category/2
[ log ] tp5.com/api/v1/product/category/2 [运行时间：0.832000s][吞吐率：1.20req/s] [内存消耗：1,597.62kb] [文件加载：42]
[ info ] [ LANG ] D:\phpstudy2\WWW\tp5\thinkphp\lang\zh-cn.php
[ info ] [ ROUTE ] array (
  'type' => 'module',
  'module' => 
  array (
    0 => 'api',
    1 => 'v1',
    2 => 'product',
  ),
)
[ info ] [ HEADER ] array (
  'cache-control' => 'no-cache',
  'postman-token' => '78ccaca1-ba3a-4bfe-9d8a-deb3803049c8',
  'user-agent' => 'PostmanRuntime/3.0.11-hotfix.2',
  'accept' => '*/*',
  'host' => 'tp5.com',
  'accept-encoding' => 'gzip, deflate',
  'connection' => 'keep-alive',
)
[ info ] [ PARAM ] array (
  'category' => '2',
)
[ info ] [ LOG ] INIT File

---------------------------------------------------------------
[ 2017-09-10T22:18:28+08:00 ] 127.0.0.1 127.0.0.1 GET /api/v1/product/category/2
[ log ] tp5.com/api/v1/product/category/2 [运行时间：0.867000s][吞吐率：1.15req/s] [内存消耗：1,597.62kb] [文件加载：42]
[ info ] [ LANG ] D:\phpstudy2\WWW\tp5\thinkphp\lang\zh-cn.php
[ info ] [ ROUTE ] array (
  'type' => 'module',
  'module' => 
  array (
    0 => 'api',
    1 => 'v1',
    2 => 'product',
  ),
)
[ info ] [ HEADER ] array (
  'cache-control' => 'no-cache',
  'postman-token' => 'd5833e8e-e2e6-4910-8b2b-eafe4199e178',
  'user-agent' => 'PostmanRuntime/3.0.11-hotfix.2',
  'accept' => '*/*',
  'host' => 'tp5.com',
  'accept-encoding' => 'gzip, deflate',
  'connection' => 'keep-alive',
)
[ info ] [ PARAM ] array (
  'category' => '2',
)
[ info ] [ LOG ] INIT File

---------------------------------------------------------------
[ 2017-09-10T22:19:58+08:00 ] 127.0.0.1 127.0.0.1 GET /api/v1/product/category
[ log ] tp5.com/api/v1/product/category [运行时间：0.875000s][吞吐率：1.14req/s] [内存消耗：1,597.60kb] [文件加载：42]
[ info ] [ LANG ] D:\phpstudy2\WWW\tp5\thinkphp\lang\zh-cn.php
[ info ] [ ROUTE ] array (
  'type' => 'module',
  'module' => 
  array (
    0 => 'api',
    1 => 'v1.Product',
    2 => 'getAllInCategory',
  ),
  'convert' => false,
)
[ info ] [ HEADER ] array (
  'cache-control' => 'no-cache',
  'postman-token' => 'f27c42ce-9e34-47cb-9a04-58fba53a3462',
  'user-agent' => 'PostmanRuntime/3.0.11-hotfix.2',
  'accept' => '*/*',
  'host' => 'tp5.com',
  'accept-encoding' => 'gzip, deflate',
  'connection' => 'keep-alive',
)
[ info ] [ PARAM ] array (
  'version' => 'v1',
)
[ info ] [ LOG ] INIT File
[ error ] [0]方法参数错误:categoryId[D:\phpstudy2\WWW\tp5\thinkphp\library\think\App.php:294]

---------------------------------------------------------------
[ 2017-09-10T22:20:09+08:00 ] 127.0.0.1 127.0.0.1 GET /api/v1/product/category?categoryId=1
[ log ] tp5.com/api/v1/product/category?categoryId=1 [运行时间：0.459000s][吞吐率：2.18req/s] [内存消耗：1,548.58kb] [文件加载：39]
[ info ] [ LANG ] D:\phpstudy2\WWW\tp5\thinkphp\lang\zh-cn.php
[ info ] [ ROUTE ] array (
  'type' => 'module',
  'module' => 
  array (
    0 => 'api',
    1 => 'v1.Product',
    2 => 'getAllInCategory',
  ),
  'convert' => false,
)
[ info ] [ HEADER ] array (
  'cache-control' => 'no-cache',
  'postman-token' => '7359807d-a2a2-4754-9ef4-f54f341ef3a2',
  'user-agent' => 'PostmanRuntime/3.0.11-hotfix.2',
  'accept' => '*/*',
  'host' => 'tp5.com',
  'accept-encoding' => 'gzip, deflate',
  'connection' => 'keep-alive',
)
[ info ] [ PARAM ] array (
  'categoryId' => '1',
  'version' => 'v1',
)
[ info ] [ RUN ] app\api\controller\v1\Product->getAllInCategory[ D:\phpstudy2\WWW\tp5\app\api\controller\v1\Product.php ]
[ info ] [ LOG ] INIT File

---------------------------------------------------------------
[ 2017-09-10T22:20:31+08:00 ] 127.0.0.1 127.0.0.1 GET /api/v1/product/category?categoryId=1
[ log ] tp5.com/api/v1/product/category?categoryId=1 [运行时间：0.898000s][吞吐率：1.11req/s] [内存消耗：2,839.61kb] [文件加载：57]
[ info ] [ LANG ] D:\phpstudy2\WWW\tp5\thinkphp\lang\zh-cn.php
[ info ] [ ROUTE ] array (
  'type' => 'module',
  'module' => 
  array (
    0 => 'api',
    1 => 'v1.Product',
    2 => 'getAllInCategory',
  ),
  'convert' => false,
)
[ info ] [ HEADER ] array (
  'cache-control' => 'no-cache',
  'postman-token' => '82b3465a-8fc4-4e14-9e4e-08c236f5e222',
  'user-agent' => 'PostmanRuntime/3.0.11-hotfix.2',
  'accept' => '*/*',
  'host' => 'tp5.com',
  'accept-encoding' => 'gzip, deflate',
  'connection' => 'keep-alive',
)
[ info ] [ PARAM ] array (
  'categoryId' => '1',
  'version' => 'v1',
)
[ info ] [ RUN ] app\api\controller\v1\Product->getAllInCategory[ D:\phpstudy2\WWW\tp5\app\api\controller\v1\Product.php ]
[ info ] [ DB ] INIT mysql
[ info ] [ LOG ] INIT File
[ sql ] [ DB ] CONNECT:[ UseTime:0.001000s ] mysql:dbname=zerg;host=127.0.0.1;charset=utf8
[ sql ] [ SQL ] SHOW COLUMNS FROM `product` [ RunTime:0.007000s ]
[ sql ] [ SQL ] SELECT * FROM `product` WHERE  `category_id` = 1 ORDER BY create_time desc [ RunTime:0.001000s ]
[ error ] [404][D:\phpstudy2\WWW\tp5\app\api\controller\v1\Product.php:29]

---------------------------------------------------------------
[ 2017-09-10T22:20:36+08:00 ] 127.0.0.1 127.0.0.1 GET /api/v1/product/category?categoryId=2
[ log ] tp5.com/api/v1/product/category?categoryId=2 [运行时间：0.505000s][吞吐率：1.98req/s] [内存消耗：2,776.51kb] [文件加载：52]
[ info ] [ LANG ] D:\phpstudy2\WWW\tp5\thinkphp\lang\zh-cn.php
[ info ] [ ROUTE ] array (
  'type' => 'module',
  'module' => 
  array (
    0 => 'api',
    1 => 'v1.Product',
    2 => 'getAllInCategory',
  ),
  'convert' => false,
)
[ info ] [ HEADER ] array (
  'cache-control' => 'no-cache',
  'postman-token' => '52138984-bafe-405b-97e1-104d595c598d',
  'user-agent' => 'PostmanRuntime/3.0.11-hotfix.2',
  'accept' => '*/*',
  'host' => 'tp5.com',
  'accept-encoding' => 'gzip, deflate',
  'connection' => 'keep-alive',
)
[ info ] [ PARAM ] array (
  'categoryId' => '2',
  'version' => 'v1',
)
[ info ] [ RUN ] app\api\controller\v1\Product->getAllInCategory[ D:\phpstudy2\WWW\tp5\app\api\controller\v1\Product.php ]
[ info ] [ DB ] INIT mysql
[ info ] [ LOG ] INIT File
[ sql ] [ DB ] CONNECT:[ UseTime:0.002000s ] mysql:dbname=zerg;host=127.0.0.1;charset=utf8
[ sql ] [ SQL ] SHOW COLUMNS FROM `product` [ RunTime:0.015000s ]
[ sql ] [ SQL ] SELECT * FROM `product` WHERE  `category_id` = 2 ORDER BY create_time desc [ RunTime:0.001000s ]

---------------------------------------------------------------
[ 2017-09-10T22:21:18+08:00 ] 127.0.0.1 127.0.0.1 GET /api/v1/product/category?categoryId=2
[ log ] tp5.com/api/v1/product/category?categoryId=2 [运行时间：0.497000s][吞吐率：2.01req/s] [内存消耗：2,776.51kb] [文件加载：52]
[ info ] [ LANG ] D:\phpstudy2\WWW\tp5\thinkphp\lang\zh-cn.php
[ info ] [ ROUTE ] array (
  'type' => 'module',
  'module' => 
  array (
    0 => 'api',
    1 => 'v1.Product',
    2 => 'getAllInCategory',
  ),
  'convert' => false,
)
[ info ] [ HEADER ] array (
  'cache-control' => 'no-cache',
  'postman-token' => 'd1c88f5b-6a2a-4672-86fc-8196a6e8ff45',
  'user-agent' => 'PostmanRuntime/3.0.11-hotfix.2',
  'accept' => '*/*',
  'host' => 'tp5.com',
  'accept-encoding' => 'gzip, deflate',
  'connection' => 'keep-alive',
)
[ info ] [ PARAM ] array (
  'categoryId' => '2',
  'version' => 'v1',
)
[ info ] [ RUN ] app\api\controller\v1\Product->getAllInCategory[ D:\phpstudy2\WWW\tp5\app\api\controller\v1\Product.php ]
[ info ] [ DB ] INIT mysql
[ info ] [ LOG ] INIT File
[ sql ] [ DB ] CONNECT:[ UseTime:0.001000s ] mysql:dbname=zerg;host=127.0.0.1;charset=utf8
[ sql ] [ SQL ] SHOW COLUMNS FROM `product` [ RunTime:0.009000s ]
[ sql ] [ SQL ] SELECT * FROM `product` WHERE  `category_id` = 2 ORDER BY create_time desc [ RunTime:0.000000s ]

---------------------------------------------------------------
[ 2017-09-10T22:21:25+08:00 ] 127.0.0.1 127.0.0.1 GET /api/v1/category/all
[ log ] tp5.com/api/v1/category/all [运行时间：0.489000s][吞吐率：2.04req/s] [内存消耗：2,871.57kb] [文件加载：56]
[ info ] [ LANG ] D:\phpstudy2\WWW\tp5\thinkphp\lang\zh-cn.php
[ info ] [ ROUTE ] array (
  'type' => 'module',
  'module' => 
  array (
    0 => 'api',
    1 => 'v1.Category',
    2 => 'getAllCategories',
  ),
  'convert' => false,
)
[ info ] [ HEADER ] array (
  'cache-control' => 'no-cache',
  'postman-token' => '614347dd-b8e2-4a4f-8436-190ed337f623',
  'user-agent' => 'PostmanRuntime/3.0.11-hotfix.2',
  'accept' => '*/*',
  'host' => 'tp5.com',
  'accept-encoding' => 'gzip, deflate',
  'connection' => 'keep-alive',
)
[ info ] [ PARAM ] array (
  'version' => 'v1',
)
[ info ] [ RUN ] app\api\controller\v1\Category->getAllCategories[ D:\phpstudy2\WWW\tp5\app\api\controller\v1\Category.php ]
[ info ] [ DB ] INIT mysql
[ info ] [ LOG ] INIT File
[ sql ] [ DB ] CONNECT:[ UseTime:0.001000s ] mysql:dbname=zerg;host=127.0.0.1;charset=utf8
[ sql ] [ SQL ] SHOW COLUMNS FROM `category` [ RunTime:0.009000s ]
[ sql ] [ SQL ] SELECT * FROM `category` [ RunTime:0.001000s ]
[ sql ] [ SQL ] SHOW COLUMNS FROM `image` [ RunTime:0.009000s ]
[ sql ] [ SQL ] SELECT * FROM `image` WHERE  `id` IN (6,5,7,4,8,9) [ RunTime:0.000000s ]

---------------------------------------------------------------
[ 2017-09-10T23:02:52+08:00 ] 127.0.0.1 127.0.0.1 GET /api/v1/product/category?id=2
[ log ] tp5.com/api/v1/product/category?id=2 [运行时间：0.534000s][吞吐率：1.87req/s] [内存消耗：2,810.88kb] [文件加载：54]
[ info ] [ LANG ] D:\phpstudy2\WWW\tp5\thinkphp\lang\zh-cn.php
[ info ] [ ROUTE ] array (
  'type' => 'module',
  'module' => 
  array (
    0 => 'api',
    1 => 'v1.Product',
    2 => 'getAllInCategory',
  ),
  'convert' => false,
)
[ info ] [ HEADER ] array (
  'cache-control' => 'no-cache',
  'postman-token' => 'f2238567-39e5-4326-b3d9-37c3344df584',
  'user-agent' => 'PostmanRuntime/3.0.11-hotfix.2',
  'accept' => '*/*',
  'host' => 'tp5.com',
  'accept-encoding' => 'gzip, deflate',
  'connection' => 'keep-alive',
)
[ info ] [ PARAM ] array (
  'id' => '2',
  'version' => 'v1',
)
[ info ] [ RUN ] app\api\controller\v1\Product->getAllInCategory[ D:\phpstudy2\WWW\tp5\app\api\controller\v1\Product.php ]
[ info ] [ DB ] INIT mysql
[ info ] [ LOG ] INIT File
[ sql ] [ DB ] CONNECT:[ UseTime:0.011000s ] mysql:dbname=zerg;host=127.0.0.1;charset=utf8
[ sql ] [ SQL ] SHOW COLUMNS FROM `product` [ RunTime:0.022000s ]
[ sql ] [ SQL ] SELECT * FROM `product` WHERE  `category_id` = 2 ORDER BY create_time desc [ RunTime:0.001000s ]

---------------------------------------------------------------
[ 2017-09-10T23:03:03+08:00 ] 127.0.0.1 127.0.0.1 GET /api/v1/product/category?id=2
[ log ] tp5.com/api/v1/product/category?id=2 [运行时间：0.513000s][吞吐率：1.95req/s] [内存消耗：2,810.88kb] [文件加载：54]
[ info ] [ LANG ] D:\phpstudy2\WWW\tp5\thinkphp\lang\zh-cn.php
[ info ] [ ROUTE ] array (
  'type' => 'module',
  'module' => 
  array (
    0 => 'api',
    1 => 'v1.Product',
    2 => 'getAllInCategory',
  ),
  'convert' => false,
)
[ info ] [ HEADER ] array (
  'cache-control' => 'no-cache',
  'postman-token' => '2835d0cf-47c9-4ef3-847a-91679f049977',
  'user-agent' => 'PostmanRuntime/3.0.11-hotfix.2',
  'accept' => '*/*',
  'host' => 'tp5.com',
  'accept-encoding' => 'gzip, deflate',
  'connection' => 'keep-alive',
)
[ info ] [ PARAM ] array (
  'id' => '2',
  'version' => 'v1',
)
[ info ] [ RUN ] app\api\controller\v1\Product->getAllInCategory[ D:\phpstudy2\WWW\tp5\app\api\controller\v1\Product.php ]
[ info ] [ DB ] INIT mysql
[ info ] [ LOG ] INIT File
[ sql ] [ DB ] CONNECT:[ UseTime:0.011000s ] mysql:dbname=zerg;host=127.0.0.1;charset=utf8
[ sql ] [ SQL ] SHOW COLUMNS FROM `product` [ RunTime:0.013000s ]
[ sql ] [ SQL ] SELECT * FROM `product` WHERE  `category_id` = 2 ORDER BY create_time desc [ RunTime:0.001000s ]

---------------------------------------------------------------
[ 2017-09-10T23:05:07+08:00 ] 127.0.0.1 127.0.0.1 GET /api/v1/product/category?id=2
[ log ] tp5.com/api/v1/product/category?id=2 [运行时间：0.478000s][吞吐率：2.09req/s] [内存消耗：2,811.27kb] [文件加载：54]
[ info ] [ LANG ] D:\phpstudy2\WWW\tp5\thinkphp\lang\zh-cn.php
[ info ] [ ROUTE ] array (
  'type' => 'module',
  'module' => 
  array (
    0 => 'api',
    1 => 'v1.Product',
    2 => 'getAllInCategory',
  ),
  'convert' => false,
)
[ info ] [ HEADER ] array (
  'cache-control' => 'no-cache',
  'postman-token' => '6ea13362-a115-495e-96dc-2d0a4bf5f85b',
  'user-agent' => 'PostmanRuntime/3.0.11-hotfix.2',
  'accept' => '*/*',
  'host' => 'tp5.com',
  'accept-encoding' => 'gzip, deflate',
  'connection' => 'keep-alive',
)
[ info ] [ PARAM ] array (
  'id' => '2',
  'version' => 'v1',
)
[ info ] [ RUN ] app\api\controller\v1\Product->getAllInCategory[ D:\phpstudy2\WWW\tp5\app\api\controller\v1\Product.php ]
[ info ] [ DB ] INIT mysql
[ info ] [ LOG ] INIT File
[ sql ] [ DB ] CONNECT:[ UseTime:0.001000s ] mysql:dbname=zerg;host=127.0.0.1;charset=utf8
[ sql ] [ SQL ] SHOW COLUMNS FROM `product` [ RunTime:0.008000s ]
[ sql ] [ SQL ] SELECT * FROM `product` WHERE  `category_id` = 2 ORDER BY create_time desc [ RunTime:0.001000s ]

---------------------------------------------------------------
