[ 2017-09-11T21:08:49+08:00 ] 127.0.0.1 127.0.0.1 GET /api/v1/token/user
[ log ] tp5.com/api/v1/token/user [运行时间：1.135000s][吞吐率：0.88req/s] [内存消耗：1,598.95kb] [文件加载：42]
[ info ] [ LANG ] D:\phpstudy2\WWW\tp5\thinkphp\lang\zh-cn.php
[ info ] [ ROUTE ] array (
  'type' => 'module',
  'module' => 
  array (
    0 => 'api',
    1 => 'v1',
    2 => 'token',
  ),
)
[ info ] [ HEADER ] array (
  'cache-control' => 'no-cache',
  'postman-token' => 'e7c0937e-82bb-4a64-a93c-25ecc9a5ca95',
  'user-agent' => 'PostmanRuntime/3.0.11-hotfix.2',
  'accept' => '*/*',
  'host' => 'tp5.com',
  'accept-encoding' => 'gzip, deflate',
  'connection' => 'keep-alive',
)
[ info ] [ PARAM ] array (
)
[ info ] [ LOG ] INIT File

---------------------------------------------------------------
[ 2017-09-11T21:08:57+08:00 ] 127.0.0.1 127.0.0.1 GET /api/v1/token/user
[ log ] tp5.com/api/v1/token/user [运行时间：0.871000s][吞吐率：1.15req/s] [内存消耗：1,598.87kb] [文件加载：42]
[ info ] [ LANG ] D:\phpstudy2\WWW\tp5\thinkphp\lang\zh-cn.php
[ info ] [ ROUTE ] array (
  'type' => 'module',
  'module' => 
  array (
    0 => 'api',
    1 => 'v1',
    2 => 'token',
  ),
)
[ info ] [ HEADER ] array (
  'cache-control' => 'no-cache',
  'postman-token' => '532c768f-2891-4ac6-b8cc-16ff01c0d578',
  'user-agent' => 'PostmanRuntime/3.0.11-hotfix.2',
  'accept' => '*/*',
  'host' => 'tp5.com',
  'accept-encoding' => 'gzip, deflate',
  'connection' => 'keep-alive',
)
[ info ] [ PARAM ] array (
)
[ info ] [ LOG ] INIT File

---------------------------------------------------------------
[ 2017-09-11T21:09:00+08:00 ] 127.0.0.1 127.0.0.1 POST /api/v1/token/user
[ log ] tp5.com/api/v1/token/user [运行时间：0.888000s][吞吐率：1.13req/s] [内存消耗：1,661.86kb] [文件加载：47]
[ info ] [ LANG ] D:\phpstudy2\WWW\tp5\thinkphp\lang\zh-cn.php
[ info ] [ ROUTE ] array (
  'type' => 'module',
  'module' => 
  array (
    0 => 'api',
    1 => 'v1.Token',
    2 => 'getToken',
  ),
  'convert' => false,
)
[ info ] [ HEADER ] array (
  'cache-control' => 'no-cache',
  'postman-token' => '1c58ab3d-f203-481e-84b8-3ce953486afa',
  'user-agent' => 'PostmanRuntime/3.0.11-hotfix.2',
  'accept' => '*/*',
  'host' => 'tp5.com',
  'accept-encoding' => 'gzip, deflate',
  'content-length' => '0',
  'connection' => 'keep-alive',
)
[ info ] [ PARAM ] array (
  'version' => 'v1',
)
[ info ] [ RUN ] app\api\controller\v1\Token->getToken[ D:\phpstudy2\WWW\tp5\app\api\controller\v1\Token.php ]
[ info ] [ LOG ] INIT File
[ error ] [400][D:\phpstudy2\WWW\tp5\app\api\validate\BaseValidate.php:23]

---------------------------------------------------------------
[ 2017-09-11T21:12:01+08:00 ] 127.0.0.1 127.0.0.1 POST /api/v1/token/user
[ log ] tp5.com/api/v1/token/user [运行时间：0.869000s][吞吐率：1.15req/s] [内存消耗：1,662.27kb] [文件加载：47]
[ info ] [ LANG ] D:\phpstudy2\WWW\tp5\thinkphp\lang\zh-cn.php
[ info ] [ ROUTE ] array (
  'type' => 'module',
  'module' => 
  array (
    0 => 'api',
    1 => 'v1.Token',
    2 => 'getToken',
  ),
  'convert' => false,
)
[ info ] [ HEADER ] array (
  'cache-control' => 'no-cache',
  'postman-token' => '54e0845d-c21f-4250-9879-1522887b5d9e',
  'user-agent' => 'PostmanRuntime/3.0.11-hotfix.2',
  'accept' => '*/*',
  'host' => 'tp5.com',
  'accept-encoding' => 'gzip, deflate',
  'content-type' => 'multipart/form-data; boundary=--------------------------281522885572091523212307',
  'content-length' => '160',
  'connection' => 'keep-alive',
)
[ info ] [ PARAM ] array (
  'code' => '1',
  'version' => 'v1',
)
[ info ] [ RUN ] app\api\controller\v1\Token->getToken[ D:\phpstudy2\WWW\tp5\app\api\controller\v1\Token.php ]
[ info ] [ LOG ] INIT File
[ error ] [400][D:\phpstudy2\WWW\tp5\app\api\validate\BaseValidate.php:23]

---------------------------------------------------------------
[ 2017-09-11T21:12:14+08:00 ] 127.0.0.1 127.0.0.1 POST /api/v1/token/user
[ log ] tp5.com/api/v1/token/user [运行时间：0.872000s][吞吐率：1.15req/s] [内存消耗：1,662.24kb] [文件加载：47]
[ info ] [ LANG ] D:\phpstudy2\WWW\tp5\thinkphp\lang\zh-cn.php
[ info ] [ ROUTE ] array (
  'type' => 'module',
  'module' => 
  array (
    0 => 'api',
    1 => 'v1.Token',
    2 => 'getToken',
  ),
  'convert' => false,
)
[ info ] [ HEADER ] array (
  'cache-control' => 'no-cache',
  'postman-token' => '82ea5ccf-de5e-4bca-9ddc-1f9f661b6ee1',
  'user-agent' => 'PostmanRuntime/3.0.11-hotfix.2',
  'accept' => '*/*',
  'host' => 'tp5.com',
  'accept-encoding' => 'gzip, deflate',
  'content-type' => 'multipart/form-data; boundary=--------------------------318584459334183283961992',
  'content-length' => '166',
  'connection' => 'keep-alive',
)
[ info ] [ PARAM ] array (
  'code' => '1dsadsa',
  'version' => 'v1',
)
[ info ] [ RUN ] app\api\controller\v1\Token->getToken[ D:\phpstudy2\WWW\tp5\app\api\controller\v1\Token.php ]
[ info ] [ LOG ] INIT File
[ error ] [400][D:\phpstudy2\WWW\tp5\app\api\validate\BaseValidate.php:23]

---------------------------------------------------------------
[ 2017-09-11T21:18:39+08:00 ] 127.0.0.1 127.0.0.1 POST /api/v1/token/user
[ log ] tp5.com/api/v1/token/user [运行时间：0.841000s][吞吐率：1.19req/s] [内存消耗：1,662.40kb] [文件加载：47]
[ info ] [ LANG ] D:\phpstudy2\WWW\tp5\thinkphp\lang\zh-cn.php
[ info ] [ ROUTE ] array (
  'type' => 'module',
  'module' => 
  array (
    0 => 'api',
    1 => 'v1.Token',
    2 => 'getToken',
  ),
  'convert' => false,
)
[ info ] [ HEADER ] array (
  'cache-control' => 'no-cache',
  'postman-token' => '90164166-da03-42b4-aa4e-b75861830fed',
  'content-type' => 'multipart/form-data; boundary=--------------------------879347535512779997577058',
  'user-agent' => 'PostmanRuntime/3.0.11-hotfix.2',
  'accept' => '*/*',
  'host' => 'tp5.com',
  'accept-encoding' => 'gzip, deflate',
  'content-length' => '166',
  'connection' => 'keep-alive',
)
[ info ] [ PARAM ] array (
  'code' => '1dsadsa',
  'version' => 'v1',
)
[ info ] [ RUN ] app\api\controller\v1\Token->getToken[ D:\phpstudy2\WWW\tp5\app\api\controller\v1\Token.php ]
[ info ] [ LOG ] INIT File
[ error ] [400][D:\phpstudy2\WWW\tp5\app\api\validate\BaseValidate.php:23]

---------------------------------------------------------------
[ 2017-09-11T21:18:42+08:00 ] 127.0.0.1 127.0.0.1 POST /api/v1/token/user
[ log ] tp5.com/api/v1/token/user [运行时间：0.825000s][吞吐率：1.21req/s] [内存消耗：1,662.40kb] [文件加载：47]
[ info ] [ LANG ] D:\phpstudy2\WWW\tp5\thinkphp\lang\zh-cn.php
[ info ] [ ROUTE ] array (
  'type' => 'module',
  'module' => 
  array (
    0 => 'api',
    1 => 'v1.Token',
    2 => 'getToken',
  ),
  'convert' => false,
)
[ info ] [ HEADER ] array (
  'cache-control' => 'no-cache',
  'postman-token' => '0a3dbe8a-4586-4c82-8af3-f5e2aef834ff',
  'content-type' => 'multipart/form-data; boundary=--------------------------401910099917186601254043',
  'user-agent' => 'PostmanRuntime/3.0.11-hotfix.2',
  'accept' => '*/*',
  'host' => 'tp5.com',
  'accept-encoding' => 'gzip, deflate',
  'content-length' => '166',
  'connection' => 'keep-alive',
)
[ info ] [ PARAM ] array (
  'code' => '1dsadsa',
  'version' => 'v1',
)
[ info ] [ RUN ] app\api\controller\v1\Token->getToken[ D:\phpstudy2\WWW\tp5\app\api\controller\v1\Token.php ]
[ info ] [ LOG ] INIT File
[ error ] [400][D:\phpstudy2\WWW\tp5\app\api\validate\BaseValidate.php:23]

---------------------------------------------------------------
[ 2017-09-11T21:18:45+08:00 ] 127.0.0.1 127.0.0.1 POST /api/v1/token/user
[ log ] tp5.com/api/v1/token/user [运行时间：0.860000s][吞吐率：1.16req/s] [内存消耗：1,662.40kb] [文件加载：47]
[ info ] [ LANG ] D:\phpstudy2\WWW\tp5\thinkphp\lang\zh-cn.php
[ info ] [ ROUTE ] array (
  'type' => 'module',
  'module' => 
  array (
    0 => 'api',
    1 => 'v1.Token',
    2 => 'getToken',
  ),
  'convert' => false,
)
[ info ] [ HEADER ] array (
  'cache-control' => 'no-cache',
  'postman-token' => '00d57034-cd4f-4046-bb32-4833ec6f33b8',
  'content-type' => 'multipart/form-data; boundary=--------------------------028949356839109568024671',
  'user-agent' => 'PostmanRuntime/3.0.11-hotfix.2',
  'accept' => '*/*',
  'host' => 'tp5.com',
  'accept-encoding' => 'gzip, deflate',
  'content-length' => '166',
  'connection' => 'keep-alive',
)
[ info ] [ PARAM ] array (
  'code' => '1dsadsa',
  'version' => 'v1',
)
[ info ] [ RUN ] app\api\controller\v1\Token->getToken[ D:\phpstudy2\WWW\tp5\app\api\controller\v1\Token.php ]
[ info ] [ LOG ] INIT File
[ error ] [400][D:\phpstudy2\WWW\tp5\app\api\validate\BaseValidate.php:23]

---------------------------------------------------------------
[ 2017-09-11T21:21:56+08:00 ] 127.0.0.1 127.0.0.1 POST /api/v1/token/user
[ log ] tp5.com/api/v1/token/user [运行时间：0.857000s][吞吐率：1.17req/s] [内存消耗：1,663.09kb] [文件加载：47]
[ info ] [ LANG ] D:\phpstudy2\WWW\tp5\thinkphp\lang\zh-cn.php
[ info ] [ ROUTE ] array (
  'type' => 'module',
  'module' => 
  array (
    0 => 'api',
    1 => 'v1.Token',
    2 => 'getToken',
  ),
  'convert' => false,
)
[ info ] [ HEADER ] array (
  'cache-control' => 'no-cache',
  'postman-token' => '573a3d98-6eb1-405f-83ac-3b8d614c5ac4',
  'content-type' => 'multipart/form-data; boundary=--------------------------268955404304204903516045',
  'user-agent' => 'PostmanRuntime/3.0.11-hotfix.2',
  'accept' => '*/*',
  'host' => 'tp5.com',
  'accept-encoding' => 'gzip, deflate',
  'content-length' => '166',
  'connection' => 'keep-alive',
)
[ info ] [ PARAM ] array (
  'code' => '1dsadsa',
  'version' => 'v1',
)
[ info ] [ RUN ] app\api\controller\v1\Token->getToken[ D:\phpstudy2\WWW\tp5\app\api\controller\v1\Token.php ]
[ info ] [ LOG ] INIT File
[ error ] [400][D:\phpstudy2\WWW\tp5\app\api\validate\BaseValidate.php:23]

---------------------------------------------------------------
[ 2017-09-11T21:22:27+08:00 ] 127.0.0.1 127.0.0.1 POST /api/v1/token/user
[ log ] tp5.com/api/v1/token/user [运行时间：0.437000s][吞吐率：2.29req/s] [内存消耗：1,584.19kb] [文件加载：42]
[ info ] [ LANG ] D:\phpstudy2\WWW\tp5\thinkphp\lang\zh-cn.php
[ info ] [ ROUTE ] array (
  'type' => 'module',
  'module' => 
  array (
    0 => 'api',
    1 => 'v1.Token',
    2 => 'getToken',
  ),
  'convert' => false,
)
[ info ] [ HEADER ] array (
  'cache-control' => 'no-cache',
  'postman-token' => 'd3aaa306-eda8-40c9-904c-cba7919eb6d1',
  'content-type' => 'multipart/form-data; boundary=--------------------------280056309911437618314277',
  'user-agent' => 'PostmanRuntime/3.0.11-hotfix.2',
  'accept' => '*/*',
  'host' => 'tp5.com',
  'accept-encoding' => 'gzip, deflate',
  'content-length' => '166',
  'connection' => 'keep-alive',
)
[ info ] [ PARAM ] array (
  'code' => '1dsadsa',
  'version' => 'v1',
)
[ info ] [ RUN ] app\api\controller\v1\Token->getToken[ D:\phpstudy2\WWW\tp5\app\api\controller\v1\Token.php ]
[ info ] [ LOG ] INIT File

---------------------------------------------------------------
[ 2017-09-11T22:49:25+08:00 ] 127.0.0.1 127.0.0.1 POST /api/v1/token/user
[ log ] tp5.com/api/v1/token/user [运行时间：0.844000s][吞吐率：1.18req/s] [内存消耗：1,675.09kb] [文件加载：48]
[ info ] [ LANG ] D:\phpstudy2\WWW\tp5\thinkphp\lang\zh-cn.php
[ info ] [ ROUTE ] array (
  'type' => 'module',
  'module' => 
  array (
    0 => 'api',
    1 => 'v1.Token',
    2 => 'getToken',
  ),
  'convert' => false,
)
[ info ] [ HEADER ] array (
  'cache-control' => 'no-cache',
  'postman-token' => 'ddd6d032-bfd0-4429-907e-64b934ab6719',
  'content-type' => 'application/json',
  'user-agent' => 'PostmanRuntime/3.0.11-hotfix.2',
  'accept' => '*/*',
  'host' => 'tp5.com',
  'accept-encoding' => 'gzip, deflate',
  'content-length' => '16',
  'connection' => 'keep-alive',
)
[ info ] [ PARAM ] array (
  'code' => 'sssss',
  'version' => 'v1',
)
[ info ] [ RUN ] app\api\controller\v1\Token->getToken[ D:\phpstudy2\WWW\tp5\app\api\controller\v1\Token.php ]
[ info ] [ LOG ] INIT File
[ error ] [400][D:\phpstudy2\WWW\tp5\app\api\validate\BaseValidate.php:23]

---------------------------------------------------------------
[ 2017-09-11T23:18:31+08:00 ] 127.0.0.1 127.0.0.1 POST /api/v1/token/user
[ log ] tp5.com/api/v1/token/user [运行时间：0.862000s][吞吐率：1.16req/s] [内存消耗：1,675.82kb] [文件加载：48]
[ info ] [ LANG ] D:\phpstudy2\WWW\tp5\thinkphp\lang\zh-cn.php
[ info ] [ ROUTE ] array (
  'type' => 'module',
  'module' => 
  array (
    0 => 'api',
    1 => 'v1.Token',
    2 => 'getToken',
  ),
  'convert' => false,
)
[ info ] [ HEADER ] array (
  'host' => 'tp5.com',
  'connection' => 'keep-alive',
  'content-length' => '43',
  'pragma' => 'no-cache',
  'cache-control' => 'no-cache',
  'origin' => 'http://6190908.appservice.open.weixin.qq.com',
  'user-agent' => 'Mozilla/5.0 (Windows NT 6.1; Win64; x64) AppleWebKit/537.36 (KHTML, like Gecko) Chrome/53.0.2785.143 Safari/537.36 appservice webview/100000',
  'content-type' => 'application/json',
  'accept' => '*/*',
  'referer' => 'https://servicewechat.com/wx950ee0e16ffddb84/devtools/page-frame.html',
  'accept-encoding' => 'gzip, deflate',
)
[ info ] [ PARAM ] array (
  'code' => '013eTjJT1f0bq81tHhKT1yaeJT1eTjJp',
  'version' => 'v1',
)
[ info ] [ RUN ] app\api\controller\v1\Token->getToken[ D:\phpstudy2\WWW\tp5\app\api\controller\v1\Token.php ]
[ info ] [ LOG ] INIT File
[ error ] [400][D:\phpstudy2\WWW\tp5\app\api\validate\BaseValidate.php:23]

---------------------------------------------------------------
[ 2017-09-11T23:20:02+08:00 ] 127.0.0.1 127.0.0.1 POST /api/v1/token/user
[ log ] tp5.com/api/v1/token/user [运行时间：0.845000s][吞吐率：1.18req/s] [内存消耗：1,675.82kb] [文件加载：48]
[ info ] [ LANG ] D:\phpstudy2\WWW\tp5\thinkphp\lang\zh-cn.php
[ info ] [ ROUTE ] array (
  'type' => 'module',
  'module' => 
  array (
    0 => 'api',
    1 => 'v1.Token',
    2 => 'getToken',
  ),
  'convert' => false,
)
[ info ] [ HEADER ] array (
  'host' => 'tp5.com',
  'connection' => 'keep-alive',
  'content-length' => '43',
  'pragma' => 'no-cache',
  'cache-control' => 'no-cache',
  'origin' => 'http://6190908.appservice.open.weixin.qq.com',
  'user-agent' => 'Mozilla/5.0 (Windows NT 6.1; Win64; x64) AppleWebKit/537.36 (KHTML, like Gecko) Chrome/53.0.2785.143 Safari/537.36 appservice webview/100000',
  'content-type' => 'application/json',
  'accept' => '*/*',
  'referer' => 'https://servicewechat.com/wx950ee0e16ffddb84/devtools/page-frame.html',
  'accept-encoding' => 'gzip, deflate',
)
[ info ] [ PARAM ] array (
  'code' => '013BVrR42Tr1jK0NcRR42mRnR42BVrRb',
  'version' => 'v1',
)
[ info ] [ RUN ] app\api\controller\v1\Token->getToken[ D:\phpstudy2\WWW\tp5\app\api\controller\v1\Token.php ]
[ info ] [ LOG ] INIT File
[ error ] [400][D:\phpstudy2\WWW\tp5\app\api\validate\BaseValidate.php:23]

---------------------------------------------------------------
[ 2017-09-11T23:20:02+08:00 ] 127.0.0.1 127.0.0.1 POST /api/v1/token/app
[ log ] tp5.com/api/v1/token/app [运行时间：0.840000s][吞吐率：1.19req/s] [内存消耗：1,612.06kb] [文件加载：43]
[ info ] [ LANG ] D:\phpstudy2\WWW\tp5\thinkphp\lang\zh-cn.php
[ info ] [ ROUTE ] array (
  'type' => 'module',
  'module' => 
  array (
    0 => 'api',
    1 => 'v1',
    2 => 'token',
  ),
)
[ info ] [ HEADER ] array (
  'host' => 'tp5.com',
  'connection' => 'keep-alive',
  'content-length' => '28',
  'pragma' => 'no-cache',
  'cache-control' => 'no-cache',
  'origin' => 'http://6190908.appservice.open.weixin.qq.com',
  'user-agent' => 'Mozilla/5.0 (Windows NT 6.1; Win64; x64) AppleWebKit/537.36 (KHTML, like Gecko) Chrome/53.0.2785.143 Safari/537.36 appservice webview/100000',
  'content-type' => 'application/json',
  'accept' => '*/*',
  'referer' => 'https://servicewechat.com/wx950ee0e16ffddb84/devtools/page-frame.html',
  'accept-encoding' => 'gzip, deflate',
)
[ info ] [ PARAM ] array (
  'ac' => 'warcraft',
  'se' => '777',
)
[ info ] [ LOG ] INIT File

---------------------------------------------------------------
[ 2017-09-11T23:20:48+08:00 ] 127.0.0.1 127.0.0.1 POST /api/v1/token/user
[ log ] tp5.com/api/v1/token/user [运行时间：0.842000s][吞吐率：1.19req/s] [内存消耗：1,675.82kb] [文件加载：48]
[ info ] [ LANG ] D:\phpstudy2\WWW\tp5\thinkphp\lang\zh-cn.php
[ info ] [ ROUTE ] array (
  'type' => 'module',
  'module' => 
  array (
    0 => 'api',
    1 => 'v1.Token',
    2 => 'getToken',
  ),
  'convert' => false,
)
[ info ] [ HEADER ] array (
  'host' => 'tp5.com',
  'connection' => 'keep-alive',
  'content-length' => '43',
  'pragma' => 'no-cache',
  'cache-control' => 'no-cache',
  'origin' => 'http://6190908.appservice.open.weixin.qq.com',
  'user-agent' => 'Mozilla/5.0 (Windows NT 6.1; Win64; x64) AppleWebKit/537.36 (KHTML, like Gecko) Chrome/53.0.2785.143 Safari/537.36 appservice webview/100000',
  'content-type' => 'application/json',
  'accept' => '*/*',
  'referer' => 'https://servicewechat.com/wx950ee0e16ffddb84/devtools/page-frame.html',
  'accept-encoding' => 'gzip, deflate',
)
[ info ] [ PARAM ] array (
  'code' => '013RghQq1NaZIq0hm7Pq1Om9Qq1RghQT',
  'version' => 'v1',
)
[ info ] [ RUN ] app\api\controller\v1\Token->getToken[ D:\phpstudy2\WWW\tp5\app\api\controller\v1\Token.php ]
[ info ] [ LOG ] INIT File
[ error ] [400][D:\phpstudy2\WWW\tp5\app\api\validate\BaseValidate.php:23]

---------------------------------------------------------------
[ 2017-09-11T23:20:58+08:00 ] 127.0.0.1 127.0.0.1 POST /api/v1/token/user
[ log ] tp5.com/api/v1/token/user [运行时间：0.848000s][吞吐率：1.18req/s] [内存消耗：1,675.82kb] [文件加载：48]
[ info ] [ LANG ] D:\phpstudy2\WWW\tp5\thinkphp\lang\zh-cn.php
[ info ] [ ROUTE ] array (
  'type' => 'module',
  'module' => 
  array (
    0 => 'api',
    1 => 'v1.Token',
    2 => 'getToken',
  ),
  'convert' => false,
)
[ info ] [ HEADER ] array (
  'host' => 'tp5.com',
  'connection' => 'keep-alive',
  'content-length' => '43',
  'pragma' => 'no-cache',
  'cache-control' => 'no-cache',
  'origin' => 'http://6190908.appservice.open.weixin.qq.com',
  'user-agent' => 'Mozilla/5.0 (Windows NT 6.1; Win64; x64) AppleWebKit/537.36 (KHTML, like Gecko) Chrome/53.0.2785.143 Safari/537.36 appservice webview/100000',
  'content-type' => 'application/json',
  'accept' => '*/*',
  'referer' => 'https://servicewechat.com/wx950ee0e16ffddb84/devtools/page-frame.html',
  'accept-encoding' => 'gzip, deflate',
)
[ info ] [ PARAM ] array (
  'code' => '003dM9EO13gcq41dY3EO1bibEO1dM9E1',
  'version' => 'v1',
)
[ info ] [ RUN ] app\api\controller\v1\Token->getToken[ D:\phpstudy2\WWW\tp5\app\api\controller\v1\Token.php ]
[ info ] [ LOG ] INIT File
[ error ] [400][D:\phpstudy2\WWW\tp5\app\api\validate\BaseValidate.php:23]

---------------------------------------------------------------
[ 2017-09-11T23:21:09+08:00 ] 127.0.0.1 127.0.0.1 POST /api/v1/token/user
[ log ] tp5.com/api/v1/token/user [运行时间：0.848000s][吞吐率：1.18req/s] [内存消耗：1,675.23kb] [文件加载：48]
[ info ] [ LANG ] D:\phpstudy2\WWW\tp5\thinkphp\lang\zh-cn.php
[ info ] [ ROUTE ] array (
  'type' => 'module',
  'module' => 
  array (
    0 => 'api',
    1 => 'v1.Token',
    2 => 'getToken',
  ),
  'convert' => false,
)
[ info ] [ HEADER ] array (
  'cache-control' => 'no-cache',
  'postman-token' => '19255ead-8cd5-4a6b-9092-64b73c735a93',
  'content-type' => 'application/json',
  'user-agent' => 'PostmanRuntime/3.0.11-hotfix.2',
  'accept' => '*/*',
  'host' => 'tp5.com',
  'accept-encoding' => 'gzip, deflate',
  'content-length' => '43',
  'connection' => 'keep-alive',
)
[ info ] [ PARAM ] array (
  'code' => '003dM9EO13gcq41dY3EO1bibEO1dM9E1',
  'version' => 'v1',
)
[ info ] [ RUN ] app\api\controller\v1\Token->getToken[ D:\phpstudy2\WWW\tp5\app\api\controller\v1\Token.php ]
[ info ] [ LOG ] INIT File
[ error ] [400][D:\phpstudy2\WWW\tp5\app\api\validate\BaseValidate.php:23]

---------------------------------------------------------------
[ 2017-09-11T23:24:46+08:00 ] 127.0.0.1 127.0.0.1 POST /api/v1/token/user
[ log ] tp5.com/api/v1/token/user [运行时间：0.886000s][吞吐率：1.13req/s] [内存消耗：1,659.22kb] [文件加载：47]
[ info ] [ LANG ] D:\phpstudy2\WWW\tp5\thinkphp\lang\zh-cn.php
[ info ] [ ROUTE ] array (
  'type' => 'module',
  'module' => 
  array (
    0 => 'api',
    1 => 'v1.Token',
    2 => 'getToken',
  ),
  'convert' => false,
)
[ info ] [ HEADER ] array (
  'cache-control' => 'no-cache',
  'postman-token' => '8b8e6b88-36ba-4ab8-b144-da0ede506b42',
  'content-type' => 'application/json',
  'user-agent' => 'PostmanRuntime/3.0.11-hotfix.2',
  'accept' => '*/*',
  'host' => 'tp5.com',
  'accept-encoding' => 'gzip, deflate',
  'content-length' => '43',
  'connection' => 'keep-alive',
)
[ info ] [ PARAM ] array (
  'code' => '003dM9EO13gcq41dY3EO1bibEO1dM9E1',
  'version' => 'v1',
)
[ info ] [ RUN ] app\api\controller\v1\Token->getToken[ D:\phpstudy2\WWW\tp5\app\api\controller\v1\Token.php ]
[ info ] [ LOG ] INIT File
[ error ] [8]Use of undefined constant ture - assumed 'ture'[D:\phpstudy2\WWW\tp5\app\api\validate\BaseValidate.php:56]

---------------------------------------------------------------
[ 2017-09-11T23:28:18+08:00 ] 127.0.0.1 127.0.0.1 POST /api/v1/token/user
[ log ] tp5.com/api/v1/token/user [运行时间：1.112000s][吞吐率：0.90req/s] [内存消耗：1,668.00kb] [文件加载：48]
[ info ] [ LANG ] D:\phpstudy2\WWW\tp5\thinkphp\lang\zh-cn.php
[ info ] [ ROUTE ] array (
  'type' => 'module',
  'module' => 
  array (
    0 => 'api',
    1 => 'v1.Token',
    2 => 'getToken',
  ),
  'convert' => false,
)
[ info ] [ HEADER ] array (
  'cache-control' => 'no-cache',
  'postman-token' => 'e9358fd2-bad5-4135-96a8-ce47832fb61c',
  'content-type' => 'application/json',
  'user-agent' => 'PostmanRuntime/3.0.11-hotfix.2',
  'accept' => '*/*',
  'host' => 'tp5.com',
  'accept-encoding' => 'gzip, deflate',
  'content-length' => '43',
  'connection' => 'keep-alive',
)
[ info ] [ PARAM ] array (
  'code' => '003dM9EO13gcq41dY3EO1bibEO1dM9E1',
  'version' => 'v1',
)
[ info ] [ RUN ] app\api\controller\v1\Token->getToken[ D:\phpstudy2\WWW\tp5\app\api\controller\v1\Token.php ]
[ info ] [ LOG ] INIT File
[ error ] [8]Use of undefined constant ture - assumed 'ture'[D:\phpstudy2\WWW\tp5\app\service\UserToken.php:30]

---------------------------------------------------------------
[ 2017-09-11T23:28:32+08:00 ] 127.0.0.1 127.0.0.1 POST /api/v1/token/user
[ log ] tp5.com/api/v1/token/user [运行时间：1.029000s][吞吐率：0.97req/s] [内存消耗：1,668.00kb] [文件加载：48]
[ info ] [ LANG ] D:\phpstudy2\WWW\tp5\thinkphp\lang\zh-cn.php
[ info ] [ ROUTE ] array (
  'type' => 'module',
  'module' => 
  array (
    0 => 'api',
    1 => 'v1.Token',
    2 => 'getToken',
  ),
  'convert' => false,
)
[ info ] [ HEADER ] array (
  'cache-control' => 'no-cache',
  'postman-token' => 'aef1c9c0-309e-4589-a637-87d22afa328f',
  'content-type' => 'application/json',
  'user-agent' => 'PostmanRuntime/3.0.11-hotfix.2',
  'accept' => '*/*',
  'host' => 'tp5.com',
  'accept-encoding' => 'gzip, deflate',
  'content-length' => '43',
  'connection' => 'keep-alive',
)
[ info ] [ PARAM ] array (
  'code' => '003dM9EO13gcq41dY3EO1bibEO1dM9E1',
  'version' => 'v1',
)
[ info ] [ RUN ] app\api\controller\v1\Token->getToken[ D:\phpstudy2\WWW\tp5\app\api\controller\v1\Token.php ]
[ info ] [ LOG ] INIT File
[ error ] [8]Use of undefined constant ture - assumed 'ture'[D:\phpstudy2\WWW\tp5\app\service\UserToken.php:30]

---------------------------------------------------------------
[ 2017-09-11T23:28:42+08:00 ] 127.0.0.1 127.0.0.1 POST /api/v1/token/user
[ log ] tp5.com/api/v1/token/user [运行时间：0.179000s][吞吐率：5.59req/s] [内存消耗：1,697.70kb] [文件加载：50]
[ info ] [ LANG ] D:\phpstudy2\WWW\tp5\thinkphp\lang\zh-cn.php
[ info ] [ ROUTE ] array (
  'type' => 'module',
  'module' => 
  array (
    0 => 'api',
    1 => 'v1.Token',
    2 => 'getToken',
  ),
  'convert' => false,
)
[ info ] [ HEADER ] array (
  'cache-control' => 'no-cache',
  'postman-token' => 'f2aa3b23-3e3c-4cb9-a643-7cd31313b5cb',
  'content-type' => 'application/json',
  'user-agent' => 'PostmanRuntime/3.0.11-hotfix.2',
  'accept' => '*/*',
  'host' => 'tp5.com',
  'accept-encoding' => 'gzip, deflate',
  'content-length' => '43',
  'connection' => 'keep-alive',
)
[ info ] [ PARAM ] array (
  'code' => '003dM9EO13gcq41dY3EO1bibEO1dM9E1',
  'version' => 'v1',
)
[ info ] [ RUN ] app\api\controller\v1\Token->getToken[ D:\phpstudy2\WWW\tp5\app\api\controller\v1\Token.php ]
[ info ] [ LOG ] INIT File
[ error ] [1]Wrong parameters for Exception([string $exception [, long $code [, Exception $previous = NULL]]])[D:\phpstudy2\WWW\tp5\app\service\UserToken.php:54]

---------------------------------------------------------------
[ 2017-09-11T23:28:53+08:00 ] 127.0.0.1 127.0.0.1 POST /api/v1/token/user
[ log ] tp5.com/api/v1/token/user [运行时间：0.176000s][吞吐率：5.68req/s] [内存消耗：1,697.70kb] [文件加载：50]
[ info ] [ LANG ] D:\phpstudy2\WWW\tp5\thinkphp\lang\zh-cn.php
[ info ] [ ROUTE ] array (
  'type' => 'module',
  'module' => 
  array (
    0 => 'api',
    1 => 'v1.Token',
    2 => 'getToken',
  ),
  'convert' => false,
)
[ info ] [ HEADER ] array (
  'cache-control' => 'no-cache',
  'postman-token' => '736c2b68-b619-4c6c-890c-e9c48d2f4f3d',
  'content-type' => 'application/json',
  'user-agent' => 'PostmanRuntime/3.0.11-hotfix.2',
  'accept' => '*/*',
  'host' => 'tp5.com',
  'accept-encoding' => 'gzip, deflate',
  'content-length' => '43',
  'connection' => 'keep-alive',
)
[ info ] [ PARAM ] array (
  'code' => '003dM9EO13gcq41dY3EO1bibEO1dM9E1',
  'version' => 'v1',
)
[ info ] [ RUN ] app\api\controller\v1\Token->getToken[ D:\phpstudy2\WWW\tp5\app\api\controller\v1\Token.php ]
[ info ] [ LOG ] INIT File
[ error ] [1]Wrong parameters for Exception([string $exception [, long $code [, Exception $previous = NULL]]])[D:\phpstudy2\WWW\tp5\app\service\UserToken.php:54]

---------------------------------------------------------------
[ 2017-09-11T23:32:48+08:00 ] 127.0.0.1 127.0.0.1 POST /api/v1/token/user
[ log ] tp5.com/api/v1/token/user [运行时间：0.270000s][吞吐率：3.70req/s] [内存消耗：1,697.70kb] [文件加载：50]
[ info ] [ LANG ] D:\phpstudy2\WWW\tp5\thinkphp\lang\zh-cn.php
[ info ] [ ROUTE ] array (
  'type' => 'module',
  'module' => 
  array (
    0 => 'api',
    1 => 'v1.Token',
    2 => 'getToken',
  ),
  'convert' => false,
)
[ info ] [ HEADER ] array (
  'cache-control' => 'no-cache',
  'postman-token' => '0353ac12-0ede-4406-8bef-cf437db1eddc',
  'content-type' => 'application/json',
  'user-agent' => 'PostmanRuntime/3.0.11-hotfix.2',
  'accept' => '*/*',
  'host' => 'tp5.com',
  'accept-encoding' => 'gzip, deflate',
  'content-length' => '43',
  'connection' => 'keep-alive',
)
[ info ] [ PARAM ] array (
  'code' => '003dM9EO13gcq41dY3EO1bibEO1dM9E1',
  'version' => 'v1',
)
[ info ] [ RUN ] app\api\controller\v1\Token->getToken[ D:\phpstudy2\WWW\tp5\app\api\controller\v1\Token.php ]
[ info ] [ LOG ] INIT File
[ error ] [1]Wrong parameters for Exception([string $exception [, long $code [, Exception $previous = NULL]]])[D:\phpstudy2\WWW\tp5\app\service\UserToken.php:54]

---------------------------------------------------------------
[ 2017-09-11T23:34:16+08:00 ] 127.0.0.1 127.0.0.1 POST /api/v1/token/user
[ log ] tp5.com/api/v1/token/user [运行时间：0.205000s][吞吐率：4.88req/s] [内存消耗：1,697.82kb] [文件加载：50]
[ info ] [ LANG ] D:\phpstudy2\WWW\tp5\thinkphp\lang\zh-cn.php
[ info ] [ ROUTE ] array (
  'type' => 'module',
  'module' => 
  array (
    0 => 'api',
    1 => 'v1.Token',
    2 => 'getToken',
  ),
  'convert' => false,
)
[ info ] [ HEADER ] array (
  'cache-control' => 'no-cache',
  'postman-token' => '3504fc2e-ada0-48e2-a75b-2c159ce93201',
  'content-type' => 'application/json',
  'user-agent' => 'PostmanRuntime/3.0.11-hotfix.2',
  'accept' => '*/*',
  'host' => 'tp5.com',
  'accept-encoding' => 'gzip, deflate',
  'content-length' => '43',
  'connection' => 'keep-alive',
)
[ info ] [ PARAM ] array (
  'code' => '003dM9EO13gcq41dY3EO1bibEO1dM9E1',
  'version' => 'v1',
)
[ info ] [ RUN ] app\api\controller\v1\Token->getToken[ D:\phpstudy2\WWW\tp5\app\api\controller\v1\Token.php ]
[ info ] [ LOG ] INIT File
[ error ] [1]Wrong parameters for Exception([string $exception [, long $code [, Exception $previous = NULL]]])[D:\phpstudy2\WWW\tp5\app\service\UserToken.php:55]

---------------------------------------------------------------
[ 2017-09-11T23:39:22+08:00 ] 127.0.0.1 127.0.0.1 POST /api/v1/token/user
[ log ] tp5.com/api/v1/token/user [运行时间：0.300000s][吞吐率：3.33req/s] [内存消耗：1,697.70kb] [文件加载：50]
[ info ] [ LANG ] D:\phpstudy2\WWW\tp5\thinkphp\lang\zh-cn.php
[ info ] [ ROUTE ] array (
  'type' => 'module',
  'module' => 
  array (
    0 => 'api',
    1 => 'v1.Token',
    2 => 'getToken',
  ),
  'convert' => false,
)
[ info ] [ HEADER ] array (
  'cache-control' => 'no-cache',
  'postman-token' => '4d49477f-7ba6-411f-b7ff-0da03fea69c2',
  'content-type' => 'application/json',
  'user-agent' => 'PostmanRuntime/3.0.11-hotfix.2',
  'accept' => '*/*',
  'host' => 'tp5.com',
  'accept-encoding' => 'gzip, deflate',
  'content-length' => '43',
  'connection' => 'keep-alive',
)
[ info ] [ PARAM ] array (
  'code' => '003dM9EO13gcq41dY3EO1bibEO1dM9E1',
  'version' => 'v1',
)
[ info ] [ RUN ] app\api\controller\v1\Token->getToken[ D:\phpstudy2\WWW\tp5\app\api\controller\v1\Token.php ]
[ info ] [ LOG ] INIT File
[ error ] [1]Wrong parameters for Exception([string $exception [, long $code [, Exception $previous = NULL]]])[D:\phpstudy2\WWW\tp5\app\service\UserToken.php:54]

---------------------------------------------------------------
[ 2017-09-11T23:40:27+08:00 ] 127.0.0.1 127.0.0.1 POST /api/v1/token/user
[ log ] tp5.com/api/v1/token/user [运行时间：0.936000s][吞吐率：1.07req/s] [内存消耗：1,680.73kb] [文件加载：49]
[ info ] [ LANG ] D:\phpstudy2\WWW\tp5\thinkphp\lang\zh-cn.php
[ info ] [ ROUTE ] array (
  'type' => 'module',
  'module' => 
  array (
    0 => 'api',
    1 => 'v1.Token',
    2 => 'getToken',
  ),
  'convert' => false,
)
[ info ] [ HEADER ] array (
  'cache-control' => 'no-cache',
  'postman-token' => 'a04e786f-a3ff-40cd-ab9b-645e9691e831',
  'content-type' => 'application/json',
  'user-agent' => 'PostmanRuntime/3.0.11-hotfix.2',
  'accept' => '*/*',
  'host' => 'tp5.com',
  'accept-encoding' => 'gzip, deflate',
  'content-length' => '43',
  'connection' => 'keep-alive',
)
[ info ] [ PARAM ] array (
  'code' => '003dM9EO13gcq41dY3EO1bibEO1dM9E1',
  'version' => 'v1',
)
[ info ] [ RUN ] app\api\controller\v1\Token->getToken[ D:\phpstudy2\WWW\tp5\app\api\controller\v1\Token.php ]
[ info ] [ LOG ] INIT File
[ error ] [404][D:\phpstudy2\WWW\tp5\app\service\UserToken.php:49]

---------------------------------------------------------------
[ 2017-09-11T23:40:58+08:00 ] 127.0.0.1 127.0.0.1 GET /api/v1/token/user?XDEBUG_SESSION_START=19908
[ log ] tp5.com/api/v1/token/user?XDEBUG_SESSION_START=19908 [运行时间：0.036000s][吞吐率：27.78req/s] [内存消耗：1,611.13kb] [文件加载：43]
[ info ] [ LANG ] D:\phpstudy2\WWW\tp5\thinkphp\lang\zh-cn.php
[ info ] [ ROUTE ] array (
  'type' => 'module',
  'module' => 
  array (
    0 => 'api',
    1 => 'v1',
    2 => 'token',
  ),
)
[ info ] [ HEADER ] array (
  'host' => 'tp5.com',
  'connection' => 'keep-alive',
  'accept' => 'text/html,application/xhtml+xml,application/xml;q=0.9,image/webp,*/*;q=0.8',
  'user-agent' => 'Mozilla/5.0 (Windows NT 6.1; WOW64) AppleWebKit/537.36 (KHTML, like Gecko) Chrome/33.0.1750.146 BIDUBrowser/6.x Safari/537.36',
  'accept-encoding' => 'gzip,deflate',
  'accept-language' => 'zh-CN,zh;q=0.8',
)
[ info ] [ PARAM ] array (
  'XDEBUG_SESSION_START' => '19908',
)
[ info ] [ LOG ] INIT File

---------------------------------------------------------------
[ 2017-09-11T23:41:11+08:00 ] 127.0.0.1 127.0.0.1 GET /api/v1/token/user?XDEBUG_SESSION_START=19908
[ log ] tp5.com/api/v1/token/user?XDEBUG_SESSION_START=19908 [运行时间：0.031000s][吞吐率：32.26req/s] [内存消耗：1,611.42kb] [文件加载：43]
[ info ] [ LANG ] D:\phpstudy2\WWW\tp5\thinkphp\lang\zh-cn.php
[ info ] [ ROUTE ] array (
  'type' => 'module',
  'module' => 
  array (
    0 => 'api',
    1 => 'v1',
    2 => 'token',
  ),
)
[ info ] [ HEADER ] array (
  'host' => 'tp5.com',
  'connection' => 'keep-alive',
  'cache-control' => 'max-age=0',
  'accept' => 'text/html,application/xhtml+xml,application/xml;q=0.9,image/webp,*/*;q=0.8',
  'user-agent' => 'Mozilla/5.0 (Windows NT 6.1; WOW64) AppleWebKit/537.36 (KHTML, like Gecko) Chrome/33.0.1750.146 BIDUBrowser/6.x Safari/537.36',
  'accept-encoding' => 'gzip,deflate',
  'accept-language' => 'zh-CN,zh;q=0.8',
  'cookie' => 'XDEBUG_SESSION=19908',
)
[ info ] [ PARAM ] array (
  'XDEBUG_SESSION_START' => '19908',
)
[ info ] [ LOG ] INIT File

---------------------------------------------------------------
[ 2017-09-11T23:41:17+08:00 ] 127.0.0.1 127.0.0.1 POST /api/v1/token/user
[ log ] tp5.com/api/v1/token/user [运行时间：0.254000s][吞吐率：3.94req/s] [内存消耗：1,680.50kb] [文件加载：49]
[ info ] [ LANG ] D:\phpstudy2\WWW\tp5\thinkphp\lang\zh-cn.php
[ info ] [ ROUTE ] array (
  'type' => 'module',
  'module' => 
  array (
    0 => 'api',
    1 => 'v1.Token',
    2 => 'getToken',
  ),
  'convert' => false,
)
[ info ] [ HEADER ] array (
  'cache-control' => 'no-cache',
  'postman-token' => '407ff782-55ed-46ff-af16-309ce92c9a0a',
  'content-type' => 'application/json',
  'user-agent' => 'PostmanRuntime/3.0.11-hotfix.2',
  'accept' => '*/*',
  'host' => 'tp5.com',
  'accept-encoding' => 'gzip, deflate',
  'content-length' => '43',
  'connection' => 'keep-alive',
)
[ info ] [ PARAM ] array (
  'code' => '003dM9EO13gcq41dY3EO1bibEO1dM9E1',
  'version' => 'v1',
)
[ info ] [ RUN ] app\api\controller\v1\Token->getToken[ D:\phpstudy2\WWW\tp5\app\api\controller\v1\Token.php ]
[ info ] [ LOG ] INIT File
[ error ] [404][D:\phpstudy2\WWW\tp5\app\service\UserToken.php:49]

---------------------------------------------------------------
[ 2017-09-11T23:44:24+08:00 ] 127.0.0.1 127.0.0.1 POST /api/v1/token/user
[ log ] tp5.com/api/v1/token/user [运行时间：0.185000s][吞吐率：5.41req/s] [内存消耗：1,680.59kb] [文件加载：49]
[ info ] [ LANG ] D:\phpstudy2\WWW\tp5\thinkphp\lang\zh-cn.php
[ info ] [ ROUTE ] array (
  'type' => 'module',
  'module' => 
  array (
    0 => 'api',
    1 => 'v1.Token',
    2 => 'getToken',
  ),
  'convert' => false,
)
[ info ] [ HEADER ] array (
  'cache-control' => 'no-cache',
  'postman-token' => 'e7cfdc51-9a77-4537-be84-daea88087cb0',
  'content-type' => 'application/json',
  'user-agent' => 'PostmanRuntime/3.0.11-hotfix.2',
  'accept' => '*/*',
  'host' => 'tp5.com',
  'accept-encoding' => 'gzip, deflate',
  'content-length' => '43',
  'connection' => 'keep-alive',
)
[ info ] [ PARAM ] array (
  'code' => '003dM9EO13gcq41dY3EO1bibEO1dM9E1',
  'version' => 'v1',
)
[ info ] [ RUN ] app\api\controller\v1\Token->getToken[ D:\phpstudy2\WWW\tp5\app\api\controller\v1\Token.php ]
[ info ] [ LOG ] INIT File
[ error ] [404][D:\phpstudy2\WWW\tp5\app\service\UserToken.php:50]

---------------------------------------------------------------
[ 2017-09-11T23:45:04+08:00 ] 127.0.0.1 127.0.0.1 POST /api/v1/token/user
[ log ] tp5.com/api/v1/token/user [运行时间：0.147000s][吞吐率：6.80req/s] [内存消耗：1,680.54kb] [文件加载：49]
[ info ] [ LANG ] D:\phpstudy2\WWW\tp5\thinkphp\lang\zh-cn.php
[ info ] [ ROUTE ] array (
  'type' => 'module',
  'module' => 
  array (
    0 => 'api',
    1 => 'v1.Token',
    2 => 'getToken',
  ),
  'convert' => false,
)
[ info ] [ HEADER ] array (
  'cache-control' => 'no-cache',
  'postman-token' => '5431b6f4-ed6a-4984-9c8a-c861ff1d8cce',
  'content-type' => 'application/json',
  'user-agent' => 'PostmanRuntime/3.0.11-hotfix.2',
  'accept' => '*/*',
  'host' => 'tp5.com',
  'accept-encoding' => 'gzip, deflate',
  'content-length' => '43',
  'connection' => 'keep-alive',
)
[ info ] [ PARAM ] array (
  'code' => '003dM9EO13gcq41dY3EO1bibEO1dM9E1',
  'version' => 'v1',
)
[ info ] [ RUN ] app\api\controller\v1\Token->getToken[ D:\phpstudy2\WWW\tp5\app\api\controller\v1\Token.php ]
[ info ] [ LOG ] INIT File
[ error ] [404][D:\phpstudy2\WWW\tp5\app\service\UserToken.php:50]

---------------------------------------------------------------
[ 2017-09-11T23:45:21+08:00 ] 127.0.0.1 127.0.0.1 POST /api/v1/token/user
[ log ] tp5.com/api/v1/token/user [运行时间：0.034000s][吞吐率：29.41req/s] [内存消耗：1,595.43kb] [文件加载：42]
[ info ] [ LANG ] D:\phpstudy2\WWW\tp5\thinkphp\lang\zh-cn.php
[ info ] [ ROUTE ] array (
  'type' => 'module',
  'module' => 
  array (
    0 => 'api',
    1 => 'v1.Token',
    2 => 'getToken',
  ),
  'convert' => false,
)
[ info ] [ HEADER ] array (
  'cache-control' => 'no-cache',
  'postman-token' => '3fb3f0c5-c03c-4fdc-8b12-bc718c63fcbe',
  'content-type' => 'application/json',
  'user-agent' => 'PostmanRuntime/3.0.11-hotfix.2',
  'accept' => '*/*',
  'host' => 'tp5.com',
  'accept-encoding' => 'gzip, deflate',
  'content-length' => '43',
  'connection' => 'keep-alive',
)
[ info ] [ PARAM ] array (
  'code' => '003dM9EO13gcq41dY3EO1bibEO1dM9E1',
  'version' => 'v1',
)
[ info ] [ RUN ] app\api\controller\v1\Token->getToken[ D:\phpstudy2\WWW\tp5\app\api\controller\v1\Token.php ]
[ info ] [ LOG ] INIT File

---------------------------------------------------------------
[ 2017-09-11T23:45:39+08:00 ] 127.0.0.1 127.0.0.1 POST /api/v1/token/user
[ log ] tp5.com/api/v1/token/user [运行时间：0.170000s][吞吐率：5.88req/s] [内存消耗：1,603.98kb] [文件加载：43]
[ info ] [ LANG ] D:\phpstudy2\WWW\tp5\thinkphp\lang\zh-cn.php
[ info ] [ ROUTE ] array (
  'type' => 'module',
  'module' => 
  array (
    0 => 'api',
    1 => 'v1.Token',
    2 => 'getToken',
  ),
  'convert' => false,
)
[ info ] [ HEADER ] array (
  'cache-control' => 'no-cache',
  'postman-token' => '3f6e0d26-2571-4e13-aec3-76f6c223895c',
  'content-type' => 'application/json',
  'user-agent' => 'PostmanRuntime/3.0.11-hotfix.2',
  'accept' => '*/*',
  'host' => 'tp5.com',
  'accept-encoding' => 'gzip, deflate',
  'content-length' => '43',
  'connection' => 'keep-alive',
)
[ info ] [ PARAM ] array (
  'code' => '003dM9EO13gcq41dY3EO1bibEO1dM9E1',
  'version' => 'v1',
)
[ info ] [ RUN ] app\api\controller\v1\Token->getToken[ D:\phpstudy2\WWW\tp5\app\api\controller\v1\Token.php ]
[ info ] [ LOG ] INIT File

---------------------------------------------------------------
[ 2017-09-11T23:45:42+08:00 ] 127.0.0.1 127.0.0.1 POST /api/v1/token/user
[ log ] tp5.com/api/v1/token/user [运行时间：0.198000s][吞吐率：5.05req/s] [内存消耗：1,603.98kb] [文件加载：43]
[ info ] [ LANG ] D:\phpstudy2\WWW\tp5\thinkphp\lang\zh-cn.php
[ info ] [ ROUTE ] array (
  'type' => 'module',
  'module' => 
  array (
    0 => 'api',
    1 => 'v1.Token',
    2 => 'getToken',
  ),
  'convert' => false,
)
[ info ] [ HEADER ] array (
  'cache-control' => 'no-cache',
  'postman-token' => '6525fda4-0b6f-443e-87e7-345922fe9903',
  'content-type' => 'application/json',
  'user-agent' => 'PostmanRuntime/3.0.11-hotfix.2',
  'accept' => '*/*',
  'host' => 'tp5.com',
  'accept-encoding' => 'gzip, deflate',
  'content-length' => '43',
  'connection' => 'keep-alive',
)
[ info ] [ PARAM ] array (
  'code' => '003dM9EO13gcq41dY3EO1bibEO1dM9E1',
  'version' => 'v1',
)
[ info ] [ RUN ] app\api\controller\v1\Token->getToken[ D:\phpstudy2\WWW\tp5\app\api\controller\v1\Token.php ]
[ info ] [ LOG ] INIT File

---------------------------------------------------------------
[ 2017-09-11T23:45:46+08:00 ] 127.0.0.1 127.0.0.1 POST /api/v1/token/user
[ log ] tp5.com/api/v1/token/user [运行时间：0.196000s][吞吐率：5.10req/s] [内存消耗：1,680.52kb] [文件加载：49]
[ info ] [ LANG ] D:\phpstudy2\WWW\tp5\thinkphp\lang\zh-cn.php
[ info ] [ ROUTE ] array (
  'type' => 'module',
  'module' => 
  array (
    0 => 'api',
    1 => 'v1.Token',
    2 => 'getToken',
  ),
  'convert' => false,
)
[ info ] [ HEADER ] array (
  'cache-control' => 'no-cache',
  'postman-token' => '08631342-f514-4f55-8c0d-c51147640100',
  'content-type' => 'application/json',
  'user-agent' => 'PostmanRuntime/3.0.11-hotfix.2',
  'accept' => '*/*',
  'host' => 'tp5.com',
  'accept-encoding' => 'gzip, deflate',
  'content-length' => '43',
  'connection' => 'keep-alive',
)
[ info ] [ PARAM ] array (
  'code' => '003dM9EO13gcq41dY3EO1bibEO1dM9E1',
  'version' => 'v1',
)
[ info ] [ RUN ] app\api\controller\v1\Token->getToken[ D:\phpstudy2\WWW\tp5\app\api\controller\v1\Token.php ]
[ info ] [ LOG ] INIT File
[ error ] [404][D:\phpstudy2\WWW\tp5\app\service\UserToken.php:51]

---------------------------------------------------------------
[ 2017-09-11T23:45:51+08:00 ] 127.0.0.1 127.0.0.1 POST /api/v1/token/user
[ log ] tp5.com/api/v1/token/user [运行时间：0.185000s][吞吐率：5.41req/s] [内存消耗：1,680.59kb] [文件加载：49]
[ info ] [ LANG ] D:\phpstudy2\WWW\tp5\thinkphp\lang\zh-cn.php
[ info ] [ ROUTE ] array (
  'type' => 'module',
  'module' => 
  array (
    0 => 'api',
    1 => 'v1.Token',
    2 => 'getToken',
  ),
  'convert' => false,
)
[ info ] [ HEADER ] array (
  'cache-control' => 'no-cache',
  'postman-token' => 'b0018fd1-69b7-4f47-8dcd-dbb6c7186db3',
  'content-type' => 'application/json',
  'user-agent' => 'PostmanRuntime/3.0.11-hotfix.2',
  'accept' => '*/*',
  'host' => 'tp5.com',
  'accept-encoding' => 'gzip, deflate',
  'content-length' => '43',
  'connection' => 'keep-alive',
)
[ info ] [ PARAM ] array (
  'code' => '003dM9EO13gcq41dY3EO1bibEO1dM9E1',
  'version' => 'v1',
)
[ info ] [ RUN ] app\api\controller\v1\Token->getToken[ D:\phpstudy2\WWW\tp5\app\api\controller\v1\Token.php ]
[ info ] [ LOG ] INIT File
[ error ] [404][D:\phpstudy2\WWW\tp5\app\service\UserToken.php:51]

---------------------------------------------------------------
[ 2017-09-11T23:46:13+08:00 ] 127.0.0.1 127.0.0.1 POST /api/v1/token/user
[ log ] tp5.com/api/v1/token/user [运行时间：0.174000s][吞吐率：5.75req/s] [内存消耗：1,612.99kb] [文件加载：44]
[ info ] [ LANG ] D:\phpstudy2\WWW\tp5\thinkphp\lang\zh-cn.php
[ info ] [ ROUTE ] array (
  'type' => 'module',
  'module' => 
  array (
    0 => 'api',
    1 => 'v1.Token',
    2 => 'getToken',
  ),
  'convert' => false,
)
[ info ] [ HEADER ] array (
  'cache-control' => 'no-cache',
  'postman-token' => '6fa1ee1a-9986-4731-9391-a070c5ab94f5',
  'content-type' => 'application/json',
  'user-agent' => 'PostmanRuntime/3.0.11-hotfix.2',
  'accept' => '*/*',
  'host' => 'tp5.com',
  'accept-encoding' => 'gzip, deflate',
  'content-length' => '43',
  'connection' => 'keep-alive',
)
[ info ] [ PARAM ] array (
  'code' => '003dM9EO13gcq41dY3EO1bibEO1dM9E1',
  'version' => 'v1',
)
[ info ] [ RUN ] app\api\controller\v1\Token->getToken[ D:\phpstudy2\WWW\tp5\app\api\controller\v1\Token.php ]
[ info ] [ LOG ] INIT File

---------------------------------------------------------------
[ 2017-09-11T23:46:32+08:00 ] 127.0.0.1 127.0.0.1 POST /api/v1/token/user
[ log ] tp5.com/api/v1/token/user [运行时间：0.287000s][吞吐率：3.48req/s] [内存消耗：1,697.51kb] [文件加载：50]
[ info ] [ LANG ] D:\phpstudy2\WWW\tp5\thinkphp\lang\zh-cn.php
[ info ] [ ROUTE ] array (
  'type' => 'module',
  'module' => 
  array (
    0 => 'api',
    1 => 'v1.Token',
    2 => 'getToken',
  ),
  'convert' => false,
)
[ info ] [ HEADER ] array (
  'cache-control' => 'no-cache',
  'postman-token' => '3a5d4184-0669-4123-880b-fb05fb3188d3',
  'content-type' => 'application/json',
  'user-agent' => 'PostmanRuntime/3.0.11-hotfix.2',
  'accept' => '*/*',
  'host' => 'tp5.com',
  'accept-encoding' => 'gzip, deflate',
  'content-length' => '43',
  'connection' => 'keep-alive',
)
[ info ] [ PARAM ] array (
  'code' => '003dM9EO13gcq41dY3EO1bibEO1dM9E1',
  'version' => 'v1',
)
[ info ] [ RUN ] app\api\controller\v1\Token->getToken[ D:\phpstudy2\WWW\tp5\app\api\controller\v1\Token.php ]
[ info ] [ LOG ] INIT File
[ error ] [1]Wrong parameters for Exception([string $exception [, long $code [, Exception $previous = NULL]]])[D:\phpstudy2\WWW\tp5\app\service\UserToken.php:58]

---------------------------------------------------------------
[ 2017-09-11T23:47:45+08:00 ] 127.0.0.1 127.0.0.1 POST /api/v1/token/user
[ log ] tp5.com/api/v1/token/user [运行时间：0.201000s][吞吐率：4.98req/s] [内存消耗：1,697.58kb] [文件加载：50]
[ info ] [ LANG ] D:\phpstudy2\WWW\tp5\thinkphp\lang\zh-cn.php
[ info ] [ ROUTE ] array (
  'type' => 'module',
  'module' => 
  array (
    0 => 'api',
    1 => 'v1.Token',
    2 => 'getToken',
  ),
  'convert' => false,
)
[ info ] [ HEADER ] array (
  'cache-control' => 'no-cache',
  'postman-token' => 'ff73d8c8-84e6-4712-9088-8731343bffcf',
  'content-type' => 'application/json',
  'user-agent' => 'PostmanRuntime/3.0.11-hotfix.2',
  'accept' => '*/*',
  'host' => 'tp5.com',
  'accept-encoding' => 'gzip, deflate',
  'content-length' => '43',
  'connection' => 'keep-alive',
)
[ info ] [ PARAM ] array (
  'code' => '003dM9EO13gcq41dY3EO1bibEO1dM9E1',
  'version' => 'v1',
)
[ info ] [ RUN ] app\api\controller\v1\Token->getToken[ D:\phpstudy2\WWW\tp5\app\api\controller\v1\Token.php ]
[ info ] [ LOG ] INIT File
[ error ] [1]Wrong parameters for Exception([string $exception [, long $code [, Exception $previous = NULL]]])[D:\phpstudy2\WWW\tp5\app\service\UserToken.php:58]

---------------------------------------------------------------
[ 2017-09-11T23:49:25+08:00 ] 127.0.0.1 127.0.0.1 POST /api/v1/token/user
[ log ] tp5.com/api/v1/token/user [运行时间：0.238000s][吞吐率：4.20req/s] [内存消耗：1,697.51kb] [文件加载：50]
[ info ] [ LANG ] D:\phpstudy2\WWW\tp5\thinkphp\lang\zh-cn.php
[ info ] [ ROUTE ] array (
  'type' => 'module',
  'module' => 
  array (
    0 => 'api',
    1 => 'v1.Token',
    2 => 'getToken',
  ),
  'convert' => false,
)
[ info ] [ HEADER ] array (
  'cache-control' => 'no-cache',
  'postman-token' => '35738de0-5c88-4ff7-bdd5-96599f93a1bf',
  'content-type' => 'application/json',
  'user-agent' => 'PostmanRuntime/3.0.11-hotfix.2',
  'accept' => '*/*',
  'host' => 'tp5.com',
  'accept-encoding' => 'gzip, deflate',
  'content-length' => '43',
  'connection' => 'keep-alive',
)
[ info ] [ PARAM ] array (
  'code' => '003dM9EO13gcq41dY3EO1bibEO1dM9E1',
  'version' => 'v1',
)
[ info ] [ RUN ] app\api\controller\v1\Token->getToken[ D:\phpstudy2\WWW\tp5\app\api\controller\v1\Token.php ]
[ info ] [ LOG ] INIT File
[ error ] [1]Wrong parameters for Exception([string $exception [, long $code [, Exception $previous = NULL]]])[D:\phpstudy2\WWW\tp5\app\service\UserToken.php:58]

---------------------------------------------------------------
[ 2017-09-11T23:49:54+08:00 ] 127.0.0.1 127.0.0.1 POST /api/v1/token/user
[ log ] tp5.com/api/v1/token/user [运行时间：3.198000s][吞吐率：0.31req/s] [内存消耗：1,697.32kb] [文件加载：50]
[ info ] [ LANG ] D:\phpstudy2\WWW\tp5\thinkphp\lang\zh-cn.php
[ info ] [ ROUTE ] array (
  'type' => 'module',
  'module' => 
  array (
    0 => 'api',
    1 => 'v1.Token',
    2 => 'getToken',
  ),
  'convert' => false,
)
[ info ] [ HEADER ] array (
  'cache-control' => 'no-cache',
  'postman-token' => 'c8b5e88e-93fd-407d-bb3c-95102b4c3dc0',
  'content-type' => 'application/json',
  'user-agent' => 'PostmanRuntime/3.0.11-hotfix.2',
  'accept' => '*/*',
  'host' => 'tp5.com',
  'accept-encoding' => 'gzip, deflate',
  'content-length' => '43',
  'connection' => 'keep-alive',
)
[ info ] [ PARAM ] array (
  'code' => '003dM9EO13gcq41dY3EO1bibEO1dM9E1',
  'version' => 'v1',
)
[ info ] [ RUN ] app\api\controller\v1\Token->getToken[ D:\phpstudy2\WWW\tp5\app\api\controller\v1\Token.php ]
[ info ] [ LOG ] INIT File
[ error ] [1]Wrong parameters for Exception([string $exception [, long $code [, Exception $previous = NULL]]])[D:\phpstudy2\WWW\tp5\app\service\UserToken.php:58]

---------------------------------------------------------------
[ 2017-09-11T23:50:01+08:00 ] 127.0.0.1 127.0.0.1 POST /api/v1/token/user
[ log ] tp5.com/api/v1/token/user [运行时间：0.195000s][吞吐率：5.13req/s] [内存消耗：1,697.51kb] [文件加载：50]
[ info ] [ LANG ] D:\phpstudy2\WWW\tp5\thinkphp\lang\zh-cn.php
[ info ] [ ROUTE ] array (
  'type' => 'module',
  'module' => 
  array (
    0 => 'api',
    1 => 'v1.Token',
    2 => 'getToken',
  ),
  'convert' => false,
)
[ info ] [ HEADER ] array (
  'cache-control' => 'no-cache',
  'postman-token' => '63d67f3c-dfaf-4b65-b9c3-303e606af969',
  'content-type' => 'application/json',
  'user-agent' => 'PostmanRuntime/3.0.11-hotfix.2',
  'accept' => '*/*',
  'host' => 'tp5.com',
  'accept-encoding' => 'gzip, deflate',
  'content-length' => '43',
  'connection' => 'keep-alive',
)
[ info ] [ PARAM ] array (
  'code' => '003dM9EO13gcq41dY3EO1bibEO1dM9E1',
  'version' => 'v1',
)
[ info ] [ RUN ] app\api\controller\v1\Token->getToken[ D:\phpstudy2\WWW\tp5\app\api\controller\v1\Token.php ]
[ info ] [ LOG ] INIT File
[ error ] [1]Wrong parameters for Exception([string $exception [, long $code [, Exception $previous = NULL]]])[D:\phpstudy2\WWW\tp5\app\service\UserToken.php:58]

---------------------------------------------------------------
