[ 2017-10-21T22:42:41+08:00 ] 127.0.0.1 127.0.0.1 GET /api/v1/banner/1
[ log ] restful_api.com/api/v1/banner/1 [运行时间：1.293000s][吞吐率：0.77req/s] [内存消耗：2,993.54kb] [文件加载：62]
[ info ] [ LANG ] D:\phpstudy2\WWW\tp5\thinkphp\lang\zh-cn.php
[ info ] [ ROUTE ] array (
  'type' => 'module',
  'module' => 
  array (
    0 => 'api',
    1 => 'v1.Banner',
    2 => 'getBanner',
  ),
  'convert' => false,
)
[ info ] [ HEADER ] array (
  'cache-control' => 'no-cache',
  'postman-token' => 'e396b3cd-0f64-4729-8622-592024f5e038',
  'user-agent' => 'PostmanRuntime/3.0.11-hotfix.2',
  'accept' => '*/*',
  'host' => 'restful_api.com',
  'accept-encoding' => 'gzip, deflate',
  'connection' => 'keep-alive',
)
[ info ] [ PARAM ] array (
  'version' => 'v1',
  'id' => '1',
)
[ info ] [ RUN ] app\api\controller\v1\Banner->getBanner[ D:\phpstudy2\WWW\tp5\app\api\controller\v1\Banner.php ]
[ info ] [ DB ] INIT mysql
[ info ] [ LOG ] INIT File
[ sql ] [ DB ] CONNECT:[ UseTime:0.000000s ] mysql:dbname=zerg;host=127.0.0.1;charset=utf8
[ sql ] [ SQL ] SHOW COLUMNS FROM `banner` [ RunTime:0.078000s ]
[ sql ] [ SQL ] SELECT * FROM `banner` WHERE  `id` = 1 LIMIT 1 [ RunTime:0.000000s ]
[ sql ] [ SQL ] SHOW COLUMNS FROM `banner_item` [ RunTime:0.046800s ]
[ sql ] [ SQL ] SELECT * FROM `banner_item` WHERE  `banner_id` = 1 [ RunTime:0.000000s ]
[ sql ] [ SQL ] SELECT * FROM `banner_item` WHERE  `banner_id` = 1 [ RunTime:0.000000s ]
[ sql ] [ SQL ] SHOW COLUMNS FROM `image` [ RunTime:0.015600s ]
[ sql ] [ SQL ] SELECT * FROM `image` WHERE  `id` IN (65,2,3,1) [ RunTime:0.000000s ]

---------------------------------------------------------------
[ 2017-10-21T22:44:07+08:00 ] 127.0.0.1 127.0.0.1 GET /api/v1/banner/1
[ log ] restful_api.com/api/v1/banner/1 [运行时间：0.523000s][吞吐率：1.91req/s] [内存消耗：2,993.55kb] [文件加载：62]
[ info ] [ LANG ] D:\phpstudy2\WWW\tp5\thinkphp\lang\zh-cn.php
[ info ] [ ROUTE ] array (
  'type' => 'module',
  'module' => 
  array (
    0 => 'api',
    1 => 'v1.Banner',
    2 => 'getBanner',
  ),
  'convert' => false,
)
[ info ] [ HEADER ] array (
  'cache-control' => 'no-cache',
  'postman-token' => '3e93d509-de93-4b81-a30c-d6e9dd2b9f35',
  'user-agent' => 'PostmanRuntime/3.0.11-hotfix.2',
  'accept' => '*/*',
  'host' => 'restful_api.com',
  'accept-encoding' => 'gzip, deflate',
  'connection' => 'keep-alive',
)
[ info ] [ PARAM ] array (
  'version' => 'v1',
  'id' => '1',
)
[ info ] [ RUN ] app\api\controller\v1\Banner->getBanner[ D:\phpstudy2\WWW\tp5\app\api\controller\v1\Banner.php ]
[ info ] [ DB ] INIT mysql
[ info ] [ LOG ] INIT File
[ sql ] [ DB ] CONNECT:[ UseTime:0.010000s ] mysql:dbname=zerg;host=127.0.0.1;charset=utf8
[ sql ] [ SQL ] SHOW COLUMNS FROM `banner` [ RunTime:0.009000s ]
[ sql ] [ SQL ] SELECT * FROM `banner` WHERE  `id` = 1 LIMIT 1 [ RunTime:0.001000s ]
[ sql ] [ SQL ] SHOW COLUMNS FROM `banner_item` [ RunTime:0.009000s ]
[ sql ] [ SQL ] SELECT * FROM `banner_item` WHERE  `banner_id` = 1 [ RunTime:0.001000s ]
[ sql ] [ SQL ] SELECT * FROM `banner_item` WHERE  `banner_id` = 1 [ RunTime:0.000000s ]
[ sql ] [ SQL ] SHOW COLUMNS FROM `image` [ RunTime:0.009000s ]
[ sql ] [ SQL ] SELECT * FROM `image` WHERE  `id` IN (65,2,3,1) [ RunTime:0.001000s ]

---------------------------------------------------------------
[ 2017-10-21T22:46:11+08:00 ] 127.0.0.1 127.0.0.1 GET /api/v1/banner/1?XDEBUG_SESSION_START=17280
[ log ] restful_api.com/api/v1/banner/1?XDEBUG_SESSION_START=17280 [运行时间：45.381000s][吞吐率：0.02req/s] [内存消耗：2,993.81kb] [文件加载：62]
[ info ] [ LANG ] D:\phpstudy2\WWW\tp5\thinkphp\lang\zh-cn.php
[ info ] [ ROUTE ] array (
  'type' => 'module',
  'module' => 
  array (
    0 => 'api',
    1 => 'v1.Banner',
    2 => 'getBanner',
  ),
  'convert' => false,
)
[ info ] [ HEADER ] array (
  'host' => 'restful_api.com',
  'connection' => 'keep-alive',
  'accept' => 'text/html,application/xhtml+xml,application/xml;q=0.9,image/webp,*/*;q=0.8',
  'user-agent' => 'Mozilla/5.0 (Windows NT 6.1; WOW64) AppleWebKit/537.36 (KHTML, like Gecko) Chrome/33.0.1750.146 BIDUBrowser/6.x Safari/537.36',
  'accept-encoding' => 'gzip,deflate',
  'accept-language' => 'zh-CN,zh;q=0.8',
)
[ info ] [ PARAM ] array (
  'XDEBUG_SESSION_START' => '17280',
  'version' => 'v1',
  'id' => '1',
)
[ info ] [ RUN ] app\api\controller\v1\Banner->getBanner[ D:\phpstudy2\WWW\tp5\app\api\controller\v1\Banner.php ]
[ info ] [ DB ] INIT mysql
[ info ] [ LOG ] INIT File
[ sql ] [ DB ] CONNECT:[ UseTime:0.000000s ] mysql:dbname=zerg;host=127.0.0.1;charset=utf8
[ sql ] [ SQL ] SHOW COLUMNS FROM `banner` [ RunTime:0.009000s ]
[ sql ] [ SQL ] SELECT * FROM `banner` WHERE  `id` = 1 LIMIT 1 [ RunTime:0.001000s ]
[ sql ] [ SQL ] SHOW COLUMNS FROM `banner_item` [ RunTime:0.008000s ]
[ sql ] [ SQL ] SELECT * FROM `banner_item` WHERE  `banner_id` = 1 [ RunTime:0.001000s ]
[ sql ] [ SQL ] SELECT * FROM `banner_item` WHERE  `banner_id` = 1 [ RunTime:0.001000s ]
[ sql ] [ SQL ] SHOW COLUMNS FROM `image` [ RunTime:0.009000s ]
[ sql ] [ SQL ] SELECT * FROM `image` WHERE  `id` IN (65,2,3,1) [ RunTime:0.000000s ]

---------------------------------------------------------------
[ 2017-10-21T22:47:35+08:00 ] 127.0.0.1 127.0.0.1 GET /api/v1/banner/1
[ log ] restful_api.com/api/v1/banner/1 [运行时间：0.512000s][吞吐率：1.95req/s] [内存消耗：2,993.36kb] [文件加载：62]
[ info ] [ LANG ] D:\phpstudy2\WWW\tp5\thinkphp\lang\zh-cn.php
[ info ] [ ROUTE ] array (
  'type' => 'module',
  'module' => 
  array (
    0 => 'api',
    1 => 'v1.Banner',
    2 => 'getBanner',
  ),
  'convert' => false,
)
[ info ] [ HEADER ] array (
  'cache-control' => 'no-cache',
  'postman-token' => 'c8c66040-67c1-473a-987a-b6e52d54ef5f',
  'user-agent' => 'PostmanRuntime/3.0.11-hotfix.2',
  'accept' => '*/*',
  'host' => 'restful_api.com',
  'accept-encoding' => 'gzip, deflate',
  'connection' => 'keep-alive',
)
[ info ] [ PARAM ] array (
  'version' => 'v1',
  'id' => '1',
)
[ info ] [ RUN ] app\api\controller\v1\Banner->getBanner[ D:\phpstudy2\WWW\tp5\app\api\controller\v1\Banner.php ]
[ info ] [ DB ] INIT mysql
[ info ] [ LOG ] INIT File
[ sql ] [ DB ] CONNECT:[ UseTime:0.010000s ] mysql:dbname=zerg;host=127.0.0.1;charset=utf8
[ sql ] [ SQL ] SHOW COLUMNS FROM `banner` [ RunTime:0.009000s ]
[ sql ] [ SQL ] SELECT * FROM `banner` WHERE  `id` = 1 LIMIT 1 [ RunTime:0.000000s ]
[ sql ] [ SQL ] SHOW COLUMNS FROM `banner_item` [ RunTime:0.008000s ]
[ sql ] [ SQL ] SELECT * FROM `banner_item` WHERE  `banner_id` = 1 [ RunTime:0.000000s ]
[ sql ] [ SQL ] SELECT * FROM `banner_item` WHERE  `banner_id` = 1 [ RunTime:0.001000s ]
[ sql ] [ SQL ] SHOW COLUMNS FROM `image` [ RunTime:0.008000s ]
[ sql ] [ SQL ] SELECT * FROM `image` WHERE  `id` IN (2,2,3,1) [ RunTime:0.000000s ]

---------------------------------------------------------------
[ 2017-10-21T22:47:45+08:00 ] 127.0.0.1 127.0.0.1 GET /api/v1/banner/1
[ log ] restful_api.com/api/v1/banner/1 [运行时间：0.525000s][吞吐率：1.90req/s] [内存消耗：2,993.36kb] [文件加载：62]
[ info ] [ LANG ] D:\phpstudy2\WWW\tp5\thinkphp\lang\zh-cn.php
[ info ] [ ROUTE ] array (
  'type' => 'module',
  'module' => 
  array (
    0 => 'api',
    1 => 'v1.Banner',
    2 => 'getBanner',
  ),
  'convert' => false,
)
[ info ] [ HEADER ] array (
  'cache-control' => 'no-cache',
  'postman-token' => '1b208d26-0589-40bb-a2c0-75337fac0cd8',
  'user-agent' => 'PostmanRuntime/3.0.11-hotfix.2',
  'accept' => '*/*',
  'host' => 'restful_api.com',
  'accept-encoding' => 'gzip, deflate',
  'connection' => 'keep-alive',
)
[ info ] [ PARAM ] array (
  'version' => 'v1',
  'id' => '1',
)
[ info ] [ RUN ] app\api\controller\v1\Banner->getBanner[ D:\phpstudy2\WWW\tp5\app\api\controller\v1\Banner.php ]
[ info ] [ DB ] INIT mysql
[ info ] [ LOG ] INIT File
[ sql ] [ DB ] CONNECT:[ UseTime:0.010000s ] mysql:dbname=zerg;host=127.0.0.1;charset=utf8
[ sql ] [ SQL ] SHOW COLUMNS FROM `banner` [ RunTime:0.014000s ]
[ sql ] [ SQL ] SELECT * FROM `banner` WHERE  `id` = 1 LIMIT 1 [ RunTime:0.001000s ]
[ sql ] [ SQL ] SHOW COLUMNS FROM `banner_item` [ RunTime:0.011000s ]
[ sql ] [ SQL ] SELECT * FROM `banner_item` WHERE  `banner_id` = 1 [ RunTime:0.000000s ]
[ sql ] [ SQL ] SELECT * FROM `banner_item` WHERE  `banner_id` = 1 [ RunTime:0.001000s ]
[ sql ] [ SQL ] SHOW COLUMNS FROM `image` [ RunTime:0.007000s ]
[ sql ] [ SQL ] SELECT * FROM `image` WHERE  `id` IN (2,2,3,1) [ RunTime:0.000000s ]

---------------------------------------------------------------
[ 2017-10-21T22:48:16+08:00 ] 127.0.0.1 127.0.0.1 GET /api/v1/banner/1
[ log ] restful_api.com/api/v1/banner/1 [运行时间：0.531000s][吞吐率：1.88req/s] [内存消耗：2,993.37kb] [文件加载：62]
[ info ] [ LANG ] D:\phpstudy2\WWW\tp5\thinkphp\lang\zh-cn.php
[ info ] [ ROUTE ] array (
  'type' => 'module',
  'module' => 
  array (
    0 => 'api',
    1 => 'v1.Banner',
    2 => 'getBanner',
  ),
  'convert' => false,
)
[ info ] [ HEADER ] array (
  'cache-control' => 'no-cache',
  'postman-token' => 'a3dea59a-db27-4780-b1ea-242f8d682135',
  'user-agent' => 'PostmanRuntime/3.0.11-hotfix.2',
  'accept' => '*/*',
  'host' => 'restful_api.com',
  'accept-encoding' => 'gzip, deflate',
  'connection' => 'keep-alive',
)
[ info ] [ PARAM ] array (
  'version' => 'v1',
  'id' => '1',
)
[ info ] [ RUN ] app\api\controller\v1\Banner->getBanner[ D:\phpstudy2\WWW\tp5\app\api\controller\v1\Banner.php ]
[ info ] [ DB ] INIT mysql
[ info ] [ LOG ] INIT File
[ sql ] [ DB ] CONNECT:[ UseTime:0.010000s ] mysql:dbname=zerg;host=127.0.0.1;charset=utf8
[ sql ] [ SQL ] SHOW COLUMNS FROM `banner` [ RunTime:0.009000s ]
[ sql ] [ SQL ] SELECT * FROM `banner` WHERE  `id` = 1 LIMIT 1 [ RunTime:0.001000s ]
[ sql ] [ SQL ] SHOW COLUMNS FROM `banner_item` [ RunTime:0.011000s ]
[ sql ] [ SQL ] SELECT * FROM `banner_item` WHERE  `banner_id` = 1 [ RunTime:0.001000s ]
[ sql ] [ SQL ] SELECT * FROM `banner_item` WHERE  `banner_id` = 1 [ RunTime:0.000000s ]
[ sql ] [ SQL ] SHOW COLUMNS FROM `image` [ RunTime:0.011000s ]
[ sql ] [ SQL ] SELECT * FROM `image` WHERE  `id` IN (65,2,3,2) [ RunTime:0.001000s ]

---------------------------------------------------------------
[ 2017-10-21T22:49:00+08:00 ] 127.0.0.1 127.0.0.1 GET /api/v1/banner/1
[ log ] restful_api.com/api/v1/banner/1 [运行时间：0.532000s][吞吐率：1.88req/s] [内存消耗：2,993.03kb] [文件加载：62]
[ info ] [ LANG ] D:\phpstudy2\WWW\tp5\thinkphp\lang\zh-cn.php
[ info ] [ ROUTE ] array (
  'type' => 'module',
  'module' => 
  array (
    0 => 'api',
    1 => 'v1.Banner',
    2 => 'getBanner',
  ),
  'convert' => false,
)
[ info ] [ HEADER ] array (
  'cache-control' => 'no-cache',
  'postman-token' => '3ba69b91-19d2-4495-95a9-faee989e4efe',
  'user-agent' => 'PostmanRuntime/3.0.11-hotfix.2',
  'accept' => '*/*',
  'host' => 'restful_api.com',
  'accept-encoding' => 'gzip, deflate',
  'connection' => 'keep-alive',
)
[ info ] [ PARAM ] array (
  'version' => 'v1',
  'id' => '1',
)
[ info ] [ RUN ] app\api\controller\v1\Banner->getBanner[ D:\phpstudy2\WWW\tp5\app\api\controller\v1\Banner.php ]
[ info ] [ DB ] INIT mysql
[ info ] [ LOG ] INIT File
[ sql ] [ DB ] CONNECT:[ UseTime:0.010000s ] mysql:dbname=zerg;host=127.0.0.1;charset=utf8
[ sql ] [ SQL ] SHOW COLUMNS FROM `banner` [ RunTime:0.012000s ]
[ sql ] [ SQL ] SELECT * FROM `banner` WHERE  `id` = 1 LIMIT 1 [ RunTime:0.000000s ]
[ sql ] [ SQL ] SHOW COLUMNS FROM `banner_item` [ RunTime:0.012000s ]
[ sql ] [ SQL ] SELECT * FROM `banner_item` WHERE  `banner_id` = 1 [ RunTime:0.001000s ]
[ sql ] [ SQL ] SELECT * FROM `banner_item` WHERE  `banner_id` = 1 [ RunTime:0.000000s ]
[ sql ] [ SQL ] SHOW COLUMNS FROM `image` [ RunTime:0.011000s ]
[ sql ] [ SQL ] SELECT * FROM `image` WHERE  `id` IN (65,2,3,1) [ RunTime:0.000000s ]

---------------------------------------------------------------
[ 2017-10-21T22:49:57+08:00 ] 127.0.0.1 127.0.0.1 GET /api/v1/banner/1
[ log ] restful_api.com/api/v1/banner/1 [运行时间：0.509000s][吞吐率：1.96req/s] [内存消耗：2,993.59kb] [文件加载：62]
[ info ] [ LANG ] D:\phpstudy2\WWW\tp5\thinkphp\lang\zh-cn.php
[ info ] [ ROUTE ] array (
  'type' => 'module',
  'module' => 
  array (
    0 => 'api',
    1 => 'v1.Banner',
    2 => 'getBanner',
  ),
  'convert' => false,
)
[ info ] [ HEADER ] array (
  'cache-control' => 'no-cache',
  'postman-token' => '5c1b425d-fb36-4322-9a04-1ece59af6d62',
  'user-agent' => 'PostmanRuntime/3.0.11-hotfix.2',
  'accept' => '*/*',
  'host' => 'restful_api.com',
  'accept-encoding' => 'gzip, deflate',
  'connection' => 'keep-alive',
)
[ info ] [ PARAM ] array (
  'version' => 'v1',
  'id' => '1',
)
[ info ] [ RUN ] app\api\controller\v1\Banner->getBanner[ D:\phpstudy2\WWW\tp5\app\api\controller\v1\Banner.php ]
[ info ] [ DB ] INIT mysql
[ info ] [ LOG ] INIT File
[ sql ] [ DB ] CONNECT:[ UseTime:0.010000s ] mysql:dbname=zerg;host=127.0.0.1;charset=utf8
[ sql ] [ SQL ] SHOW COLUMNS FROM `banner` [ RunTime:0.010000s ]
[ sql ] [ SQL ] SELECT * FROM `banner` WHERE  `id` = 1 LIMIT 1 [ RunTime:0.001000s ]
[ sql ] [ SQL ] SHOW COLUMNS FROM `banner_item` [ RunTime:0.009000s ]
[ sql ] [ SQL ] SELECT * FROM `banner_item` WHERE  `banner_id` = 1 [ RunTime:0.001000s ]
[ sql ] [ SQL ] SELECT * FROM `banner_item` WHERE  `banner_id` = 1 [ RunTime:0.000000s ]
[ sql ] [ SQL ] SHOW COLUMNS FROM `image` [ RunTime:0.009000s ]
[ sql ] [ SQL ] SELECT * FROM `image` WHERE  `id` IN (65,2,3,1) [ RunTime:0.001000s ]

---------------------------------------------------------------
[ 2017-10-21T22:56:17+08:00 ] 127.0.0.1 127.0.0.1 GET /api/v1/banner/1?XDEBUG_SESSION_START=17280
[ log ] restful_api.com/api/v1/banner/1?XDEBUG_SESSION_START=17280 [运行时间：0.505000s][吞吐率：1.98req/s] [内存消耗：2,994.20kb] [文件加载：62]
[ info ] [ LANG ] D:\phpstudy2\WWW\tp5\thinkphp\lang\zh-cn.php
[ info ] [ ROUTE ] array (
  'type' => 'module',
  'module' => 
  array (
    0 => 'api',
    1 => 'v1.Banner',
    2 => 'getBanner',
  ),
  'convert' => false,
)
[ info ] [ HEADER ] array (
  'host' => 'restful_api.com',
  'connection' => 'keep-alive',
  'cache-control' => 'max-age=0',
  'accept' => 'text/html,application/xhtml+xml,application/xml;q=0.9,image/webp,*/*;q=0.8',
  'user-agent' => 'Mozilla/5.0 (Windows NT 6.1; WOW64) AppleWebKit/537.36 (KHTML, like Gecko) Chrome/33.0.1750.146 BIDUBrowser/6.x Safari/537.36',
  'accept-encoding' => 'gzip,deflate',
  'accept-language' => 'zh-CN,zh;q=0.8',
  'cookie' => 'XDEBUG_SESSION=17280',
)
[ info ] [ PARAM ] array (
  'XDEBUG_SESSION_START' => '17280',
  'version' => 'v1',
  'id' => '1',
)
[ info ] [ RUN ] app\api\controller\v1\Banner->getBanner[ D:\phpstudy2\WWW\tp5\app\api\controller\v1\Banner.php ]
[ info ] [ DB ] INIT mysql
[ info ] [ LOG ] INIT File
[ sql ] [ DB ] CONNECT:[ UseTime:0.001000s ] mysql:dbname=zerg;host=127.0.0.1;charset=utf8
[ sql ] [ SQL ] SHOW COLUMNS FROM `banner` [ RunTime:0.009000s ]
[ sql ] [ SQL ] SELECT * FROM `banner` WHERE  `id` = 1 LIMIT 1 [ RunTime:0.001000s ]
[ sql ] [ SQL ] SHOW COLUMNS FROM `banner_item` [ RunTime:0.011000s ]
[ sql ] [ SQL ] SELECT * FROM `banner_item` WHERE  `banner_id` = 1 [ RunTime:0.001000s ]
[ sql ] [ SQL ] SELECT * FROM `banner_item` WHERE  `banner_id` = 1 [ RunTime:0.000000s ]
[ sql ] [ SQL ] SHOW COLUMNS FROM `image` [ RunTime:0.007000s ]
[ sql ] [ SQL ] SELECT * FROM `image` WHERE  `id` IN (65,2,3,1) [ RunTime:0.000000s ]

---------------------------------------------------------------
[ 2017-10-21T22:56:27+08:00 ] 127.0.0.1 127.0.0.1 GET /api/v1/banner/1?XDEBUG_SESSION_START=17280
[ log ] restful_api.com/api/v1/banner/1?XDEBUG_SESSION_START=17280 [运行时间：0.509000s][吞吐率：1.96req/s] [内存消耗：2,994.20kb] [文件加载：62]
[ info ] [ LANG ] D:\phpstudy2\WWW\tp5\thinkphp\lang\zh-cn.php
[ info ] [ ROUTE ] array (
  'type' => 'module',
  'module' => 
  array (
    0 => 'api',
    1 => 'v1.Banner',
    2 => 'getBanner',
  ),
  'convert' => false,
)
[ info ] [ HEADER ] array (
  'host' => 'restful_api.com',
  'connection' => 'keep-alive',
  'cache-control' => 'max-age=0',
  'accept' => 'text/html,application/xhtml+xml,application/xml;q=0.9,image/webp,*/*;q=0.8',
  'user-agent' => 'Mozilla/5.0 (Windows NT 6.1; WOW64) AppleWebKit/537.36 (KHTML, like Gecko) Chrome/33.0.1750.146 BIDUBrowser/6.x Safari/537.36',
  'accept-encoding' => 'gzip,deflate',
  'accept-language' => 'zh-CN,zh;q=0.8',
  'cookie' => 'XDEBUG_SESSION=17280',
)
[ info ] [ PARAM ] array (
  'XDEBUG_SESSION_START' => '17280',
  'version' => 'v1',
  'id' => '1',
)
[ info ] [ RUN ] app\api\controller\v1\Banner->getBanner[ D:\phpstudy2\WWW\tp5\app\api\controller\v1\Banner.php ]
[ info ] [ DB ] INIT mysql
[ info ] [ LOG ] INIT File
[ sql ] [ DB ] CONNECT:[ UseTime:0.000000s ] mysql:dbname=zerg;host=127.0.0.1;charset=utf8
[ sql ] [ SQL ] SHOW COLUMNS FROM `banner` [ RunTime:0.008000s ]
[ sql ] [ SQL ] SELECT * FROM `banner` WHERE  `id` = 1 LIMIT 1 [ RunTime:0.003000s ]
[ sql ] [ SQL ] SHOW COLUMNS FROM `banner_item` [ RunTime:0.007000s ]
[ sql ] [ SQL ] SELECT * FROM `banner_item` WHERE  `banner_id` = 1 [ RunTime:0.000000s ]
[ sql ] [ SQL ] SELECT * FROM `banner_item` WHERE  `banner_id` = 1 [ RunTime:0.000000s ]
[ sql ] [ SQL ] SHOW COLUMNS FROM `image` [ RunTime:0.008000s ]
[ sql ] [ SQL ] SELECT * FROM `image` WHERE  `id` IN (65,2,3,1) [ RunTime:0.000000s ]

---------------------------------------------------------------
[ 2017-10-21T22:59:29+08:00 ] 127.0.0.1 127.0.0.1 GET /api/v1/banner/1?XDEBUG_SESSION_START=17280
[ log ] restful_api.com/api/v1/banner/1?XDEBUG_SESSION_START=17280 [运行时间：158.925000s][吞吐率：0.01req/s] [内存消耗：2,997.58kb] [文件加载：62]
[ info ] [ LANG ] D:\phpstudy2\WWW\tp5\thinkphp\lang\zh-cn.php
[ info ] [ ROUTE ] array (
  'type' => 'module',
  'module' => 
  array (
    0 => 'api',
    1 => 'v1.Banner',
    2 => 'getBanner',
  ),
  'convert' => false,
)
[ info ] [ HEADER ] array (
  'host' => 'restful_api.com',
  'connection' => 'keep-alive',
  'cache-control' => 'max-age=0',
  'accept' => 'text/html,application/xhtml+xml,application/xml;q=0.9,image/webp,*/*;q=0.8',
  'user-agent' => 'Mozilla/5.0 (Windows NT 6.1; WOW64) AppleWebKit/537.36 (KHTML, like Gecko) Chrome/33.0.1750.146 BIDUBrowser/6.x Safari/537.36',
  'accept-encoding' => 'gzip,deflate',
  'accept-language' => 'zh-CN,zh;q=0.8',
  'cookie' => 'XDEBUG_SESSION=17280',
)
[ info ] [ PARAM ] array (
  'XDEBUG_SESSION_START' => '17280',
  'version' => 'v1',
  'id' => '1',
)
[ info ] [ RUN ] app\api\controller\v1\Banner->getBanner[ D:\phpstudy2\WWW\tp5\app\api\controller\v1\Banner.php ]
[ info ] [ DB ] INIT mysql
[ info ] [ LOG ] INIT File
[ sql ] [ DB ] CONNECT:[ UseTime:0.011000s ] mysql:dbname=zerg;host=127.0.0.1;charset=utf8
[ sql ] [ SQL ] SHOW COLUMNS FROM `banner` [ RunTime:0.009000s ]
[ sql ] [ SQL ] SELECT * FROM `banner` WHERE  `id` = 1 LIMIT 1 [ RunTime:0.000000s ]
[ sql ] [ SQL ] SHOW COLUMNS FROM `banner_item` [ RunTime:0.009000s ]
[ sql ] [ SQL ] SELECT * FROM `banner_item` WHERE  `banner_id` = 1 [ RunTime:0.001000s ]
[ sql ] [ SQL ] SELECT * FROM `banner_item` WHERE  `banner_id` = 1 [ RunTime:0.005000s ]
[ sql ] [ SQL ] SHOW COLUMNS FROM `image` [ RunTime:0.017000s ]
[ sql ] [ SQL ] SELECT * FROM `image` WHERE  `id` IN (65,2,3,1) [ RunTime:0.000000s ]

---------------------------------------------------------------
[ 2017-10-21T23:06:02+08:00 ] 127.0.0.1 127.0.0.1 GET /api/v1/banner/1?XDEBUG_SESSION_START=17280
[ log ] restful_api.com/api/v1/banner/1?XDEBUG_SESSION_START=17280 [运行时间：349.446000s][吞吐率：0.00req/s] [内存消耗：2,994.13kb] [文件加载：62]
[ info ] [ LANG ] D:\phpstudy2\WWW\tp5\thinkphp\lang\zh-cn.php
[ info ] [ ROUTE ] array (
  'type' => 'module',
  'module' => 
  array (
    0 => 'api',
    1 => 'v1.Banner',
    2 => 'getBanner',
  ),
  'convert' => false,
)
[ info ] [ HEADER ] array (
  'host' => 'restful_api.com',
  'connection' => 'keep-alive',
  'cache-control' => 'max-age=0',
  'accept' => 'text/html,application/xhtml+xml,application/xml;q=0.9,image/webp,*/*;q=0.8',
  'user-agent' => 'Mozilla/5.0 (Windows NT 6.1; WOW64) AppleWebKit/537.36 (KHTML, like Gecko) Chrome/33.0.1750.146 BIDUBrowser/6.x Safari/537.36',
  'accept-encoding' => 'gzip,deflate',
  'accept-language' => 'zh-CN,zh;q=0.8',
  'cookie' => 'XDEBUG_SESSION=17280',
)
[ info ] [ PARAM ] array (
  'XDEBUG_SESSION_START' => '17280',
  'version' => 'v1',
  'id' => '1',
)
[ info ] [ RUN ] app\api\controller\v1\Banner->getBanner[ D:\phpstudy2\WWW\tp5\app\api\controller\v1\Banner.php ]
[ info ] [ DB ] INIT mysql
[ info ] [ LOG ] INIT File
[ sql ] [ DB ] CONNECT:[ UseTime:0.011000s ] mysql:dbname=zerg;host=127.0.0.1;charset=utf8
[ sql ] [ SQL ] SHOW COLUMNS FROM `banner` [ RunTime:0.009000s ]
[ sql ] [ SQL ] SELECT * FROM `banner` WHERE  `id` = 1 LIMIT 1 [ RunTime:0.000000s ]
[ sql ] [ SQL ] SHOW COLUMNS FROM `banner_item` [ RunTime:0.009000s ]
[ sql ] [ SQL ] SELECT * FROM `banner_item` WHERE  `banner_id` = 1 [ RunTime:0.000000s ]
[ sql ] [ SQL ] SELECT * FROM `banner_item` WHERE  `banner_id` = 1 [ RunTime:0.001000s ]
[ sql ] [ SQL ] SHOW COLUMNS FROM `image` [ RunTime:0.024000s ]
[ sql ] [ SQL ] SELECT * FROM `image` WHERE  `id` IN (65,2,3,1) [ RunTime:0.002000s ]

---------------------------------------------------------------
[ 2017-10-21T23:07:05+08:00 ] 127.0.0.1 127.0.0.1 GET /api/v1/banner/1
[ log ] restful_api.com/api/v1/banner/1 [运行时间：63.296000s][吞吐率：0.02req/s] [内存消耗：2,995.14kb] [文件加载：62]
[ info ] [ LANG ] D:\phpstudy2\WWW\tp5\thinkphp\lang\zh-cn.php
[ info ] [ ROUTE ] array (
  'type' => 'module',
  'module' => 
  array (
    0 => 'api',
    1 => 'v1.Banner',
    2 => 'getBanner',
  ),
  'convert' => false,
)
[ info ] [ HEADER ] array (
  'cache-control' => 'no-cache',
  'postman-token' => '9ba85909-7f0c-4229-bdd9-e263ef15a477',
  'user-agent' => 'PostmanRuntime/3.0.11-hotfix.2',
  'accept' => '*/*',
  'host' => 'restful_api.com',
  'accept-encoding' => 'gzip, deflate',
  'connection' => 'keep-alive',
)
[ info ] [ PARAM ] array (
  'version' => 'v1',
  'id' => '1',
)
[ info ] [ RUN ] app\api\controller\v1\Banner->getBanner[ D:\phpstudy2\WWW\tp5\app\api\controller\v1\Banner.php ]
[ info ] [ DB ] INIT mysql
[ info ] [ LOG ] INIT File
[ sql ] [ DB ] CONNECT:[ UseTime:0.001000s ] mysql:dbname=zerg;host=127.0.0.1;charset=utf8
[ sql ] [ SQL ] SHOW COLUMNS FROM `banner` [ RunTime:0.008000s ]
[ sql ] [ SQL ] SELECT * FROM `banner` WHERE  `id` = 1 LIMIT 1 [ RunTime:0.000000s ]
[ sql ] [ SQL ] SHOW COLUMNS FROM `banner_item` [ RunTime:0.009000s ]
[ sql ] [ SQL ] SELECT * FROM `banner_item` WHERE  `banner_id` = 1 [ RunTime:0.000000s ]
[ sql ] [ SQL ] SELECT * FROM `banner_item` WHERE  `banner_id` = 1 [ RunTime:0.001000s ]
[ sql ] [ SQL ] SHOW COLUMNS FROM `image` [ RunTime:0.027000s ]
[ sql ] [ SQL ] SELECT * FROM `image` WHERE  `id` IN (65,2,3,1) [ RunTime:0.000000s ]

---------------------------------------------------------------
[ 2017-10-21T23:11:40+08:00 ] 127.0.0.1 127.0.0.1 GET /api/v1/banner/1
[ log ] restful_api.com/api/v1/banner/1 [运行时间：8.082000s][吞吐率：0.12req/s] [内存消耗：2,897.69kb] [文件加载：59]
[ info ] [ LANG ] D:\phpstudy2\WWW\tp5\thinkphp\lang\zh-cn.php
[ info ] [ ROUTE ] array (
  'type' => 'module',
  'module' => 
  array (
    0 => 'api',
    1 => 'v1.Banner',
    2 => 'getBanner',
  ),
  'convert' => false,
)
[ info ] [ HEADER ] array (
  'cache-control' => 'no-cache',
  'postman-token' => '1e359c5c-6b0b-43e6-8a54-1bd58dde03a6',
  'user-agent' => 'PostmanRuntime/3.0.11-hotfix.2',
  'accept' => '*/*',
  'host' => 'restful_api.com',
  'accept-encoding' => 'gzip, deflate',
  'connection' => 'keep-alive',
)
[ info ] [ PARAM ] array (
  'version' => 'v1',
  'id' => '1',
)
[ info ] [ RUN ] app\api\controller\v1\Banner->getBanner[ D:\phpstudy2\WWW\tp5\app\api\controller\v1\Banner.php ]
[ info ] [ DB ] INIT mysql
[ info ] [ LOG ] INIT File
[ sql ] [ DB ] CONNECT:[ UseTime:0.010000s ] mysql:dbname=zerg;host=127.0.0.1;charset=utf8
[ sql ] [ SQL ] SHOW COLUMNS FROM `banner` [ RunTime:0.009000s ]
[ sql ] [ SQL ] SELECT * FROM `banner` WHERE  `id` = 1 LIMIT 1 [ RunTime:0.000000s ]
[ sql ] [ SQL ] SHOW COLUMNS FROM `banner_item` [ RunTime:0.007000s ]
[ sql ] [ SQL ] SELECT * FROM `banner_item` WHERE  `banner_id` = 1 [ RunTime:0.000000s ]

---------------------------------------------------------------
[ 2017-10-21T23:13:42+08:00 ] 127.0.0.1 127.0.0.1 GET /api/v1/banner/1
[ log ] restful_api.com/api/v1/banner/1 [运行时间：11.063000s][吞吐率：0.09req/s] [内存消耗：2,993.28kb] [文件加载：62]
[ info ] [ LANG ] D:\phpstudy2\WWW\tp5\thinkphp\lang\zh-cn.php
[ info ] [ ROUTE ] array (
  'type' => 'module',
  'module' => 
  array (
    0 => 'api',
    1 => 'v1.Banner',
    2 => 'getBanner',
  ),
  'convert' => false,
)
[ info ] [ HEADER ] array (
  'cache-control' => 'no-cache',
  'postman-token' => '79d8f687-0bce-414c-b3d7-a01fc5278b13',
  'user-agent' => 'PostmanRuntime/3.0.11-hotfix.2',
  'accept' => '*/*',
  'host' => 'restful_api.com',
  'accept-encoding' => 'gzip, deflate',
  'connection' => 'keep-alive',
)
[ info ] [ PARAM ] array (
  'version' => 'v1',
  'id' => '1',
)
[ info ] [ RUN ] app\api\controller\v1\Banner->getBanner[ D:\phpstudy2\WWW\tp5\app\api\controller\v1\Banner.php ]
[ info ] [ DB ] INIT mysql
[ info ] [ LOG ] INIT File
[ sql ] [ DB ] CONNECT:[ UseTime:0.010000s ] mysql:dbname=zerg;host=127.0.0.1;charset=utf8
[ sql ] [ SQL ] SHOW COLUMNS FROM `banner` [ RunTime:0.009000s ]
[ sql ] [ SQL ] SELECT * FROM `banner` WHERE  `id` = 1 LIMIT 1 [ RunTime:0.000000s ]
[ sql ] [ SQL ] SHOW COLUMNS FROM `banner_item` [ RunTime:0.008000s ]
[ sql ] [ SQL ] SELECT * FROM `banner_item` WHERE  `banner_id` = 1 [ RunTime:0.001000s ]
[ sql ] [ SQL ] SELECT * FROM `banner_item` WHERE  `banner_id` = 1 [ RunTime:0.002000s ]
[ sql ] [ SQL ] SHOW COLUMNS FROM `image` [ RunTime:0.023000s ]
[ sql ] [ SQL ] SELECT * FROM `image` WHERE  `id` IN (65,2,3,1) [ RunTime:0.001000s ]

---------------------------------------------------------------
[ 2017-10-21T23:16:00+08:00 ] 127.0.0.1 127.0.0.1 GET /api/v1/banner/1
[ log ] restful_api.com/api/v1/banner/1 [运行时间：0.151000s][吞吐率：6.62req/s] [内存消耗：3,043.93kb] [文件加载：67]
[ info ] [ LANG ] D:\phpstudy2\WWW\tp5\thinkphp\lang\zh-cn.php
[ info ] [ ROUTE ] array (
  'type' => 'module',
  'module' => 
  array (
    0 => 'api',
    1 => 'v1.Banner',
    2 => 'getBanner',
  ),
  'convert' => false,
)
[ info ] [ HEADER ] array (
  'cache-control' => 'no-cache',
  'postman-token' => '77839d54-50a7-426b-9f06-ec1fc0cb9c9c',
  'user-agent' => 'PostmanRuntime/3.0.11-hotfix.2',
  'accept' => '*/*',
  'host' => 'restful_api.com',
  'accept-encoding' => 'gzip, deflate',
  'connection' => 'keep-alive',
)
[ info ] [ PARAM ] array (
  'version' => 'v1',
  'id' => '1',
)
[ info ] [ RUN ] app\api\controller\v1\Banner->getBanner[ D:\phpstudy2\WWW\tp5\app\api\controller\v1\Banner.php ]
[ info ] [ DB ] INIT mysql
[ info ] [ LOG ] INIT File
[ sql ] [ DB ] CONNECT:[ UseTime:0.010000s ] mysql:dbname=zerg;host=127.0.0.1;charset=utf8
[ sql ] [ SQL ] SHOW COLUMNS FROM `banner` [ RunTime:0.004000s ]
[ sql ] [ SQL ] SELECT * FROM `banner` WHERE  `id` = 1 LIMIT 1 [ RunTime:0.001000s ]
[ sql ] [ SQL ] SHOW COLUMNS FROM `banner_item` [ RunTime:0.008000s ]
[ sql ] [ SQL ] SELECT * FROM `banner_item` WHERE  `banner_id` = 1 [ RunTime:0.001000s ]
[ sql ] [ SQL ] SELECT * FROM `banner_item` WHERE  `banner_id` = 1 [ RunTime:0.000000s ]
[ sql ] [ SQL ] SHOW COLUMNS FROM `image` [ RunTime:0.009000s ]
[ error ] [10501]SQLSTATE[42S22]: Column not found: 1054 Unknown column 'key_word' in 'order clause'[D:\phpstudy2\WWW\tp5\thinkphp\library\think\db\Connection.php:383]

---------------------------------------------------------------
[ 2017-10-21T23:16:08+08:00 ] 127.0.0.1 127.0.0.1 GET /api/v1/banner/1
[ log ] restful_api.com/api/v1/banner/1 [运行时间：0.104000s][吞吐率：9.62req/s] [内存消耗：3,043.96kb] [文件加载：67]
[ info ] [ LANG ] D:\phpstudy2\WWW\tp5\thinkphp\lang\zh-cn.php
[ info ] [ ROUTE ] array (
  'type' => 'module',
  'module' => 
  array (
    0 => 'api',
    1 => 'v1.Banner',
    2 => 'getBanner',
  ),
  'convert' => false,
)
[ info ] [ HEADER ] array (
  'cache-control' => 'no-cache',
  'postman-token' => 'da15bbf4-efe0-4330-9591-dafd98300585',
  'user-agent' => 'PostmanRuntime/3.0.11-hotfix.2',
  'accept' => '*/*',
  'host' => 'restful_api.com',
  'accept-encoding' => 'gzip, deflate',
  'connection' => 'keep-alive',
)
[ info ] [ PARAM ] array (
  'version' => 'v1',
  'id' => '1',
)
[ info ] [ RUN ] app\api\controller\v1\Banner->getBanner[ D:\phpstudy2\WWW\tp5\app\api\controller\v1\Banner.php ]
[ info ] [ DB ] INIT mysql
[ info ] [ LOG ] INIT File
[ sql ] [ DB ] CONNECT:[ UseTime:0.010000s ] mysql:dbname=zerg;host=127.0.0.1;charset=utf8
[ sql ] [ SQL ] SHOW COLUMNS FROM `banner` [ RunTime:0.010000s ]
[ sql ] [ SQL ] SELECT * FROM `banner` WHERE  `id` = 1 LIMIT 1 [ RunTime:0.000000s ]
[ sql ] [ SQL ] SHOW COLUMNS FROM `banner_item` [ RunTime:0.009000s ]
[ sql ] [ SQL ] SELECT * FROM `banner_item` WHERE  `banner_id` = 1 [ RunTime:0.001000s ]
[ sql ] [ SQL ] SELECT * FROM `banner_item` WHERE  `banner_id` = 1 [ RunTime:0.001000s ]
[ sql ] [ SQL ] SHOW COLUMNS FROM `image` [ RunTime:0.010000s ]
[ error ] [10501]SQLSTATE[42S22]: Column not found: 1054 Unknown column 'key_words' in 'order clause'[D:\phpstudy2\WWW\tp5\thinkphp\library\think\db\Connection.php:383]

---------------------------------------------------------------
[ 2017-10-21T23:16:39+08:00 ] 127.0.0.1 127.0.0.1 GET /api/v1/banner/1
[ log ] restful_api.com/api/v1/banner/1 [运行时间：7.235000s][吞吐率：0.14req/s] [内存消耗：2,993.34kb] [文件加载：62]
[ info ] [ LANG ] D:\phpstudy2\WWW\tp5\thinkphp\lang\zh-cn.php
[ info ] [ ROUTE ] array (
  'type' => 'module',
  'module' => 
  array (
    0 => 'api',
    1 => 'v1.Banner',
    2 => 'getBanner',
  ),
  'convert' => false,
)
[ info ] [ HEADER ] array (
  'cache-control' => 'no-cache',
  'postman-token' => 'a331af02-3afa-4577-830e-872f19c7ffd5',
  'user-agent' => 'PostmanRuntime/3.0.11-hotfix.2',
  'accept' => '*/*',
  'host' => 'restful_api.com',
  'accept-encoding' => 'gzip, deflate',
  'connection' => 'keep-alive',
)
[ info ] [ PARAM ] array (
  'version' => 'v1',
  'id' => '1',
)
[ info ] [ RUN ] app\api\controller\v1\Banner->getBanner[ D:\phpstudy2\WWW\tp5\app\api\controller\v1\Banner.php ]
[ info ] [ DB ] INIT mysql
[ info ] [ LOG ] INIT File
[ sql ] [ DB ] CONNECT:[ UseTime:0.011000s ] mysql:dbname=zerg;host=127.0.0.1;charset=utf8
[ sql ] [ SQL ] SHOW COLUMNS FROM `banner` [ RunTime:0.008000s ]
[ sql ] [ SQL ] SELECT * FROM `banner` WHERE  `id` = 1 LIMIT 1 [ RunTime:0.001000s ]
[ sql ] [ SQL ] SHOW COLUMNS FROM `banner_item` [ RunTime:0.008000s ]
[ sql ] [ SQL ] SELECT * FROM `banner_item` WHERE  `banner_id` = 1 [ RunTime:0.001000s ]
[ sql ] [ SQL ] SELECT * FROM `banner_item` WHERE  `banner_id` = 1 [ RunTime:0.000000s ]
[ sql ] [ SQL ] SHOW COLUMNS FROM `image` [ RunTime:0.009000s ]
[ sql ] [ SQL ] SELECT * FROM `image` WHERE  `id` IN (65,2,3,1) [ RunTime:0.001000s ]

---------------------------------------------------------------
[ 2017-10-21T23:16:54+08:00 ] 127.0.0.1 127.0.0.1 GET /api/v1/banner/1
[ log ] restful_api.com/api/v1/banner/1 [运行时间：0.105000s][吞吐率：9.52req/s] [内存消耗：3,043.93kb] [文件加载：67]
[ info ] [ LANG ] D:\phpstudy2\WWW\tp5\thinkphp\lang\zh-cn.php
[ info ] [ ROUTE ] array (
  'type' => 'module',
  'module' => 
  array (
    0 => 'api',
    1 => 'v1.Banner',
    2 => 'getBanner',
  ),
  'convert' => false,
)
[ info ] [ HEADER ] array (
  'cache-control' => 'no-cache',
  'postman-token' => '46fa1857-e515-4b7e-9fdb-489d6cd79d38',
  'user-agent' => 'PostmanRuntime/3.0.11-hotfix.2',
  'accept' => '*/*',
  'host' => 'restful_api.com',
  'accept-encoding' => 'gzip, deflate',
  'connection' => 'keep-alive',
)
[ info ] [ PARAM ] array (
  'version' => 'v1',
  'id' => '1',
)
[ info ] [ RUN ] app\api\controller\v1\Banner->getBanner[ D:\phpstudy2\WWW\tp5\app\api\controller\v1\Banner.php ]
[ info ] [ DB ] INIT mysql
[ info ] [ LOG ] INIT File
[ sql ] [ DB ] CONNECT:[ UseTime:0.011000s ] mysql:dbname=zerg;host=127.0.0.1;charset=utf8
[ sql ] [ SQL ] SHOW COLUMNS FROM `banner` [ RunTime:0.008000s ]
[ sql ] [ SQL ] SELECT * FROM `banner` WHERE  `id` = 1 LIMIT 1 [ RunTime:0.000000s ]
[ sql ] [ SQL ] SHOW COLUMNS FROM `banner_item` [ RunTime:0.010000s ]
[ sql ] [ SQL ] SELECT * FROM `banner_item` WHERE  `banner_id` = 1 [ RunTime:0.000000s ]
[ sql ] [ SQL ] SELECT * FROM `banner_item` WHERE  `banner_id` = 1 [ RunTime:0.001000s ]
[ sql ] [ SQL ] SHOW COLUMNS FROM `image` [ RunTime:0.010000s ]
[ error ] [10501]SQLSTATE[42S22]: Column not found: 1054 Unknown column 'key_word' in 'order clause'[D:\phpstudy2\WWW\tp5\thinkphp\library\think\db\Connection.php:383]

---------------------------------------------------------------
[ 2017-10-21T23:17:09+08:00 ] 127.0.0.1 127.0.0.1 GET /api/v1/banner/1
[ log ] restful_api.com/api/v1/banner/1 [运行时间：0.077000s][吞吐率：12.99req/s] [内存消耗：3,038.23kb] [文件加载：65]
[ info ] [ LANG ] D:\phpstudy2\WWW\tp5\thinkphp\lang\zh-cn.php
[ info ] [ ROUTE ] array (
  'type' => 'module',
  'module' => 
  array (
    0 => 'api',
    1 => 'v1.Banner',
    2 => 'getBanner',
  ),
  'convert' => false,
)
[ info ] [ HEADER ] array (
  'cache-control' => 'no-cache',
  'postman-token' => 'fb7f07f6-7a43-4a3c-bc15-7119ef5a886e',
  'user-agent' => 'PostmanRuntime/3.0.11-hotfix.2',
  'accept' => '*/*',
  'host' => 'restful_api.com',
  'accept-encoding' => 'gzip, deflate',
  'connection' => 'keep-alive',
)
[ info ] [ PARAM ] array (
  'version' => 'v1',
  'id' => '1',
)
[ info ] [ RUN ] app\api\controller\v1\Banner->getBanner[ D:\phpstudy2\WWW\tp5\app\api\controller\v1\Banner.php ]
[ info ] [ DB ] INIT mysql
[ info ] [ LOG ] INIT File
[ sql ] [ DB ] CONNECT:[ UseTime:0.010000s ] mysql:dbname=zerg;host=127.0.0.1;charset=utf8
[ sql ] [ SQL ] SHOW COLUMNS FROM `banner` [ RunTime:0.008000s ]
[ sql ] [ SQL ] SELECT * FROM `banner` WHERE  `id` = 1 LIMIT 1 [ RunTime:0.001000s ]
[ sql ] [ SQL ] SHOW COLUMNS FROM `banner_item` [ RunTime:0.008000s ]
[ sql ] [ SQL ] SELECT * FROM `banner_item` WHERE  `banner_id` = 1 [ RunTime:0.001000s ]
[ error ] [0]method not exist:think\db\Query->orderby[D:\phpstudy2\WWW\tp5\thinkphp\library\think\db\Query.php:93]

---------------------------------------------------------------
[ 2017-10-21T23:23:57+08:00 ] 127.0.0.1 127.0.0.1 GET /api/v1/banner/1
[ log ] restful_api.com/api/v1/banner/1 [运行时间：2.286000s][吞吐率：0.44req/s] [内存消耗：2,992.34kb] [文件加载：62]
[ info ] [ LANG ] D:\phpstudy2\WWW\tp5\thinkphp\lang\zh-cn.php
[ info ] [ ROUTE ] array (
  'type' => 'module',
  'module' => 
  array (
    0 => 'api',
    1 => 'v1.Banner',
    2 => 'getBanner',
  ),
  'convert' => false,
)
[ info ] [ HEADER ] array (
  'cache-control' => 'no-cache',
  'postman-token' => '1da33060-5ae5-4e10-a4a1-5b6e16652667',
  'user-agent' => 'PostmanRuntime/3.0.11-hotfix.2',
  'accept' => '*/*',
  'host' => 'restful_api.com',
  'accept-encoding' => 'gzip, deflate',
  'connection' => 'keep-alive',
)
[ info ] [ PARAM ] array (
  'version' => 'v1',
  'id' => '1',
)
[ info ] [ RUN ] app\api\controller\v1\Banner->getBanner[ D:\phpstudy2\WWW\tp5\app\api\controller\v1\Banner.php ]
[ info ] [ DB ] INIT mysql
[ info ] [ LOG ] INIT File
[ sql ] [ DB ] CONNECT:[ UseTime:0.010000s ] mysql:dbname=zerg;host=127.0.0.1;charset=utf8
[ sql ] [ SQL ] SHOW COLUMNS FROM `banner` [ RunTime:0.006000s ]
[ sql ] [ SQL ] SELECT * FROM `banner` WHERE  `id` = 1 LIMIT 1 [ RunTime:0.000000s ]
[ sql ] [ SQL ] SHOW COLUMNS FROM `banner_item` [ RunTime:0.005000s ]
[ sql ] [ SQL ] SELECT * FROM `banner_item` WHERE  `banner_id` = 1 [ RunTime:0.001000s ]
[ sql ] [ SQL ] SELECT * FROM `banner_item` WHERE  `banner_id` = 1 [ RunTime:0.001000s ]
[ sql ] [ SQL ] SHOW COLUMNS FROM `image` [ RunTime:0.006000s ]
[ sql ] [ SQL ] SELECT * FROM `image` WHERE  `id` IN (65,2,3,1) [ RunTime:0.001000s ]

---------------------------------------------------------------
[ 2017-10-21T23:25:31+08:00 ] 127.0.0.1 127.0.0.1 GET /api/v1/banner/1
[ log ] restful_api.com/api/v1/banner/1 [运行时间：36.420000s][吞吐率：0.03req/s] [内存消耗：2,916.37kb] [文件加载：59]
[ info ] [ LANG ] D:\phpstudy2\WWW\tp5\thinkphp\lang\zh-cn.php
[ info ] [ ROUTE ] array (
  'type' => 'module',
  'module' => 
  array (
    0 => 'api',
    1 => 'v1.Banner',
    2 => 'getBanner',
  ),
  'convert' => false,
)
[ info ] [ HEADER ] array (
  'cache-control' => 'no-cache',
  'postman-token' => '45e41a29-90e8-4571-acd0-f48029f61d47',
  'user-agent' => 'PostmanRuntime/3.0.11-hotfix.2',
  'accept' => '*/*',
  'host' => 'restful_api.com',
  'accept-encoding' => 'gzip, deflate',
  'connection' => 'keep-alive',
)
[ info ] [ PARAM ] array (
  'version' => 'v1',
  'id' => '1',
)
[ info ] [ RUN ] app\api\controller\v1\Banner->getBanner[ D:\phpstudy2\WWW\tp5\app\api\controller\v1\Banner.php ]
[ info ] [ DB ] INIT mysql
[ info ] [ LOG ] INIT File
[ sql ] [ DB ] CONNECT:[ UseTime:0.001000s ] mysql:dbname=zerg;host=127.0.0.1;charset=utf8
[ sql ] [ SQL ] SHOW COLUMNS FROM `banner` [ RunTime:0.005000s ]
[ sql ] [ SQL ] SELECT * FROM `banner` WHERE  `id` = 1 LIMIT 1 [ RunTime:0.000000s ]
[ sql ] [ SQL ] SHOW COLUMNS FROM `banner_item` [ RunTime:0.005000s ]
[ sql ] [ SQL ] SELECT * FROM `banner_item` WHERE  `banner_id` = 1 [ RunTime:0.000000s ]
[ sql ] [ SQL ] SELECT * FROM `banner_item` WHERE  `banner_id` = 1 [ RunTime:0.000000s ]
[ sql ] [ SQL ] SHOW COLUMNS FROM `image` [ RunTime:0.004000s ]
[ sql ] [ SQL ] SELECT * FROM `image` WHERE  `id` IN (65,2,3,1) [ RunTime:0.000000s ]

---------------------------------------------------------------
[ 2017-10-21T23:30:50+08:00 ] 127.0.0.1 127.0.0.1 GET /api/v1/banner/1
[ log ] restful_api.com/api/v1/banner/1 [运行时间：0.498000s][吞吐率：2.01req/s] [内存消耗：2,992.55kb] [文件加载：62]
[ info ] [ LANG ] D:\phpstudy2\WWW\tp5\thinkphp\lang\zh-cn.php
[ info ] [ ROUTE ] array (
  'type' => 'module',
  'module' => 
  array (
    0 => 'api',
    1 => 'v1.Banner',
    2 => 'getBanner',
  ),
  'convert' => false,
)
[ info ] [ HEADER ] array (
  'cache-control' => 'no-cache',
  'postman-token' => 'ade12a7c-30be-4b08-b6cc-ea4d7c24932a',
  'user-agent' => 'PostmanRuntime/3.0.11-hotfix.2',
  'accept' => '*/*',
  'host' => 'restful_api.com',
  'accept-encoding' => 'gzip, deflate',
  'connection' => 'keep-alive',
)
[ info ] [ PARAM ] array (
  'version' => 'v1',
  'id' => '1',
)
[ info ] [ RUN ] app\api\controller\v1\Banner->getBanner[ D:\phpstudy2\WWW\tp5\app\api\controller\v1\Banner.php ]
[ info ] [ DB ] INIT mysql
[ info ] [ LOG ] INIT File
[ sql ] [ DB ] CONNECT:[ UseTime:0.000000s ] mysql:dbname=zerg;host=127.0.0.1;charset=utf8
[ sql ] [ SQL ] SHOW COLUMNS FROM `banner` [ RunTime:0.007000s ]
[ sql ] [ SQL ] SELECT * FROM `banner` WHERE  `id` = 1 LIMIT 1 [ RunTime:0.001000s ]
[ sql ] [ SQL ] SHOW COLUMNS FROM `banner_item` [ RunTime:0.007000s ]
[ sql ] [ SQL ] SELECT * FROM `banner_item` WHERE  `banner_id` = 1 [ RunTime:0.000000s ]
[ sql ] [ SQL ] SELECT * FROM `banner_item` WHERE  `banner_id` = 1 [ RunTime:0.000000s ]
[ sql ] [ SQL ] SHOW COLUMNS FROM `image` [ RunTime:0.009000s ]
[ sql ] [ SQL ] SELECT * FROM `image` WHERE  `id` IN (65,2,3,1) [ RunTime:0.001000s ]

---------------------------------------------------------------
[ 2017-10-21T23:31:26+08:00 ] 127.0.0.1 127.0.0.1 GET /api/v1/banner/1
[ log ] restful_api.com/api/v1/banner/1 [运行时间：0.516000s][吞吐率：1.94req/s] [内存消耗：2,992.49kb] [文件加载：62]
[ info ] [ LANG ] D:\phpstudy2\WWW\tp5\thinkphp\lang\zh-cn.php
[ info ] [ ROUTE ] array (
  'type' => 'module',
  'module' => 
  array (
    0 => 'api',
    1 => 'v1.Banner',
    2 => 'getBanner',
  ),
  'convert' => false,
)
[ info ] [ HEADER ] array (
  'cache-control' => 'no-cache',
  'postman-token' => '7635e144-04c0-4060-9470-b6a975688ef7',
  'user-agent' => 'PostmanRuntime/3.0.11-hotfix.2',
  'accept' => '*/*',
  'host' => 'restful_api.com',
  'accept-encoding' => 'gzip, deflate',
  'connection' => 'keep-alive',
)
[ info ] [ PARAM ] array (
  'version' => 'v1',
  'id' => '1',
)
[ info ] [ RUN ] app\api\controller\v1\Banner->getBanner[ D:\phpstudy2\WWW\tp5\app\api\controller\v1\Banner.php ]
[ info ] [ DB ] INIT mysql
[ info ] [ LOG ] INIT File
[ sql ] [ DB ] CONNECT:[ UseTime:0.001000s ] mysql:dbname=zerg;host=127.0.0.1;charset=utf8
[ sql ] [ SQL ] SHOW COLUMNS FROM `banner` [ RunTime:0.012000s ]
[ sql ] [ SQL ] SELECT * FROM `banner` WHERE  `id` = 1 LIMIT 1 [ RunTime:0.000000s ]
[ sql ] [ SQL ] SHOW COLUMNS FROM `banner_item` [ RunTime:0.010000s ]
[ sql ] [ SQL ] SELECT * FROM `banner_item` WHERE  `banner_id` = 1 [ RunTime:0.001000s ]
[ sql ] [ SQL ] SELECT * FROM `banner_item` WHERE  `banner_id` = 1 [ RunTime:0.000000s ]
[ sql ] [ SQL ] SHOW COLUMNS FROM `image` [ RunTime:0.008000s ]
[ sql ] [ SQL ] SELECT * FROM `image` WHERE  `id` IN (65,2,3,1) [ RunTime:0.000000s ]

---------------------------------------------------------------
[ 2017-10-21T23:32:15+08:00 ] 127.0.0.1 127.0.0.1 GET /api/v1/banner/1
[ log ] restful_api.com/api/v1/banner/1 [运行时间：0.486000s][吞吐率：2.06req/s] [内存消耗：2,954.97kb] [文件加载：61]
[ info ] [ LANG ] D:\phpstudy2\WWW\tp5\thinkphp\lang\zh-cn.php
[ info ] [ ROUTE ] array (
  'type' => 'module',
  'module' => 
  array (
    0 => 'api',
    1 => 'v1.Banner',
    2 => 'getBanner',
  ),
  'convert' => false,
)
[ info ] [ HEADER ] array (
  'cache-control' => 'no-cache',
  'postman-token' => 'a9b104e7-dddd-4bf2-9d20-d0d3c2053d7d',
  'user-agent' => 'PostmanRuntime/3.0.11-hotfix.2',
  'accept' => '*/*',
  'host' => 'restful_api.com',
  'accept-encoding' => 'gzip, deflate',
  'connection' => 'keep-alive',
)
[ info ] [ PARAM ] array (
  'version' => 'v1',
  'id' => '1',
)
[ info ] [ RUN ] app\api\controller\v1\Banner->getBanner[ D:\phpstudy2\WWW\tp5\app\api\controller\v1\Banner.php ]
[ info ] [ DB ] INIT mysql
[ info ] [ LOG ] INIT File

---------------------------------------------------------------
[ 2017-10-21T23:42:36+08:00 ] 127.0.0.1 127.0.0.1 GET /api/v1/banner/1
[ log ] restful_api.com/api/v1/banner/1 [运行时间：0.505000s][吞吐率：1.98req/s] [内存消耗：2,992.26kb] [文件加载：62]

---------------------------------------------------------------
[ 2017-10-21T23:43:24+08:00 ] 127.0.0.1 127.0.0.1 GET /api/v1/banner/1
[ log ] restful_api.com/api/v1/banner/1 [运行时间：0.508000s][吞吐率：1.97req/s] [内存消耗：2,993.46kb] [文件加载：62]

---------------------------------------------------------------
[ 2017-10-21T23:43:30+08:00 ] 127.0.0.1 127.0.0.1 GET /api/v1/banner/1
[ log ] restful_api.com/api/v1/banner/1 [运行时间：0.512000s][吞吐率：1.95req/s] [内存消耗：2,993.46kb] [文件加载：62]

---------------------------------------------------------------
[ 2017-10-21T23:45:23+08:00 ] 127.0.0.1 127.0.0.1 GET /api/v1/banner/1
[ log ] restful_api.com/api/v1/banner/1 [运行时间：0.512000s][吞吐率：1.95req/s] [内存消耗：2,993.48kb] [文件加载：62]

---------------------------------------------------------------
[ 2017-10-21T23:45:24+08:00 ] 127.0.0.1 127.0.0.1 GET /api/v1/banner/1
[ log ] restful_api.com/api/v1/banner/1 [运行时间：0.511000s][吞吐率：1.96req/s] [内存消耗：2,993.48kb] [文件加载：62]

---------------------------------------------------------------
[ 2017-10-21T23:46:04+08:00 ] 127.0.0.1 127.0.0.1 GET /api/v1/banner/1
[ log ] restful_api.com/api/v1/banner/1 [运行时间：0.117000s][吞吐率：8.55req/s] [内存消耗：2,993.53kb] [文件加载：63]
[ info ] [ LANG ] D:\phpstudy2\WWW\tp5\thinkphp\lang\zh-cn.php
[ info ] [ ROUTE ] array (
  'type' => 'module',
  'module' => 
  array (
    0 => 'api',
    1 => 'v1.Banner',
    2 => 'getBanner',
  ),
  'convert' => false,
)
[ info ] [ HEADER ] array (
  'cache-control' => 'no-cache',
  'postman-token' => '76129ee6-210f-4dfc-a509-89381f3362b5',
  'user-agent' => 'PostmanRuntime/3.0.11-hotfix.2',
  'accept' => '*/*',
  'host' => 'restful_api.com',
  'accept-encoding' => 'gzip, deflate',
  'connection' => 'keep-alive',
)
[ info ] [ PARAM ] array (
  'version' => 'v1',
  'id' => '1',
)
[ info ] [ RUN ] app\api\controller\v1\Banner->getBanner[ D:\phpstudy2\WWW\tp5\app\api\controller\v1\Banner.php ]
[ info ] [ DB ] INIT mysql
[ info ] [ LOG ] INIT File
[ sql ] [ DB ] CONNECT:[ UseTime:0.001000s ] mysql:dbname=zerg;host=127.0.0.1;charset=utf8
[ sql ] [ SQL ] SHOW COLUMNS FROM `banner` [ RunTime:0.012000s ]
[ sql ] [ SQL ] SELECT * FROM `banner` WHERE  `id` = 1 LIMIT 1 [ RunTime:0.001000s ]
[ sql ] [ SQL ] SHOW COLUMNS FROM `banner_item` [ RunTime:0.008000s ]
[ sql ] [ SQL ] SELECT * FROM `banner_item` WHERE  `banner_id` = 1 [ RunTime:0.000000s ]
[ sql ] [ SQL ] SELECT * FROM `banner_item` WHERE  `banner_id` = 1 [ RunTime:0.001000s ]
[ error ] [1]Call to a member function eagerlyResultSet() on a non-object[D:\phpstudy2\WWW\tp5\thinkphp\library\think\Model.php:1493]

---------------------------------------------------------------
[ 2017-10-21T23:47:27+08:00 ] 127.0.0.1 127.0.0.1 GET /api/v1/banner/1
[ log ] restful_api.com/api/v1/banner/1 [运行时间：0.513000s][吞吐率：1.95req/s] [内存消耗：2,993.46kb] [文件加载：62]

---------------------------------------------------------------
[ 2017-10-21T23:47:43+08:00 ] 127.0.0.1 127.0.0.1 GET /api/v1/banner/1
[ log ] restful_api.com/api/v1/banner/1 [运行时间：0.543000s][吞吐率：1.84req/s] [内存消耗：2,993.01kb] [文件加载：62]

---------------------------------------------------------------
[ 2017-10-21T23:48:45+08:00 ] 127.0.0.1 127.0.0.1 GET /api/v1/banner/1
[ log ] restful_api.com/api/v1/banner/1 [运行时间：0.544000s][吞吐率：1.84req/s] [内存消耗：2,994.48kb] [文件加载：62]

---------------------------------------------------------------
[ 2017-10-21T23:49:46+08:00 ] 127.0.0.1 127.0.0.1 GET /api/v1/banner/1
[ log ] restful_api.com/api/v1/banner/1 [运行时间：0.504000s][吞吐率：1.98req/s] [内存消耗：2,994.39kb] [文件加载：62]

---------------------------------------------------------------
[ 2017-10-21T23:50:44+08:00 ] 127.0.0.1 127.0.0.1 GET /api/v1/banner/1
[ log ] restful_api.com/api/v1/banner/1 [运行时间：0.043000s][吞吐率：23.26req/s] [内存消耗：1,629.80kb] [文件加载：46]
[ info ] [ LANG ] D:\phpstudy2\WWW\tp5\thinkphp\lang\zh-cn.php
[ info ] [ ROUTE ] array (
  'type' => 'module',
  'module' => 
  array (
    0 => 'api',
    1 => 'v1.Banner',
    2 => 'getBanner',
  ),
  'convert' => false,
)
[ info ] [ HEADER ] array (
  'cache-control' => 'no-cache',
  'postman-token' => '174bbc63-9b90-4999-8622-b5ffb969044b',
  'user-agent' => 'PostmanRuntime/3.0.11-hotfix.2',
  'accept' => '*/*',
  'host' => 'restful_api.com',
  'accept-encoding' => 'gzip, deflate',
  'connection' => 'keep-alive',
)
[ info ] [ PARAM ] array (
  'version' => 'v1',
  'id' => '1',
)
[ info ] [ LOG ] INIT File
[ error ] [1]Class 'app\api\controller\BaseController' not found[D:\phpstudy2\WWW\tp5\app\api\controller\v1\Banner.php:21]

---------------------------------------------------------------
[ 2017-10-21T23:51:44+08:00 ] 127.0.0.1 127.0.0.1 GET /api/v1/banner/1
[ log ] restful_api.com/api/v1/banner/1 [运行时间：0.066000s][吞吐率：15.15req/s] [内存消耗：1,629.23kb] [文件加载：46]
[ info ] [ LANG ] D:\phpstudy2\WWW\tp5\thinkphp\lang\zh-cn.php
[ info ] [ ROUTE ] array (
  'type' => 'module',
  'module' => 
  array (
    0 => 'api',
    1 => 'v1.Banner',
    2 => 'getBanner',
  ),
  'convert' => false,
)
[ info ] [ HEADER ] array (
  'cache-control' => 'no-cache',
  'postman-token' => 'cda92980-4310-473b-b36c-8014989097d3',
  'user-agent' => 'PostmanRuntime/3.0.11-hotfix.2',
  'accept' => '*/*',
  'host' => 'restful_api.com',
  'accept-encoding' => 'gzip, deflate',
  'connection' => 'keep-alive',
)
[ info ] [ PARAM ] array (
  'version' => 'v1',
  'id' => '1',
)
[ info ] [ LOG ] INIT File
[ error ] [1]Class 'app\api\controller\v1\Controller' not found[D:\phpstudy2\WWW\tp5\app\api\controller\v1\Banner.php:21]

---------------------------------------------------------------
[ 2017-10-21T23:52:04+08:00 ] 127.0.0.1 127.0.0.1 GET /api/v1/banner/1
[ log ] restful_api.com/api/v1/banner/1 [运行时间：0.572000s][吞吐率：1.75req/s] [内存消耗：3,306.17kb] [文件加载：67]

---------------------------------------------------------------
[ 2017-10-21T23:52:18+08:00 ] 127.0.0.1 127.0.0.1 GET /api/v1/banner/1
[ log ] restful_api.com/api/v1/banner/1 [运行时间：0.535000s][吞吐率：1.87req/s] [内存消耗：3,306.17kb] [文件加载：67]

---------------------------------------------------------------
[ 2017-10-21T23:52:52+08:00 ] 127.0.0.1 127.0.0.1 GET /api/v1/banner/1
[ log ] restful_api.com/api/v1/banner/1 [运行时间：0.502000s][吞吐率：1.99req/s] [内存消耗：2,994.39kb] [文件加载：62]

---------------------------------------------------------------
