[ 2017-10-27T21:27:08+08:00 ] 127.0.0.1 127.0.0.1 GET /api/v1/theme?ids=1,2,3
[ log ] restful_api.com/api/v1/theme?ids=1,2,3 [运行时间：1.262000s][吞吐率：0.79req/s] [内存消耗：2,977.63kb] [文件加载：60]

---------------------------------------------------------------
[ 2017-10-27T21:48:34+08:00 ] 127.0.0.1 127.0.0.1 GET /api/v1/theme/1
[ log ] restful_api.com/api/v1/theme/1 [运行时间：0.576000s][吞吐率：1.74req/s] [内存消耗：3,098.20kb] [文件加载：63]

---------------------------------------------------------------
[ 2017-10-27T21:57:04+08:00 ] 127.0.0.1 127.0.0.1 GET /api/v1/theme/1
[ log ] restful_api.com/api/v1/theme/1 [运行时间：0.530000s][吞吐率：1.89req/s] [内存消耗：3,098.07kb] [文件加载：63]

---------------------------------------------------------------
[ 2017-10-27T21:57:49+08:00 ] 127.0.0.1 127.0.0.1 GET /api/v1/theme/1
[ log ] restful_api.com/api/v1/theme/1 [运行时间：0.492000s][吞吐率：2.03req/s] [内存消耗：3,098.07kb] [文件加载：63]

---------------------------------------------------------------
[ 2017-10-27T21:58:05+08:00 ] 127.0.0.1 127.0.0.1 GET /api/v1/theme/1
[ log ] restful_api.com/api/v1/theme/1 [运行时间：0.525000s][吞吐率：1.90req/s] [内存消耗：3,098.07kb] [文件加载：63]

---------------------------------------------------------------
[ 2017-10-27T21:58:33+08:00 ] 127.0.0.1 127.0.0.1 GET /api/v1/theme/1
[ log ] restful_api.com/api/v1/theme/1 [运行时间：0.561000s][吞吐率：1.78req/s] [内存消耗：3,098.34kb] [文件加载：63]

---------------------------------------------------------------
[ 2017-10-27T21:58:55+08:00 ] 127.0.0.1 127.0.0.1 GET /api/v1/theme/1
[ log ] restful_api.com/api/v1/theme/1 [运行时间：0.482000s][吞吐率：2.07req/s] [内存消耗：3,098.55kb] [文件加载：63]

---------------------------------------------------------------
[ 2017-10-27T22:42:03+08:00 ] 127.0.0.1 127.0.0.1 GET /api/v1/product/recent
[ log ] restful_api.com/api/v1/product/recent [运行时间：0.497000s][吞吐率：2.01req/s] [内存消耗：2,868.86kb] [文件加载：56]

---------------------------------------------------------------
[ 2017-10-27T22:45:43+08:00 ] 127.0.0.1 127.0.0.1 GET /api/v1/theme/1
[ log ] restful_api.com/api/v1/theme/1 [运行时间：0.513000s][吞吐率：1.95req/s] [内存消耗：3,098.55kb] [文件加载：63]

---------------------------------------------------------------
[ 2017-10-27T22:47:36+08:00 ] 127.0.0.1 127.0.0.1 GET /api/v1/theme/1
[ log ] restful_api.com/api/v1/theme/1 [运行时间：0.521000s][吞吐率：1.92req/s] [内存消耗：3,098.11kb] [文件加载：63]

---------------------------------------------------------------
[ 2017-10-27T22:47:52+08:00 ] 127.0.0.1 127.0.0.1 GET /api/v1/product/recent
[ log ] restful_api.com/api/v1/product/recent [运行时间：0.496000s][吞吐率：2.02req/s] [内存消耗：2,869.03kb] [文件加载：56]

---------------------------------------------------------------
[ 2017-10-27T22:49:44+08:00 ] 127.0.0.1 127.0.0.1 GET /api/v1/theme/1
[ log ] restful_api.com/api/v1/theme/1 [运行时间：0.542000s][吞吐率：1.85req/s] [内存消耗：3,098.11kb] [文件加载：63]

---------------------------------------------------------------
[ 2017-10-27T22:50:02+08:00 ] 127.0.0.1 127.0.0.1 GET /api/v1/theme?ids=1,2,3
[ log ] restful_api.com/api/v1/theme?ids=1,2,3 [运行时间：0.510000s][吞吐率：1.96req/s] [内存消耗：2,978.51kb] [文件加载：60]

---------------------------------------------------------------
[ 2017-10-27T22:50:38+08:00 ] 127.0.0.1 127.0.0.1 GET /api/v1/product/recent
[ log ] restful_api.com/api/v1/product/recent [运行时间：0.503000s][吞吐率：1.99req/s] [内存消耗：2,869.03kb] [文件加载：56]

---------------------------------------------------------------
[ 2017-10-27T23:02:12+08:00 ] 127.0.0.1 127.0.0.1 GET /api/v1/product/category
[ log ] restful_api.com/api/v1/product/category [运行时间：0.921000s][吞吐率：1.09req/s] [内存消耗：1,620.63kb] [文件加载：44]
[ info ] [ LANG ] D:\phpstudy2\WWW\tp5\thinkphp\lang\zh-cn.php
[ info ] [ ROUTE ] array (
  'type' => 'module',
  'module' => 
  array (
    0 => 'api',
    1 => 'v1.Product',
    2 => 'getAllInCategory',
  ),
  'convert' => false,
)
[ info ] [ HEADER ] array (
  'cache-control' => 'no-cache',
  'postman-token' => '94106ea6-33a7-415c-a0b6-7392da2a3281',
  'user-agent' => 'PostmanRuntime/3.0.11-hotfix.2',
  'accept' => '*/*',
  'host' => 'restful_api.com',
  'accept-encoding' => 'gzip, deflate',
  'connection' => 'keep-alive',
)
[ info ] [ PARAM ] array (
  'version' => 'v1',
)
[ info ] [ LOG ] INIT File
[ error ] [0]方法参数错误:id[D:\phpstudy2\WWW\tp5\thinkphp\library\think\App.php:294]

---------------------------------------------------------------
[ 2017-10-27T23:02:41+08:00 ] 127.0.0.1 127.0.0.1 GET /api/v1/product/category/1
[ log ] restful_api.com/api/v1/product/category/1 [运行时间：0.874000s][吞吐率：1.14req/s] [内存消耗：1,619.98kb] [文件加载：44]
[ info ] [ LANG ] D:\phpstudy2\WWW\tp5\thinkphp\lang\zh-cn.php
[ info ] [ ROUTE ] array (
  'type' => 'module',
  'module' => 
  array (
    0 => 'api',
    1 => 'v1',
    2 => 'product',
  ),
)
[ info ] [ HEADER ] array (
  'cache-control' => 'no-cache',
  'postman-token' => '74b386ea-ed0f-4184-8bb2-7739b76d6600',
  'user-agent' => 'PostmanRuntime/3.0.11-hotfix.2',
  'accept' => '*/*',
  'host' => 'restful_api.com',
  'accept-encoding' => 'gzip, deflate',
  'connection' => 'keep-alive',
)
[ info ] [ PARAM ] array (
  'category' => '1',
)
[ info ] [ LOG ] INIT File

---------------------------------------------------------------
[ 2017-10-27T23:03:38+08:00 ] 127.0.0.1 127.0.0.1 GET /api/v1/product/category/1
[ log ] restful_api.com/api/v1/product/category/1 [运行时间：0.839000s][吞吐率：1.19req/s] [内存消耗：1,619.98kb] [文件加载：44]
[ info ] [ LANG ] D:\phpstudy2\WWW\tp5\thinkphp\lang\zh-cn.php
[ info ] [ ROUTE ] array (
  'type' => 'module',
  'module' => 
  array (
    0 => 'api',
    1 => 'v1',
    2 => 'product',
  ),
)
[ info ] [ HEADER ] array (
  'cache-control' => 'no-cache',
  'postman-token' => '7a1029b6-2048-4c4a-8a3d-24d3564f375a',
  'user-agent' => 'PostmanRuntime/3.0.11-hotfix.2',
  'accept' => '*/*',
  'host' => 'restful_api.com',
  'accept-encoding' => 'gzip, deflate',
  'connection' => 'keep-alive',
)
[ info ] [ PARAM ] array (
  'category' => '1',
)
[ info ] [ LOG ] INIT File

---------------------------------------------------------------
[ 2017-10-27T23:04:14+08:00 ] 127.0.0.1 127.0.0.1 GET /api/v1/product/category/1
[ log ] restful_api.com/api/v1/product/category/1 [运行时间：0.881000s][吞吐率：1.14req/s] [内存消耗：1,619.98kb] [文件加载：44]
[ info ] [ LANG ] D:\phpstudy2\WWW\tp5\thinkphp\lang\zh-cn.php
[ info ] [ ROUTE ] array (
  'type' => 'module',
  'module' => 
  array (
    0 => 'api',
    1 => 'v1',
    2 => 'product',
  ),
)
[ info ] [ HEADER ] array (
  'cache-control' => 'no-cache',
  'postman-token' => '0e16078c-409f-443e-bbad-00f249001423',
  'user-agent' => 'PostmanRuntime/3.0.11-hotfix.2',
  'accept' => '*/*',
  'host' => 'restful_api.com',
  'accept-encoding' => 'gzip, deflate',
  'connection' => 'keep-alive',
)
[ info ] [ PARAM ] array (
  'category' => '1',
)
[ info ] [ LOG ] INIT File

---------------------------------------------------------------
[ 2017-10-27T23:04:23+08:00 ] 127.0.0.1 127.0.0.1 GET /api/v1/product/category
[ log ] restful_api.com/api/v1/product/category [运行时间：0.027000s][吞吐率：37.04req/s] [内存消耗：1,480.38kb] [文件加载：39]
[ info ] [ LANG ] D:\phpstudy2\WWW\tp5\thinkphp\lang\zh-cn.php
[ info ] [ ROUTE ] array (
  'type' => 'module',
  'module' => 
  array (
    0 => 'api',
    1 => 'v1.Product',
    2 => 'getAllInCategory',
  ),
  'convert' => false,
)
[ info ] [ HEADER ] array (
  'cache-control' => 'no-cache',
  'postman-token' => 'd85aed68-39fa-4258-b4d2-d3b9cf45d841',
  'user-agent' => 'PostmanRuntime/3.0.11-hotfix.2',
  'accept' => '*/*',
  'host' => 'restful_api.com',
  'accept-encoding' => 'gzip, deflate',
  'connection' => 'keep-alive',
)
[ info ] [ PARAM ] array (
  'version' => 'v1',
)
[ info ] [ RUN ] app\api\controller\v1\Product->getAllInCategory[ D:\phpstudy2\WWW\tp5\app\api\controller\v1\Product.php ]
[ info ] [ LOG ] INIT File

---------------------------------------------------------------
[ 2017-10-27T23:04:34+08:00 ] 127.0.0.1 127.0.0.1 GET /api/v1/product/category
[ log ] restful_api.com/api/v1/product/category [运行时间：0.861000s][吞吐率：1.16req/s] [内存消耗：1,620.74kb] [文件加载：44]
[ info ] [ LANG ] D:\phpstudy2\WWW\tp5\thinkphp\lang\zh-cn.php
[ info ] [ ROUTE ] array (
  'type' => 'module',
  'module' => 
  array (
    0 => 'api',
    1 => 'v1.Product',
    2 => 'getAllInCategory',
  ),
  'convert' => false,
)
[ info ] [ HEADER ] array (
  'cache-control' => 'no-cache',
  'postman-token' => '584ac7f3-8ebb-4b98-8678-1740e9553466',
  'user-agent' => 'PostmanRuntime/3.0.11-hotfix.2',
  'accept' => '*/*',
  'host' => 'restful_api.com',
  'accept-encoding' => 'gzip, deflate',
  'connection' => 'keep-alive',
)
[ info ] [ PARAM ] array (
  'version' => 'v1',
)
[ info ] [ LOG ] INIT File
[ error ] [0]方法参数错误:id[D:\phpstudy2\WWW\tp5\thinkphp\library\think\App.php:294]

---------------------------------------------------------------
[ 2017-10-27T23:04:39+08:00 ] 127.0.0.1 127.0.0.1 GET /api/v1/product/category
[ log ] restful_api.com/api/v1/product/category [运行时间：0.035000s][吞吐率：28.57req/s] [内存消耗：1,480.38kb] [文件加载：39]
[ info ] [ LANG ] D:\phpstudy2\WWW\tp5\thinkphp\lang\zh-cn.php
[ info ] [ ROUTE ] array (
  'type' => 'module',
  'module' => 
  array (
    0 => 'api',
    1 => 'v1.Product',
    2 => 'getAllInCategory',
  ),
  'convert' => false,
)
[ info ] [ HEADER ] array (
  'cache-control' => 'no-cache',
  'postman-token' => 'a05ed449-d0dd-4963-ae93-8545564d9dd8',
  'user-agent' => 'PostmanRuntime/3.0.11-hotfix.2',
  'accept' => '*/*',
  'host' => 'restful_api.com',
  'accept-encoding' => 'gzip, deflate',
  'connection' => 'keep-alive',
)
[ info ] [ PARAM ] array (
  'version' => 'v1',
)
[ info ] [ RUN ] app\api\controller\v1\Product->getAllInCategory[ D:\phpstudy2\WWW\tp5\app\api\controller\v1\Product.php ]
[ info ] [ LOG ] INIT File

---------------------------------------------------------------
[ 2017-10-27T23:04:55+08:00 ] 127.0.0.1 127.0.0.1 GET /api/v1/product/category?id=1
[ log ] restful_api.com/api/v1/product/category?id=1 [运行时间：0.069000s][吞吐率：14.49req/s] [内存消耗：1,480.50kb] [文件加载：39]
[ info ] [ LANG ] D:\phpstudy2\WWW\tp5\thinkphp\lang\zh-cn.php
[ info ] [ ROUTE ] array (
  'type' => 'module',
  'module' => 
  array (
    0 => 'api',
    1 => 'v1.Product',
    2 => 'getAllInCategory',
  ),
  'convert' => false,
)
[ info ] [ HEADER ] array (
  'cache-control' => 'no-cache',
  'postman-token' => 'f179b77e-cea9-4dd2-83e6-3fadc6bf52f6',
  'user-agent' => 'PostmanRuntime/3.0.11-hotfix.2',
  'accept' => '*/*',
  'host' => 'restful_api.com',
  'accept-encoding' => 'gzip, deflate',
  'connection' => 'keep-alive',
)
[ info ] [ PARAM ] array (
  'id' => '1',
  'version' => 'v1',
)
[ info ] [ RUN ] app\api\controller\v1\Product->getAllInCategory[ D:\phpstudy2\WWW\tp5\app\api\controller\v1\Product.php ]
[ info ] [ LOG ] INIT File

---------------------------------------------------------------
[ 2017-10-27T23:06:16+08:00 ] 127.0.0.1 127.0.0.1 GET /api/v1/product/category?id=1
[ log ] restful_api.com/api/v1/product/category?id=1 [运行时间：0.943000s][吞吐率：1.06req/s] [内存消耗：2,933.43kb] [文件加载：61]
[ info ] [ LANG ] D:\phpstudy2\WWW\tp5\thinkphp\lang\zh-cn.php
[ info ] [ ROUTE ] array (
  'type' => 'module',
  'module' => 
  array (
    0 => 'api',
    1 => 'v1.Product',
    2 => 'getAllInCategory',
  ),
  'convert' => false,
)
[ info ] [ HEADER ] array (
  'cache-control' => 'no-cache',
  'postman-token' => 'e47356b0-b8f5-4f2a-b366-45507ae6b16e',
  'user-agent' => 'PostmanRuntime/3.0.11-hotfix.2',
  'accept' => '*/*',
  'host' => 'restful_api.com',
  'accept-encoding' => 'gzip, deflate',
  'connection' => 'keep-alive',
)
[ info ] [ PARAM ] array (
  'id' => '1',
  'version' => 'v1',
)
[ info ] [ RUN ] app\api\controller\v1\Product->getAllInCategory[ D:\phpstudy2\WWW\tp5\app\api\controller\v1\Product.php ]
[ info ] [ DB ] INIT mysql
[ info ] [ LOG ] INIT File
[ sql ] [ DB ] CONNECT:[ UseTime:0.001000s ] mysql:dbname=zerg;host=127.0.0.1;charset=utf8
[ sql ] [ SQL ] SHOW COLUMNS FROM `product` [ RunTime:0.015000s ]
[ sql ] [ SQL ] SELECT * FROM `product` WHERE  `category_id` = 1 ORDER BY create_time desc [ RunTime:0.001000s ]
[ error ] [404][D:\phpstudy2\WWW\tp5\app\api\controller\v1\Product.php:34]

---------------------------------------------------------------
[ 2017-10-27T23:07:39+08:00 ] 127.0.0.1 127.0.0.1 GET /api/v1/product/category?id=1
[ log ] restful_api.com/api/v1/product/category?id=1 [运行时间：0.889000s][吞吐率：1.12req/s] [内存消耗：2,933.53kb] [文件加载：61]
[ info ] [ LANG ] D:\phpstudy2\WWW\tp5\thinkphp\lang\zh-cn.php
[ info ] [ ROUTE ] array (
  'type' => 'module',
  'module' => 
  array (
    0 => 'api',
    1 => 'v1.Product',
    2 => 'getAllInCategory',
  ),
  'convert' => false,
)
[ info ] [ HEADER ] array (
  'cache-control' => 'no-cache',
  'postman-token' => '011842e3-9181-49e0-aa60-7659bc0ab2a4',
  'user-agent' => 'PostmanRuntime/3.0.11-hotfix.2',
  'accept' => '*/*',
  'host' => 'restful_api.com',
  'accept-encoding' => 'gzip, deflate',
  'connection' => 'keep-alive',
)
[ info ] [ PARAM ] array (
  'id' => '1',
  'version' => 'v1',
)
[ info ] [ RUN ] app\api\controller\v1\Product->getAllInCategory[ D:\phpstudy2\WWW\tp5\app\api\controller\v1\Product.php ]
[ info ] [ DB ] INIT mysql
[ info ] [ LOG ] INIT File
[ sql ] [ DB ] CONNECT:[ UseTime:0.001000s ] mysql:dbname=zerg;host=127.0.0.1;charset=utf8
[ sql ] [ SQL ] SHOW COLUMNS FROM `product` [ RunTime:0.008000s ]
[ sql ] [ SQL ] SELECT * FROM `product` WHERE  `category_id` = 1 ORDER BY create_time desc [ RunTime:0.000000s ]
[ error ] [404][D:\phpstudy2\WWW\tp5\app\api\controller\v1\Product.php:34]

---------------------------------------------------------------
[ 2017-10-27T23:07:45+08:00 ] 127.0.0.1 127.0.0.1 GET /api/v1/product/category?id=2
[ log ] restful_api.com/api/v1/product/category?id=2 [运行时间：0.492000s][吞吐率：2.03req/s] [内存消耗：2,868.23kb] [文件加载：56]

---------------------------------------------------------------
[ 2017-10-27T23:08:14+08:00 ] 127.0.0.1 127.0.0.1 GET /api/v1/product/category?id=2
[ log ] restful_api.com/api/v1/product/category?id=2 [运行时间：0.522000s][吞吐率：1.92req/s] [内存消耗：2,868.32kb] [文件加载：56]

---------------------------------------------------------------
[ 2017-10-27T23:09:36+08:00 ] 127.0.0.1 127.0.0.1 GET /api/v1/product/category?id=2
[ log ] restful_api.com/api/v1/product/category?id=2 [运行时间：0.485000s][吞吐率：2.06req/s] [内存消耗：2,868.09kb] [文件加载：56]

---------------------------------------------------------------
[ 2017-10-27T23:10:38+08:00 ] 127.0.0.1 127.0.0.1 GET /api/v1/product/category?id=2
[ log ] restful_api.com/api/v1/product/category?id=2 [运行时间：0.474000s][吞吐率：2.11req/s] [内存消耗：2,868.09kb] [文件加载：56]

---------------------------------------------------------------
[ 2017-10-27T23:12:04+08:00 ] 127.0.0.1 127.0.0.1 GET /api/v1/category/all
[ log ] restful_api.com/api/v1/category/all [运行时间：0.492000s][吞吐率：2.03req/s] [内存消耗：2,934.70kb] [文件加载：58]

---------------------------------------------------------------
[ 2017-10-27T23:12:22+08:00 ] 127.0.0.1 127.0.0.1 GET /api/v1/category/all
[ log ] restful_api.com/api/v1/category/all [运行时间：0.522000s][吞吐率：1.92req/s] [内存消耗：2,934.70kb] [文件加载：58]

---------------------------------------------------------------
