[ 2017-10-29T22:56:48+08:00 ] 127.0.0.1 127.0.0.1 GET /api/v1/theme/1
[ log ] restful_api.com/api/v1/theme/1 [运行时间：1.071000s][吞吐率：0.93req/s] [内存消耗：3,098.10kb] [文件加载：63]

---------------------------------------------------------------
[ 2017-10-29T22:57:28+08:00 ] 127.0.0.1 127.0.0.1 GET /api/v1/token/user
[ log ] restful_api.com/api/v1/token/user [运行时间：0.923000s][吞吐率：1.08req/s] [内存消耗：1,619.61kb] [文件加载：44]
[ info ] [ LANG ] D:\phpstudy2\WWW\tp5\thinkphp\lang\zh-cn.php
[ info ] [ ROUTE ] array (
  'type' => 'module',
  'module' => 
  array (
    0 => 'api',
    1 => 'v1',
    2 => 'token',
  ),
)
[ info ] [ HEADER ] array (
  'cache-control' => 'no-cache',
  'postman-token' => 'e7464f3e-6011-47d2-8012-d35cfbe00a3a',
  'user-agent' => 'PostmanRuntime/3.0.11-hotfix.2',
  'accept' => '*/*',
  'host' => 'restful_api.com',
  'accept-encoding' => 'gzip, deflate',
  'connection' => 'keep-alive',
)
[ info ] [ PARAM ] array (
)
[ info ] [ LOG ] INIT File

---------------------------------------------------------------
[ 2017-10-29T22:57:51+08:00 ] 127.0.0.1 127.0.0.1 POST /api/v1/token/user
[ log ] restful_api.com/api/v1/token/user [运行时间：0.898000s][吞吐率：1.11req/s] [内存消耗：1,686.34kb] [文件加载：49]
[ info ] [ LANG ] D:\phpstudy2\WWW\tp5\thinkphp\lang\zh-cn.php
[ info ] [ ROUTE ] array (
  'type' => 'module',
  'module' => 
  array (
    0 => 'api',
    1 => 'v1.Token',
    2 => 'getToken',
  ),
  'convert' => false,
)
[ info ] [ HEADER ] array (
  'cache-control' => 'no-cache',
  'postman-token' => '4bc98851-8e63-407e-9d29-5e05e024a948',
  'user-agent' => 'PostmanRuntime/3.0.11-hotfix.2',
  'accept' => '*/*',
  'host' => 'restful_api.com',
  'accept-encoding' => 'gzip, deflate',
  'content-length' => '0',
  'connection' => 'keep-alive',
)
[ info ] [ PARAM ] array (
  'version' => 'v1',
)
[ info ] [ RUN ] app\api\controller\v1\Token->getToken[ D:\phpstudy2\WWW\tp5\app\api\controller\v1\Token.php ]
[ info ] [ LOG ] INIT File
[ error ] [400][D:\phpstudy2\WWW\tp5\app\api\validate\BaseValidate.php:19]

---------------------------------------------------------------
[ 2017-10-29T22:57:58+08:00 ] 127.0.0.1 127.0.0.1 POST /api/v1/token/user
[ log ] restful_api.com/api/v1/token/user [运行时间：1.119000s][吞吐率：0.89req/s] [内存消耗：1,702.10kb] [文件加载：51]
[ info ] [ LANG ] D:\phpstudy2\WWW\tp5\thinkphp\lang\zh-cn.php
[ info ] [ ROUTE ] array (
  'type' => 'module',
  'module' => 
  array (
    0 => 'api',
    1 => 'v1.Token',
    2 => 'getToken',
  ),
  'convert' => false,
)
[ info ] [ HEADER ] array (
  'cache-control' => 'no-cache',
  'postman-token' => '16567b98-48bb-445c-b768-1c3131c3c3c8',
  'user-agent' => 'PostmanRuntime/3.0.11-hotfix.2',
  'accept' => '*/*',
  'host' => 'restful_api.com',
  'accept-encoding' => 'gzip, deflate',
  'content-type' => 'multipart/form-data; boundary=--------------------------173133110093981205772678',
  'content-length' => '162',
  'connection' => 'keep-alive',
)
[ info ] [ PARAM ] array (
  'code' => 'aaa',
  'version' => 'v1',
)
[ info ] [ RUN ] app\api\controller\v1\Token->getToken[ D:\phpstudy2\WWW\tp5\app\api\controller\v1\Token.php ]
[ info ] [ LOG ] INIT File
[ error ] [400][D:\phpstudy2\WWW\tp5\app\api\service\UserToken.php:106]

---------------------------------------------------------------
[ 2017-10-29T22:58:47+08:00 ] 127.0.0.1 127.0.0.1 POST /api/v1/token/user
[ log ] restful_api.com/api/v1/token/user [运行时间：0.055000s][吞吐率：18.18req/s] [内存消耗：1,513.23kb] [文件加载：41]
[ info ] [ LANG ] D:\phpstudy2\WWW\tp5\thinkphp\lang\zh-cn.php
[ info ] [ ROUTE ] array (
  'type' => 'module',
  'module' => 
  array (
    0 => 'api',
    1 => 'v1.Token',
    2 => 'getToken',
  ),
  'convert' => false,
)
[ info ] [ HEADER ] array (
  'cache-control' => 'no-cache',
  'postman-token' => '7a86f385-9b78-4c4e-a7e4-ed7905838fad',
  'user-agent' => 'PostmanRuntime/3.0.11-hotfix.2',
  'accept' => '*/*',
  'host' => 'restful_api.com',
  'accept-encoding' => 'gzip, deflate',
  'content-type' => 'multipart/form-data; boundary=--------------------------443475033401644041583588',
  'content-length' => '162',
  'connection' => 'keep-alive',
)
[ info ] [ PARAM ] array (
  'code' => 'aaa',
  'version' => 'v1',
)
[ info ] [ RUN ] app\api\controller\v1\Token->getToken[ D:\phpstudy2\WWW\tp5\app\api\controller\v1\Token.php ]
[ info ] [ LOG ] INIT File

---------------------------------------------------------------
[ 2017-10-29T22:59:06+08:00 ] 127.0.0.1 127.0.0.1 POST /api/v1/token/user
[ log ] restful_api.com/api/v1/token/user [运行时间：0.052000s][吞吐率：19.23req/s] [内存消耗：1,513.01kb] [文件加载：41]
[ info ] [ LANG ] D:\phpstudy2\WWW\tp5\thinkphp\lang\zh-cn.php
[ info ] [ ROUTE ] array (
  'type' => 'module',
  'module' => 
  array (
    0 => 'api',
    1 => 'v1.Token',
    2 => 'getToken',
  ),
  'convert' => false,
)
[ info ] [ HEADER ] array (
  'cache-control' => 'no-cache',
  'postman-token' => 'dace81e7-4a32-4d52-baaa-a85ccff4d559',
  'user-agent' => 'PostmanRuntime/3.0.11-hotfix.2',
  'accept' => '*/*',
  'host' => 'restful_api.com',
  'accept-encoding' => 'gzip, deflate',
  'content-type' => 'multipart/form-data; boundary=--------------------------191604652667835132847433',
  'content-length' => '162',
  'connection' => 'keep-alive',
)
[ info ] [ PARAM ] array (
  'code' => 'aaa',
  'version' => 'v1',
)
[ info ] [ RUN ] app\api\controller\v1\Token->getToken[ D:\phpstudy2\WWW\tp5\app\api\controller\v1\Token.php ]
[ info ] [ LOG ] INIT File

---------------------------------------------------------------
